TN:
SF:crates/conjure_core/src/solver/adaptors/sat_common.rs
FN:218,<conjure_core::solver::adaptors::sat_common::CNFModel>::handle_or
FN:154,<conjure_core::solver::adaptors::sat_common::CNFModel>::clause_to_expression
FN:272,<conjure_core::solver::adaptors::sat_common::CNFModel>::handle_expression
FN:186,<conjure_core::solver::adaptors::sat_common::CNFModel>::get_reference_index
FN:198,<conjure_core::solver::adaptors::sat_common::CNFModel>::handle_reference
FN:110,<conjure_core::solver::adaptors::sat_common::CNFModel>::has_variable::<_>
FN:29,<conjure_core::solver::adaptors::sat_common::CNFModel>::new
FN:130,<conjure_core::solver::adaptors::sat_common::CNFModel>::add_expression
FN:29,<conjure_core::solver::adaptors::sat_common::CNFModel>::new
FN:141,<conjure_core::solver::adaptors::sat_common::CNFModel>::as_expression
FN:218,<conjure_core::solver::adaptors::sat_common::CNFModel>::handle_or
FN:234,<conjure_core::solver::adaptors::sat_common::CNFModel>::handle_flat_expression
FN:154,<conjure_core::solver::adaptors::sat_common::CNFModel>::clause_to_expression
FN:284,<conjure_core::solver::adaptors::sat_common::CNFModel as core::default::Default>::default
FN:284,<conjure_core::solver::adaptors::sat_common::CNFModel as core::default::Default>::default
FN:102,<conjure_core::solver::adaptors::sat_common::CNFModel>::add_variable
FN:186,<conjure_core::solver::adaptors::sat_common::CNFModel>::get_reference_index
FN:198,<conjure_core::solver::adaptors::sat_common::CNFModel>::handle_reference
FN:321,<&conjure_core::ast::symbol_table::Name as conjure_core::solver::adaptors::sat_common::HasVariable>::has_variable
FN:272,<conjure_core::solver::adaptors::sat_common::CNFModel>::handle_expression
FN:141,<conjure_core::solver::adaptors::sat_common::CNFModel>::as_expression
FN:74,<conjure_core::solver::adaptors::sat_common::CNFModel>::get_variables
FN:90,<conjure_core::solver::adaptors::sat_common::CNFModel>::get_name
FN:74,<conjure_core::solver::adaptors::sat_common::CNFModel>::get_variables
FN:315,<i32 as conjure_core::solver::adaptors::sat_common::HasVariable>::has_variable
FN:37,<conjure_core::solver::adaptors::sat_common::CNFModel>::from_conjure
FN:205,<conjure_core::solver::adaptors::sat_common::CNFModel>::handle_not
FN:130,<conjure_core::solver::adaptors::sat_common::CNFModel>::add_expression
FN:85,<conjure_core::solver::adaptors::sat_common::CNFModel>::get_index
FN:110,<conjure_core::solver::adaptors::sat_common::CNFModel>::has_variable::<i32>
FN:90,<conjure_core::solver::adaptors::sat_common::CNFModel>::get_name
FN:249,<conjure_core::solver::adaptors::sat_common::CNFModel>::handle_and
FN:37,<conjure_core::solver::adaptors::sat_common::CNFModel>::from_conjure
FN:234,<conjure_core::solver::adaptors::sat_common::CNFModel>::handle_flat_expression
FN:315,<i32 as conjure_core::solver::adaptors::sat_common::HasVariable>::has_variable
FN:102,<conjure_core::solver::adaptors::sat_common::CNFModel>::add_variable
FN:249,<conjure_core::solver::adaptors::sat_common::CNFModel>::handle_and
FN:85,<conjure_core::solver::adaptors::sat_common::CNFModel>::get_index
FN:117,<conjure_core::solver::adaptors::sat_common::CNFModel>::add_clause
FN:205,<conjure_core::solver::adaptors::sat_common::CNFModel>::handle_not
FN:321,<&conjure_core::ast::symbol_table::Name as conjure_core::solver::adaptors::sat_common::HasVariable>::has_variable
FN:117,<conjure_core::solver::adaptors::sat_common::CNFModel>::add_clause
FNDA:0,<conjure_core::solver::adaptors::sat_common::CNFModel>::handle_or
FNDA:0,<conjure_core::solver::adaptors::sat_common::CNFModel>::clause_to_expression
FNDA:0,<conjure_core::solver::adaptors::sat_common::CNFModel>::handle_expression
FNDA:0,<conjure_core::solver::adaptors::sat_common::CNFModel>::get_reference_index
FNDA:0,<conjure_core::solver::adaptors::sat_common::CNFModel>::handle_reference
FNDA:0,<conjure_core::solver::adaptors::sat_common::CNFModel>::has_variable::<_>
FNDA:0,<conjure_core::solver::adaptors::sat_common::CNFModel>::new
FNDA:0,<conjure_core::solver::adaptors::sat_common::CNFModel>::add_expression
FNDA:0,<conjure_core::solver::adaptors::sat_common::CNFModel>::new
FNDA:0,<conjure_core::solver::adaptors::sat_common::CNFModel>::as_expression
FNDA:0,<conjure_core::solver::adaptors::sat_common::CNFModel>::handle_or
FNDA:0,<conjure_core::solver::adaptors::sat_common::CNFModel>::handle_flat_expression
FNDA:0,<conjure_core::solver::adaptors::sat_common::CNFModel>::clause_to_expression
FNDA:0,<conjure_core::solver::adaptors::sat_common::CNFModel as core::default::Default>::default
FNDA:0,<conjure_core::solver::adaptors::sat_common::CNFModel as core::default::Default>::default
FNDA:0,<conjure_core::solver::adaptors::sat_common::CNFModel>::add_variable
FNDA:0,<conjure_core::solver::adaptors::sat_common::CNFModel>::get_reference_index
FNDA:0,<conjure_core::solver::adaptors::sat_common::CNFModel>::handle_reference
FNDA:0,<&conjure_core::ast::symbol_table::Name as conjure_core::solver::adaptors::sat_common::HasVariable>::has_variable
FNDA:0,<conjure_core::solver::adaptors::sat_common::CNFModel>::handle_expression
FNDA:0,<conjure_core::solver::adaptors::sat_common::CNFModel>::as_expression
FNDA:0,<conjure_core::solver::adaptors::sat_common::CNFModel>::get_variables
FNDA:0,<conjure_core::solver::adaptors::sat_common::CNFModel>::get_name
FNDA:0,<conjure_core::solver::adaptors::sat_common::CNFModel>::get_variables
FNDA:0,<i32 as conjure_core::solver::adaptors::sat_common::HasVariable>::has_variable
FNDA:0,<conjure_core::solver::adaptors::sat_common::CNFModel>::from_conjure
FNDA:0,<conjure_core::solver::adaptors::sat_common::CNFModel>::handle_not
FNDA:0,<conjure_core::solver::adaptors::sat_common::CNFModel>::add_expression
FNDA:0,<conjure_core::solver::adaptors::sat_common::CNFModel>::get_index
FNDA:0,<conjure_core::solver::adaptors::sat_common::CNFModel>::has_variable::<i32>
FNDA:0,<conjure_core::solver::adaptors::sat_common::CNFModel>::get_name
FNDA:0,<conjure_core::solver::adaptors::sat_common::CNFModel>::handle_and
FNDA:0,<conjure_core::solver::adaptors::sat_common::CNFModel>::from_conjure
FNDA:0,<conjure_core::solver::adaptors::sat_common::CNFModel>::handle_flat_expression
FNDA:0,<i32 as conjure_core::solver::adaptors::sat_common::HasVariable>::has_variable
FNDA:0,<conjure_core::solver::adaptors::sat_common::CNFModel>::add_variable
FNDA:0,<conjure_core::solver::adaptors::sat_common::CNFModel>::handle_and
FNDA:0,<conjure_core::solver::adaptors::sat_common::CNFModel>::get_index
FNDA:0,<conjure_core::solver::adaptors::sat_common::CNFModel>::add_clause
FNDA:0,<conjure_core::solver::adaptors::sat_common::CNFModel>::handle_not
FNDA:0,<&conjure_core::ast::symbol_table::Name as conjure_core::solver::adaptors::sat_common::HasVariable>::has_variable
FNDA:0,<conjure_core::solver::adaptors::sat_common::CNFModel>::add_clause
FNF:42
FNH:0
BRF:0
BRH:0
DA:29,0
DA:30,0
DA:31,0
DA:32,0
DA:33,0
DA:34,0
DA:35,0
DA:37,0
DA:38,0
DA:40,0
DA:42,0
DA:44,0
DA:46,0
DA:47,0
DA:48,0
DA:49,0
DA:50,0
DA:51,0
DA:52,0
DA:53,0
DA:54,0
DA:55,0
DA:56,0
DA:59,0
DA:60,0
DA:61,0
DA:62,0
DA:63,0
DA:64,0
DA:69,0
DA:70,0
DA:74,0
DA:75,0
DA:77,0
DA:78,0
DA:79,0
DA:81,0
DA:82,0
DA:85,0
DA:86,0
DA:87,0
DA:90,0
DA:91,0
DA:92,0
DA:93,0
DA:94,0
DA:95,0
DA:98,0
DA:99,0
DA:102,0
DA:103,0
DA:104,0
DA:105,0
DA:110,0
DA:111,0
DA:112,0
DA:117,0
DA:118,0
DA:119,0
DA:120,0
DA:121,0
DA:123,0
DA:124,0
DA:125,0
DA:130,0
DA:131,0
DA:132,0
DA:134,0
DA:135,0
DA:141,0
DA:142,0
DA:144,0
DA:145,0
DA:148,0
DA:149,0
DA:154,0
DA:155,0
DA:157,0
DA:158,0
DA:159,0
DA:160,0
DA:161,0
DA:162,0
DA:163,0
DA:164,0
DA:165,0
DA:166,0
DA:167,0
DA:168,0
DA:169,0
DA:170,0
DA:171,0
DA:172,0
DA:178,0
DA:179,0
DA:186,0
DA:187,0
DA:188,0
DA:189,0
DA:191,0
DA:198,0
DA:199,0
DA:200,0
DA:205,0
DA:206,0
DA:208,0
DA:209,0
DA:211,0
DA:213,0
DA:218,0
DA:219,0
DA:221,0
DA:222,0
DA:223,0
DA:224,0
DA:225,0
DA:228,0
DA:229,0
DA:234,0
DA:235,0
DA:236,0
DA:237,0
DA:238,0
DA:239,0
DA:240,0
DA:241,0
DA:242,0
DA:244,0
DA:249,0
DA:250,0
DA:251,0
DA:252,0
DA:253,0
DA:255,0
DA:256,0
DA:257,0
DA:258,0
DA:261,0
DA:266,0
DA:267,0
DA:272,0
DA:273,0
DA:274,0
DA:275,0
DA:276,0
DA:277,0
DA:278,0
DA:280,0
DA:284,0
DA:285,0
DA:286,0
DA:315,0
DA:316,0
DA:317,0
DA:321,0
DA:322,0
DA:323,0
LF:157
LH:0
end_of_record
SF:conjure_oxide/src/find_conjure.rs
FN:9,conjure_oxide::find_conjure::conjure_executable
FN:9,conjure_oxide::find_conjure::conjure_executable
FN:25,conjure_oxide::find_conjure::conjure_executable::{closure#0}
FN:25,conjure_oxide::find_conjure::conjure_executable::{closure#0}
FNDA:1,conjure_oxide::find_conjure::conjure_executable
FNDA:0,conjure_oxide::find_conjure::conjure_executable
FNDA:0,conjure_oxide::find_conjure::conjure_executable::{closure#0}
FNDA:0,conjure_oxide::find_conjure::conjure_executable::{closure#0}
FNF:4
FNH:1
BRF:0
BRH:0
DA:9,5
DA:10,5
DA:11,5
DA:12,5
DA:13,5
DA:15,5
DA:16,0
DA:17,5
DA:18,5
DA:19,5
DA:20,5
DA:21,5
DA:22,5
DA:23,0
DA:24,0
DA:25,0
DA:26,0
DA:27,0
DA:28,0
DA:29,0
DA:30,0
DA:32,0
DA:34,5
DA:35,5
DA:36,5
DA:37,5
DA:38,5
DA:40,5
DA:41,5
DA:42,0
DA:44,0
DA:45,0
DA:46,0
DA:47,0
DA:48,0
DA:49,0
DA:50,0
DA:51,0
DA:53,0
DA:55,5
DA:56,0
DA:57,0
DA:58,0
DA:59,0
DA:60,0
DA:61,5
DA:62,5
DA:63,5
LF:48
LH:23
end_of_record
SF:crates/conjure_core/src/rules/cnf.rs
FN:8,conjure_core::rules::cnf::CONJURE_GEN_RULE_SET_CNF::__typecheck
FN:8,conjure_core::rules::cnf::CONJURE_GEN_RULE_SET_CNF::__typecheck::{closure#0}
FN:8,conjure_core::rules::cnf::CONJURE_GEN_RULE_SET_CNF::__typecheck::{closure#0}::{closure#0}
FN:8,conjure_core::rules::cnf::CONJURE_GEN_RULE_SET_CNF::__typecheck::{closure#0}::{closure#0}
FN:8,conjure_core::rules::cnf::CONJURE_GEN_RULE_SET_CNF::__typecheck
FN:8,conjure_core::rules::cnf::CONJURE_GEN_RULE_SET_CNF::__typecheck::{closure#0}
FNDA:0,conjure_core::rules::cnf::CONJURE_GEN_RULE_SET_CNF::__typecheck
FNDA:0,conjure_core::rules::cnf::CONJURE_GEN_RULE_SET_CNF::__typecheck::{closure#0}
FNDA:0,conjure_core::rules::cnf::CONJURE_GEN_RULE_SET_CNF::__typecheck::{closure#0}::{closure#0}
FNDA:0,conjure_core::rules::cnf::CONJURE_GEN_RULE_SET_CNF::__typecheck::{closure#0}::{closure#0}
FNDA:0,conjure_core::rules::cnf::CONJURE_GEN_RULE_SET_CNF::__typecheck
FNDA:0,conjure_core::rules::cnf::CONJURE_GEN_RULE_SET_CNF::__typecheck::{closure#0}
FNF:6
FNH:0
BRF:0
BRH:0
DA:8,0
LF:1
LH:0
end_of_record
SF:solvers/minion/src/run.rs
FN:612,minion_rs::run::read_list::{closure#0}
FN:640,minion_rs::run::read_var::{closure#0}
FN:759,minion_rs::run::read_constraint_list::{closure#0}
FN:680,minion_rs::run::read_2_vars::{closure#1}
FN:668,minion_rs::run::read_2_vars::{closure#0}
FN:221,minion_rs::run::convert_model_to_raw::{closure#0}
FN:697,minion_rs::run::read_constant
FN:29,rust_out::main
FN:754,minion_rs::run::read_constraint_list
FN:643,minion_rs::run::read_var::{closure#1}
FN:697,minion_rs::run::read_constant
FN:296,minion_rs::run::get_constraint_type
FN:754,minion_rs::run::read_constraint_list
FN:386,minion_rs::run::constraint_add_args
FN:640,minion_rs::run::read_var::{closure#0}
FN:616,minion_rs::run::read_list::{closure#1}
FN:285,minion_rs::run::convert_model_to_raw::{closure#3}
FN:717,minion_rs::run::read_constant_list::{closure#0}
FN:759,minion_rs::run::read_constraint_list::{closure#0}
FN:221,minion_rs::run::convert_model_to_raw::{closure#0}
FN:204,minion_rs::run::convert_model_to_raw
FN:717,minion_rs::run::read_constant_list::{closure#0}
FN:29,rust_out::main::_doctest_main_solvers_minion_src_run_rs_28_0
FN:764,minion_rs::run::read_constraint_list::{closure#1}
FN:270,minion_rs::run::convert_model_to_raw::{closure#2}
FN:643,minion_rs::run::read_var::{closure#1}
FN:616,minion_rs::run::read_list::{closure#1}
FN:668,minion_rs::run::read_2_vars::{closure#0}
FN:386,minion_rs::run::constraint_add_args
FN:660,minion_rs::run::read_2_vars
FN:635,minion_rs::run::read_var
FN:162,minion_rs::run::run_minion
FN:162,minion_rs::run::run_minion
FN:738,minion_rs::run::read_constraint
FN:296,minion_rs::run::get_constraint_type
FN:607,minion_rs::run::read_list
FN:229,minion_rs::run::convert_model_to_raw::{closure#1}
FN:168,minion_rs::run::run_minion::{closure#0}
FN:270,minion_rs::run::convert_model_to_raw::{closure#2}
FN:713,minion_rs::run::read_constant_list
FN:744,minion_rs::run::read_constraint::{closure#0}
FN:744,minion_rs::run::read_constraint::{closure#0}
FN:229,minion_rs::run::convert_model_to_raw::{closure#1}
FN:660,minion_rs::run::read_2_vars
FN:204,minion_rs::run::convert_model_to_raw
FN:119,run_callback
FN:713,minion_rs::run::read_constant_list
FN:764,minion_rs::run::read_constraint_list::{closure#1}
FN:680,minion_rs::run::read_2_vars::{closure#1}
FN:41,rust_out::main::_doctest_main_solvers_minion_src_run_rs_28_0::callback
FN:607,minion_rs::run::read_list
FN:285,minion_rs::run::convert_model_to_raw::{closure#3}
FN:612,minion_rs::run::read_list::{closure#0}
FN:635,minion_rs::run::read_var
FN:168,minion_rs::run::run_minion::{closure#0}
FN:738,minion_rs::run::read_constraint
FNDA:0,minion_rs::run::read_list::{closure#0}
FNDA:1,minion_rs::run::read_var::{closure#0}
FNDA:1,minion_rs::run::read_constraint_list::{closure#0}
FNDA:0,minion_rs::run::read_2_vars::{closure#1}
FNDA:0,minion_rs::run::read_2_vars::{closure#0}
FNDA:0,minion_rs::run::convert_model_to_raw::{closure#0}
FNDA:0,minion_rs::run::read_constant
FNDA:1,rust_out::main
FNDA:0,minion_rs::run::read_constraint_list
FNDA:0,minion_rs::run::read_var::{closure#1}
FNDA:1,minion_rs::run::read_constant
FNDA:1,minion_rs::run::get_constraint_type
FNDA:1,minion_rs::run::read_constraint_list
FNDA:0,minion_rs::run::constraint_add_args
FNDA:0,minion_rs::run::read_var::{closure#0}
FNDA:0,minion_rs::run::read_list::{closure#1}
FNDA:1,minion_rs::run::convert_model_to_raw::{closure#3}
FNDA:0,minion_rs::run::read_constant_list::{closure#0}
FNDA:0,minion_rs::run::read_constraint_list::{closure#0}
FNDA:1,minion_rs::run::convert_model_to_raw::{closure#0}
FNDA:1,minion_rs::run::convert_model_to_raw
FNDA:1,minion_rs::run::read_constant_list::{closure#0}
FNDA:1,rust_out::main::_doctest_main_solvers_minion_src_run_rs_28_0
FNDA:0,minion_rs::run::read_constraint_list::{closure#1}
FNDA:0,minion_rs::run::convert_model_to_raw::{closure#2}
FNDA:0,minion_rs::run::read_var::{closure#1}
FNDA:0,minion_rs::run::read_list::{closure#1}
FNDA:0,minion_rs::run::read_2_vars::{closure#0}
FNDA:1,minion_rs::run::constraint_add_args
FNDA:1,minion_rs::run::read_2_vars
FNDA:0,minion_rs::run::read_var
FNDA:0,minion_rs::run::run_minion
FNDA:1,minion_rs::run::run_minion
FNDA:0,minion_rs::run::read_constraint
FNDA:0,minion_rs::run::get_constraint_type
FNDA:1,minion_rs::run::read_list
FNDA:0,minion_rs::run::convert_model_to_raw::{closure#1}
FNDA:0,minion_rs::run::run_minion::{closure#0}
FNDA:1,minion_rs::run::convert_model_to_raw::{closure#2}
FNDA:0,minion_rs::run::read_constant_list
FNDA:1,minion_rs::run::read_constraint::{closure#0}
FNDA:0,minion_rs::run::read_constraint::{closure#0}
FNDA:0,minion_rs::run::convert_model_to_raw::{closure#1}
FNDA:0,minion_rs::run::read_2_vars
FNDA:0,minion_rs::run::convert_model_to_raw
FNDA:1,run_callback
FNDA:1,minion_rs::run::read_constant_list
FNDA:1,minion_rs::run::read_constraint_list::{closure#1}
FNDA:0,minion_rs::run::read_2_vars::{closure#1}
FNDA:1,rust_out::main::_doctest_main_solvers_minion_src_run_rs_28_0::callback
FNDA:0,minion_rs::run::read_list
FNDA:0,minion_rs::run::convert_model_to_raw::{closure#3}
FNDA:1,minion_rs::run::read_list::{closure#0}
FNDA:1,minion_rs::run::read_var
FNDA:1,minion_rs::run::run_minion::{closure#0}
FNDA:1,minion_rs::run::read_constraint
FNF:56
FNH:25
BRF:0
BRH:0
DA:29,1
DA:41,1
DA:42,1
DA:43,1
DA:44,1
DA:45,1
DA:48,1
DA:49,1
DA:50,1
DA:51,1
DA:52,1
DA:53,1
DA:54,1
DA:55,1
DA:56,1
DA:57,1
DA:58,1
DA:59,1
DA:60,1
DA:61,1
DA:62,1
DA:63,1
DA:64,1
DA:65,1
DA:66,1
DA:67,1
DA:68,1
DA:69,1
DA:70,1
DA:71,1
DA:72,1
DA:73,1
DA:74,1
DA:75,1
DA:76,1
DA:77,1
DA:78,1
DA:79,1
DA:80,1
DA:81,1
DA:82,1
DA:83,1
DA:84,1
DA:85,1
DA:86,1
DA:87,1
DA:88,1
DA:89,1
DA:90,1
DA:91,1
DA:92,1
DA:93,1
DA:94,1
DA:95,1
DA:96,1
DA:97,1
DA:98,1
DA:99,1
DA:100,1
DA:101,1
DA:102,1
DA:103,1
DA:104,1
DA:105,1
DA:119,5396
DA:120,5396
DA:121,5396
DA:122,5396
DA:123,5396
DA:124,5396
DA:125,5396
DA:126,5396
DA:127,5396
DA:128,0
DA:129,5396
DA:131,5396
DA:132,5396
DA:133,0
DA:136,5396
DA:137,0
DA:138,5396
DA:139,5396
DA:140,5396
DA:141,5396
DA:143,14877
DA:144,14877
DA:145,14877
DA:146,14877
DA:147,14877
DA:150,5396
DA:151,0
DA:152,5396
DA:154,5396
DA:162,722
DA:163,722
DA:164,722
DA:165,722
DA:166,722
DA:167,722
DA:168,722
DA:169,722
DA:170,722
DA:171,722
DA:172,722
DA:173,722
DA:174,722
DA:175,722
DA:176,722
DA:177,722
DA:178,722
DA:179,722
DA:181,722
DA:182,722
DA:183,722
DA:184,722
DA:185,722
DA:186,722
DA:187,722
DA:188,722
DA:189,722
DA:190,722
DA:191,722
DA:192,722
DA:193,722
DA:194,722
DA:195,722
DA:196,722
DA:197,722
DA:198,722
DA:199,0
DA:202,722
DA:204,722
DA:205,722
DA:206,722
DA:207,722
DA:208,722
DA:209,722
DA:210,722
DA:211,722
DA:212,722
DA:213,722
DA:214,722
DA:215,722
DA:216,722
DA:217,722
DA:218,722
DA:219,722
DA:220,722
DA:221,722
DA:222,722
DA:223,722
DA:224,722
DA:225,722
DA:226,722
DA:228,1881
DA:229,1881
DA:230,0
DA:231,0
DA:232,0
DA:233,0
DA:234,1881
DA:236,1881
DA:237,1881
DA:238,1881
DA:239,1881
DA:241,1881
DA:242,1501
DA:243,380
DA:244,0
DA:245,0
DA:247,1881
DA:248,1881
DA:249,1881
DA:250,1881
DA:251,1881
DA:252,1881
DA:253,1881
DA:254,1881
DA:255,1881
DA:256,1881
DA:257,1881
DA:258,1881
DA:259,1881
DA:260,1881
DA:261,1881
DA:262,1881
DA:263,1881
DA:264,1881
DA:265,1881
DA:268,722
DA:269,722
DA:270,722
DA:271,722
DA:272,722
DA:273,722
DA:279,6650
DA:284,5928
DA:285,5928
DA:286,5928
DA:287,5928
DA:288,5928
DA:289,5928
DA:290,5928
DA:293,722
DA:294,722
DA:296,22610
DA:297,22610
DA:298,5529
DA:299,5586
DA:300,5909
DA:301,266
DA:302,0
DA:303,0
DA:304,76
DA:305,0
DA:306,0
DA:307,0
DA:308,0
DA:309,0
DA:310,0
DA:311,0
DA:312,0
DA:313,0
DA:314,19
DA:315,19
DA:316,0
DA:317,19
DA:318,4712
DA:319,0
DA:320,0
DA:321,0
DA:322,0
DA:323,0
DA:324,0
DA:325,0
DA:326,0
DA:327,0
DA:328,0
DA:329,0
DA:330,0
DA:331,0
DA:332,0
DA:333,0
DA:334,0
DA:335,0
DA:336,0
DA:337,0
DA:338,0
DA:339,0
DA:340,0
DA:341,0
DA:342,0
DA:343,0
DA:344,0
DA:345,0
DA:346,0
DA:347,0
DA:348,0
DA:349,0
DA:350,0
DA:351,0
DA:352,0
DA:353,0
DA:354,0
DA:355,0
DA:357,0
DA:360,0
DA:362,285
DA:363,0
DA:364,0
DA:365,0
DA:366,38
DA:367,0
DA:368,0
DA:369,0
DA:370,133
DA:371,0
DA:372,0
DA:373,0
DA:374,0
DA:375,0
DA:376,19
DA:379,0
DA:380,0
DA:381,0
DA:382,0
DA:384,22610
DA:386,22610
DA:387,22610
DA:388,22610
DA:389,22610
DA:390,22610
DA:391,22610
DA:392,5529
DA:393,5529
DA:394,5529
DA:395,5529
DA:397,5586
DA:398,5586
DA:399,5586
DA:400,5586
DA:402,5909
DA:403,5909
DA:404,5909
DA:405,5909
DA:406,5909
DA:408,266
DA:409,266
DA:410,266
DA:411,266
DA:413,0
DA:414,0
DA:415,0
DA:416,0
DA:418,0
DA:419,0
DA:420,0
DA:421,0
DA:423,76
DA:424,76
DA:425,76
DA:426,76
DA:428,0
DA:429,0
DA:430,0
DA:431,0
DA:433,0
DA:434,0
DA:435,0
DA:436,0
DA:438,0
DA:439,0
DA:440,0
DA:441,0
DA:443,0
DA:444,0
DA:445,0
DA:446,0
DA:448,0
DA:449,0
DA:450,0
DA:451,0
DA:452,0
DA:454,0
DA:455,0
DA:456,0
DA:457,0
DA:458,0
DA:460,0
DA:461,0
DA:462,0
DA:464,0
DA:465,0
DA:466,0
DA:468,0
DA:469,0
DA:470,0
DA:472,19
DA:473,19
DA:474,19
DA:475,19
DA:477,19
DA:478,19
DA:479,19
DA:480,19
DA:482,0
DA:483,0
DA:484,0
DA:485,0
DA:487,19
DA:488,19
DA:489,19
DA:491,4712
DA:492,4712
DA:493,4712
DA:495,0
DA:496,0
DA:497,0
DA:499,0
DA:500,0
DA:501,0
DA:503,0
DA:504,0
DA:505,0
DA:506,0
DA:508,0
DA:509,0
DA:510,0
DA:511,0
DA:513,0
DA:514,0
DA:515,0
DA:516,0
DA:518,0
DA:519,0
DA:520,0
DA:521,0
DA:522,0
DA:524,0
DA:525,0
DA:526,0
DA:527,0
DA:528,0
DA:530,0
DA:531,0
DA:532,0
DA:533,0
DA:534,0
DA:567,285
DA:568,285
DA:569,285
DA:570,285
DA:575,38
DA:576,38
DA:577,38
DA:578,38
DA:583,133
DA:584,133
DA:585,133
DA:586,133
DA:592,0
DA:593,0
DA:594,0
DA:595,0
DA:598,0
DA:599,19
DA:601,0
DA:603,22610
DA:607,11115
DA:608,11115
DA:609,11115
DA:610,11115
DA:611,11115
DA:612,11115
DA:613,44308
DA:614,33193
DA:615,33193
DA:616,33193
DA:617,0
DA:618,0
DA:619,0
DA:620,0
DA:621,33193
DA:622,33193
DA:624,0
DA:627,33193
DA:630,11115
DA:631,11115
DA:632,11115
DA:633,11115
DA:635,24168
DA:636,24168
DA:637,24168
DA:638,24168
DA:639,24168
DA:640,24168
DA:641,24168
DA:642,12749
DA:643,12749
DA:644,0
DA:645,0
DA:646,0
DA:647,0
DA:648,12749
DA:649,12749
DA:651,11419
DA:654,24168
DA:655,24168
DA:656,24168
DA:657,24168
DA:658,24168
DA:660,76
DA:661,76
DA:662,76
DA:663,76
DA:664,76
DA:665,76
DA:666,76
DA:667,57
DA:668,57
DA:669,0
DA:670,0
DA:671,0
DA:672,0
DA:673,57
DA:674,57
DA:676,19
DA:678,76
DA:679,76
DA:680,76
DA:681,0
DA:682,0
DA:683,0
DA:684,0
DA:685,76
DA:686,76
DA:688,0
DA:693,76
DA:694,76
DA:695,76
DA:697,6194
DA:698,6194
DA:699,6194
DA:700,6194
DA:701,6194
DA:702,6194
DA:703,0
DA:704,0
DA:705,0
DA:706,0
DA:708,6194
DA:709,6194
DA:710,6194
DA:711,6194
DA:713,38
DA:714,38
DA:715,38
DA:716,38
DA:717,38
DA:719,38
DA:720,38
DA:721,0
DA:722,19
DA:723,19
DA:725,0
DA:726,0
DA:728,38
DA:731,38
DA:732,38
DA:733,38
DA:738,38
DA:739,38
DA:740,38
DA:741,38
DA:742,38
DA:743,38
DA:744,38
DA:745,38
DA:746,38
DA:747,38
DA:748,38
DA:750,38
DA:751,38
DA:752,38
DA:754,4731
DA:755,4731
DA:756,4731
DA:757,4731
DA:758,4731
DA:759,4731
DA:760,4731
DA:761,4731
DA:762,16644
DA:763,16644
DA:764,16644
DA:765,16644
DA:766,16644
DA:767,16644
DA:768,16644
DA:769,16644
DA:772,4731
DA:773,4731
DA:774,4731
LF:563
LH:375
end_of_record
SF:crates/conjure_core/src/rules/base.rs
FN:436,conjure_core::rules::base::CONJURE_GEN_RULE_MAX_TO_VAR::__typecheck::{closure#0}
FN:13,conjure_core::rules::base::CONJURE_GEN_RULE_SET_BASE::__typecheck::{closure#0}::{closure#0}
FN:251,conjure_core::rules::base::CONJURE_GEN_RULE_REMOVE_TRIVIAL_AND::__typecheck::{closure#0}::{closure#0}
FN:436,conjure_core::rules::base::CONJURE_GEN_RULE_MAX_TO_VAR::__typecheck::{closure#0}::{closure#0}
FN:270,conjure_core::rules::base::CONJURE_GEN_RULE_REMOVE_TRIVIAL_OR::__typecheck::{closure#0}
FN:198,conjure_core::rules::base::CONJURE_GEN_RULE_UNWRAP_NESTED_AND::__typecheck::{closure#0}::{closure#0}
FN:532,conjure_core::rules::base::distribute_not_over_and
FN:24,conjure_core::rules::base::CONJURE_GEN_RULE_REMOVE_NOTHINGS::__typecheck
FN:13,conjure_core::rules::base::CONJURE_GEN_RULE_SET_BASE::__typecheck::{closure#0}::{closure#0}
FN:46,conjure_core::rules::base::remove_nothings::get_lhs_rhs
FN:291,conjure_core::rules::base::CONJURE_GEN_RULE_REMOVE_CONSTANTS_FROM_OR::__typecheck
FN:331,conjure_core::rules::base::remove_constants_from_and
FN:563,conjure_core::rules::base::distribute_not_over_or
FN:288,rust_out::main::_doctest_main_crates_conjure_core_src_rules_base_rs_288_0
FN:271,conjure_core::rules::base::remove_trivial_or
FN:373,conjure_core::rules::base::evaluate_constant_not
FN:165,conjure_core::rules::base::CONJURE_GEN_RULE_UNWRAP_NESTED_OR::__typecheck::{closure#0}::{closure#0}
FN:251,conjure_core::rules::base::CONJURE_GEN_RULE_REMOVE_TRIVIAL_AND::__typecheck::{closure#0}
FN:126,rust_out::main::_doctest_main_crates_conjure_core_src_rules_base_rs_126_0
FN:198,conjure_core::rules::base::CONJURE_GEN_RULE_UNWRAP_NESTED_AND::__typecheck::{closure#0}
FN:13,conjure_core::rules::base::CONJURE_GEN_RULE_SET_BASE::__typecheck
FN:115,conjure_core::rules::base::CONJURE_GEN_RULE_UNWRAP_SUM::__typecheck::{closure#0}::{closure#0}
FN:330,conjure_core::rules::base::CONJURE_GEN_RULE_REMOVE_CONSTANTS_FROM_AND::__typecheck
FN:436,conjure_core::rules::base::CONJURE_GEN_RULE_MAX_TO_VAR::__typecheck
FN:330,conjure_core::rules::base::CONJURE_GEN_RULE_REMOVE_CONSTANTS_FROM_AND::__typecheck::{closure#0}
FN:198,conjure_core::rules::base::CONJURE_GEN_RULE_UNWRAP_NESTED_AND::__typecheck
FN:531,conjure_core::rules::base::CONJURE_GEN_RULE_DISTRIBUTE_NOT_OVER_AND::__typecheck::{closure#0}
FN:251,conjure_core::rules::base::CONJURE_GEN_RULE_REMOVE_TRIVIAL_AND::__typecheck::{closure#0}::{closure#0}
FN:482,conjure_core::rules::base::distribute_or_over_and
FN:195,rust_out::main::_doctest_main_crates_conjure_core_src_rules_base_rs_195_0
FN:433,rust_out::main::_doctest_main_crates_conjure_core_src_rules_base_rs_433_0
FN:393,conjure_core::rules::base::min_to_var
FN:165,conjure_core::rules::base::CONJURE_GEN_RULE_UNWRAP_NESTED_OR::__typecheck::{closure#0}
FN:166,conjure_core::rules::base::unwrap_nested_or
FN:21,rust_out::main::_doctest_main_crates_conjure_core_src_rules_base_rs_21_0
FN:393,conjure_core::rules::base::min_to_var
FN:270,conjure_core::rules::base::CONJURE_GEN_RULE_REMOVE_TRIVIAL_OR::__typecheck::{closure#0}
FN:129,conjure_core::rules::base::CONJURE_GEN_RULE_FLATTEN_NESTED_SUM::__typecheck::{closure#0}
FN:436,conjure_core::rules::base::CONJURE_GEN_RULE_MAX_TO_VAR::__typecheck::{closure#0}::{closure#0}
FN:129,conjure_core::rules::base::CONJURE_GEN_RULE_FLATTEN_NESTED_SUM::__typecheck::{closure#0}::{closure#0}
FN:252,conjure_core::rules::base::remove_trivial_and
FN:116,conjure_core::rules::base::unwrap_sum
FN:531,conjure_core::rules::base::CONJURE_GEN_RULE_DISTRIBUTE_NOT_OVER_AND::__typecheck::{closure#0}
FN:234,conjure_core::rules::base::CONJURE_GEN_RULE_REMOVE_DOUBLE_NEGATION::__typecheck::{closure#0}
FN:559,rust_out::main::_doctest_main_crates_conjure_core_src_rules_base_rs_559_0
FN:562,conjure_core::rules::base::CONJURE_GEN_RULE_DISTRIBUTE_NOT_OVER_OR::__typecheck::{closure#0}::{closure#0}
FN:270,conjure_core::rules::base::CONJURE_GEN_RULE_REMOVE_TRIVIAL_OR::__typecheck::{closure#0}::{closure#0}
FN:562,conjure_core::rules::base::CONJURE_GEN_RULE_DISTRIBUTE_NOT_OVER_OR::__typecheck
FN:252,conjure_core::rules::base::remove_trivial_and
FN:198,conjure_core::rules::base::CONJURE_GEN_RULE_UNWRAP_NESTED_AND::__typecheck::{closure#0}::{closure#0}
FN:291,conjure_core::rules::base::CONJURE_GEN_RULE_REMOVE_CONSTANTS_FROM_OR::__typecheck::{closure#0}
FN:129,conjure_core::rules::base::CONJURE_GEN_RULE_FLATTEN_NESTED_SUM::__typecheck::{closure#0}
FN:46,conjure_core::rules::base::remove_nothings::get_lhs_rhs
FN:85,conjure_core::rules::base::CONJURE_GEN_RULE_REMOVE_EMPTY_EXPRESSION::__typecheck::{closure#0}::{closure#0}
FN:198,conjure_core::rules::base::CONJURE_GEN_RULE_UNWRAP_NESTED_AND::__typecheck::{closure#0}
FN:129,conjure_core::rules::base::CONJURE_GEN_RULE_FLATTEN_NESTED_SUM::__typecheck
FN:234,conjure_core::rules::base::CONJURE_GEN_RULE_REMOVE_DOUBLE_NEGATION::__typecheck::{closure#0}
FN:291,conjure_core::rules::base::CONJURE_GEN_RULE_REMOVE_CONSTANTS_FROM_OR::__typecheck
FN:330,conjure_core::rules::base::CONJURE_GEN_RULE_REMOVE_CONSTANTS_FROM_AND::__typecheck::{closure#0}::{closure#0}
FN:483,conjure_core::rules::base::distribute_or_over_and::find_and
FN:327,rust_out::main::_doctest_main_crates_conjure_core_src_rules_base_rs_327_0
FN:129,conjure_core::rules::base::CONJURE_GEN_RULE_FLATTEN_NESTED_SUM::__typecheck
FN:330,conjure_core::rules::base::CONJURE_GEN_RULE_REMOVE_CONSTANTS_FROM_AND::__typecheck::{closure#0}::{closure#0}
FN:392,conjure_core::rules::base::CONJURE_GEN_RULE_MIN_TO_VAR::__typecheck
FN:481,conjure_core::rules::base::CONJURE_GEN_RULE_DISTRIBUTE_OR_OVER_AND::__typecheck
FN:85,conjure_core::rules::base::CONJURE_GEN_RULE_REMOVE_EMPTY_EXPRESSION::__typecheck
FN:436,conjure_core::rules::base::CONJURE_GEN_RULE_MAX_TO_VAR::__typecheck::{closure#0}
FN:165,conjure_core::rules::base::CONJURE_GEN_RULE_UNWRAP_NESTED_OR::__typecheck
FN:24,conjure_core::rules::base::CONJURE_GEN_RULE_REMOVE_NOTHINGS::__typecheck::{closure#0}
FN:392,conjure_core::rules::base::CONJURE_GEN_RULE_MIN_TO_VAR::__typecheck::{closure#0}
FN:270,conjure_core::rules::base::CONJURE_GEN_RULE_REMOVE_TRIVIAL_OR::__typecheck::{closure#0}::{closure#0}
FN:292,conjure_core::rules::base::remove_constants_from_or
FN:478,rust_out::main::_doctest_main_crates_conjure_core_src_rules_base_rs_478_0
FN:562,conjure_core::rules::base::CONJURE_GEN_RULE_DISTRIBUTE_NOT_OVER_OR::__typecheck::{closure#0}
FN:86,conjure_core::rules::base::remove_empty_expression
FN:165,conjure_core::rules::base::CONJURE_GEN_RULE_UNWRAP_NESTED_OR::__typecheck::{closure#0}
FN:24,conjure_core::rules::base::CONJURE_GEN_RULE_REMOVE_NOTHINGS::__typecheck::{closure#0}::{closure#0}
FN:85,conjure_core::rules::base::CONJURE_GEN_RULE_REMOVE_EMPTY_EXPRESSION::__typecheck::{closure#0}::{closure#0}
FN:199,conjure_core::rules::base::unwrap_nested_and
FN:270,conjure_core::rules::base::CONJURE_GEN_RULE_REMOVE_TRIVIAL_OR::__typecheck
FN:372,conjure_core::rules::base::CONJURE_GEN_RULE_EVALUATE_CONSTANT_NOT::__typecheck::{closure#0}::{closure#0}
FN:198,conjure_core::rules::base::CONJURE_GEN_RULE_UNWRAP_NESTED_AND::__typecheck
FN:292,conjure_core::rules::base::remove_constants_from_or
FN:162,rust_out::main::_doctest_main_crates_conjure_core_src_rules_base_rs_162_0
FN:372,conjure_core::rules::base::CONJURE_GEN_RULE_EVALUATE_CONSTANT_NOT::__typecheck
FN:331,conjure_core::rules::base::remove_constants_from_and
FN:25,conjure_core::rules::base::remove_nothings
FN:478,rust_out::main
FN:231,rust_out::main::_doctest_main_crates_conjure_core_src_rules_base_rs_231_0
FN:85,conjure_core::rules::base::CONJURE_GEN_RULE_REMOVE_EMPTY_EXPRESSION::__typecheck::{closure#0}
FN:437,conjure_core::rules::base::max_to_var
FN:165,conjure_core::rules::base::CONJURE_GEN_RULE_UNWRAP_NESTED_OR::__typecheck::{closure#0}::{closure#0}
FN:291,conjure_core::rules::base::CONJURE_GEN_RULE_REMOVE_CONSTANTS_FROM_OR::__typecheck::{closure#0}
FN:234,conjure_core::rules::base::CONJURE_GEN_RULE_REMOVE_DOUBLE_NEGATION::__typecheck::{closure#0}::{closure#0}
FN:373,conjure_core::rules::base::evaluate_constant_not
FN:481,conjure_core::rules::base::CONJURE_GEN_RULE_DISTRIBUTE_OR_OVER_AND::__typecheck
FN:234,conjure_core::rules::base::CONJURE_GEN_RULE_REMOVE_DOUBLE_NEGATION::__typecheck::{closure#0}::{closure#0}
FN:392,conjure_core::rules::base::CONJURE_GEN_RULE_MIN_TO_VAR::__typecheck::{closure#0}::{closure#0}
FN:528,rust_out::main::_doctest_main_crates_conjure_core_src_rules_base_rs_528_0
FN:26,conjure_core::rules::base::remove_nothings::remove_nothings
FN:112,rust_out::main::_doctest_main_crates_conjure_core_src_rules_base_rs_112_0
FN:86,conjure_core::rules::base::remove_empty_expression
FN:437,conjure_core::rules::base::max_to_var
FN:436,conjure_core::rules::base::CONJURE_GEN_RULE_MAX_TO_VAR::__typecheck
FN:563,conjure_core::rules::base::distribute_not_over_or
FN:372,conjure_core::rules::base::CONJURE_GEN_RULE_EVALUATE_CONSTANT_NOT::__typecheck
FN:532,conjure_core::rules::base::distribute_not_over_and
FN:392,conjure_core::rules::base::CONJURE_GEN_RULE_MIN_TO_VAR::__typecheck::{closure#0}::{closure#0}
FN:85,conjure_core::rules::base::CONJURE_GEN_RULE_REMOVE_EMPTY_EXPRESSION::__typecheck::{closure#0}
FN:115,conjure_core::rules::base::CONJURE_GEN_RULE_UNWRAP_SUM::__typecheck::{closure#0}
FN:115,conjure_core::rules::base::CONJURE_GEN_RULE_UNWRAP_SUM::__typecheck
FN:482,conjure_core::rules::base::distribute_or_over_and
FN:115,conjure_core::rules::base::CONJURE_GEN_RULE_UNWRAP_SUM::__typecheck::{closure#0}::{closure#0}
FN:235,conjure_core::rules::base::remove_double_negation
FN:330,conjure_core::rules::base::CONJURE_GEN_RULE_REMOVE_CONSTANTS_FROM_AND::__typecheck
FN:481,conjure_core::rules::base::CONJURE_GEN_RULE_DISTRIBUTE_OR_OVER_AND::__typecheck::{closure#0}::{closure#0}
FN:481,conjure_core::rules::base::CONJURE_GEN_RULE_DISTRIBUTE_OR_OVER_AND::__typecheck::{closure#0}
FN:531,conjure_core::rules::base::CONJURE_GEN_RULE_DISTRIBUTE_NOT_OVER_AND::__typecheck::{closure#0}::{closure#0}
FN:130,conjure_core::rules::base::flatten_nested_sum
FN:483,conjure_core::rules::base::distribute_or_over_and::find_and
FN:13,conjure_core::rules::base::CONJURE_GEN_RULE_SET_BASE::__typecheck::{closure#0}
FN:25,conjure_core::rules::base::remove_nothings
FN:562,conjure_core::rules::base::CONJURE_GEN_RULE_DISTRIBUTE_NOT_OVER_OR::__typecheck
FN:531,conjure_core::rules::base::CONJURE_GEN_RULE_DISTRIBUTE_NOT_OVER_AND::__typecheck::{closure#0}::{closure#0}
FN:24,conjure_core::rules::base::CONJURE_GEN_RULE_REMOVE_NOTHINGS::__typecheck::{closure#0}
FN:271,conjure_core::rules::base::remove_trivial_or
FN:369,rust_out::main::_doctest_main_crates_conjure_core_src_rules_base_rs_369_0
FN:291,conjure_core::rules::base::CONJURE_GEN_RULE_REMOVE_CONSTANTS_FROM_OR::__typecheck::{closure#0}::{closure#0}
FN:270,conjure_core::rules::base::CONJURE_GEN_RULE_REMOVE_TRIVIAL_OR::__typecheck
FN:481,conjure_core::rules::base::CONJURE_GEN_RULE_DISTRIBUTE_OR_OVER_AND::__typecheck::{closure#0}::{closure#0}
FN:267,rust_out::main::_doctest_main_crates_conjure_core_src_rules_base_rs_267_0
FN:251,conjure_core::rules::base::CONJURE_GEN_RULE_REMOVE_TRIVIAL_AND::__typecheck
FN:392,conjure_core::rules::base::CONJURE_GEN_RULE_MIN_TO_VAR::__typecheck::{closure#0}
FN:531,conjure_core::rules::base::CONJURE_GEN_RULE_DISTRIBUTE_NOT_OVER_AND::__typecheck
FN:392,conjure_core::rules::base::CONJURE_GEN_RULE_MIN_TO_VAR::__typecheck
FN:372,conjure_core::rules::base::CONJURE_GEN_RULE_EVALUATE_CONSTANT_NOT::__typecheck::{closure#0}
FN:166,conjure_core::rules::base::unwrap_nested_or
FN:13,conjure_core::rules::base::CONJURE_GEN_RULE_SET_BASE::__typecheck::{closure#0}
FN:24,conjure_core::rules::base::CONJURE_GEN_RULE_REMOVE_NOTHINGS::__typecheck
FN:481,conjure_core::rules::base::CONJURE_GEN_RULE_DISTRIBUTE_OR_OVER_AND::__typecheck::{closure#0}
FN:234,conjure_core::rules::base::CONJURE_GEN_RULE_REMOVE_DOUBLE_NEGATION::__typecheck
FN:562,conjure_core::rules::base::CONJURE_GEN_RULE_DISTRIBUTE_NOT_OVER_OR::__typecheck::{closure#0}::{closure#0}
FN:562,conjure_core::rules::base::CONJURE_GEN_RULE_DISTRIBUTE_NOT_OVER_OR::__typecheck::{closure#0}
FN:251,conjure_core::rules::base::CONJURE_GEN_RULE_REMOVE_TRIVIAL_AND::__typecheck
FN:251,conjure_core::rules::base::CONJURE_GEN_RULE_REMOVE_TRIVIAL_AND::__typecheck::{closure#0}
FN:389,rust_out::main::_doctest_main_crates_conjure_core_src_rules_base_rs_389_0
FN:26,conjure_core::rules::base::remove_nothings::remove_nothings
FN:116,conjure_core::rules::base::unwrap_sum
FN:248,rust_out::main::_doctest_main_crates_conjure_core_src_rules_base_rs_248_0
FN:235,conjure_core::rules::base::remove_double_negation
FN:24,conjure_core::rules::base::CONJURE_GEN_RULE_REMOVE_NOTHINGS::__typecheck::{closure#0}::{closure#0}
FN:13,conjure_core::rules::base::CONJURE_GEN_RULE_SET_BASE::__typecheck
FN:115,conjure_core::rules::base::CONJURE_GEN_RULE_UNWRAP_SUM::__typecheck
FN:234,conjure_core::rules::base::CONJURE_GEN_RULE_REMOVE_DOUBLE_NEGATION::__typecheck
FN:372,conjure_core::rules::base::CONJURE_GEN_RULE_EVALUATE_CONSTANT_NOT::__typecheck::{closure#0}
FN:372,conjure_core::rules::base::CONJURE_GEN_RULE_EVALUATE_CONSTANT_NOT::__typecheck::{closure#0}::{closure#0}
FN:85,conjure_core::rules::base::CONJURE_GEN_RULE_REMOVE_EMPTY_EXPRESSION::__typecheck
FN:129,conjure_core::rules::base::CONJURE_GEN_RULE_FLATTEN_NESTED_SUM::__typecheck::{closure#0}::{closure#0}
FN:130,conjure_core::rules::base::flatten_nested_sum
FN:165,conjure_core::rules::base::CONJURE_GEN_RULE_UNWRAP_NESTED_OR::__typecheck
FN:115,conjure_core::rules::base::CONJURE_GEN_RULE_UNWRAP_SUM::__typecheck::{closure#0}
FN:291,conjure_core::rules::base::CONJURE_GEN_RULE_REMOVE_CONSTANTS_FROM_OR::__typecheck::{closure#0}::{closure#0}
FN:330,conjure_core::rules::base::CONJURE_GEN_RULE_REMOVE_CONSTANTS_FROM_AND::__typecheck::{closure#0}
FN:199,conjure_core::rules::base::unwrap_nested_and
FN:531,conjure_core::rules::base::CONJURE_GEN_RULE_DISTRIBUTE_NOT_OVER_AND::__typecheck
FNDA:0,conjure_core::rules::base::CONJURE_GEN_RULE_MAX_TO_VAR::__typecheck::{closure#0}
FNDA:0,conjure_core::rules::base::CONJURE_GEN_RULE_SET_BASE::__typecheck::{closure#0}::{closure#0}
FNDA:0,conjure_core::rules::base::CONJURE_GEN_RULE_REMOVE_TRIVIAL_AND::__typecheck::{closure#0}::{closure#0}
FNDA:0,conjure_core::rules::base::CONJURE_GEN_RULE_MAX_TO_VAR::__typecheck::{closure#0}::{closure#0}
FNDA:0,conjure_core::rules::base::CONJURE_GEN_RULE_REMOVE_TRIVIAL_OR::__typecheck::{closure#0}
FNDA:0,conjure_core::rules::base::CONJURE_GEN_RULE_UNWRAP_NESTED_AND::__typecheck::{closure#0}::{closure#0}
FNDA:0,conjure_core::rules::base::distribute_not_over_and
FNDA:0,conjure_core::rules::base::CONJURE_GEN_RULE_REMOVE_NOTHINGS::__typecheck
FNDA:0,conjure_core::rules::base::CONJURE_GEN_RULE_SET_BASE::__typecheck::{closure#0}::{closure#0}
FNDA:0,conjure_core::rules::base::remove_nothings::get_lhs_rhs
FNDA:0,conjure_core::rules::base::CONJURE_GEN_RULE_REMOVE_CONSTANTS_FROM_OR::__typecheck
FNDA:1,conjure_core::rules::base::remove_constants_from_and
FNDA:1,conjure_core::rules::base::distribute_not_over_or
FNDA:1,rust_out::main::_doctest_main_crates_conjure_core_src_rules_base_rs_288_0
FNDA:1,conjure_core::rules::base::remove_trivial_or
FNDA:1,conjure_core::rules::base::evaluate_constant_not
FNDA:0,conjure_core::rules::base::CONJURE_GEN_RULE_UNWRAP_NESTED_OR::__typecheck::{closure#0}::{closure#0}
FNDA:0,conjure_core::rules::base::CONJURE_GEN_RULE_REMOVE_TRIVIAL_AND::__typecheck::{closure#0}
FNDA:1,rust_out::main::_doctest_main_crates_conjure_core_src_rules_base_rs_126_0
FNDA:0,conjure_core::rules::base::CONJURE_GEN_RULE_UNWRAP_NESTED_AND::__typecheck::{closure#0}
FNDA:0,conjure_core::rules::base::CONJURE_GEN_RULE_SET_BASE::__typecheck
FNDA:0,conjure_core::rules::base::CONJURE_GEN_RULE_UNWRAP_SUM::__typecheck::{closure#0}::{closure#0}
FNDA:0,conjure_core::rules::base::CONJURE_GEN_RULE_REMOVE_CONSTANTS_FROM_AND::__typecheck
FNDA:0,conjure_core::rules::base::CONJURE_GEN_RULE_MAX_TO_VAR::__typecheck
FNDA:0,conjure_core::rules::base::CONJURE_GEN_RULE_REMOVE_CONSTANTS_FROM_AND::__typecheck::{closure#0}
FNDA:0,conjure_core::rules::base::CONJURE_GEN_RULE_UNWRAP_NESTED_AND::__typecheck
FNDA:0,conjure_core::rules::base::CONJURE_GEN_RULE_DISTRIBUTE_NOT_OVER_AND::__typecheck::{closure#0}
FNDA:0,conjure_core::rules::base::CONJURE_GEN_RULE_REMOVE_TRIVIAL_AND::__typecheck::{closure#0}::{closure#0}
FNDA:0,conjure_core::rules::base::distribute_or_over_and
FNDA:1,rust_out::main::_doctest_main_crates_conjure_core_src_rules_base_rs_195_0
FNDA:1,rust_out::main::_doctest_main_crates_conjure_core_src_rules_base_rs_433_0
FNDA:0,conjure_core::rules::base::min_to_var
FNDA:0,conjure_core::rules::base::CONJURE_GEN_RULE_UNWRAP_NESTED_OR::__typecheck::{closure#0}
FNDA:1,conjure_core::rules::base::unwrap_nested_or
FNDA:1,rust_out::main::_doctest_main_crates_conjure_core_src_rules_base_rs_21_0
FNDA:1,conjure_core::rules::base::min_to_var
FNDA:0,conjure_core::rules::base::CONJURE_GEN_RULE_REMOVE_TRIVIAL_OR::__typecheck::{closure#0}
FNDA:0,conjure_core::rules::base::CONJURE_GEN_RULE_FLATTEN_NESTED_SUM::__typecheck::{closure#0}
FNDA:0,conjure_core::rules::base::CONJURE_GEN_RULE_MAX_TO_VAR::__typecheck::{closure#0}::{closure#0}
FNDA:0,conjure_core::rules::base::CONJURE_GEN_RULE_FLATTEN_NESTED_SUM::__typecheck::{closure#0}::{closure#0}
FNDA:0,conjure_core::rules::base::remove_trivial_and
FNDA:0,conjure_core::rules::base::unwrap_sum
FNDA:0,conjure_core::rules::base::CONJURE_GEN_RULE_DISTRIBUTE_NOT_OVER_AND::__typecheck::{closure#0}
FNDA:0,conjure_core::rules::base::CONJURE_GEN_RULE_REMOVE_DOUBLE_NEGATION::__typecheck::{closure#0}
FNDA:1,rust_out::main::_doctest_main_crates_conjure_core_src_rules_base_rs_559_0
FNDA:0,conjure_core::rules::base::CONJURE_GEN_RULE_DISTRIBUTE_NOT_OVER_OR::__typecheck::{closure#0}::{closure#0}
FNDA:0,conjure_core::rules::base::CONJURE_GEN_RULE_REMOVE_TRIVIAL_OR::__typecheck::{closure#0}::{closure#0}
FNDA:0,conjure_core::rules::base::CONJURE_GEN_RULE_DISTRIBUTE_NOT_OVER_OR::__typecheck
FNDA:1,conjure_core::rules::base::remove_trivial_and
FNDA:0,conjure_core::rules::base::CONJURE_GEN_RULE_UNWRAP_NESTED_AND::__typecheck::{closure#0}::{closure#0}
FNDA:0,conjure_core::rules::base::CONJURE_GEN_RULE_REMOVE_CONSTANTS_FROM_OR::__typecheck::{closure#0}
FNDA:0,conjure_core::rules::base::CONJURE_GEN_RULE_FLATTEN_NESTED_SUM::__typecheck::{closure#0}
FNDA:0,conjure_core::rules::base::remove_nothings::get_lhs_rhs
FNDA:0,conjure_core::rules::base::CONJURE_GEN_RULE_REMOVE_EMPTY_EXPRESSION::__typecheck::{closure#0}::{closure#0}
FNDA:0,conjure_core::rules::base::CONJURE_GEN_RULE_UNWRAP_NESTED_AND::__typecheck::{closure#0}
FNDA:0,conjure_core::rules::base::CONJURE_GEN_RULE_FLATTEN_NESTED_SUM::__typecheck
FNDA:0,conjure_core::rules::base::CONJURE_GEN_RULE_REMOVE_DOUBLE_NEGATION::__typecheck::{closure#0}
FNDA:0,conjure_core::rules::base::CONJURE_GEN_RULE_REMOVE_CONSTANTS_FROM_OR::__typecheck
FNDA:0,conjure_core::rules::base::CONJURE_GEN_RULE_REMOVE_CONSTANTS_FROM_AND::__typecheck::{closure#0}::{closure#0}
FNDA:1,conjure_core::rules::base::distribute_or_over_and::find_and
FNDA:1,rust_out::main::_doctest_main_crates_conjure_core_src_rules_base_rs_327_0
FNDA:0,conjure_core::rules::base::CONJURE_GEN_RULE_FLATTEN_NESTED_SUM::__typecheck
FNDA:0,conjure_core::rules::base::CONJURE_GEN_RULE_REMOVE_CONSTANTS_FROM_AND::__typecheck::{closure#0}::{closure#0}
FNDA:0,conjure_core::rules::base::CONJURE_GEN_RULE_MIN_TO_VAR::__typecheck
FNDA:0,conjure_core::rules::base::CONJURE_GEN_RULE_DISTRIBUTE_OR_OVER_AND::__typecheck
FNDA:0,conjure_core::rules::base::CONJURE_GEN_RULE_REMOVE_EMPTY_EXPRESSION::__typecheck
FNDA:0,conjure_core::rules::base::CONJURE_GEN_RULE_MAX_TO_VAR::__typecheck::{closure#0}
FNDA:0,conjure_core::rules::base::CONJURE_GEN_RULE_UNWRAP_NESTED_OR::__typecheck
FNDA:0,conjure_core::rules::base::CONJURE_GEN_RULE_REMOVE_NOTHINGS::__typecheck::{closure#0}
FNDA:0,conjure_core::rules::base::CONJURE_GEN_RULE_MIN_TO_VAR::__typecheck::{closure#0}
FNDA:0,conjure_core::rules::base::CONJURE_GEN_RULE_REMOVE_TRIVIAL_OR::__typecheck::{closure#0}::{closure#0}
FNDA:1,conjure_core::rules::base::remove_constants_from_or
FNDA:1,rust_out::main::_doctest_main_crates_conjure_core_src_rules_base_rs_478_0
FNDA:0,conjure_core::rules::base::CONJURE_GEN_RULE_DISTRIBUTE_NOT_OVER_OR::__typecheck::{closure#0}
FNDA:0,conjure_core::rules::base::remove_empty_expression
FNDA:0,conjure_core::rules::base::CONJURE_GEN_RULE_UNWRAP_NESTED_OR::__typecheck::{closure#0}
FNDA:0,conjure_core::rules::base::CONJURE_GEN_RULE_REMOVE_NOTHINGS::__typecheck::{closure#0}::{closure#0}
FNDA:0,conjure_core::rules::base::CONJURE_GEN_RULE_REMOVE_EMPTY_EXPRESSION::__typecheck::{closure#0}::{closure#0}
FNDA:1,conjure_core::rules::base::unwrap_nested_and
FNDA:0,conjure_core::rules::base::CONJURE_GEN_RULE_REMOVE_TRIVIAL_OR::__typecheck
FNDA:0,conjure_core::rules::base::CONJURE_GEN_RULE_EVALUATE_CONSTANT_NOT::__typecheck::{closure#0}::{closure#0}
FNDA:0,conjure_core::rules::base::CONJURE_GEN_RULE_UNWRAP_NESTED_AND::__typecheck
FNDA:0,conjure_core::rules::base::remove_constants_from_or
FNDA:1,rust_out::main::_doctest_main_crates_conjure_core_src_rules_base_rs_162_0
FNDA:0,conjure_core::rules::base::CONJURE_GEN_RULE_EVALUATE_CONSTANT_NOT::__typecheck
FNDA:0,conjure_core::rules::base::remove_constants_from_and
FNDA:1,conjure_core::rules::base::remove_nothings
FNDA:1,rust_out::main
FNDA:1,rust_out::main::_doctest_main_crates_conjure_core_src_rules_base_rs_231_0
FNDA:0,conjure_core::rules::base::CONJURE_GEN_RULE_REMOVE_EMPTY_EXPRESSION::__typecheck::{closure#0}
FNDA:0,conjure_core::rules::base::max_to_var
FNDA:0,conjure_core::rules::base::CONJURE_GEN_RULE_UNWRAP_NESTED_OR::__typecheck::{closure#0}::{closure#0}
FNDA:0,conjure_core::rules::base::CONJURE_GEN_RULE_REMOVE_CONSTANTS_FROM_OR::__typecheck::{closure#0}
FNDA:0,conjure_core::rules::base::CONJURE_GEN_RULE_REMOVE_DOUBLE_NEGATION::__typecheck::{closure#0}::{closure#0}
FNDA:0,conjure_core::rules::base::evaluate_constant_not
FNDA:0,conjure_core::rules::base::CONJURE_GEN_RULE_DISTRIBUTE_OR_OVER_AND::__typecheck
FNDA:0,conjure_core::rules::base::CONJURE_GEN_RULE_REMOVE_DOUBLE_NEGATION::__typecheck::{closure#0}::{closure#0}
FNDA:0,conjure_core::rules::base::CONJURE_GEN_RULE_MIN_TO_VAR::__typecheck::{closure#0}::{closure#0}
FNDA:1,rust_out::main::_doctest_main_crates_conjure_core_src_rules_base_rs_528_0
FNDA:0,conjure_core::rules::base::remove_nothings::remove_nothings
FNDA:1,rust_out::main::_doctest_main_crates_conjure_core_src_rules_base_rs_112_0
FNDA:1,conjure_core::rules::base::remove_empty_expression
FNDA:1,conjure_core::rules::base::max_to_var
FNDA:0,conjure_core::rules::base::CONJURE_GEN_RULE_MAX_TO_VAR::__typecheck
FNDA:0,conjure_core::rules::base::distribute_not_over_or
FNDA:0,conjure_core::rules::base::CONJURE_GEN_RULE_EVALUATE_CONSTANT_NOT::__typecheck
FNDA:1,conjure_core::rules::base::distribute_not_over_and
FNDA:0,conjure_core::rules::base::CONJURE_GEN_RULE_MIN_TO_VAR::__typecheck::{closure#0}::{closure#0}
FNDA:0,conjure_core::rules::base::CONJURE_GEN_RULE_REMOVE_EMPTY_EXPRESSION::__typecheck::{closure#0}
FNDA:0,conjure_core::rules::base::CONJURE_GEN_RULE_UNWRAP_SUM::__typecheck::{closure#0}
FNDA:0,conjure_core::rules::base::CONJURE_GEN_RULE_UNWRAP_SUM::__typecheck
FNDA:1,conjure_core::rules::base::distribute_or_over_and
FNDA:0,conjure_core::rules::base::CONJURE_GEN_RULE_UNWRAP_SUM::__typecheck::{closure#0}::{closure#0}
FNDA:0,conjure_core::rules::base::remove_double_negation
FNDA:0,conjure_core::rules::base::CONJURE_GEN_RULE_REMOVE_CONSTANTS_FROM_AND::__typecheck
FNDA:0,conjure_core::rules::base::CONJURE_GEN_RULE_DISTRIBUTE_OR_OVER_AND::__typecheck::{closure#0}::{closure#0}
FNDA:0,conjure_core::rules::base::CONJURE_GEN_RULE_DISTRIBUTE_OR_OVER_AND::__typecheck::{closure#0}
FNDA:0,conjure_core::rules::base::CONJURE_GEN_RULE_DISTRIBUTE_NOT_OVER_AND::__typecheck::{closure#0}::{closure#0}
FNDA:1,conjure_core::rules::base::flatten_nested_sum
FNDA:0,conjure_core::rules::base::distribute_or_over_and::find_and
FNDA:0,conjure_core::rules::base::CONJURE_GEN_RULE_SET_BASE::__typecheck::{closure#0}
FNDA:0,conjure_core::rules::base::remove_nothings
FNDA:0,conjure_core::rules::base::CONJURE_GEN_RULE_DISTRIBUTE_NOT_OVER_OR::__typecheck
FNDA:0,conjure_core::rules::base::CONJURE_GEN_RULE_DISTRIBUTE_NOT_OVER_AND::__typecheck::{closure#0}::{closure#0}
FNDA:0,conjure_core::rules::base::CONJURE_GEN_RULE_REMOVE_NOTHINGS::__typecheck::{closure#0}
FNDA:0,conjure_core::rules::base::remove_trivial_or
FNDA:1,rust_out::main::_doctest_main_crates_conjure_core_src_rules_base_rs_369_0
FNDA:0,conjure_core::rules::base::CONJURE_GEN_RULE_REMOVE_CONSTANTS_FROM_OR::__typecheck::{closure#0}::{closure#0}
FNDA:0,conjure_core::rules::base::CONJURE_GEN_RULE_REMOVE_TRIVIAL_OR::__typecheck
FNDA:0,conjure_core::rules::base::CONJURE_GEN_RULE_DISTRIBUTE_OR_OVER_AND::__typecheck::{closure#0}::{closure#0}
FNDA:1,rust_out::main::_doctest_main_crates_conjure_core_src_rules_base_rs_267_0
FNDA:0,conjure_core::rules::base::CONJURE_GEN_RULE_REMOVE_TRIVIAL_AND::__typecheck
FNDA:0,conjure_core::rules::base::CONJURE_GEN_RULE_MIN_TO_VAR::__typecheck::{closure#0}
FNDA:0,conjure_core::rules::base::CONJURE_GEN_RULE_DISTRIBUTE_NOT_OVER_AND::__typecheck
FNDA:0,conjure_core::rules::base::CONJURE_GEN_RULE_MIN_TO_VAR::__typecheck
FNDA:0,conjure_core::rules::base::CONJURE_GEN_RULE_EVALUATE_CONSTANT_NOT::__typecheck::{closure#0}
FNDA:0,conjure_core::rules::base::unwrap_nested_or
FNDA:0,conjure_core::rules::base::CONJURE_GEN_RULE_SET_BASE::__typecheck::{closure#0}
FNDA:0,conjure_core::rules::base::CONJURE_GEN_RULE_REMOVE_NOTHINGS::__typecheck
FNDA:0,conjure_core::rules::base::CONJURE_GEN_RULE_DISTRIBUTE_OR_OVER_AND::__typecheck::{closure#0}
FNDA:0,conjure_core::rules::base::CONJURE_GEN_RULE_REMOVE_DOUBLE_NEGATION::__typecheck
FNDA:0,conjure_core::rules::base::CONJURE_GEN_RULE_DISTRIBUTE_NOT_OVER_OR::__typecheck::{closure#0}::{closure#0}
FNDA:0,conjure_core::rules::base::CONJURE_GEN_RULE_DISTRIBUTE_NOT_OVER_OR::__typecheck::{closure#0}
FNDA:0,conjure_core::rules::base::CONJURE_GEN_RULE_REMOVE_TRIVIAL_AND::__typecheck
FNDA:0,conjure_core::rules::base::CONJURE_GEN_RULE_REMOVE_TRIVIAL_AND::__typecheck::{closure#0}
FNDA:1,rust_out::main::_doctest_main_crates_conjure_core_src_rules_base_rs_389_0
FNDA:1,conjure_core::rules::base::remove_nothings::remove_nothings
FNDA:1,conjure_core::rules::base::unwrap_sum
FNDA:1,rust_out::main::_doctest_main_crates_conjure_core_src_rules_base_rs_248_0
FNDA:1,conjure_core::rules::base::remove_double_negation
FNDA:0,conjure_core::rules::base::CONJURE_GEN_RULE_REMOVE_NOTHINGS::__typecheck::{closure#0}::{closure#0}
FNDA:0,conjure_core::rules::base::CONJURE_GEN_RULE_SET_BASE::__typecheck
FNDA:0,conjure_core::rules::base::CONJURE_GEN_RULE_UNWRAP_SUM::__typecheck
FNDA:0,conjure_core::rules::base::CONJURE_GEN_RULE_REMOVE_DOUBLE_NEGATION::__typecheck
FNDA:0,conjure_core::rules::base::CONJURE_GEN_RULE_EVALUATE_CONSTANT_NOT::__typecheck::{closure#0}
FNDA:0,conjure_core::rules::base::CONJURE_GEN_RULE_EVALUATE_CONSTANT_NOT::__typecheck::{closure#0}::{closure#0}
FNDA:0,conjure_core::rules::base::CONJURE_GEN_RULE_REMOVE_EMPTY_EXPRESSION::__typecheck
FNDA:0,conjure_core::rules::base::CONJURE_GEN_RULE_FLATTEN_NESTED_SUM::__typecheck::{closure#0}::{closure#0}
FNDA:0,conjure_core::rules::base::flatten_nested_sum
FNDA:0,conjure_core::rules::base::CONJURE_GEN_RULE_UNWRAP_NESTED_OR::__typecheck
FNDA:0,conjure_core::rules::base::CONJURE_GEN_RULE_UNWRAP_SUM::__typecheck::{closure#0}
FNDA:0,conjure_core::rules::base::CONJURE_GEN_RULE_REMOVE_CONSTANTS_FROM_OR::__typecheck::{closure#0}::{closure#0}
FNDA:0,conjure_core::rules::base::CONJURE_GEN_RULE_REMOVE_CONSTANTS_FROM_AND::__typecheck::{closure#0}
FNDA:0,conjure_core::rules::base::unwrap_nested_and
FNDA:0,conjure_core::rules::base::CONJURE_GEN_RULE_DISTRIBUTE_NOT_OVER_AND::__typecheck
FNF:165
FNH:36
BRF:0
BRH:0
DA:13,0
DA:21,1
DA:22,1
DA:23,1
DA:24,0
DA:25,7245255
DA:26,7245255
DA:27,7245255
DA:28,7245255
DA:30,14670585
DA:31,7425330
DA:32,0
DA:33,0
DA:34,0
DA:35,7425330
DA:39,7245255
DA:40,0
DA:42,7245255
DA:44,7245255
DA:46,0
DA:47,0
DA:48,0
DA:49,0
DA:50,0
DA:51,0
DA:52,0
DA:53,0
DA:54,0
DA:58,7245255
DA:60,0
DA:61,0
DA:62,0
DA:63,0
DA:64,0
DA:65,0
DA:66,0
DA:68,0
DA:69,0
DA:70,0
DA:72,0
DA:73,0
DA:74,0
DA:76,0
DA:78,7245255
DA:85,0
DA:86,7245255
DA:90,1835640
DA:91,7245255
DA:94,5409615
DA:95,1835640
DA:96,1835640
DA:97,1835640
DA:98,1835625
DA:99,15
DA:101,15
DA:102,15
DA:103,0
DA:106,15
DA:107,7245255
DA:112,1
DA:113,1
DA:114,1
DA:115,0
DA:116,7245285
DA:117,180
DA:118,180
DA:119,7245255
DA:121,7245285
DA:126,1
DA:127,1
DA:128,1
DA:129,0
DA:130,7245255
DA:131,7245255
DA:132,150
DA:133,150
DA:134,150
DA:135,570
DA:136,420
DA:137,150
DA:138,150
DA:139,450
DA:140,300
DA:141,300
DA:143,270
DA:146,150
DA:147,0
DA:148,150
DA:149,150
DA:150,150
DA:151,150
DA:152,150
DA:154,7245105
DA:156,7245255
DA:162,1
DA:163,1
DA:164,1
DA:165,0
DA:166,7245285
DA:167,7245285
DA:168,377805
DA:169,377805
DA:170,377805
DA:171,1846425
DA:172,1468620
DA:173,75
DA:174,75
DA:175,225
DA:176,150
DA:177,150
DA:179,1468545
DA:182,377805
DA:183,377730
DA:184,75
DA:185,75
DA:187,6867480
DA:189,7245285
DA:195,1
DA:196,1
DA:197,1
DA:198,0
DA:199,7245285
DA:200,7245285
DA:201,16395
DA:202,16395
DA:203,16395
DA:204,539100
DA:205,522705
DA:206,3645
DA:207,3645
DA:208,10965
DA:209,7320
DA:210,7320
DA:212,519060
DA:215,16395
DA:216,12750
DA:217,3645
DA:218,3645
DA:219,3645
DA:220,3645
DA:221,3645
DA:223,7228890
DA:225,7245285
DA:231,1
DA:232,1
DA:233,1
DA:234,0
DA:235,7245270
DA:236,7245270
DA:237,60
DA:238,15
DA:239,45
DA:241,7245210
DA:243,7245270
DA:248,1
DA:249,1
DA:250,1
DA:251,0
DA:252,7245270
DA:253,7245270
DA:254,16380
DA:255,16380
DA:256,15
DA:257,16365
DA:258,16365
DA:260,7228890
DA:262,7245270
DA:267,1
DA:268,1
DA:269,1
DA:270,0
DA:271,7245270
DA:272,7245270
DA:273,377790
DA:274,377790
DA:275,75
DA:276,377715
DA:277,377715
DA:279,6867480
DA:281,7245270
DA:288,1
DA:289,1
DA:290,1
DA:291,0
DA:292,7245255
DA:293,7245255
DA:294,377775
DA:295,377775
DA:296,377775
DA:297,1846305
DA:298,60
DA:299,60
DA:300,60
DA:302,30
DA:303,30
DA:304,30
DA:305,30
DA:306,30
DA:307,30
DA:308,30
DA:309,30
DA:311,1468500
DA:314,377745
DA:315,377715
DA:316,30
DA:317,30
DA:319,6867480
DA:321,7245255
DA:327,1
DA:328,1
DA:329,1
DA:330,0
DA:331,7245255
DA:332,7245255
DA:333,16365
DA:334,16365
DA:335,16365
DA:336,539010
DA:337,60
DA:338,60
DA:339,60
DA:341,0
DA:342,0
DA:343,0
DA:344,0
DA:345,60
DA:346,60
DA:347,60
DA:348,60
DA:350,522585
DA:353,16365
DA:354,16305
DA:355,60
DA:356,60
DA:357,60
DA:358,60
DA:359,60
DA:361,7228890
DA:363,7245255
DA:369,1
DA:370,1
DA:371,1
DA:372,0
DA:373,7245255
DA:374,7245255
DA:375,45
DA:376,0
DA:377,0
DA:378,0
DA:379,0
DA:380,45
DA:382,7245210
DA:384,7245255
DA:389,1
DA:390,1
DA:391,1
DA:392,0
DA:393,7245255
DA:394,7245255
DA:395,105
DA:396,105
DA:397,105
DA:398,105
DA:399,105
DA:400,315
DA:401,210
DA:402,210
DA:403,210
DA:404,210
DA:405,210
DA:406,210
DA:407,210
DA:408,210
DA:409,210
DA:410,210
DA:411,210
DA:412,105
DA:413,105
DA:414,105
DA:415,105
DA:416,105
DA:417,105
DA:418,105
DA:419,105
DA:420,105
DA:421,105
DA:422,105
DA:423,105
DA:424,105
DA:426,7245150
DA:428,7245255
DA:433,1
DA:434,1
DA:435,1
DA:436,0
DA:437,7245255
DA:438,7245255
DA:439,15
DA:440,15
DA:441,15
DA:442,15
DA:443,15
DA:444,45
DA:445,30
DA:446,30
DA:447,30
DA:448,30
DA:449,30
DA:450,30
DA:451,30
DA:452,30
DA:453,30
DA:454,30
DA:455,30
DA:456,15
DA:457,15
DA:458,15
DA:459,15
DA:460,15
DA:461,15
DA:462,15
DA:463,15
DA:464,15
DA:465,15
DA:466,15
DA:467,15
DA:468,15
DA:470,7245240
DA:472,7245255
DA:478,1
DA:479,1
DA:480,1
DA:481,0
DA:482,7245270
DA:483,377790
DA:485,1461135
DA:486,1461135
DA:487,3480
DA:488,1457655
DA:490,374310
DA:491,377790
DA:493,7245270
DA:494,377790
DA:495,3480
DA:496,3480
DA:497,3480
DA:498,3480
DA:499,3480
DA:500,3480
DA:501,3480
DA:503,10440
DA:505,6960
DA:506,6960
DA:507,6960
DA:510,3480
DA:511,3480
DA:512,3480
DA:513,3480
DA:515,0
DA:518,374310
DA:520,6867480
DA:522,7245270
DA:528,1
DA:529,1
DA:530,1
DA:531,0
DA:532,7245285
DA:533,7245285
DA:534,75
DA:535,15
DA:536,15
DA:537,0
DA:538,0
DA:539,0
DA:540,0
DA:541,0
DA:542,15
DA:543,15
DA:544,45
DA:545,30
DA:546,30
DA:547,15
DA:549,60
DA:551,7245210
DA:553,7245285
DA:559,1
DA:560,1
DA:561,1
DA:562,0
DA:563,7245285
DA:564,7245285
DA:565,75
DA:566,15
DA:567,15
DA:568,0
DA:569,0
DA:570,0
DA:571,0
DA:572,0
DA:573,15
DA:574,15
DA:575,45
DA:576,30
DA:577,30
DA:578,15
DA:580,60
DA:582,7245210
DA:584,7245285
LF:408
LH:342
end_of_record
SF:crates/conjure_core/src/solver/mod.rs
FN:292,<conjure_core::solver::Solver<conjure_core::solver::adaptors::minion::Minion, conjure_core::solver::states::ModelLoaded>>::solve
FN:136,<<conjure_core::solver::SolverFamily as serde::de::Deserialize>::deserialize::__FieldVisitor as serde::de::Visitor>::visit_str::<_>
FN:223,<conjure_core::solver::adaptors::minion::Minion as conjure_core::solver::SolverAdaptor>::init_solver
FN:292,<conjure_core::solver::Solver<_, conjure_core::solver::states::ModelLoaded>>::solve
FN:234,<conjure_core::solver::adaptors::minion::Minion as conjure_core::solver::SolverAdaptor>::add_adaptor_info_to_stats
FN:25,rust_out::main
FN:325,<conjure_core::solver::Solver<_, conjure_core::solver::states::ModelLoaded>>::solve_mut
FN:136,<<conjure_core::solver::SolverFamily as serde::de::Deserialize>::deserialize::__FieldVisitor as serde::de::Visitor>::expecting
FN:360,<conjure_core::solver::Solver<_, conjure_core::solver::states::ExecutionSuccess>>::stats
FN:229,<_ as conjure_core::solver::SolverAdaptor>::get_name
FN:325,<conjure_core::solver::Solver<_, conjure_core::solver::states::ModelLoaded>>::solve_mut
FN:234,<_ as conjure_core::solver::SolverAdaptor>::add_adaptor_info_to_stats
FN:136,<<conjure_core::solver::SolverFamily as serde::de::Deserialize>::deserialize::__Visitor as serde::de::Visitor>::visit_enum::<_>
FN:128,<conjure_core::solver::SolverFamilyIter as core::fmt::Debug>::fmt
FN:281,<conjure_core::solver::Solver<conjure_core::solver::adaptors::minion::Minion>>::load_model
FN:128,<conjure_core::solver::SolverFamilyIter as core::clone::Clone>::clone
FN:136,<<conjure_core::solver::SolverFamily as serde::de::Deserialize>::deserialize::__Field as serde::de::Deserialize>::deserialize::<_>
FN:127,<conjure_core::solver::SolverFamily as core::convert::TryFrom<&str>>::try_from
FN:365,<conjure_core::solver::Solver<conjure_core::solver::adaptors::minion::Minion, conjure_core::solver::states::ExecutionSuccess>>::save_stats_to_context
FN:127,<conjure_core::solver::SolverFamily as core::str::traits::FromStr>::from_str
FN:377,<conjure_core::solver::Solver<_, conjure_core::solver::states::ExecutionSuccess>>::wall_time_s
FN:128,<conjure_core::solver::SolverFamilyIter as core::fmt::Debug>::fmt
FN:223,<_ as conjure_core::solver::SolverAdaptor>::init_solver
FN:128,<conjure_core::solver::SolverFamily as strum::IntoEnumIterator>::iter
FN:129,<conjure_core::solver::SolverFamily as core::fmt::Display>::fmt
FN:128,<conjure_core::solver::SolverFamilyIter as core::iter::traits::double_ended::DoubleEndedIterator>::next_back
FN:128,<conjure_core::solver::SolverFamilyIter as core::iter::traits::exact_size::ExactSizeIterator>::len
FN:128,<conjure_core::solver::SolverFamilyIter as core::iter::traits::iterator::Iterator>::size_hint
FN:281,<conjure_core::solver::Solver<_>>::load_model
FN:136,<<conjure_core::solver::SolverFamily as serde::de::Deserialize>::deserialize::__FieldVisitor as serde::de::Visitor>::visit_u64::<_>
FN:128,<conjure_core::solver::SolverFamilyIter as core::iter::traits::iterator::Iterator>::size_hint
FN:264,<conjure_core::solver::Solver<_>>::new
FN:128,<conjure_core::solver::SolverFamilyIter as core::iter::traits::iterator::Iterator>::next
FN:136,<<conjure_core::solver::SolverFamily as serde::de::Deserialize>::deserialize::__Visitor as serde::de::Visitor>::expecting
FN:365,<conjure_core::solver::Solver<_, conjure_core::solver::states::ExecutionSuccess>>::save_stats_to_context
FN:136,<<conjure_core::solver::SolverFamily as serde::de::Deserialize>::deserialize::__FieldVisitor as serde::de::Visitor>::expecting
FN:229,<_ as conjure_core::solver::SolverAdaptor>::get_name
FN:128,<conjure_core::solver::SolverFamilyIter as core::iter::traits::exact_size::ExactSizeIterator>::len
FN:129,<conjure_core::solver::SolverFamily as core::fmt::Display>::fmt
FN:281,<conjure_core::solver::Solver<_>>::load_model
FN:275,<conjure_core::solver::Solver<_>>::get_family
FN:136,<<conjure_core::solver::SolverFamily as serde::de::Deserialize>::deserialize::__FieldVisitor as serde::de::Visitor>::visit_u64::<_>
FN:136,<<conjure_core::solver::SolverFamily as serde::de::Deserialize>::deserialize::__Visitor as serde::de::Visitor>::visit_enum::<_>
FN:292,<conjure_core::solver::Solver<_, conjure_core::solver::states::ModelLoaded>>::solve
FN:264,<conjure_core::solver::Solver<conjure_core::solver::adaptors::minion::Minion>>::new
FN:292,<conjure_core::solver::Solver<conjure_core::solver::adaptors::minion::Minion, conjure_core::solver::states::ModelLoaded>>::solve
FN:136,<<conjure_core::solver::SolverFamily as serde::de::Deserialize>::deserialize::__FieldVisitor as serde::de::Visitor>::visit_bytes::<_>
FN:128,<conjure_core::solver::SolverFamilyIter as core::iter::traits::iterator::Iterator>::next
FN:128,<conjure_core::solver::SolverFamilyIter as core::iter::traits::double_ended::DoubleEndedIterator>::next_back
FN:136,<<conjure_core::solver::SolverFamily as serde::de::Deserialize>::deserialize::__FieldVisitor as serde::de::Visitor>::visit_bytes::<_>
FN:360,<conjure_core::solver::Solver<_, conjure_core::solver::states::ExecutionSuccess>>::stats
FN:127,<conjure_core::solver::SolverFamily as core::convert::TryFrom<&str>>::try_from
FN:360,<conjure_core::solver::Solver<conjure_core::solver::adaptors::minion::Minion, conjure_core::solver::states::ExecutionSuccess>>::stats
FN:234,<_ as conjure_core::solver::SolverAdaptor>::add_adaptor_info_to_stats
FN:128,<conjure_core::solver::SolverFamily as strum::IntoEnumIterator>::iter
FN:128,<conjure_core::solver::SolverFamilyIter>::get
FN:264,<conjure_core::solver::Solver<_>>::new
FN:223,<conjure_core::solver::adaptors::minion::Minion as conjure_core::solver::SolverAdaptor>::init_solver
FN:128,<conjure_core::solver::SolverFamilyIter>::get
FN:128,<conjure_core::solver::SolverFamilyIter as core::iter::traits::iterator::Iterator>::nth
FN:128,<conjure_core::solver::SolverFamilyIter as core::iter::traits::iterator::Iterator>::nth
FN:365,<conjure_core::solver::Solver<_, conjure_core::solver::states::ExecutionSuccess>>::save_stats_to_context
FN:223,<_ as conjure_core::solver::SolverAdaptor>::init_solver
FN:234,<conjure_core::solver::adaptors::minion::Minion as conjure_core::solver::SolverAdaptor>::add_adaptor_info_to_stats
FN:136,<<conjure_core::solver::SolverFamily as serde::de::Deserialize>::deserialize::__Field as serde::de::Deserialize>::deserialize::<_>
FN:127,<conjure_core::solver::SolverFamily as core::str::traits::FromStr>::from_str
FN:281,<conjure_core::solver::Solver<conjure_core::solver::adaptors::minion::Minion>>::load_model
FN:275,<conjure_core::solver::Solver<_>>::get_family
FN:377,<conjure_core::solver::Solver<_, conjure_core::solver::states::ExecutionSuccess>>::wall_time_s
FN:59,rust_out::main::_doctest_main_crates_conjure_core_src_solver_mod_rs_24_0::{closure#0}
FN:136,<<conjure_core::solver::SolverFamily as serde::de::Deserialize>::deserialize::__FieldVisitor as serde::de::Visitor>::visit_str::<_>
FN:128,<conjure_core::solver::SolverFamilyIter as core::clone::Clone>::clone
FN:264,<conjure_core::solver::Solver<conjure_core::solver::adaptors::minion::Minion>>::new
FN:25,rust_out::main::_doctest_main_crates_conjure_core_src_solver_mod_rs_24_0
FN:136,<<conjure_core::solver::SolverFamily as serde::de::Deserialize>::deserialize::__Visitor as serde::de::Visitor>::expecting
FNDA:1,<conjure_core::solver::Solver<conjure_core::solver::adaptors::minion::Minion, conjure_core::solver::states::ModelLoaded>>::solve
FNDA:0,<<conjure_core::solver::SolverFamily as serde::de::Deserialize>::deserialize::__FieldVisitor as serde::de::Visitor>::visit_str::<_>
FNDA:1,<conjure_core::solver::adaptors::minion::Minion as conjure_core::solver::SolverAdaptor>::init_solver
FNDA:0,<conjure_core::solver::Solver<_, conjure_core::solver::states::ModelLoaded>>::solve
FNDA:1,<conjure_core::solver::adaptors::minion::Minion as conjure_core::solver::SolverAdaptor>::add_adaptor_info_to_stats
FNDA:1,rust_out::main
FNDA:0,<conjure_core::solver::Solver<_, conjure_core::solver::states::ModelLoaded>>::solve_mut
FNDA:0,<<conjure_core::solver::SolverFamily as serde::de::Deserialize>::deserialize::__FieldVisitor as serde::de::Visitor>::expecting
FNDA:0,<conjure_core::solver::Solver<_, conjure_core::solver::states::ExecutionSuccess>>::stats
FNDA:0,<_ as conjure_core::solver::SolverAdaptor>::get_name
FNDA:0,<conjure_core::solver::Solver<_, conjure_core::solver::states::ModelLoaded>>::solve_mut
FNDA:0,<_ as conjure_core::solver::SolverAdaptor>::add_adaptor_info_to_stats
FNDA:0,<<conjure_core::solver::SolverFamily as serde::de::Deserialize>::deserialize::__Visitor as serde::de::Visitor>::visit_enum::<_>
FNDA:0,<conjure_core::solver::SolverFamilyIter as core::fmt::Debug>::fmt
FNDA:1,<conjure_core::solver::Solver<conjure_core::solver::adaptors::minion::Minion>>::load_model
FNDA:0,<conjure_core::solver::SolverFamilyIter as core::clone::Clone>::clone
FNDA:0,<<conjure_core::solver::SolverFamily as serde::de::Deserialize>::deserialize::__Field as serde::de::Deserialize>::deserialize::<_>
FNDA:0,<conjure_core::solver::SolverFamily as core::convert::TryFrom<&str>>::try_from
FNDA:1,<conjure_core::solver::Solver<conjure_core::solver::adaptors::minion::Minion, conjure_core::solver::states::ExecutionSuccess>>::save_stats_to_context
FNDA:0,<conjure_core::solver::SolverFamily as core::str::traits::FromStr>::from_str
FNDA:0,<conjure_core::solver::Solver<_, conjure_core::solver::states::ExecutionSuccess>>::wall_time_s
FNDA:0,<conjure_core::solver::SolverFamilyIter as core::fmt::Debug>::fmt
FNDA:0,<_ as conjure_core::solver::SolverAdaptor>::init_solver
FNDA:0,<conjure_core::solver::SolverFamily as strum::IntoEnumIterator>::iter
FNDA:0,<conjure_core::solver::SolverFamily as core::fmt::Display>::fmt
FNDA:0,<conjure_core::solver::SolverFamilyIter as core::iter::traits::double_ended::DoubleEndedIterator>::next_back
FNDA:0,<conjure_core::solver::SolverFamilyIter as core::iter::traits::exact_size::ExactSizeIterator>::len
FNDA:0,<conjure_core::solver::SolverFamilyIter as core::iter::traits::iterator::Iterator>::size_hint
FNDA:0,<conjure_core::solver::Solver<_>>::load_model
FNDA:0,<<conjure_core::solver::SolverFamily as serde::de::Deserialize>::deserialize::__FieldVisitor as serde::de::Visitor>::visit_u64::<_>
FNDA:0,<conjure_core::solver::SolverFamilyIter as core::iter::traits::iterator::Iterator>::size_hint
FNDA:0,<conjure_core::solver::Solver<_>>::new
FNDA:0,<conjure_core::solver::SolverFamilyIter as core::iter::traits::iterator::Iterator>::next
FNDA:0,<<conjure_core::solver::SolverFamily as serde::de::Deserialize>::deserialize::__Visitor as serde::de::Visitor>::expecting
FNDA:0,<conjure_core::solver::Solver<_, conjure_core::solver::states::ExecutionSuccess>>::save_stats_to_context
FNDA:0,<<conjure_core::solver::SolverFamily as serde::de::Deserialize>::deserialize::__FieldVisitor as serde::de::Visitor>::expecting
FNDA:0,<_ as conjure_core::solver::SolverAdaptor>::get_name
FNDA:0,<conjure_core::solver::SolverFamilyIter as core::iter::traits::exact_size::ExactSizeIterator>::len
FNDA:0,<conjure_core::solver::SolverFamily as core::fmt::Display>::fmt
FNDA:0,<conjure_core::solver::Solver<_>>::load_model
FNDA:0,<conjure_core::solver::Solver<_>>::get_family
FNDA:0,<<conjure_core::solver::SolverFamily as serde::de::Deserialize>::deserialize::__FieldVisitor as serde::de::Visitor>::visit_u64::<_>
FNDA:0,<<conjure_core::solver::SolverFamily as serde::de::Deserialize>::deserialize::__Visitor as serde::de::Visitor>::visit_enum::<_>
FNDA:0,<conjure_core::solver::Solver<_, conjure_core::solver::states::ModelLoaded>>::solve
FNDA:1,<conjure_core::solver::Solver<conjure_core::solver::adaptors::minion::Minion>>::new
FNDA:1,<conjure_core::solver::Solver<conjure_core::solver::adaptors::minion::Minion, conjure_core::solver::states::ModelLoaded>>::solve
FNDA:0,<<conjure_core::solver::SolverFamily as serde::de::Deserialize>::deserialize::__FieldVisitor as serde::de::Visitor>::visit_bytes::<_>
FNDA:0,<conjure_core::solver::SolverFamilyIter as core::iter::traits::iterator::Iterator>::next
FNDA:0,<conjure_core::solver::SolverFamilyIter as core::iter::traits::double_ended::DoubleEndedIterator>::next_back
FNDA:0,<<conjure_core::solver::SolverFamily as serde::de::Deserialize>::deserialize::__FieldVisitor as serde::de::Visitor>::visit_bytes::<_>
FNDA:0,<conjure_core::solver::Solver<_, conjure_core::solver::states::ExecutionSuccess>>::stats
FNDA:0,<conjure_core::solver::SolverFamily as core::convert::TryFrom<&str>>::try_from
FNDA:1,<conjure_core::solver::Solver<conjure_core::solver::adaptors::minion::Minion, conjure_core::solver::states::ExecutionSuccess>>::stats
FNDA:0,<_ as conjure_core::solver::SolverAdaptor>::add_adaptor_info_to_stats
FNDA:0,<conjure_core::solver::SolverFamily as strum::IntoEnumIterator>::iter
FNDA:0,<conjure_core::solver::SolverFamilyIter>::get
FNDA:0,<conjure_core::solver::Solver<_>>::new
FNDA:1,<conjure_core::solver::adaptors::minion::Minion as conjure_core::solver::SolverAdaptor>::init_solver
FNDA:0,<conjure_core::solver::SolverFamilyIter>::get
FNDA:0,<conjure_core::solver::SolverFamilyIter as core::iter::traits::iterator::Iterator>::nth
FNDA:0,<conjure_core::solver::SolverFamilyIter as core::iter::traits::iterator::Iterator>::nth
FNDA:0,<conjure_core::solver::Solver<_, conjure_core::solver::states::ExecutionSuccess>>::save_stats_to_context
FNDA:0,<_ as conjure_core::solver::SolverAdaptor>::init_solver
FNDA:1,<conjure_core::solver::adaptors::minion::Minion as conjure_core::solver::SolverAdaptor>::add_adaptor_info_to_stats
FNDA:0,<<conjure_core::solver::SolverFamily as serde::de::Deserialize>::deserialize::__Field as serde::de::Deserialize>::deserialize::<_>
FNDA:0,<conjure_core::solver::SolverFamily as core::str::traits::FromStr>::from_str
FNDA:1,<conjure_core::solver::Solver<conjure_core::solver::adaptors::minion::Minion>>::load_model
FNDA:0,<conjure_core::solver::Solver<_>>::get_family
FNDA:0,<conjure_core::solver::Solver<_, conjure_core::solver::states::ExecutionSuccess>>::wall_time_s
FNDA:1,rust_out::main::_doctest_main_crates_conjure_core_src_solver_mod_rs_24_0::{closure#0}
FNDA:0,<<conjure_core::solver::SolverFamily as serde::de::Deserialize>::deserialize::__FieldVisitor as serde::de::Visitor>::visit_str::<_>
FNDA:0,<conjure_core::solver::SolverFamilyIter as core::clone::Clone>::clone
FNDA:1,<conjure_core::solver::Solver<conjure_core::solver::adaptors::minion::Minion>>::new
FNDA:1,rust_out::main::_doctest_main_crates_conjure_core_src_solver_mod_rs_24_0
FNDA:0,<<conjure_core::solver::SolverFamily as serde::de::Deserialize>::deserialize::__Visitor as serde::de::Visitor>::expecting
FNF:75
FNH:15
BRF:0
BRH:0
DA:25,1
DA:35,1
DA:36,1
DA:37,1
DA:38,1
DA:39,1
DA:40,1
DA:41,1
DA:42,1
DA:43,1
DA:44,1
DA:45,1
DA:46,1
DA:47,1
DA:48,1
DA:49,1
DA:50,1
DA:51,1
DA:52,1
DA:53,1
DA:54,1
DA:55,1
DA:56,1
DA:57,1
DA:58,1
DA:59,2
DA:60,2
DA:61,2
DA:62,2
DA:63,2
DA:64,1
DA:65,1
DA:66,1
DA:67,1
DA:127,0
DA:128,0
DA:129,0
DA:136,0
DA:223,171
DA:229,0
DA:230,0
DA:231,0
DA:234,171
DA:235,171
DA:236,171
DA:237,171
DA:238,171
DA:239,171
DA:240,171
DA:264,171
DA:265,171
DA:266,171
DA:267,171
DA:268,171
DA:269,171
DA:270,171
DA:271,171
DA:272,171
DA:273,171
DA:275,0
DA:276,0
DA:277,0
DA:281,171
DA:282,171
DA:283,171
DA:284,171
DA:285,171
DA:286,171
DA:287,171
DA:288,171
DA:292,171
DA:293,171
DA:294,171
DA:295,171
DA:296,171
DA:297,171
DA:298,171
DA:299,171
DA:300,171
DA:301,171
DA:302,171
DA:303,171
DA:304,171
DA:305,171
DA:306,171
DA:307,171
DA:308,171
DA:309,171
DA:310,171
DA:311,171
DA:312,171
DA:313,171
DA:314,171
DA:315,171
DA:316,171
DA:317,171
DA:318,171
DA:319,171
DA:321,0
DA:323,171
DA:325,0
DA:326,0
DA:327,0
DA:328,0
DA:329,0
DA:330,0
DA:331,0
DA:332,0
DA:333,0
DA:334,0
DA:335,0
DA:336,0
DA:337,0
DA:338,0
DA:339,0
DA:340,0
DA:341,0
DA:342,0
DA:343,0
DA:344,0
DA:345,0
DA:346,0
DA:347,0
DA:348,0
DA:349,0
DA:350,0
DA:351,0
DA:352,0
DA:354,0
DA:356,0
DA:360,120
DA:361,120
DA:362,120
DA:365,120
DA:366,120
DA:367,120
DA:368,120
DA:369,120
DA:370,120
DA:371,120
DA:372,120
DA:373,120
DA:374,120
DA:375,120
DA:377,0
DA:378,0
DA:379,0
LF:147
LH:103
end_of_record
SF:conjure_oxide/src/utils/json.rs
FN:48,conjure_oxide::utils::json::sort_json_object
FN:7,conjure_oxide::utils::json::json_value_cmp
FN:62,conjure_oxide::utils::json::sort_json_object::{closure#1}
FN:48,conjure_oxide::utils::json::sort_json_object
FN:53,conjure_oxide::utils::json::sort_json_object::{closure#0}
FN:7,conjure_oxide::utils::json::json_value_cmp
FN:53,conjure_oxide::utils::json::sort_json_object::{closure#0}
FN:32,conjure_oxide::utils::json::sort_json_variables
FN:68,conjure_oxide::utils::json::sort_json_object::{closure#2}
FN:32,conjure_oxide::utils::json::sort_json_variables
FN:68,conjure_oxide::utils::json::sort_json_object::{closure#2}
FN:62,conjure_oxide::utils::json::sort_json_object::{closure#1}
FNDA:1,conjure_oxide::utils::json::sort_json_object
FNDA:0,conjure_oxide::utils::json::json_value_cmp
FNDA:1,conjure_oxide::utils::json::sort_json_object::{closure#1}
FNDA:0,conjure_oxide::utils::json::sort_json_object
FNDA:0,conjure_oxide::utils::json::sort_json_object::{closure#0}
FNDA:1,conjure_oxide::utils::json::json_value_cmp
FNDA:1,conjure_oxide::utils::json::sort_json_object::{closure#0}
FNDA:1,conjure_oxide::utils::json::sort_json_variables
FNDA:1,conjure_oxide::utils::json::sort_json_object::{closure#2}
FNDA:0,conjure_oxide::utils::json::sort_json_variables
FNDA:0,conjure_oxide::utils::json::sort_json_object::{closure#2}
FNDA:0,conjure_oxide::utils::json::sort_json_object::{closure#1}
FNF:12
FNH:6
BRF:0
BRH:0
DA:7,4815
DA:8,4815
DA:9,0
DA:10,0
DA:11,0
DA:12,0
DA:13,0
DA:14,0
DA:15,0
DA:17,390
DA:18,390
DA:19,390
DA:20,390
DA:21,390
DA:22,0
DA:24,0
DA:26,4425
DA:28,4815
DA:32,240
DA:33,240
DA:34,240
DA:35,240
DA:36,240
DA:37,240
DA:39,0
DA:41,240
DA:48,26950
DA:49,26950
DA:50,9230
DA:51,9230
DA:52,9230
DA:53,17845
DA:54,17845
DA:55,240
DA:57,17605
DA:59,17845
DA:60,9230
DA:61,9230
DA:62,9230
DA:63,9230
DA:65,3240
DA:66,3240
DA:67,3240
DA:68,8705
DA:69,3240
DA:70,3240
DA:71,3240
DA:72,240
DA:73,3000
DA:75,3240
DA:77,14480
DA:79,26950
LF:52
LH:42
end_of_record
SF:solvers/kissat/src/lib.rs
FN:3,kissat_rs::test1
FNDA:1,kissat_rs::test1
FNF:1
FNH:1
BRF:0
BRH:0
DA:3,1
DA:8,1
DA:9,1
DA:10,1
DA:11,1
DA:12,1
DA:13,1
DA:14,1
DA:15,1
DA:18,1
DA:19,1
DA:20,1
DA:21,1
DA:22,0
DA:25,1
DA:26,1
DA:27,1
DA:28,1
DA:29,1
DA:30,1
DA:31,1
LF:21
LH:20
end_of_record
SF:crates/enum_compatability_macro/src/lib.rs
FN:104,rust_out::main::_doctest_main_crates_enum_compatability_macro_src_lib_rs_103_0
FN:181,enum_compatability_macro::document_compatibility::{closure#0}
FN:66,<enum_compatability_macro::RemoveCompatibleAttrs as syn::gen::visit_mut::VisitMut>::visit_variant_mut::{closure#0}
FN:38,<enum_compatability_macro::RemoveCompatibleAttrs as syn::gen::visit_mut::VisitMut>::visit_variant_mut
FN:75,rust_out::main
FN:38,<enum_compatability_macro::RemoveCompatibleAttrs as syn::gen::visit_mut::VisitMut>::visit_variant_mut
FN:131,enum_compatability_macro::document_compatibility
FN:118,rust_out::main::_doctest_main_crates_enum_compatability_macro_src_lib_rs_117_0
FN:66,<enum_compatability_macro::RemoveCompatibleAttrs as syn::gen::visit_mut::VisitMut>::visit_variant_mut::{closure#0}
FN:66,<enum_compatability_macro::RemoveCompatibleAttrs as syn::gen::visit_mut::VisitMut>::visit_variant_mut::{closure#0}
FN:181,enum_compatability_macro::document_compatibility::{closure#0}
FN:181,enum_compatability_macro::document_compatibility::{closure#0}
FN:131,enum_compatability_macro::document_compatibility
FN:38,<enum_compatability_macro::RemoveCompatibleAttrs as syn::gen::visit_mut::VisitMut>::visit_variant_mut
FN:131,enum_compatability_macro::document_compatibility
FN:75,rust_out::main::_doctest_main_crates_enum_compatability_macro_src_lib_rs_74_0
FNDA:1,rust_out::main::_doctest_main_crates_enum_compatability_macro_src_lib_rs_103_0
FNDA:0,enum_compatability_macro::document_compatibility::{closure#0}
FNDA:1,<enum_compatability_macro::RemoveCompatibleAttrs as syn::gen::visit_mut::VisitMut>::visit_variant_mut::{closure#0}
FNDA:0,<enum_compatability_macro::RemoveCompatibleAttrs as syn::gen::visit_mut::VisitMut>::visit_variant_mut
FNDA:1,rust_out::main
FNDA:0,<enum_compatability_macro::RemoveCompatibleAttrs as syn::gen::visit_mut::VisitMut>::visit_variant_mut
FNDA:1,enum_compatability_macro::document_compatibility
FNDA:1,rust_out::main::_doctest_main_crates_enum_compatability_macro_src_lib_rs_117_0
FNDA:0,<enum_compatability_macro::RemoveCompatibleAttrs as syn::gen::visit_mut::VisitMut>::visit_variant_mut::{closure#0}
FNDA:0,<enum_compatability_macro::RemoveCompatibleAttrs as syn::gen::visit_mut::VisitMut>::visit_variant_mut::{closure#0}
FNDA:0,enum_compatability_macro::document_compatibility::{closure#0}
FNDA:1,enum_compatability_macro::document_compatibility::{closure#0}
FNDA:0,enum_compatability_macro::document_compatibility
FNDA:1,<enum_compatability_macro::RemoveCompatibleAttrs as syn::gen::visit_mut::VisitMut>::visit_variant_mut
FNDA:0,enum_compatability_macro::document_compatibility
FNDA:1,rust_out::main::_doctest_main_crates_enum_compatability_macro_src_lib_rs_74_0
FNF:16
FNH:8
BRF:0
BRH:0
DA:38,136
DA:39,136
DA:40,136
DA:41,136
DA:42,136
DA:43,136
DA:44,136
DA:45,188
DA:46,188
DA:47,70
DA:48,118
DA:49,118
DA:50,118
DA:51,118
DA:52,272
DA:53,154
DA:54,154
DA:55,154
DA:56,154
DA:59,136
DA:60,116
DA:61,116
DA:62,116
DA:63,116
DA:64,116
DA:66,304
DA:67,136
DA:75,1
DA:87,1
DA:104,1
DA:116,1
DA:118,1
DA:129,1
DA:131,8
DA:133,8
DA:134,8
DA:137,136
DA:138,136
DA:139,188
DA:140,188
DA:141,70
DA:142,118
DA:143,118
DA:144,118
DA:145,118
DA:146,118
DA:147,272
DA:148,154
DA:149,154
DA:150,154
DA:151,21
DA:152,21
DA:153,21
DA:154,133
DA:155,133
DA:156,133
DA:164,8
DA:165,8
DA:166,8
DA:167,8
DA:168,8
DA:169,8
DA:170,8
DA:171,8
DA:172,21
DA:174,21
DA:177,154
DA:178,21
DA:179,21
DA:180,21
DA:181,154
DA:182,21
DA:183,154
DA:184,154
DA:185,154
DA:188,21
DA:191,8
DA:192,8
DA:193,8
DA:194,8
DA:195,8
DA:196,8
DA:197,8
LF:83
LH:83
end_of_record
SF:crates/conjure_core/src/solver/adaptors/kissat.rs
FN:47,<conjure_core::solver::adaptors::kissat::Kissat as conjure_core::solver::SolverAdaptor>::solve_mut
FN:24,<conjure_core::solver::adaptors::kissat::Kissat>::new
FN:39,<conjure_core::solver::adaptors::kissat::Kissat as conjure_core::solver::SolverAdaptor>::solve
FN:24,<conjure_core::solver::adaptors::kissat::Kissat>::new
FN:60,<conjure_core::solver::adaptors::kissat::Kissat as conjure_core::solver::SolverAdaptor>::get_family
FN:47,<conjure_core::solver::adaptors::kissat::Kissat as conjure_core::solver::SolverAdaptor>::solve_mut
FN:33,<conjure_core::solver::adaptors::kissat::Kissat as core::default::Default>::default
FN:39,<conjure_core::solver::adaptors::kissat::Kissat as conjure_core::solver::SolverAdaptor>::solve
FN:33,<conjure_core::solver::adaptors::kissat::Kissat as core::default::Default>::default
FN:60,<conjure_core::solver::adaptors::kissat::Kissat as conjure_core::solver::SolverAdaptor>::get_family
FN:55,<conjure_core::solver::adaptors::kissat::Kissat as conjure_core::solver::SolverAdaptor>::load_model
FN:55,<conjure_core::solver::adaptors::kissat::Kissat as conjure_core::solver::SolverAdaptor>::load_model
FNDA:0,<conjure_core::solver::adaptors::kissat::Kissat as conjure_core::solver::SolverAdaptor>::solve_mut
FNDA:0,<conjure_core::solver::adaptors::kissat::Kissat>::new
FNDA:0,<conjure_core::solver::adaptors::kissat::Kissat as conjure_core::solver::SolverAdaptor>::solve
FNDA:0,<conjure_core::solver::adaptors::kissat::Kissat>::new
FNDA:0,<conjure_core::solver::adaptors::kissat::Kissat as conjure_core::solver::SolverAdaptor>::get_family
FNDA:0,<conjure_core::solver::adaptors::kissat::Kissat as conjure_core::solver::SolverAdaptor>::solve_mut
FNDA:0,<conjure_core::solver::adaptors::kissat::Kissat as core::default::Default>::default
FNDA:0,<conjure_core::solver::adaptors::kissat::Kissat as conjure_core::solver::SolverAdaptor>::solve
FNDA:0,<conjure_core::solver::adaptors::kissat::Kissat as core::default::Default>::default
FNDA:0,<conjure_core::solver::adaptors::kissat::Kissat as conjure_core::solver::SolverAdaptor>::get_family
FNDA:0,<conjure_core::solver::adaptors::kissat::Kissat as conjure_core::solver::SolverAdaptor>::load_model
FNDA:0,<conjure_core::solver::adaptors::kissat::Kissat as conjure_core::solver::SolverAdaptor>::load_model
FNF:12
FNH:0
BRF:0
BRH:0
DA:24,0
DA:25,0
DA:26,0
DA:27,0
DA:28,0
DA:29,0
DA:33,0
DA:34,0
DA:35,0
DA:39,0
DA:40,0
DA:41,0
DA:42,0
DA:43,0
DA:44,0
DA:45,0
DA:47,0
DA:48,0
DA:49,0
DA:50,0
DA:51,0
DA:52,0
DA:53,0
DA:55,0
DA:56,0
DA:57,0
DA:58,0
DA:60,0
DA:61,0
DA:62,0
LF:30
LH:0
end_of_record
SF:crates/conjure_core/src/ast/types.rs
FN:3,<<conjure_core::ast::types::ReturnType as serde::de::Deserialize>::deserialize::__FieldVisitor as serde::de::Visitor>::expecting
FN:3,<<conjure_core::ast::types::ReturnType as serde::de::Deserialize>::deserialize::__FieldVisitor as serde::de::Visitor>::visit_u64::<_>
FN:3,<<conjure_core::ast::types::ReturnType as serde::de::Deserialize>::deserialize::__Visitor as serde::de::Visitor>::expecting
FN:3,<<conjure_core::ast::types::ReturnType as serde::de::Deserialize>::deserialize::__Visitor as serde::de::Visitor>::visit_enum::<_>
FN:3,<<conjure_core::ast::types::ReturnType as serde::de::Deserialize>::deserialize::__Visitor as serde::de::Visitor>::expecting
FN:3,<<conjure_core::ast::types::ReturnType as serde::de::Deserialize>::deserialize::__Visitor as serde::de::Visitor>::visit_enum::<serde_json::de::UnitVariantAccess<serde_json::read::StrRead>>
FN:3,<<conjure_core::ast::types::ReturnType as serde::de::Deserialize>::deserialize::__Field as serde::de::Deserialize>::deserialize::<_>
FN:3,<<conjure_core::ast::types::ReturnType as serde::de::Deserialize>::deserialize::__FieldVisitor as serde::de::Visitor>::expecting
FN:3,<<conjure_core::ast::types::ReturnType as serde::de::Deserialize>::deserialize::__FieldVisitor as serde::de::Visitor>::visit_bytes::<_>
FN:3,<<conjure_core::ast::types::ReturnType as serde::de::Deserialize>::deserialize::__Field as serde::de::Deserialize>::deserialize::<&mut serde_json::de::Deserializer<serde_json::read::StrRead>>
FN:3,<<conjure_core::ast::types::ReturnType as serde::de::Deserialize>::deserialize::__FieldVisitor as serde::de::Visitor>::visit_str::<_>
[...]
FNDA:1,<<<conjure_core::ast::expressions::Expression as serde::de::Deserialize>::deserialize::__Visitor as serde::de::Visitor>::visit_enum::__Visitor as serde::de::Visitor>::visit_seq::<serde_json::de::SeqAccess<serde_json::read::StrRead>>
FNDA:1,<<<conjure_core::ast::expressions::Expression as serde::de::Deserialize>::deserialize::__Visitor as serde::de::Visitor>::visit_enum::__Visitor as serde::de::Visitor>::visit_seq::<serde_json::de::SeqAccess<serde_json::read::StrRead>>
FNDA:0,<<<conjure_core::ast::expressions::Expression as serde::de::Deserialize>::deserialize::__Visitor as serde::de::Visitor>::visit_enum::__Visitor as serde::de::Visitor>::expecting
FNDA:0,<conjure_core::ast::expressions::Expression as uniplate::traits::Uniplate>::uniplate::{closure#12}
FNDA:1,<<conjure_core::ast::expressions::Expression as serde::de::Deserialize>::deserialize::__Field as serde::de::Deserialize>::deserialize::<&mut serde_json::de::Deserializer<serde_json::read::StrRead>>
FNDA:0,<conjure_core::ast::expressions::Expression as uniplate::traits::Biplate<conjure_core::ast::constants::Constant>>::biplate::{closure#17}
FNDA:0,<<<conjure_core::ast::expressions::Expression as serde::de::Deserialize>::deserialize::__Visitor as serde::de::Visitor>::visit_enum::__Visitor as serde::de::Visitor>::expecting
FNDA:0,<<<conjure_core::ast::expressions::Expression as serde::de::Deserialize>::deserialize::__Visitor as serde::de::Visitor>::visit_enum::__Visitor as serde::de::Visitor>::expecting
FNDA:1,conjure_core::ast::expressions::range_vec_bounds_i32
FNDA:1,<conjure_core::ast::expressions::Expression as uniplate::traits::Uniplate>::uniplate::{closure#3}
FNDA:1,conjure_core::ast::expressions::expr_vec_to_domain_i32
FNDA:0,<conjure_core::ast::expressions::Expression>::domain_of::{closure#3}
FNDA:1,<<<conjure_core::ast::expressions::Expression as serde::de::Deserialize>::deserialize::__Visitor as serde::de::Visitor>::visit_enum::__Visitor as serde::de::Visitor>::visit_seq::<serde_json::de::SeqAccess<serde_json::read::StrRead>>
FNDA:0,<conjure_core::ast::expressions::Expression as uniplate::traits::Uniplate>::uniplate::{closure#19}
FNDA:0,<conjure_core::ast::expressions::Expression as uniplate::traits::Biplate<conjure_core::ast::constants::Constant>>::biplate::{closure#15}
FNDA:0,<conjure_core::ast::expressions::Expression as uniplate::traits::Biplate<conjure_core::ast::constants::Constant>>::biplate::{closure#25}
FNDA:0,<conjure_core::ast::expressions::Expression as uniplate::traits::Biplate<conjure_core::ast::constants::Constant>>::biplate::{closure#20}
FNDA:0,<conjure_core::ast::expressions::Expression as uniplate::traits::Uniplate>::uniplate::{closure#13}
FNDA:0,<<<conjure_core::ast::expressions::Expression as serde::de::Deserialize>::deserialize::__Visitor as serde::de::Visitor>::visit_enum::__Visitor as serde::de::Visitor>::visit_seq::<serde_json::de::SeqAccess<serde_json::read::StrRead>>
FNDA:1,conjure_core::ast::expressions::tests::test_domain_of_constant_sum
FNDA:0,<<conjure_core::ast::expressions::Expression as serde::de::Deserialize>::deserialize::__FieldVisitor as serde::de::Visitor>::visit_u64::<_>
FNDA:1,<<<conjure_core::ast::expressions::Expression as serde::de::Deserialize>::deserialize::__Visitor as serde::de::Visitor>::visit_enum::__Visitor as serde::de::Visitor>::visit_seq::<serde_json::de::SeqAccess<serde_json::read::StrRead>>
FNDA:0,<conjure_core::ast::expressions::Expression as uniplate::traits::Biplate<conjure_core::ast::constants::Constant>>::biplate::{closure#22}
FNDA:0,<conjure_core::ast::expressions::Expression as uniplate::traits::Uniplate>::uniplate::{closure#18}
FNDA:0,<conjure_core::ast::expressions::Expression as uniplate::traits::Biplate<conjure_core::ast::expressions::Expression>>::biplate::{closure#0}
FNDA:0,<conjure_core::ast::expressions::Expression>::domain_of::{closure#2}
FNDA:0,<<<conjure_core::ast::expressions::Expression as serde::de::Deserialize>::deserialize::__Visitor as serde::de::Visitor>::visit_enum::__Visitor as serde::de::Visitor>::visit_seq::<_>
FNDA:0,<<conjure_core::ast::expressions::Expression as serde::de::Deserialize>::deserialize::__FieldVisitor as serde::de::Visitor>::expecting
FNDA:0,<<<conjure_core::ast::expressions::Expression as serde::de::Deserialize>::deserialize::__Visitor as serde::de::Visitor>::visit_enum::__Visitor as serde::de::Visitor>::visit_seq::<_>
FNDA:1,conjure_core::ast::expressions::tests::test_domain_of_constant_invalid_type
FNDA:1,<<<conjure_core::ast::expressions::Expression as serde::de::Deserialize>::deserialize::__Visitor as serde::de::Visitor>::visit_enum::__Visitor as serde::de::Visitor>::visit_seq::<serde_json::de::SeqAccess<serde_json::read::StrRead>>
FNDA:0,<<<conjure_core::ast::expressions::Expression as serde::de::Deserialize>::deserialize::__Visitor as serde::de::Visitor>::visit_enum::__Visitor as serde::de::Visitor>::visit_seq::<_>
FNDA:0,<<<conjure_core::ast::expressions::Expression as serde::de::Deserialize>::deserialize::__Visitor as serde::de::Visitor>::visit_enum::__Visitor as serde::de::Visitor>::expecting
FNDA:0,<conjure_core::ast::expressions::Expression as uniplate::traits::Biplate<conjure_core::ast::constants::Constant>>::biplate::{closure#22}
FNDA:0,<conjure_core::ast::expressions::Expression as uniplate::traits::Uniplate>::uniplate::{closure#14}
FNDA:0,<conjure_core::ast::expressions::Expression as uniplate::traits::Biplate<conjure_core::ast::constants::Constant>>::biplate::{closure#6}
FNDA:0,conjure_core::ast::expressions::display_expressions
FNDA:0,<<conjure_core::ast::expressions::Expression as serde::de::Deserialize>::deserialize::__FieldVisitor as serde::de::Visitor>::visit_u64::<_>
FNDA:0,<<<conjure_core::ast::expressions::Expression as serde::de::Deserialize>::deserialize::__Visitor as serde::de::Visitor>::visit_enum::__Visitor as serde::de::Visitor>::expecting
FNDA:0,<<<conjure_core::ast::expressions::Expression as serde::de::Deserialize>::deserialize::__Visitor as serde::de::Visitor>::visit_enum::__Visitor as serde::de::Visitor>::visit_seq::<_>
FNDA:0,<<<conjure_core::ast::expressions::Expression as serde::de::Deserialize>::deserialize::__Visitor as serde::de::Visitor>::visit_enum::__Visitor as serde::de::Visitor>::visit_seq::<_>
FNDA:0,<<<conjure_core::ast::expressions::Expression as serde::de::Deserialize>::deserialize::__Visitor as serde::de::Visitor>::visit_enum::__Visitor as serde::de::Visitor>::expecting
FNDA:0,<conjure_core::ast::expressions::Expression as uniplate::traits::Uniplate>::uniplate::{closure#9}
FNDA:0,<conjure_core::ast::expressions::Expression as uniplate::traits::Uniplate>::uniplate::{closure#1}
FNDA:1,conjure_core::ast::expressions::tests::test_domain_of_reference_sum_single
FNDA:0,<<<conjure_core::ast::expressions::Expression as serde::de::Deserialize>::deserialize::__Visitor as serde::de::Visitor>::visit_enum::__Visitor as serde::de::Visitor>::visit_seq::<_>
FNDA:0,<<<conjure_core::ast::expressions::Expression as serde::de::Deserialize>::deserialize::__Visitor as serde::de::Visitor>::visit_enum::__Visitor as serde::de::Visitor>::visit_seq::<_>
FNDA:1,<<<conjure_core::ast::expressions::Expression as serde::de::Deserialize>::deserialize::__Visitor as serde::de::Visitor>::visit_enum::__Visitor as serde::de::Visitor>::visit_seq::<serde_json::de::SeqAccess<serde_json::read::StrRead>>
FNDA:0,<conjure_core::ast::expressions::Expression as uniplate::traits::Biplate<conjure_core::ast::constants::Constant>>::biplate::{closure#7}
FNDA:0,<<<conjure_core::ast::expressions::Expression as serde::de::Deserialize>::deserialize::__Visitor as serde::de::Visitor>::visit_enum::__Visitor as serde::de::Visitor>::visit_seq::<_>
FNDA:1,<conjure_core::ast::expressions::Expression as uniplate::traits::Uniplate>::uniplate::{closure#20}
FNDA:0,<<<conjure_core::ast::expressions::Expression as serde::de::Deserialize>::deserialize::__Visitor as serde::de::Visitor>::visit_enum::__Visitor as serde::de::Visitor>::visit_seq::<_>
FNDA:1,<<<conjure_core::ast::expressions::Expression as serde::de::Deserialize>::deserialize::__Visitor as serde::de::Visitor>::visit_enum::__Visitor as serde::de::Visitor>::visit_seq::<serde_json::de::SeqAccess<serde_json::read::StrRead>>
FNDA:0,<<<conjure_core::ast::expressions::Expression as serde::de::Deserialize>::deserialize::__Visitor as serde::de::Visitor>::visit_enum::__Visitor as serde::de::Visitor>::visit_seq::<_>
FNDA:1,<<<conjure_core::ast::expressions::Expression as serde::de::Deserialize>::deserialize::__Visitor as serde::de::Visitor>::visit_enum::__Visitor as serde::de::Visitor>::visit_seq::<serde_json::de::SeqAccess<serde_json::read::StrRead>>
FNDA:0,<<<conjure_core::ast::expressions::Expression as serde::de::Deserialize>::deserialize::__Visitor as serde::de::Visitor>::visit_enum::__Visitor as serde::de::Visitor>::visit_seq::<_>
FNDA:0,<conjure_core::ast::expressions::Expression as uniplate::traits::Uniplate>::uniplate::{closure#25}
FNDA:1,<conjure_core::ast::expressions::Expression>::domain_of::{closure#2}
FNDA:0,<conjure_core::ast::expressions::Expression as uniplate::traits::Biplate<conjure_core::ast::constants::Constant>>::biplate::{closure#14}
FNDA:0,<conjure_core::ast::expressions::Expression as uniplate::traits::Uniplate>::uniplate::{closure#7}
FNDA:0,<<conjure_core::ast::expressions::Expression as serde::de::Deserialize>::deserialize::__FieldVisitor as serde::de::Visitor>::visit_bytes::<_>
FNDA:0,<conjure_core::ast::expressions::Expression as core::convert::From<bool>>::from
FNDA:0,<<<conjure_core::ast::expressions::Expression as serde::de::Deserialize>::deserialize::__Visitor as serde::de::Visitor>::visit_enum::__Visitor as serde::de::Visitor>::visit_seq::<_>
FNDA:0,<<<conjure_core::ast::expressions::Expression as serde::de::Deserialize>::deserialize::__Visitor as serde::de::Visitor>::visit_enum::__Visitor as serde::de::Visitor>::visit_seq::<_>
FNDA:0,<<<conjure_core::ast::expressions::Expression as serde::de::Deserialize>::deserialize::__Visitor as serde::de::Visitor>::visit_enum::__Visitor as serde::de::Visitor>::expecting
FNDA:0,<conjure_core::ast::expressions::Expression as uniplate::traits::Uniplate>::uniplate::{closure#15}
FNDA:0,<conjure_core::ast::expressions::Expression as uniplate::traits::Biplate<conjure_core::ast::constants::Constant>>::biplate::{closure#23}
FNDA:1,conjure_core::ast::expressions::tests::test_domain_of_reference_not_found
FNDA:0,<<<conjure_core::ast::expressions::Expression as serde::de::Deserialize>::deserialize::__Visitor as serde::de::Visitor>::visit_enum::__Visitor as serde::de::Visitor>::expecting
FNDA:0,<<conjure_core::ast::expressions::Expression as serde::de::Deserialize>::deserialize::__FieldVisitor as serde::de::Visitor>::expecting
FNDA:0,<conjure_core::ast::expressions::Expression as uniplate::traits::Uniplate>::uniplate::{closure#23}
FNDA:0,<<<conjure_core::ast::expressions::Expression as serde::de::Deserialize>::deserialize::__Visitor as serde::de::Visitor>::visit_enum::__Visitor as serde::de::Visitor>::visit_seq::<_>
FNDA:1,<<<conjure_core::ast::expressions::Expression as serde::de::Deserialize>::deserialize::__Visitor as serde::de::Visitor>::visit_enum::__Visitor as serde::de::Visitor>::visit_seq::<serde_json::de::SeqAccess<serde_json::read::StrRead>>
FNDA:1,<conjure_core::ast::expressions::Expression as uniplate::traits::Biplate<conjure_core::ast::expressions::Expression>>::biplate::{closure#0}
FNDA:0,<conjure_core::ast::expressions::Expression as uniplate::traits::Biplate<conjure_core::ast::constants::Constant>>::biplate::{closure#18}
FNDA:0,<conjure_core::ast::expressions::Expression as uniplate::traits::Biplate<conjure_core::ast::constants::Constant>>::biplate::{closure#19}
FNDA:0,<<<conjure_core::ast::expressions::Expression as serde::de::Deserialize>::deserialize::__Visitor as serde::de::Visitor>::visit_enum::__Visitor as serde::de::Visitor>::visit_seq::<_>
FNDA:1,conjure_core::ast::expressions::expr_vec_to_domain_i32
FNDA:1,<<conjure_core::ast::expressions::Expression as serde::de::Deserialize>::deserialize::__FieldVisitor as serde::de::Visitor>::visit_str::<serde_json::error::Error>
FNDA:1,<conjure_core::ast::expressions::Expression as core::convert::From<i32>>::from
FNDA:0,<conjure_core::ast::expressions::Expression as uniplate::traits::Uniplate>::uniplate::{closure#21}
FNDA:0,<conjure_core::ast::expressions::Expression as uniplate::traits::Uniplate>::uniplate::{closure#7}
FNDA:0,<<<conjure_core::ast::expressions::Expression as serde::de::Deserialize>::deserialize::__Visitor as serde::de::Visitor>::visit_enum::__Visitor as serde::de::Visitor>::expecting
FNDA:1,<conjure_core::ast::expressions::Expression>::domain_of::{closure#1}
FNDA:1,conjure_core::ast::expressions::tests::test_domain_of_reference
FNDA:0,<conjure_core::ast::expressions::Expression as uniplate::traits::Biplate<conjure_core::ast::constants::Constant>>::biplate::{closure#8}
FNDA:0,<<<conjure_core::ast::expressions::Expression as serde::de::Deserialize>::deserialize::__Visitor as serde::de::Visitor>::visit_enum::__Visitor as serde::de::Visitor>::expecting
FNDA:1,conjure_core::ast::expressions::expr_vec_to_domain_i32::{closure#1}::{closure#0}
FNDA:0,<<<conjure_core::ast::expressions::Expression as serde::de::Deserialize>::deserialize::__Visitor as serde::de::Visitor>::visit_enum::__Visitor as serde::de::Visitor>::expecting
FNDA:0,<conjure_core::ast::expressions::Expression as uniplate::traits::Uniplate>::uniplate::{closure#4}
FNDA:0,<<<conjure_core::ast::expressions::Expression as serde::de::Deserialize>::deserialize::__Visitor as serde::de::Visitor>::visit_enum::__Visitor as serde::de::Visitor>::expecting
FNDA:0,<conjure_core::ast::expressions::Expression as uniplate::traits::Biplate<conjure_core::ast::constants::Constant>>::biplate
FNDA:0,<<<conjure_core::ast::expressions::Expression as serde::de::Deserialize>::deserialize::__Visitor as serde::de::Visitor>::visit_enum::__Visitor as serde::de::Visitor>::visit_seq::<serde_json::de::SeqAccess<serde_json::read::StrRead>>
FNDA:0,<conjure_core::ast::expressions::Expression as uniplate::traits::Biplate<conjure_core::ast::constants::Constant>>::biplate::{closure#23}
FNDA:0,<conjure_core::ast::expressions::Expression as uniplate::traits::Biplate<conjure_core::ast::constants::Constant>>::biplate::{closure#13}
FNDA:0,<<<conjure_core::ast::expressions::Expression as serde::de::Deserialize>::deserialize::__Visitor as serde::de::Visitor>::visit_enum::__Visitor as serde::de::Visitor>::expecting
FNDA:0,<<<conjure_core::ast::expressions::Expression as serde::de::Deserialize>::deserialize::__Visitor as serde::de::Visitor>::visit_enum::__Visitor as serde::de::Visitor>::expecting
FNDA:0,<conjure_core::ast::expressions::Expression as uniplate::traits::Uniplate>::uniplate::{closure#11}
FNDA:0,<conjure_core::ast::expressions::Expression as core::convert::From<bool>>::from
FNDA:1,<<<conjure_core::ast::expressions::Expression as serde::de::Deserialize>::deserialize::__Visitor as serde::de::Visitor>::visit_enum::__Visitor as serde::de::Visitor>::visit_seq::<serde_json::de::SeqAccess<serde_json::read::StrRead>>
FNDA:0,<conjure_core::ast::expressions::Expression as uniplate::traits::Biplate<conjure_core::ast::constants::Constant>>::biplate::{closure#8}
FNDA:0,<<<conjure_core::ast::expressions::Expression as serde::de::Deserialize>::deserialize::__Visitor as serde::de::Visitor>::visit_enum::__Visitor as serde::de::Visitor>::visit_seq::<_>
FNDA:0,<<<conjure_core::ast::expressions::Expression as serde::de::Deserialize>::deserialize::__Visitor as serde::de::Visitor>::visit_enum::__Visitor as serde::de::Visitor>::visit_seq::<_>
FNDA:0,<<<conjure_core::ast::expressions::Expression as serde::de::Deserialize>::deserialize::__Visitor as serde::de::Visitor>::visit_enum::__Visitor as serde::de::Visitor>::visit_seq::<_>
FNDA:0,<<<conjure_core::ast::expressions::Expression as serde::de::Deserialize>::deserialize::__Visitor as serde::de::Visitor>::visit_enum::__Visitor as serde::de::Visitor>::visit_seq::<_>
FNDA:0,<conjure_core::ast::expressions::Expression as uniplate::traits::Biplate<conjure_core::ast::constants::Constant>>::biplate::{closure#4}
FNDA:0,<conjure_core::ast::expressions::Expression as uniplate::traits::Biplate<conjure_core::ast::constants::Constant>>::biplate::{closure#12}
FNDA:0,<conjure_core::ast::expressions::Expression as uniplate::traits::Biplate<conjure_core::ast::constants::Constant>>::biplate::{closure#14}
FNDA:0,<conjure_core::ast::expressions::Expression as uniplate::traits::Uniplate>::uniplate::{closure#8}
FNDA:0,<conjure_core::ast::expressions::Expression as uniplate::traits::Biplate<conjure_core::ast::constants::Constant>>::biplate::{closure#17}
FNDA:1,<conjure_core::ast::expressions::Expression>::domain_of
FNF:298
FNH:66
BRF:0
BRH:0
DA:20,22700250
DA:130,125
DA:131,125
DA:132,125
DA:133,125
DA:134,125
DA:135,248
DA:136,125
DA:137,125
DA:138,125
DA:139,125
DA:140,125
DA:142,166
DA:143,166
DA:144,166
DA:145,2390
DA:146,2224
DA:147,2224
DA:148,2224
DA:149,226
DA:150,1998
DA:151,2224
DA:152,558
DA:153,1668
DA:155,0
DA:156,0
DA:157,0
DA:158,0
DA:159,0
DA:160,0
DA:161,0
DA:165,166
DA:166,166
DA:170,555
DA:171,554
DA:172,306
DA:173,63
DA:174,63
DA:176,1
DA:177,6
DA:178,105
DA:179,1500
DA:181,15
DA:182,60
DA:184,60
DA:185,60
DA:186,870
DA:187,60
DA:190,0
DA:193,551
DA:196,551
DA:197,166
DA:198,166
DA:200,388
DA:202,555
DA:204,30
DA:206,0
DA:207,15
DA:208,0
DA:209,0
DA:210,15
DA:212,30
DA:214,135
DA:215,0
DA:216,0
DA:217,0
DA:218,0
DA:219,0
DA:220,0
DA:221,0
DA:222,0
DA:223,0
DA:224,0
DA:225,60
DA:226,15
DA:227,0
DA:228,0
DA:229,0
DA:230,0
DA:231,60
DA:232,0
DA:233,0
DA:234,0
DA:235,0
DA:236,0
DA:237,0
DA:238,0
DA:239,0
DA:240,0
DA:241,0
DA:242,0
DA:244,135
DA:246,0
DA:247,0
DA:248,0
DA:249,0
DA:250,0
DA:251,0
DA:252,0
DA:253,0
DA:254,0
DA:255,0
DA:256,0
DA:257,0
DA:258,0
DA:259,0
DA:260,0
DA:261,0
DA:262,0
DA:263,0
DA:264,0
DA:265,0
DA:266,0
DA:267,0
DA:268,0
DA:270,0
DA:272,0
DA:273,0
DA:274,0
DA:275,0
DA:276,0
DA:277,0
DA:278,0
DA:279,0
DA:280,0
DA:281,0
DA:282,0
DA:283,0
DA:284,0
DA:285,0
DA:286,0
DA:287,0
DA:288,0
DA:289,0
DA:290,0
DA:291,0
DA:292,0
DA:293,0
DA:294,0
DA:295,0
DA:296,0
DA:297,0
DA:298,0
DA:299,0
DA:300,0
DA:301,0
DA:302,0
DA:303,0
DA:304,0
DA:305,0
DA:306,0
DA:307,0
DA:308,0
DA:309,0
DA:310,0
DA:311,0
DA:312,0
DA:313,0
DA:314,0
DA:315,0
DA:316,0
DA:317,0
DA:318,0
DA:319,0
DA:320,0
DA:321,0
DA:322,0
DA:323,0
DA:324,0
DA:325,0
DA:326,0
DA:327,0
DA:328,0
DA:329,0
DA:330,0
DA:331,0
DA:332,0
DA:333,0
DA:334,0
DA:335,0
DA:336,0
DA:337,0
DA:338,0
DA:339,0
DA:340,0
DA:341,0
DA:342,0
DA:343,0
DA:344,0
DA:345,0
DA:347,0
DA:350,0
DA:351,0
DA:352,0
DA:353,0
DA:354,0
DA:355,0
DA:356,0
DA:357,0
DA:358,0
DA:359,0
DA:360,0
DA:361,0
DA:362,0
DA:363,0
DA:364,0
DA:365,0
DA:366,0
DA:367,0
DA:370,75
DA:371,75
DA:372,75
DA:376,0
DA:377,0
DA:378,0
DA:383,0
DA:384,0
DA:385,0
DA:386,0
DA:387,0
DA:389,0
DA:390,0
DA:391,0
DA:393,0
DA:394,0
DA:395,0
DA:397,0
DA:398,0
DA:400,0
DA:401,0
DA:403,0
DA:404,0
DA:406,0
DA:407,0
DA:409,0
DA:410,0
DA:412,0
DA:413,0
DA:415,0
DA:416,0
DA:418,0
DA:419,0
DA:421,0
DA:422,0
DA:424,0
DA:425,0
DA:427,0
DA:428,0
DA:430,0
DA:431,0
DA:432,0
DA:433,0
DA:434,0
DA:435,0
DA:436,0
DA:438,0
DA:439,0
DA:441,0
DA:442,0
DA:444,0
DA:445,0
DA:446,0
DA:447,0
DA:448,0
DA:449,0
DA:450,0
DA:451,0
DA:452,0
DA:454,0
DA:455,0
DA:457,0
DA:458,0
DA:460,0
DA:461,0
DA:463,0
DA:464,0
DA:465,0
DA:466,0
DA:467,0
DA:468,0
DA:469,0
DA:470,0
DA:473,0
DA:475,0
DA:485,1
DA:486,1
DA:487,1
DA:488,1
DA:489,1
DA:490,1
DA:491,1
DA:492,1
DA:493,1
DA:496,1
DA:497,1
DA:498,1
DA:499,1
DA:500,1
DA:501,1
DA:504,1
DA:505,1
DA:506,1
DA:507,1
DA:510,1
DA:511,1
DA:512,1
DA:513,1
DA:514,1
DA:515,1
DA:516,1
DA:517,1
DA:518,1
DA:519,1
DA:520,1
DA:521,1
DA:524,1
DA:525,1
DA:526,1
DA:527,1
DA:530,1
DA:531,1
DA:532,1
DA:533,1
DA:534,1
DA:535,1
DA:536,1
DA:537,1
DA:538,1
DA:539,1
DA:540,1
DA:541,1
DA:542,1
DA:545,1
DA:546,1
DA:547,1
DA:548,1
DA:549,1
DA:550,1
DA:551,1
DA:552,1
DA:553,1
DA:554,1
DA:555,1
DA:556,1
DA:557,1
LF:345
LH:120
end_of_record
