TN:
SF:conjure_oxide/tests/model_tests.rs
FN:8,model_tests::modify_domain
FNDA:0,model_tests::modify_domain
FNF:1
FNH:0
BRF:0
BRH:0
DA:8,0
DA:9,0
DA:10,0
DA:11,0
DA:12,0
DA:13,0
DA:14,0
DA:15,0
DA:16,0
DA:17,0
DA:18,0
DA:19,0
DA:21,0
DA:22,0
DA:23,0
DA:24,0
LF:16
LH:0
end_of_record
SF:conjure_oxide/src/error.rs
FN:8,<conjure_oxide::error::Error as core::convert::From<serde_json::error::Error>>::from
FN:8,<conjure_oxide::error::Error as core::error::Error>::source
FN:8,<conjure_oxide::error::Error as core::convert::From<anyhow::Error>>::from
FN:8,<conjure_oxide::error::Error as core::fmt::Display>::fmt
FN:8,<conjure_oxide::error::Error as core::convert::From<anyhow::Error>>::from
FN:8,<conjure_oxide::error::Error as core::fmt::Display>::fmt
FN:8,<conjure_oxide::error::Error as core::error::Error>::source
FN:8,<conjure_oxide::error::Error as core::convert::From<serde_json::error::Error>>::from
FN:8,<conjure_oxide::error::Error as core::error::Error>::source
FN:8,<conjure_oxide::error::Error as core::convert::From<serde_json::error::Error>>::from
FN:8,<conjure_oxide::error::Error as core::convert::From<anyhow::Error>>::from
FN:8,<conjure_oxide::error::Error as core::fmt::Display>::fmt
FNDA:0,<conjure_oxide::error::Error as core::convert::From<serde_json::error::Error>>::from
FNDA:0,<conjure_oxide::error::Error as core::error::Error>::source
FNDA:0,<conjure_oxide::error::Error as core::convert::From<anyhow::Error>>::from
FNDA:0,<conjure_oxide::error::Error as core::fmt::Display>::fmt
FNDA:0,<conjure_oxide::error::Error as core::convert::From<anyhow::Error>>::from
FNDA:0,<conjure_oxide::error::Error as core::fmt::Display>::fmt
FNDA:0,<conjure_oxide::error::Error as core::error::Error>::source
FNDA:0,<conjure_oxide::error::Error as core::convert::From<serde_json::error::Error>>::from
FNDA:0,<conjure_oxide::error::Error as core::error::Error>::source
FNDA:0,<conjure_oxide::error::Error as core::convert::From<serde_json::error::Error>>::from
FNDA:0,<conjure_oxide::error::Error as core::convert::From<anyhow::Error>>::from
FNDA:0,<conjure_oxide::error::Error as core::fmt::Display>::fmt
FNF:12
FNH:0
BRF:0
BRH:0
DA:8,0
LF:1
LH:0
end_of_record
SF:conjure_oxide/src/rules/cnf.rs
FN:44,conjure_oxide::rules::cnf::CONJURE_GEN_RULE_DISTRIBUTE_NOT_OVER_OR::__typecheck
FN:45,conjure_oxide::rules::cnf::distribute_not_over_or
FN:11,conjure_oxide::rules::cnf::CONJURE_GEN_RULE_SET_CNF::__typecheck
FN:45,conjure_oxide::rules::cnf::distribute_not_over_or
FN:20,conjure_oxide::rules::cnf::CONJURE_GEN_RULE_DISTRIBUTE_NOT_OVER_AND::__typecheck::{closure#0}::{closure#0}
FN:20,conjure_oxide::rules::cnf::CONJURE_GEN_RULE_DISTRIBUTE_NOT_OVER_AND::__typecheck::{closure#0}
FN:11,conjure_oxide::rules::cnf::CONJURE_GEN_RULE_SET_CNF::__typecheck::{closure#0}::{closure#0}
FN:44,conjure_oxide::rules::cnf::CONJURE_GEN_RULE_DISTRIBUTE_NOT_OVER_OR::__typecheck
FN:20,conjure_oxide::rules::cnf::CONJURE_GEN_RULE_DISTRIBUTE_NOT_OVER_AND::__typecheck
FN:20,conjure_oxide::rules::cnf::CONJURE_GEN_RULE_DISTRIBUTE_NOT_OVER_AND::__typecheck::{closure#0}
FN:44,conjure_oxide::rules::cnf::CONJURE_GEN_RULE_DISTRIBUTE_NOT_OVER_OR::__typecheck::{closure#0}::{closure#0}
FN:11,conjure_oxide::rules::cnf::CONJURE_GEN_RULE_SET_CNF::__typecheck
FN:11,conjure_oxide::rules::cnf::CONJURE_GEN_RULE_SET_CNF::__typecheck::{closure#0}::{closure#0}
FN:21,conjure_oxide::rules::cnf::distribute_not_over_and
FN:20,conjure_oxide::rules::cnf::CONJURE_GEN_RULE_DISTRIBUTE_NOT_OVER_AND::__typecheck::{closure#0}::{closure#0}
FN:44,conjure_oxide::rules::cnf::CONJURE_GEN_RULE_DISTRIBUTE_NOT_OVER_OR::__typecheck::{closure#0}
FN:45,conjure_oxide::rules::cnf::distribute_not_over_or
FN:44,conjure_oxide::rules::cnf::CONJURE_GEN_RULE_DISTRIBUTE_NOT_OVER_OR::__typecheck::{closure#0}::{closure#0}
FN:11,conjure_oxide::rules::cnf::CONJURE_GEN_RULE_SET_CNF::__typecheck
FN:20,conjure_oxide::rules::cnf::CONJURE_GEN_RULE_DISTRIBUTE_NOT_OVER_AND::__typecheck
FN:11,conjure_oxide::rules::cnf::CONJURE_GEN_RULE_SET_CNF::__typecheck::{closure#0}
FN:20,conjure_oxide::rules::cnf::CONJURE_GEN_RULE_DISTRIBUTE_NOT_OVER_AND::__typecheck::{closure#0}
FN:44,conjure_oxide::rules::cnf::CONJURE_GEN_RULE_DISTRIBUTE_NOT_OVER_OR::__typecheck::{closure#0}::{closure#0}
FN:20,conjure_oxide::rules::cnf::CONJURE_GEN_RULE_DISTRIBUTE_NOT_OVER_AND::__typecheck
FN:11,conjure_oxide::rules::cnf::CONJURE_GEN_RULE_SET_CNF::__typecheck::{closure#0}
FN:11,conjure_oxide::rules::cnf::CONJURE_GEN_RULE_SET_CNF::__typecheck::{closure#0}::{closure#0}
FN:44,conjure_oxide::rules::cnf::CONJURE_GEN_RULE_DISTRIBUTE_NOT_OVER_OR::__typecheck
FN:21,conjure_oxide::rules::cnf::distribute_not_over_and
FN:21,conjure_oxide::rules::cnf::distribute_not_over_and
FN:44,conjure_oxide::rules::cnf::CONJURE_GEN_RULE_DISTRIBUTE_NOT_OVER_OR::__typecheck::{closure#0}
FN:11,conjure_oxide::rules::cnf::CONJURE_GEN_RULE_SET_CNF::__typecheck::{closure#0}
FN:44,conjure_oxide::rules::cnf::CONJURE_GEN_RULE_DISTRIBUTE_NOT_OVER_OR::__typecheck::{closure#0}
FN:20,conjure_oxide::rules::cnf::CONJURE_GEN_RULE_DISTRIBUTE_NOT_OVER_AND::__typecheck::{closure#0}::{closure#0}
FNDA:0,conjure_oxide::rules::cnf::CONJURE_GEN_RULE_DISTRIBUTE_NOT_OVER_OR::__typecheck
FNDA:0,conjure_oxide::rules::cnf::distribute_not_over_or
FNDA:0,conjure_oxide::rules::cnf::CONJURE_GEN_RULE_SET_CNF::__typecheck
FNDA:0,conjure_oxide::rules::cnf::distribute_not_over_or
FNDA:0,conjure_oxide::rules::cnf::CONJURE_GEN_RULE_DISTRIBUTE_NOT_OVER_AND::__typecheck::{closure#0}::{closure#0}
FNDA:0,conjure_oxide::rules::cnf::CONJURE_GEN_RULE_DISTRIBUTE_NOT_OVER_AND::__typecheck::{closure#0}
FNDA:0,conjure_oxide::rules::cnf::CONJURE_GEN_RULE_SET_CNF::__typecheck::{closure#0}::{closure#0}
FNDA:0,conjure_oxide::rules::cnf::CONJURE_GEN_RULE_DISTRIBUTE_NOT_OVER_OR::__typecheck
FNDA:0,conjure_oxide::rules::cnf::CONJURE_GEN_RULE_DISTRIBUTE_NOT_OVER_AND::__typecheck
FNDA:0,conjure_oxide::rules::cnf::CONJURE_GEN_RULE_DISTRIBUTE_NOT_OVER_AND::__typecheck::{closure#0}
FNDA:0,conjure_oxide::rules::cnf::CONJURE_GEN_RULE_DISTRIBUTE_NOT_OVER_OR::__typecheck::{closure#0}::{closure#0}
FNDA:0,conjure_oxide::rules::cnf::CONJURE_GEN_RULE_SET_CNF::__typecheck
FNDA:0,conjure_oxide::rules::cnf::CONJURE_GEN_RULE_SET_CNF::__typecheck::{closure#0}::{closure#0}
FNDA:0,conjure_oxide::rules::cnf::distribute_not_over_and
FNDA:0,conjure_oxide::rules::cnf::CONJURE_GEN_RULE_DISTRIBUTE_NOT_OVER_AND::__typecheck::{closure#0}::{closure#0}
FNDA:0,conjure_oxide::rules::cnf::CONJURE_GEN_RULE_DISTRIBUTE_NOT_OVER_OR::__typecheck::{closure#0}
FNDA:0,conjure_oxide::rules::cnf::distribute_not_over_or
FNDA:0,conjure_oxide::rules::cnf::CONJURE_GEN_RULE_DISTRIBUTE_NOT_OVER_OR::__typecheck::{closure#0}::{closure#0}
FNDA:0,conjure_oxide::rules::cnf::CONJURE_GEN_RULE_SET_CNF::__typecheck
FNDA:0,conjure_oxide::rules::cnf::CONJURE_GEN_RULE_DISTRIBUTE_NOT_OVER_AND::__typecheck
FNDA:0,conjure_oxide::rules::cnf::CONJURE_GEN_RULE_SET_CNF::__typecheck::{closure#0}
FNDA:0,conjure_oxide::rules::cnf::CONJURE_GEN_RULE_DISTRIBUTE_NOT_OVER_AND::__typecheck::{closure#0}
FNDA:0,conjure_oxide::rules::cnf::CONJURE_GEN_RULE_DISTRIBUTE_NOT_OVER_OR::__typecheck::{closure#0}::{closure#0}
FNDA:0,conjure_oxide::rules::cnf::CONJURE_GEN_RULE_DISTRIBUTE_NOT_OVER_AND::__typecheck
FNDA:0,conjure_oxide::rules::cnf::CONJURE_GEN_RULE_SET_CNF::__typecheck::{closure#0}
FNDA:0,conjure_oxide::rules::cnf::CONJURE_GEN_RULE_SET_CNF::__typecheck::{closure#0}::{closure#0}
FNDA:0,conjure_oxide::rules::cnf::CONJURE_GEN_RULE_DISTRIBUTE_NOT_OVER_OR::__typecheck
FNDA:0,conjure_oxide::rules::cnf::distribute_not_over_and
FNDA:0,conjure_oxide::rules::cnf::distribute_not_over_and
FNDA:0,conjure_oxide::rules::cnf::CONJURE_GEN_RULE_DISTRIBUTE_NOT_OVER_OR::__typecheck::{closure#0}
FNDA:0,conjure_oxide::rules::cnf::CONJURE_GEN_RULE_SET_CNF::__typecheck::{closure#0}
FNDA:0,conjure_oxide::rules::cnf::CONJURE_GEN_RULE_DISTRIBUTE_NOT_OVER_OR::__typecheck::{closure#0}
FNDA:0,conjure_oxide::rules::cnf::CONJURE_GEN_RULE_DISTRIBUTE_NOT_OVER_AND::__typecheck::{closure#0}::{closure#0}
FNF:33
FNH:0
BRF:0
BRH:0
DA:11,0
DA:20,0
DA:21,0
DA:22,0
DA:23,0
DA:24,0
DA:25,0
DA:26,0
DA:27,0
DA:28,0
DA:29,0
DA:31,0
DA:33,0
DA:35,0
DA:44,0
DA:45,0
DA:46,0
DA:47,0
DA:48,0
DA:49,0
DA:50,0
DA:51,0
DA:52,0
DA:53,0
DA:55,0
DA:57,0
DA:59,0
LF:27
LH:0
end_of_record
SF:conjure_oxide/src/solver/model_modifier.rs
FN:26,<_ as conjure_oxide::solver::model_modifier::ModelModifier>::add_variable
FN:26,<_ as conjure_oxide::solver::model_modifier::ModelModifier>::add_variable
FN:22,<_ as conjure_oxide::solver::model_modifier::ModelModifier>::add_constraint
FN:22,<_ as conjure_oxide::solver::model_modifier::ModelModifier>::add_constraint
FN:22,<_ as conjure_oxide::solver::model_modifier::ModelModifier>::add_constraint
FN:26,<_ as conjure_oxide::solver::model_modifier::ModelModifier>::add_variable
FNDA:0,<_ as conjure_oxide::solver::model_modifier::ModelModifier>::add_variable
FNDA:0,<_ as conjure_oxide::solver::model_modifier::ModelModifier>::add_variable
FNDA:0,<_ as conjure_oxide::solver::model_modifier::ModelModifier>::add_constraint
FNDA:0,<_ as conjure_oxide::solver::model_modifier::ModelModifier>::add_constraint
FNDA:0,<_ as conjure_oxide::solver::model_modifier::ModelModifier>::add_constraint
FNDA:0,<_ as conjure_oxide::solver::model_modifier::ModelModifier>::add_variable
FNF:6
FNH:0
BRF:0
BRH:0
DA:22,0
DA:23,0
DA:24,0
DA:26,0
DA:27,0
DA:28,0
LF:6
LH:0
end_of_record
SF:crates/uniplate_derive/src/utils/parse.rs
FN:117,uniplate_derive::utils::parse::check_field_type
FN:74,uniplate_derive::utils::parse::parse_field_type
FN:76,uniplate_derive::utils::parse::parse_field_type::parse_type
FN:47,uniplate_derive::utils::parse::parse_type_argument
FN:117,uniplate_derive::utils::parse::check_field_type
FN:47,uniplate_derive::utils::parse::parse_type_argument
FN:117,uniplate_derive::utils::parse::check_field_type
FN:117,uniplate_derive::utils::parse::check_field_type
FN:76,uniplate_derive::utils::parse::parse_field_type::parse_type
FN:47,uniplate_derive::utils::parse::parse_type_argument
FN:47,uniplate_derive::utils::parse::parse_type_argument
FN:74,uniplate_derive::utils::parse::parse_field_type
FN:34,<uniplate_derive::utils::parse::UniplateField>::span
FN:34,<uniplate_derive::utils::parse::UniplateField>::span
FN:74,uniplate_derive::utils::parse::parse_field_type
FN:76,uniplate_derive::utils::parse::parse_field_type::parse_type
FN:34,<uniplate_derive::utils::parse::UniplateField>::span
FN:34,<uniplate_derive::utils::parse::UniplateField>::span
FN:76,uniplate_derive::utils::parse::parse_field_type::parse_type
FN:74,uniplate_derive::utils::parse::parse_field_type
FNDA:0,uniplate_derive::utils::parse::check_field_type
FNDA:0,uniplate_derive::utils::parse::parse_field_type
FNDA:0,uniplate_derive::utils::parse::parse_field_type::parse_type
FNDA:1,uniplate_derive::utils::parse::parse_type_argument
FNDA:1,uniplate_derive::utils::parse::check_field_type
FNDA:0,uniplate_derive::utils::parse::parse_type_argument
FNDA:0,uniplate_derive::utils::parse::check_field_type
FNDA:1,uniplate_derive::utils::parse::check_field_type
FNDA:1,uniplate_derive::utils::parse::parse_field_type::parse_type
FNDA:1,uniplate_derive::utils::parse::parse_type_argument
FNDA:0,uniplate_derive::utils::parse::parse_type_argument
FNDA:0,uniplate_derive::utils::parse::parse_field_type
FNDA:1,<uniplate_derive::utils::parse::UniplateField>::span
FNDA:1,<uniplate_derive::utils::parse::UniplateField>::span
FNDA:1,uniplate_derive::utils::parse::parse_field_type
FNDA:0,uniplate_derive::utils::parse::parse_field_type::parse_type
FNDA:0,<uniplate_derive::utils::parse::UniplateField>::span
FNDA:0,<uniplate_derive::utils::parse::UniplateField>::span
FNDA:1,uniplate_derive::utils::parse::parse_field_type::parse_type
FNDA:1,uniplate_derive::utils::parse::parse_field_type
FNF:20
FNH:10
BRF:0
BRH:0
DA:34,77
DA:35,77
DA:36,76
DA:37,0
DA:38,1
DA:39,0
DA:40,0
DA:41,0
DA:43,77
DA:47,674
DA:48,674
DA:49,674
DA:50,674
DA:52,0
DA:53,674
DA:54,674
DA:55,674
DA:56,0
DA:57,674
DA:58,674
DA:59,674
DA:60,674
DA:61,0
DA:63,0
DA:65,0
DA:69,0
DA:71,674
DA:74,1118
DA:75,1118
DA:76,1786
DA:77,1786
DA:78,1786
DA:79,1786
DA:80,1786
DA:81,1786
DA:82,1786
DA:83,1786
DA:84,1786
DA:85,1118
DA:86,1118
DA:87,1118
DA:88,1118
DA:89,1266
DA:90,1118
DA:91,1118
DA:92,1118
DA:93,1118
DA:94,1118
DA:95,1118
DA:96,1118
DA:97,1786
DA:98,1118
DA:99,1118
DA:100,1112
DA:101,0
DA:102,1112
DA:104,6
DA:105,6
DA:107,0
DA:108,0
DA:109,0
DA:110,0
DA:111,0
DA:112,0
DA:114,1118
DA:117,2480
DA:118,2480
DA:119,1792
DA:120,526
DA:121,156
DA:122,6
DA:123,6
DA:124,6
DA:125,6
DA:126,0
DA:128,0
DA:130,0
DA:131,0
DA:133,2480
LF:79
LH:58
end_of_record
SF:conjure_oxide/src/parse.rs
FN:213,conjure_oxide::parse::parse_expression::{closure#2}
FN:271,conjure_oxide::parse::parse_vec_op
FN:223,conjure_oxide::parse::parse_expression::{closure#5}
FN:260,conjure_oxide::parse::parse_unary_op
FN:260,conjure_oxide::parse::parse_unary_op
FN:217,conjure_oxide::parse::parse_expression::{closure#3}
FN:211,conjure_oxide::parse::parse_expression::{closure#0}
FN:271,conjure_oxide::parse::parse_vec_op
FN:126,conjure_oxide::parse::parse_int_domain::{closure#1}
FN:293,conjure_oxide::parse::parse_constant
FN:211,conjure_oxide::parse::parse_expression::{closure#0}
FN:212,conjure_oxide::parse::parse_expression::{closure#1}
FN:144,conjure_oxide::parse::parse_expression
FN:126,conjure_oxide::parse::parse_int_domain::{closure#1}
FN:126,conjure_oxide::parse::parse_int_domain::{closure#1}
FN:81,conjure_oxide::parse::parse_int_domain
FN:112,conjure_oxide::parse::parse_int_domain::{closure#0}
FN:223,conjure_oxide::parse::parse_expression::{closure#5}
FN:212,conjure_oxide::parse::parse_expression::{closure#1}
FN:271,conjure_oxide::parse::parse_vec_op
FN:240,conjure_oxide::parse::parse_bin_op
FN:144,conjure_oxide::parse::parse_expression
FN:112,conjure_oxide::parse::parse_int_domain::{closure#0}
FN:51,conjure_oxide::parse::parse_variable
FN:240,conjure_oxide::parse::parse_bin_op
FN:10,conjure_oxide::parse::model_from_json
FN:144,conjure_oxide::parse::parse_expression
FN:51,conjure_oxide::parse::parse_variable
FN:10,conjure_oxide::parse::model_from_json
FN:220,conjure_oxide::parse::parse_expression::{closure#4}
FN:81,conjure_oxide::parse::parse_int_domain
FN:217,conjure_oxide::parse::parse_expression::{closure#3}
FN:220,conjure_oxide::parse::parse_expression::{closure#4}
FN:213,conjure_oxide::parse::parse_expression::{closure#2}
FN:51,conjure_oxide::parse::parse_variable
FN:213,conjure_oxide::parse::parse_expression::{closure#2}
FN:223,conjure_oxide::parse::parse_expression::{closure#5}
FN:260,conjure_oxide::parse::parse_unary_op
FN:293,conjure_oxide::parse::parse_constant
FN:293,conjure_oxide::parse::parse_constant
FN:211,conjure_oxide::parse::parse_expression::{closure#0}
FN:240,conjure_oxide::parse::parse_bin_op
FN:217,conjure_oxide::parse::parse_expression::{closure#3}
FN:220,conjure_oxide::parse::parse_expression::{closure#4}
FN:112,conjure_oxide::parse::parse_int_domain::{closure#0}
FN:81,conjure_oxide::parse::parse_int_domain
FN:212,conjure_oxide::parse::parse_expression::{closure#1}
FN:10,conjure_oxide::parse::model_from_json
FNDA:0,conjure_oxide::parse::parse_expression::{closure#2}
FNDA:0,conjure_oxide::parse::parse_vec_op
FNDA:0,conjure_oxide::parse::parse_expression::{closure#5}
FNDA:0,conjure_oxide::parse::parse_unary_op
FNDA:0,conjure_oxide::parse::parse_unary_op
FNDA:0,conjure_oxide::parse::parse_expression::{closure#3}
FNDA:0,conjure_oxide::parse::parse_expression::{closure#0}
FNDA:0,conjure_oxide::parse::parse_vec_op
FNDA:0,conjure_oxide::parse::parse_int_domain::{closure#1}
FNDA:1,conjure_oxide::parse::parse_constant
FNDA:1,conjure_oxide::parse::parse_expression::{closure#0}
FNDA:0,conjure_oxide::parse::parse_expression::{closure#1}
FNDA:0,conjure_oxide::parse::parse_expression
FNDA:0,conjure_oxide::parse::parse_int_domain::{closure#1}
FNDA:0,conjure_oxide::parse::parse_int_domain::{closure#1}
FNDA:1,conjure_oxide::parse::parse_int_domain
FNDA:0,conjure_oxide::parse::parse_int_domain::{closure#0}
FNDA:1,conjure_oxide::parse::parse_expression::{closure#5}
FNDA:0,conjure_oxide::parse::parse_expression::{closure#1}
FNDA:1,conjure_oxide::parse::parse_vec_op
FNDA:1,conjure_oxide::parse::parse_bin_op
FNDA:1,conjure_oxide::parse::parse_expression
FNDA:0,conjure_oxide::parse::parse_int_domain::{closure#0}
FNDA:0,conjure_oxide::parse::parse_variable
FNDA:0,conjure_oxide::parse::parse_bin_op
FNDA:0,conjure_oxide::parse::model_from_json
FNDA:0,conjure_oxide::parse::parse_expression
FNDA:1,conjure_oxide::parse::parse_variable
FNDA:1,conjure_oxide::parse::model_from_json
FNDA:1,conjure_oxide::parse::parse_expression::{closure#4}
FNDA:0,conjure_oxide::parse::parse_int_domain
FNDA:0,conjure_oxide::parse::parse_expression::{closure#3}
FNDA:0,conjure_oxide::parse::parse_expression::{closure#4}
FNDA:0,conjure_oxide::parse::parse_expression::{closure#2}
FNDA:0,conjure_oxide::parse::parse_variable
FNDA:1,conjure_oxide::parse::parse_expression::{closure#2}
FNDA:0,conjure_oxide::parse::parse_expression::{closure#5}
FNDA:0,conjure_oxide::parse::parse_unary_op
FNDA:0,conjure_oxide::parse::parse_constant
FNDA:0,conjure_oxide::parse::parse_constant
FNDA:0,conjure_oxide::parse::parse_expression::{closure#0}
FNDA:0,conjure_oxide::parse::parse_bin_op
FNDA:1,conjure_oxide::parse::parse_expression::{closure#3}
FNDA:0,conjure_oxide::parse::parse_expression::{closure#4}
FNDA:0,conjure_oxide::parse::parse_int_domain::{closure#0}
FNDA:0,conjure_oxide::parse::parse_int_domain
FNDA:1,conjure_oxide::parse::parse_expression::{closure#1}
FNDA:0,conjure_oxide::parse::model_from_json
FNF:48
FNH:13
BRF:0
BRH:0
DA:10,78
DA:11,78
DA:12,78
DA:13,78
DA:14,78
DA:15,78
DA:17,312
DA:18,234
DA:19,234
DA:20,234
DA:21,234
DA:22,234
DA:23,234
DA:24,234
DA:25,234
DA:26,234
DA:27,234
DA:28,156
DA:29,156
DA:31,78
DA:32,78
DA:33,78
DA:35,0
DA:39,78
DA:40,78
DA:41,78
DA:44,0
DA:48,78
DA:49,78
DA:51,156
DA:52,156
DA:53,156
DA:54,156
DA:55,156
DA:56,156
DA:57,156
DA:58,156
DA:59,156
DA:60,156
DA:61,156
DA:62,156
DA:63,156
DA:64,156
DA:65,156
DA:66,156
DA:67,156
DA:68,156
DA:69,156
DA:70,156
DA:71,156
DA:72,156
DA:73,30
DA:74,0
DA:75,0
DA:76,0
DA:77,0
DA:78,156
DA:79,156
DA:81,126
DA:82,126
DA:83,126
DA:84,126
DA:85,126
DA:86,126
DA:87,126
DA:88,252
DA:89,126
DA:90,126
DA:91,126
DA:92,126
DA:93,126
DA:94,126
DA:95,126
DA:96,126
DA:97,126
DA:98,126
DA:99,126
DA:100,126
DA:101,126
DA:102,126
DA:103,126
DA:104,126
DA:105,126
DA:106,252
DA:107,252
DA:108,252
DA:109,252
DA:110,252
DA:111,252
DA:112,252
DA:113,0
DA:114,252
DA:115,252
DA:117,126
DA:119,0
DA:120,0
DA:121,0
DA:122,0
DA:123,0
DA:124,0
DA:125,0
DA:126,0
DA:127,0
DA:130,0
DA:131,0
DA:132,0
DA:136,126
DA:137,126
DA:144,378
DA:145,378
DA:146,378
DA:147,378
DA:148,378
DA:149,378
DA:150,378
DA:151,378
DA:152,378
DA:153,378
DA:154,378
DA:155,378
DA:156,378
DA:157,378
DA:158,378
DA:159,378
DA:160,378
DA:161,378
DA:162,378
DA:163,378
DA:164,378
DA:165,378
DA:166,378
DA:167,378
DA:168,378
DA:169,378
DA:170,378
DA:171,378
DA:172,378
DA:173,378
DA:174,378
DA:175,378
DA:176,378
DA:177,378
DA:178,378
DA:179,378
DA:180,378
DA:181,378
DA:182,378
DA:183,378
DA:184,378
DA:185,378
DA:186,378
DA:187,378
DA:188,378
DA:189,378
DA:190,378
DA:191,378
DA:192,378
DA:193,378
DA:194,378
DA:195,378
DA:196,378
DA:197,378
DA:198,378
DA:199,378
DA:200,378
DA:201,378
DA:202,378
DA:203,378
DA:204,378
DA:205,378
DA:206,378
DA:207,378
DA:208,378
DA:209,378
DA:210,378
DA:211,840
DA:212,378
DA:213,378
DA:215,66
DA:216,378
DA:217,840
DA:218,90
DA:220,60
DA:221,0
DA:223,156
DA:224,60
DA:226,0
DA:228,228
DA:229,162
DA:230,162
DA:231,162
DA:232,162
DA:233,162
DA:235,66
DA:236,0
DA:238,378
DA:240,90
DA:241,90
DA:242,90
DA:243,90
DA:246,90
DA:248,90
DA:250,90
DA:251,90
DA:252,90
DA:253,90
DA:254,90
DA:256,0
DA:258,90
DA:260,0
DA:261,0
DA:262,0
DA:263,0
DA:264,0
DA:265,0
DA:267,0
DA:268,0
DA:269,0
DA:271,60
DA:272,60
DA:273,60
DA:274,60
DA:275,60
DA:276,60
DA:278,60
DA:279,60
DA:280,60
DA:281,60
DA:282,60
DA:283,60
DA:284,60
DA:285,60
DA:286,60
DA:287,0
DA:289,60
DA:291,60
DA:293,66
DA:294,66
DA:295,66
DA:296,66
DA:297,66
DA:299,0
DA:300,0
DA:301,0
DA:302,0
DA:303,0
DA:307,66
DA:309,0
DA:311,66
LF:249
LH:210
end_of_record
SF:conjure_oxide/tests/generated_tests.rs
FN:22,generated_tests::integration_test
FN:80,generated_tests::assert_conjure_present
FN:12,generated_tests::main
FN:14,generated_tests::main::{closure#0}
FNDA:1,generated_tests::integration_test
FNDA:1,generated_tests::assert_conjure_present
FNDA:0,generated_tests::main
FNDA:0,generated_tests::main::{closure#0}
FNF:4
FNH:2
BRF:0
BRH:0
DA:12,0
DA:13,0
DA:14,0
DA:15,0
DA:16,0
DA:17,0
DA:18,0
DA:20,0
DA:22,11
DA:23,11
DA:24,11
DA:25,11
DA:26,11
DA:27,0
DA:28,0
DA:29,0
DA:30,0
DA:31,11
DA:34,11
DA:35,11
DA:36,0
DA:37,11
DA:39,11
DA:40,11
DA:41,11
DA:42,0
DA:43,11
DA:45,11
DA:48,11
DA:49,11
DA:50,11
DA:51,0
DA:52,11
DA:54,11
DA:55,11
DA:56,11
DA:57,0
DA:58,11
DA:60,11
DA:63,11
DA:64,11
DA:65,11
DA:66,0
DA:67,11
DA:69,11
DA:70,11
DA:71,0
DA:72,11
DA:74,11
DA:76,10
DA:77,10
DA:80,1
DA:81,1
DA:82,1
LF:54
LH:36
end_of_record
SF:conjure_oxide/src/utils/conjure.rs
FN:13,<conjure_oxide::utils::conjure::EssenceParseError as core::fmt::Display>::fmt
FN:27,conjure_oxide::utils::conjure::parse_essence_file
FN:59,conjure_oxide::utils::conjure::get_minion_solutions
FN:81,conjure_oxide::utils::conjure::minion_solutions_to_json
FN:27,conjure_oxide::utils::conjure::parse_essence_file
FN:81,conjure_oxide::utils::conjure::minion_solutions_to_json
FN:13,<conjure_oxide::utils::conjure::EssenceParseError as core::fmt::Display>::fmt
FN:59,conjure_oxide::utils::conjure::get_minion_solutions
FN:22,<conjure_oxide::utils::conjure::EssenceParseError as core::convert::From<conjure_oxide::error::Error>>::from
FN:70,conjure_oxide::utils::conjure::get_minion_solutions::{closure#0}
FN:27,conjure_oxide::utils::conjure::parse_essence_file
FN:70,conjure_oxide::utils::conjure::get_minion_solutions::{closure#0}
FN:22,<conjure_oxide::utils::conjure::EssenceParseError as core::convert::From<conjure_oxide::error::Error>>::from
FN:22,<conjure_oxide::utils::conjure::EssenceParseError as core::convert::From<conjure_oxide::error::Error>>::from
FN:13,<conjure_oxide::utils::conjure::EssenceParseError as core::fmt::Display>::fmt
FN:81,conjure_oxide::utils::conjure::minion_solutions_to_json
FN:70,conjure_oxide::utils::conjure::get_minion_solutions::{closure#0}
FN:59,conjure_oxide::utils::conjure::get_minion_solutions
FNDA:0,<conjure_oxide::utils::conjure::EssenceParseError as core::fmt::Display>::fmt
FNDA:0,conjure_oxide::utils::conjure::parse_essence_file
FNDA:1,conjure_oxide::utils::conjure::get_minion_solutions
FNDA:0,conjure_oxide::utils::conjure::minion_solutions_to_json
FNDA:0,conjure_oxide::utils::conjure::parse_essence_file
FNDA:1,conjure_oxide::utils::conjure::minion_solutions_to_json
FNDA:0,<conjure_oxide::utils::conjure::EssenceParseError as core::fmt::Display>::fmt
FNDA:0,conjure_oxide::utils::conjure::get_minion_solutions
FNDA:0,<conjure_oxide::utils::conjure::EssenceParseError as core::convert::From<conjure_oxide::error::Error>>::from
FNDA:1,conjure_oxide::utils::conjure::get_minion_solutions::{closure#0}
FNDA:1,conjure_oxide::utils::conjure::parse_essence_file
FNDA:0,conjure_oxide::utils::conjure::get_minion_solutions::{closure#0}
FNDA:0,<conjure_oxide::utils::conjure::EssenceParseError as core::convert::From<conjure_oxide::error::Error>>::from
FNDA:0,<conjure_oxide::utils::conjure::EssenceParseError as core::convert::From<conjure_oxide::error::Error>>::from
FNDA:0,<conjure_oxide::utils::conjure::EssenceParseError as core::fmt::Display>::fmt
FNDA:0,conjure_oxide::utils::conjure::minion_solutions_to_json
FNDA:0,conjure_oxide::utils::conjure::get_minion_solutions::{closure#0}
FNDA:0,conjure_oxide::utils::conjure::get_minion_solutions
FNF:18
FNH:4
BRF:0
BRH:0
DA:13,0
DA:22,0
DA:23,0
DA:24,0
DA:27,66
DA:28,66
DA:29,66
DA:30,66
DA:31,66
DA:32,66
DA:33,66
DA:35,66
DA:36,0
DA:39,66
DA:40,0
DA:41,0
DA:42,0
DA:43,66
DA:45,66
DA:46,66
DA:47,0
DA:48,0
DA:49,0
DA:50,0
DA:51,0
DA:55,66
DA:56,66
DA:57,66
DA:59,66
DA:60,66
DA:61,66
DA:62,66
DA:63,66
DA:65,66
DA:66,66
DA:67,66
DA:68,66
DA:69,66
DA:70,246
DA:71,246
DA:72,246
DA:73,246
DA:74,246
DA:77,66
DA:78,66
DA:79,66
DA:81,66
DA:82,66
DA:83,312
DA:84,246
DA:85,876
DA:86,630
DA:87,630
DA:88,0
DA:90,630
DA:92,246
DA:94,66
DA:95,66
DA:96,66
LF:59
LH:45
end_of_record
SF:solvers/chuffed/tests/dummy_test.rs
FN:4,dummy_test::dummy
FNDA:1,dummy_test::dummy
FNF:1
FNH:1
BRF:0
BRH:0
DA:4,1
DA:5,1
DA:6,1
LF:3
LH:3
end_of_record
SF:solvers/minion/tests/test_watchedor_reifyimply_1.rs
FN:29,test_watchedor_reifyimply_1::test_watchedor_reifyimply_1
FN:57,test_watchedor_reifyimply_1::callback
FNDA:0,test_watchedor_reifyimply_1::test_watchedor_reifyimply_1
FNDA:0,test_watchedor_reifyimply_1::callback
FNF:2
FNH:0
BRF:0
BRH:0
DA:29,0
DA:30,0
DA:31,0
DA:32,0
DA:33,0
DA:34,0
DA:35,0
DA:36,0
DA:37,0
DA:38,0
DA:39,0
DA:40,0
DA:41,0
DA:42,0
DA:43,0
DA:44,0
DA:45,0
DA:46,0
DA:47,0
DA:48,0
DA:49,0
DA:51,0
DA:52,0
DA:53,0
DA:54,0
DA:57,0
DA:58,0
DA:59,0
DA:60,0
DA:61,0
DA:62,0
LF:31
LH:0
end_of_record
SF:conjure_oxide/src/utils/json.rs
FN:53,conjure_oxide::utils::json::sort_json_object::{closure#0}
FN:32,conjure_oxide::utils::json::sort_json_variables
FN:62,conjure_oxide::utils::json::sort_json_object::{closure#1}
FN:68,conjure_oxide::utils::json::sort_json_object::{closure#2}
FN:7,conjure_oxide::utils::json::json_value_cmp
FN:32,conjure_oxide::utils::json::sort_json_variables
FN:7,conjure_oxide::utils::json::json_value_cmp
FN:53,conjure_oxide::utils::json::sort_json_object::{closure#0}
FN:48,conjure_oxide::utils::json::sort_json_object
FN:7,conjure_oxide::utils::json::json_value_cmp
FN:48,conjure_oxide::utils::json::sort_json_object
FN:62,conjure_oxide::utils::json::sort_json_object::{closure#1}
FN:48,conjure_oxide::utils::json::sort_json_object
FN:32,conjure_oxide::utils::json::sort_json_variables
FN:68,conjure_oxide::utils::json::sort_json_object::{closure#2}
FN:53,conjure_oxide::utils::json::sort_json_object::{closure#0}
FN:68,conjure_oxide::utils::json::sort_json_object::{closure#2}
FN:62,conjure_oxide::utils::json::sort_json_object::{closure#1}
FNDA:0,conjure_oxide::utils::json::sort_json_object::{closure#0}
FNDA:1,conjure_oxide::utils::json::sort_json_variables
FNDA:1,conjure_oxide::utils::json::sort_json_object::{closure#1}
FNDA:0,conjure_oxide::utils::json::sort_json_object::{closure#2}
FNDA:1,conjure_oxide::utils::json::json_value_cmp
FNDA:0,conjure_oxide::utils::json::sort_json_variables
FNDA:0,conjure_oxide::utils::json::json_value_cmp
FNDA:1,conjure_oxide::utils::json::sort_json_object::{closure#0}
FNDA:1,conjure_oxide::utils::json::sort_json_object
FNDA:0,conjure_oxide::utils::json::json_value_cmp
FNDA:0,conjure_oxide::utils::json::sort_json_object
FNDA:0,conjure_oxide::utils::json::sort_json_object::{closure#1}
FNDA:0,conjure_oxide::utils::json::sort_json_object
FNDA:0,conjure_oxide::utils::json::sort_json_variables
FNDA:0,conjure_oxide::utils::json::sort_json_object::{closure#2}
FNDA:0,conjure_oxide::utils::json::sort_json_object::{closure#0}
FNDA:1,conjure_oxide::utils::json::sort_json_object::{closure#2}
FNDA:0,conjure_oxide::utils::json::sort_json_object::{closure#1}
FNF:18
FNH:6
BRF:0
BRH:0
DA:7,846
DA:8,846
DA:9,0
DA:10,0
DA:11,0
DA:12,0
DA:13,0
DA:14,0
DA:15,0
DA:17,174
DA:18,174
DA:19,174
DA:20,174
DA:21,174
DA:22,0
DA:24,0
DA:26,672
DA:28,846
DA:32,132
DA:33,132
DA:34,132
DA:35,132
DA:36,132
DA:37,132
DA:39,0
DA:41,132
DA:48,12744
DA:49,12744
DA:50,5796
DA:51,5796
DA:52,5796
DA:53,6822
DA:54,6822
DA:55,132
DA:57,6690
DA:59,6822
DA:60,5796
DA:61,5796
DA:62,5796
DA:63,5796
DA:65,2310
DA:66,2310
DA:67,2310
DA:68,5790
DA:69,2310
DA:70,2310
DA:71,2310
DA:72,132
DA:73,2178
DA:75,2310
DA:77,4638
DA:79,12744
LF:52
LH:42
end_of_record
SF:conjure_oxide/src/rules/constant.rs
FN:79,conjure_oxide::rules::constant::un_op::<bool, bool>
FN:7,conjure_oxide::rules::constant::CONJURE_GEN_RULE_SET_CONSTANT::__typecheck::{closure#0}::{closure#0}
FN:9,conjure_oxide::rules::constant::CONJURE_GEN_RULE_APPLY_EVAL_CONSTANT::__typecheck::{closure#0}
FN:79,conjure_oxide::rules::constant::un_op::<bool, bool>
FN:7,conjure_oxide::rules::constant::CONJURE_GEN_RULE_SET_CONSTANT::__typecheck::{closure#0}
FN:45,conjure_oxide::rules::constant::eval_constant::{closure#10}
FN:60,conjure_oxide::rules::constant::eval_constant::{closure#14}
FN:42,conjure_oxide::rules::constant::eval_constant::{closure#9}::{closure#0}
FN:27,conjure_oxide::rules::constant::eval_constant::{closure#0}
FN:55,conjure_oxide::rules::constant::eval_constant::{closure#13}
FN:34,conjure_oxide::rules::constant::eval_constant::{closure#6}
FN:66,conjure_oxide::rules::constant::eval_constant::{closure#15}
FN:23,conjure_oxide::rules::constant::eval_constant
FN:42,conjure_oxide::rules::constant::eval_constant::{closure#9}
FN:23,conjure_oxide::rules::constant::eval_constant
FN:9,conjure_oxide::rules::constant::CONJURE_GEN_RULE_APPLY_EVAL_CONSTANT::__typecheck
FN:7,conjure_oxide::rules::constant::CONJURE_GEN_RULE_SET_CONSTANT::__typecheck::{closure#0}
FN:122,conjure_oxide::rules::constant::flat_op::<i32, bool>
FN:87,conjure_oxide::rules::constant::bin_op::<bool, bool>
FN:23,conjure_oxide::rules::constant::eval_constant
FN:39,conjure_oxide::rules::constant::eval_constant::{closure#8}::{closure#0}
FN:9,conjure_oxide::rules::constant::CONJURE_GEN_RULE_APPLY_EVAL_CONSTANT::__typecheck::{closure#0}::{closure#0}
FN:131,conjure_oxide::rules::constant::unwrap_expr::<i32>
FN:60,conjure_oxide::rules::constant::eval_constant::{closure#14}
FN:33,conjure_oxide::rules::constant::eval_constant::{closure#5}
FN:27,conjure_oxide::rules::constant::eval_constant::{closure#0}
FN:28,conjure_oxide::rules::constant::eval_constant::{closure#1}
FN:55,conjure_oxide::rules::constant::eval_constant::{closure#13}
FN:27,conjure_oxide::rules::constant::eval_constant::{closure#0}
FN:36,conjure_oxide::rules::constant::eval_constant::{closure#7}
FN:10,conjure_oxide::rules::constant::apply_eval_constant
FN:131,conjure_oxide::rules::constant::unwrap_expr::<i32>
FN:7,conjure_oxide::rules::constant::CONJURE_GEN_RULE_SET_CONSTANT::__typecheck
FN:106,conjure_oxide::rules::constant::vec_op::<i32, i32>
FN:31,conjure_oxide::rules::constant::eval_constant::{closure#3}
FN:87,conjure_oxide::rules::constant::bin_op::<i32, bool>
FN:106,conjure_oxide::rules::constant::vec_op::<i32, i32>
FN:151,conjure_oxide::rules::constant::tests::safediv_by_zero
FN:114,conjure_oxide::rules::constant::opt_vec_op::<i32, i32>
FN:7,conjure_oxide::rules::constant::CONJURE_GEN_RULE_SET_CONSTANT::__typecheck::{closure#0}::{closure#0}
FN:48,conjure_oxide::rules::constant::eval_constant::{closure#11}
FN:34,conjure_oxide::rules::constant::eval_constant::{closure#6}
FN:45,conjure_oxide::rules::constant::eval_constant::{closure#10}
FN:131,conjure_oxide::rules::constant::unwrap_expr::<bool>
FN:69,conjure_oxide::rules::constant::eval_constant::{closure#16}
FN:39,conjure_oxide::rules::constant::eval_constant::{closure#8}
FN:39,conjure_oxide::rules::constant::eval_constant::{closure#8}::{closure#0}
FN:36,conjure_oxide::rules::constant::eval_constant::{closure#7}
FN:52,conjure_oxide::rules::constant::eval_constant::{closure#12}
FN:28,conjure_oxide::rules::constant::eval_constant::{closure#1}::{closure#0}
FN:96,conjure_oxide::rules::constant::tern_op::<i32, bool>
FN:32,conjure_oxide::rules::constant::eval_constant::{closure#4}
FN:60,conjure_oxide::rules::constant::eval_constant::{closure#14}
FN:32,conjure_oxide::rules::constant::eval_constant::{closure#4}
FN:9,conjure_oxide::rules::constant::CONJURE_GEN_RULE_APPLY_EVAL_CONSTANT::__typecheck::{closure#0}::{closure#0}
FN:87,conjure_oxide::rules::constant::bin_op::<i32, bool>
FN:114,conjure_oxide::rules::constant::opt_vec_op::<i32, i32>
FN:42,conjure_oxide::rules::constant::eval_constant::{closure#9}::{closure#0}
FN:7,conjure_oxide::rules::constant::CONJURE_GEN_RULE_SET_CONSTANT::__typecheck::{closure#0}::{closure#0}
FN:28,conjure_oxide::rules::constant::eval_constant::{closure#1}
FN:39,conjure_oxide::rules::constant::eval_constant::{closure#8}
FN:71,conjure_oxide::rules::constant::eval_constant::{closure#17}
FN:69,conjure_oxide::rules::constant::eval_constant::{closure#16}
FN:15,conjure_oxide::rules::constant::apply_eval_constant::{closure#0}
FN:106,conjure_oxide::rules::constant::vec_op::<i32, i32>
FN:30,conjure_oxide::rules::constant::eval_constant::{closure#2}
FN:106,conjure_oxide::rules::constant::vec_op::<bool, bool>
FN:45,conjure_oxide::rules::constant::eval_constant::{closure#10}
FN:131,conjure_oxide::rules::constant::unwrap_expr::<i32>
FN:122,conjure_oxide::rules::constant::flat_op::<i32, bool>
FN:15,conjure_oxide::rules::constant::apply_eval_constant::{closure#0}
FN:28,conjure_oxide::rules::constant::eval_constant::{closure#1}::{closure#0}
FN:15,conjure_oxide::rules::constant::apply_eval_constant::{closure#0}
FN:9,conjure_oxide::rules::constant::CONJURE_GEN_RULE_APPLY_EVAL_CONSTANT::__typecheck::{closure#0}
FN:33,conjure_oxide::rules::constant::eval_constant::{closure#5}
FN:7,conjure_oxide::rules::constant::CONJURE_GEN_RULE_SET_CONSTANT::__typecheck
FN:96,conjure_oxide::rules::constant::tern_op::<i32, bool>
FN:87,conjure_oxide::rules::constant::bin_op::<i32, bool>
FN:42,conjure_oxide::rules::constant::eval_constant::{closure#9}
FN:66,conjure_oxide::rules::constant::eval_constant::{closure#15}
FN:36,conjure_oxide::rules::constant::eval_constant::{closure#7}
FN:48,conjure_oxide::rules::constant::eval_constant::{closure#11}
FN:79,conjure_oxide::rules::constant::un_op::<bool, bool>
FN:39,conjure_oxide::rules::constant::eval_constant::{closure#8}::{closure#0}
FN:33,conjure_oxide::rules::constant::eval_constant::{closure#5}
FN:114,conjure_oxide::rules::constant::opt_vec_op::<i32, i32>
FN:31,conjure_oxide::rules::constant::eval_constant::{closure#3}
FN:71,conjure_oxide::rules::constant::eval_constant::{closure#17}
FN:87,conjure_oxide::rules::constant::bin_op::<i32, i32>
FN:42,conjure_oxide::rules::constant::eval_constant::{closure#9}::{closure#0}
FN:141,conjure_oxide::rules::constant::tests::div_by_zero
FN:28,conjure_oxide::rules::constant::eval_constant::{closure#1}::{closure#0}
FN:42,conjure_oxide::rules::constant::eval_constant::{closure#9}
FN:66,conjure_oxide::rules::constant::eval_constant::{closure#15}
FN:30,conjure_oxide::rules::constant::eval_constant::{closure#2}
FN:9,conjure_oxide::rules::constant::CONJURE_GEN_RULE_APPLY_EVAL_CONSTANT::__typecheck
FN:28,conjure_oxide::rules::constant::eval_constant::{closure#1}
FN:71,conjure_oxide::rules::constant::eval_constant::{closure#17}
FN:48,conjure_oxide::rules::constant::eval_constant::{closure#11}
FN:87,conjure_oxide::rules::constant::bin_op::<bool, bool>
FN:131,conjure_oxide::rules::constant::unwrap_expr::<bool>
FN:9,conjure_oxide::rules::constant::CONJURE_GEN_RULE_APPLY_EVAL_CONSTANT::__typecheck::{closure#0}::{closure#0}
FN:10,conjure_oxide::rules::constant::apply_eval_constant
FN:7,conjure_oxide::rules::constant::CONJURE_GEN_RULE_SET_CONSTANT::__typecheck
FN:52,conjure_oxide::rules::constant::eval_constant::{closure#12}
FN:31,conjure_oxide::rules::constant::eval_constant::{closure#3}
FN:9,conjure_oxide::rules::constant::CONJURE_GEN_RULE_APPLY_EVAL_CONSTANT::__typecheck
FN:7,conjure_oxide::rules::constant::CONJURE_GEN_RULE_SET_CONSTANT::__typecheck::{closure#0}
FN:106,conjure_oxide::rules::constant::vec_op::<bool, bool>
FN:131,conjure_oxide::rules::constant::unwrap_expr::<bool>
FN:122,conjure_oxide::rules::constant::flat_op::<i32, bool>
FN:52,conjure_oxide::rules::constant::eval_constant::{closure#12}
FN:87,conjure_oxide::rules::constant::bin_op::<i32, i32>
FN:9,conjure_oxide::rules::constant::CONJURE_GEN_RULE_APPLY_EVAL_CONSTANT::__typecheck::{closure#0}
FN:69,conjure_oxide::rules::constant::eval_constant::{closure#16}
FN:106,conjure_oxide::rules::constant::vec_op::<bool, bool>
FN:87,conjure_oxide::rules::constant::bin_op::<i32, i32>
FN:96,conjure_oxide::rules::constant::tern_op::<i32, bool>
FN:39,conjure_oxide::rules::constant::eval_constant::{closure#8}
FN:55,conjure_oxide::rules::constant::eval_constant::{closure#13}
FN:32,conjure_oxide::rules::constant::eval_constant::{closure#4}
FN:30,conjure_oxide::rules::constant::eval_constant::{closure#2}
FN:10,conjure_oxide::rules::constant::apply_eval_constant
FN:34,conjure_oxide::rules::constant::eval_constant::{closure#6}
FN:87,conjure_oxide::rules::constant::bin_op::<bool, bool>
FNDA:0,conjure_oxide::rules::constant::un_op::<bool, bool>
FNDA:0,conjure_oxide::rules::constant::CONJURE_GEN_RULE_SET_CONSTANT::__typecheck::{closure#0}::{closure#0}
FNDA:0,conjure_oxide::rules::constant::CONJURE_GEN_RULE_APPLY_EVAL_CONSTANT::__typecheck::{closure#0}
FNDA:0,conjure_oxide::rules::constant::un_op::<bool, bool>
FNDA:0,conjure_oxide::rules::constant::CONJURE_GEN_RULE_SET_CONSTANT::__typecheck::{closure#0}
FNDA:0,conjure_oxide::rules::constant::eval_constant::{closure#10}
FNDA:0,conjure_oxide::rules::constant::eval_constant::{closure#14}
FNDA:0,conjure_oxide::rules::constant::eval_constant::{closure#9}::{closure#0}
FNDA:0,conjure_oxide::rules::constant::eval_constant::{closure#0}
FNDA:0,conjure_oxide::rules::constant::eval_constant::{closure#13}
FNDA:0,conjure_oxide::rules::constant::eval_constant::{closure#6}
FNDA:0,conjure_oxide::rules::constant::eval_constant::{closure#15}
FNDA:1,conjure_oxide::rules::constant::eval_constant
FNDA:0,conjure_oxide::rules::constant::eval_constant::{closure#9}
FNDA:1,conjure_oxide::rules::constant::eval_constant
FNDA:0,conjure_oxide::rules::constant::CONJURE_GEN_RULE_APPLY_EVAL_CONSTANT::__typecheck
FNDA:0,conjure_oxide::rules::constant::CONJURE_GEN_RULE_SET_CONSTANT::__typecheck::{closure#0}
FNDA:1,conjure_oxide::rules::constant::flat_op::<i32, bool>
FNDA:1,conjure_oxide::rules::constant::bin_op::<bool, bool>
FNDA:0,conjure_oxide::rules::constant::eval_constant
FNDA:0,conjure_oxide::rules::constant::eval_constant::{closure#8}::{closure#0}
FNDA:0,conjure_oxide::rules::constant::CONJURE_GEN_RULE_APPLY_EVAL_CONSTANT::__typecheck::{closure#0}::{closure#0}
FNDA:1,conjure_oxide::rules::constant::unwrap_expr::<i32>
FNDA:0,conjure_oxide::rules::constant::eval_constant::{closure#14}
FNDA:0,conjure_oxide::rules::constant::eval_constant::{closure#5}
FNDA:0,conjure_oxide::rules::constant::eval_constant::{closure#0}
FNDA:0,conjure_oxide::rules::constant::eval_constant::{closure#1}
FNDA:0,conjure_oxide::rules::constant::eval_constant::{closure#13}
FNDA:0,conjure_oxide::rules::constant::eval_constant::{closure#0}
FNDA:0,conjure_oxide::rules::constant::eval_constant::{closure#7}
FNDA:1,conjure_oxide::rules::constant::apply_eval_constant
FNDA:0,conjure_oxide::rules::constant::unwrap_expr::<i32>
FNDA:0,conjure_oxide::rules::constant::CONJURE_GEN_RULE_SET_CONSTANT::__typecheck
FNDA:0,conjure_oxide::rules::constant::vec_op::<i32, i32>
FNDA:0,conjure_oxide::rules::constant::eval_constant::{closure#3}
FNDA:1,conjure_oxide::rules::constant::bin_op::<i32, bool>
FNDA:1,conjure_oxide::rules::constant::vec_op::<i32, i32>
FNDA:1,conjure_oxide::rules::constant::tests::safediv_by_zero
FNDA:1,conjure_oxide::rules::constant::opt_vec_op::<i32, i32>
FNDA:0,conjure_oxide::rules::constant::CONJURE_GEN_RULE_SET_CONSTANT::__typecheck::{closure#0}::{closure#0}
FNDA:0,conjure_oxide::rules::constant::eval_constant::{closure#11}
FNDA:0,conjure_oxide::rules::constant::eval_constant::{closure#6}
FNDA:0,conjure_oxide::rules::constant::eval_constant::{closure#10}
FNDA:1,conjure_oxide::rules::constant::unwrap_expr::<bool>
FNDA:0,conjure_oxide::rules::constant::eval_constant::{closure#16}
FNDA:0,conjure_oxide::rules::constant::eval_constant::{closure#8}
FNDA:0,conjure_oxide::rules::constant::eval_constant::{closure#8}::{closure#0}
FNDA:0,conjure_oxide::rules::constant::eval_constant::{closure#7}
FNDA:0,conjure_oxide::rules::constant::eval_constant::{closure#12}
FNDA:0,conjure_oxide::rules::constant::eval_constant::{closure#1}::{closure#0}
FNDA:0,conjure_oxide::rules::constant::tern_op::<i32, bool>
FNDA:0,conjure_oxide::rules::constant::eval_constant::{closure#4}
FNDA:0,conjure_oxide::rules::constant::eval_constant::{closure#14}
FNDA:0,conjure_oxide::rules::constant::eval_constant::{closure#4}
FNDA:0,conjure_oxide::rules::constant::CONJURE_GEN_RULE_APPLY_EVAL_CONSTANT::__typecheck::{closure#0}::{closure#0}
FNDA:0,conjure_oxide::rules::constant::bin_op::<i32, bool>
FNDA:0,conjure_oxide::rules::constant::opt_vec_op::<i32, i32>
FNDA:0,conjure_oxide::rules::constant::eval_constant::{closure#9}::{closure#0}
FNDA:0,conjure_oxide::rules::constant::CONJURE_GEN_RULE_SET_CONSTANT::__typecheck::{closure#0}::{closure#0}
FNDA:1,conjure_oxide::rules::constant::eval_constant::{closure#1}
FNDA:0,conjure_oxide::rules::constant::eval_constant::{closure#8}
FNDA:0,conjure_oxide::rules::constant::eval_constant::{closure#17}
FNDA:0,conjure_oxide::rules::constant::eval_constant::{closure#16}
FNDA:0,conjure_oxide::rules::constant::apply_eval_constant::{closure#0}
FNDA:0,conjure_oxide::rules::constant::vec_op::<i32, i32>
FNDA:0,conjure_oxide::rules::constant::eval_constant::{closure#2}
FNDA:1,conjure_oxide::rules::constant::vec_op::<bool, bool>
FNDA:0,conjure_oxide::rules::constant::eval_constant::{closure#10}
FNDA:1,conjure_oxide::rules::constant::unwrap_expr::<i32>
FNDA:0,conjure_oxide::rules::constant::flat_op::<i32, bool>
FNDA:1,conjure_oxide::rules::constant::apply_eval_constant::{closure#0}
FNDA:0,conjure_oxide::rules::constant::eval_constant::{closure#1}::{closure#0}
FNDA:0,conjure_oxide::rules::constant::apply_eval_constant::{closure#0}
FNDA:0,conjure_oxide::rules::constant::CONJURE_GEN_RULE_APPLY_EVAL_CONSTANT::__typecheck::{closure#0}
FNDA:0,conjure_oxide::rules::constant::eval_constant::{closure#5}
FNDA:0,conjure_oxide::rules::constant::CONJURE_GEN_RULE_SET_CONSTANT::__typecheck
FNDA:0,conjure_oxide::rules::constant::tern_op::<i32, bool>
FNDA:0,conjure_oxide::rules::constant::bin_op::<i32, bool>
FNDA:0,conjure_oxide::rules::constant::eval_constant::{closure#9}
FNDA:0,conjure_oxide::rules::constant::eval_constant::{closure#15}
FNDA:0,conjure_oxide::rules::constant::eval_constant::{closure#7}
FNDA:0,conjure_oxide::rules::constant::eval_constant::{closure#11}
FNDA:0,conjure_oxide::rules::constant::un_op::<bool, bool>
FNDA:0,conjure_oxide::rules::constant::eval_constant::{closure#8}::{closure#0}
FNDA:0,conjure_oxide::rules::constant::eval_constant::{closure#5}
FNDA:0,conjure_oxide::rules::constant::opt_vec_op::<i32, i32>
FNDA:0,conjure_oxide::rules::constant::eval_constant::{closure#3}
FNDA:0,conjure_oxide::rules::constant::eval_constant::{closure#17}
FNDA:1,conjure_oxide::rules::constant::bin_op::<i32, i32>
FNDA:0,conjure_oxide::rules::constant::eval_constant::{closure#9}::{closure#0}
FNDA:1,conjure_oxide::rules::constant::tests::div_by_zero
FNDA:0,conjure_oxide::rules::constant::eval_constant::{closure#1}::{closure#0}
FNDA:0,conjure_oxide::rules::constant::eval_constant::{closure#9}
FNDA:1,conjure_oxide::rules::constant::eval_constant::{closure#15}
FNDA:0,conjure_oxide::rules::constant::eval_constant::{closure#2}
FNDA:0,conjure_oxide::rules::constant::CONJURE_GEN_RULE_APPLY_EVAL_CONSTANT::__typecheck
FNDA:0,conjure_oxide::rules::constant::eval_constant::{closure#1}
FNDA:0,conjure_oxide::rules::constant::eval_constant::{closure#17}
FNDA:0,conjure_oxide::rules::constant::eval_constant::{closure#11}
FNDA:0,conjure_oxide::rules::constant::bin_op::<bool, bool>
FNDA:0,conjure_oxide::rules::constant::unwrap_expr::<bool>
FNDA:0,conjure_oxide::rules::constant::CONJURE_GEN_RULE_APPLY_EVAL_CONSTANT::__typecheck::{closure#0}::{closure#0}
FNDA:0,conjure_oxide::rules::constant::apply_eval_constant
FNDA:0,conjure_oxide::rules::constant::CONJURE_GEN_RULE_SET_CONSTANT::__typecheck
FNDA:0,conjure_oxide::rules::constant::eval_constant::{closure#12}
FNDA:0,conjure_oxide::rules::constant::eval_constant::{closure#3}
FNDA:0,conjure_oxide::rules::constant::CONJURE_GEN_RULE_APPLY_EVAL_CONSTANT::__typecheck
FNDA:0,conjure_oxide::rules::constant::CONJURE_GEN_RULE_SET_CONSTANT::__typecheck::{closure#0}
FNDA:0,conjure_oxide::rules::constant::vec_op::<bool, bool>
FNDA:0,conjure_oxide::rules::constant::unwrap_expr::<bool>
FNDA:0,conjure_oxide::rules::constant::flat_op::<i32, bool>
FNDA:0,conjure_oxide::rules::constant::eval_constant::{closure#12}
FNDA:0,conjure_oxide::rules::constant::bin_op::<i32, i32>
FNDA:0,conjure_oxide::rules::constant::CONJURE_GEN_RULE_APPLY_EVAL_CONSTANT::__typecheck::{closure#0}
FNDA:0,conjure_oxide::rules::constant::eval_constant::{closure#16}
FNDA:0,conjure_oxide::rules::constant::vec_op::<bool, bool>
FNDA:0,conjure_oxide::rules::constant::bin_op::<i32, i32>
FNDA:1,conjure_oxide::rules::constant::tern_op::<i32, bool>
FNDA:0,conjure_oxide::rules::constant::eval_constant::{closure#8}
FNDA:0,conjure_oxide::rules::constant::eval_constant::{closure#13}
FNDA:0,conjure_oxide::rules::constant::eval_constant::{closure#4}
FNDA:0,conjure_oxide::rules::constant::eval_constant::{closure#2}
FNDA:0,conjure_oxide::rules::constant::apply_eval_constant
FNDA:0,conjure_oxide::rules::constant::eval_constant::{closure#6}
FNDA:0,conjure_oxide::rules::constant::bin_op::<bool, bool>
FNF:125
FNH:19
BRF:0
BRH:0
DA:7,0
DA:9,0
DA:10,11706
DA:11,11706
DA:12,2862
DA:13,8844
DA:14,8844
DA:15,8844
DA:16,8844
DA:17,11706
DA:23,15496
DA:24,15496
DA:25,440
DA:26,8862
DA:27,60
DA:28,60
DA:29,60
DA:30,12
DA:31,0
DA:32,0
DA:33,348
DA:34,204
DA:36,0
DA:38,696
DA:39,696
DA:41,870
DA:42,870
DA:45,84
DA:47,3618
DA:48,3618
DA:51,30
DA:52,30
DA:54,12
DA:55,12
DA:59,90
DA:60,90
DA:62,61
DA:63,92
DA:64,2
DA:65,12
DA:66,12
DA:68,24
DA:69,24
DA:71,18
DA:73,36
DA:74,36
DA:77,15496
DA:79,0
DA:80,0
DA:81,0
DA:82,0
DA:83,0
DA:84,0
DA:85,0
DA:87,714
DA:88,714
DA:89,714
DA:90,714
DA:91,714
DA:92,12
DA:93,12
DA:94,714
DA:96,3642
DA:97,3642
DA:98,3642
DA:99,3642
DA:100,3642
DA:101,408
DA:102,0
DA:103,0
DA:104,3642
DA:106,1650
DA:107,1650
DA:108,1650
DA:109,1650
DA:110,1650
DA:111,0
DA:112,1650
DA:114,90
DA:115,90
DA:116,90
DA:117,90
DA:118,90
DA:119,0
DA:120,90
DA:122,42
DA:123,42
DA:124,42
DA:125,42
DA:126,42
DA:127,0
DA:128,0
DA:129,42
DA:131,6650
DA:132,6650
DA:133,446
DA:134,6650
DA:141,1
DA:142,1
DA:143,1
DA:144,1
DA:145,1
DA:146,1
DA:147,1
DA:148,1
DA:151,1
DA:152,1
DA:153,1
DA:154,1
DA:155,1
DA:156,1
DA:157,1
DA:158,1
LF:113
LH:95
end_of_record
SF:crates/conjure_core/src/metadata.rs
FN:16,<conjure_core::metadata::Metadata>::new
FN:4,<<conjure_core::metadata::Metadata as serde::de::Deserialize>::deserialize::__FieldVisitor as serde::de::Visitor>::visit_str::<_>
FN:4,<<conjure_core::metadata::Metadata as serde::de::Deserialize>::deserialize::__Field as serde::de::Deserialize>::deserialize::<serde_json::de::MapKey<serde_json::read::StrRead>>
FN:4,<<conjure_core::metadata::Metadata as serde::de::Deserialize>::deserialize::__FieldVisitor as serde::de::Visitor>::visit_bytes::<_>
FN:4,<<conjure_core::metadata::Metadata as serde::de::Deserialize>::deserialize::__Visitor as serde::de::Visitor>::visit_seq::<_>
FN:4,<<conjure_core::metadata::Metadata as serde::de::Deserialize>::deserialize::__Visitor as serde::de::Visitor>::expecting
FN:4,<<conjure_core::metadata::Metadata as serde::de::Deserialize>::deserialize::__FieldVisitor as serde::de::Visitor>::visit_str::<_>
FN:4,<<conjure_core::metadata::Metadata as serde::de::Deserialize>::deserialize::__FieldVisitor as serde::de::Visitor>::visit_bytes::<_>
FN:4,<<conjure_core::metadata::Metadata as serde::de::Deserialize>::deserialize::__FieldVisitor as serde::de::Visitor>::visit_u64::<_>
FN:4,<<conjure_core::metadata::Metadata as serde::de::Deserialize>::deserialize::__Visitor as serde::de::Visitor>::visit_map::<_>
FN:22,<conjure_core::metadata::Metadata as core::fmt::Display>::fmt
FN:4,<<conjure_core::metadata::Metadata as serde::de::Deserialize>::deserialize::__FieldVisitor as serde::de::Visitor>::expecting
FN:4,<<conjure_core::metadata::Metadata as serde::de::Deserialize>::deserialize::__FieldVisitor as serde::de::Visitor>::visit_str::<_>
FN:10,<conjure_core::metadata::Metadata as core::default::Default>::default
FN:4,<<conjure_core::metadata::Metadata as serde::de::Deserialize>::deserialize::__Visitor as serde::de::Visitor>::visit_map::<serde_json::de::MapAccess<serde_json::read::StrRead>>
FN:4,<<conjure_core::metadata::Metadata as serde::de::Deserialize>::deserialize::__Field as serde::de::Deserialize>::deserialize::<serde_json::de::MapKey<serde_json::read::StrRead>>
FN:22,<conjure_core::metadata::Metadata as core::fmt::Display>::fmt
FN:4,<<conjure_core::metadata::Metadata as serde::de::Deserialize>::deserialize::__FieldVisitor as serde::de::Visitor>::expecting
FN:16,<conjure_core::metadata::Metadata>::new
FN:4,<<conjure_core::metadata::Metadata as serde::de::Deserialize>::deserialize::__Visitor as serde::de::Visitor>::visit_seq::<_>
FN:4,<<conjure_core::metadata::Metadata as serde::de::Deserialize>::deserialize::__FieldVisitor as serde::de::Visitor>::expecting
FN:4,<<conjure_core::metadata::Metadata as serde::de::Deserialize>::deserialize::__Field as serde::de::Deserialize>::deserialize::<_>
FN:4,<<conjure_core::metadata::Metadata as serde::de::Deserialize>::deserialize::__FieldVisitor as serde::de::Visitor>::visit_bytes::<_>
FN:22,<conjure_core::metadata::Metadata as core::fmt::Display>::fmt
FN:4,<<conjure_core::metadata::Metadata as serde::de::Deserialize>::deserialize::__Visitor as serde::de::Visitor>::expecting
FN:10,<conjure_core::metadata::Metadata as core::default::Default>::default
FN:4,<<conjure_core::metadata::Metadata as serde::de::Deserialize>::deserialize::__Field as serde::de::Deserialize>::deserialize::<_>
FN:4,<<conjure_core::metadata::Metadata as serde::de::Deserialize>::deserialize::__Visitor as serde::de::Visitor>::visit_seq::<serde_json::de::SeqAccess<serde_json::read::StrRead>>
FN:4,<<conjure_core::metadata::Metadata as serde::de::Deserialize>::deserialize::__Visitor as serde::de::Visitor>::visit_map::<serde_json::de::MapAccess<serde_json::read::StrRead>>
FN:4,<<conjure_core::metadata::Metadata as serde::de::Deserialize>::deserialize::__Visitor as serde::de::Visitor>::visit_map::<_>
FN:4,<<conjure_core::metadata::Metadata as serde::de::Deserialize>::deserialize::__Visitor as serde::de::Visitor>::expecting
FN:4,<<conjure_core::metadata::Metadata as serde::de::Deserialize>::deserialize::__FieldVisitor as serde::de::Visitor>::visit_str::<serde_json::error::Error>
FN:4,<<conjure_core::metadata::Metadata as serde::de::Deserialize>::deserialize::__FieldVisitor as serde::de::Visitor>::visit_u64::<_>
FN:16,<conjure_core::metadata::Metadata>::new
FN:4,<<conjure_core::metadata::Metadata as serde::de::Deserialize>::deserialize::__FieldVisitor as serde::de::Visitor>::visit_str::<serde_json::error::Error>
FN:4,<<conjure_core::metadata::Metadata as serde::de::Deserialize>::deserialize::__FieldVisitor as serde::de::Visitor>::visit_u64::<_>
FN:4,<<conjure_core::metadata::Metadata as serde::de::Deserialize>::deserialize::__Visitor as serde::de::Visitor>::visit_map::<_>
FN:4,<<conjure_core::metadata::Metadata as serde::de::Deserialize>::deserialize::__Visitor as serde::de::Visitor>::visit_seq::<serde_json::de::SeqAccess<serde_json::read::StrRead>>
FN:4,<<conjure_core::metadata::Metadata as serde::de::Deserialize>::deserialize::__Field as serde::de::Deserialize>::deserialize::<_>
FN:4,<<conjure_core::metadata::Metadata as serde::de::Deserialize>::deserialize::__Visitor as serde::de::Visitor>::visit_seq::<_>
FN:10,<conjure_core::metadata::Metadata as core::default::Default>::default
FNDA:0,<conjure_core::metadata::Metadata>::new
FNDA:0,<<conjure_core::metadata::Metadata as serde::de::Deserialize>::deserialize::__FieldVisitor as serde::de::Visitor>::visit_str::<_>
FNDA:1,<<conjure_core::metadata::Metadata as serde::de::Deserialize>::deserialize::__Field as serde::de::Deserialize>::deserialize::<serde_json::de::MapKey<serde_json::read::StrRead>>
FNDA:0,<<conjure_core::metadata::Metadata as serde::de::Deserialize>::deserialize::__FieldVisitor as serde::de::Visitor>::visit_bytes::<_>
FNDA:0,<<conjure_core::metadata::Metadata as serde::de::Deserialize>::deserialize::__Visitor as serde::de::Visitor>::visit_seq::<_>
FNDA:0,<<conjure_core::metadata::Metadata as serde::de::Deserialize>::deserialize::__Visitor as serde::de::Visitor>::expecting
FNDA:0,<<conjure_core::metadata::Metadata as serde::de::Deserialize>::deserialize::__FieldVisitor as serde::de::Visitor>::visit_str::<_>
FNDA:0,<<conjure_core::metadata::Metadata as serde::de::Deserialize>::deserialize::__FieldVisitor as serde::de::Visitor>::visit_bytes::<_>
FNDA:0,<<conjure_core::metadata::Metadata as serde::de::Deserialize>::deserialize::__FieldVisitor as serde::de::Visitor>::visit_u64::<_>
FNDA:0,<<conjure_core::metadata::Metadata as serde::de::Deserialize>::deserialize::__Visitor as serde::de::Visitor>::visit_map::<_>
FNDA:0,<conjure_core::metadata::Metadata as core::fmt::Display>::fmt
FNDA:0,<<conjure_core::metadata::Metadata as serde::de::Deserialize>::deserialize::__FieldVisitor as serde::de::Visitor>::expecting
FNDA:0,<<conjure_core::metadata::Metadata as serde::de::Deserialize>::deserialize::__FieldVisitor as serde::de::Visitor>::visit_str::<_>
FNDA:0,<conjure_core::metadata::Metadata as core::default::Default>::default
FNDA:0,<<conjure_core::metadata::Metadata as serde::de::Deserialize>::deserialize::__Visitor as serde::de::Visitor>::visit_map::<serde_json::de::MapAccess<serde_json::read::StrRead>>
FNDA:0,<<conjure_core::metadata::Metadata as serde::de::Deserialize>::deserialize::__Field as serde::de::Deserialize>::deserialize::<serde_json::de::MapKey<serde_json::read::StrRead>>
FNDA:0,<conjure_core::metadata::Metadata as core::fmt::Display>::fmt
FNDA:0,<<conjure_core::metadata::Metadata as serde::de::Deserialize>::deserialize::__FieldVisitor as serde::de::Visitor>::expecting
FNDA:1,<conjure_core::metadata::Metadata>::new
FNDA:0,<<conjure_core::metadata::Metadata as serde::de::Deserialize>::deserialize::__Visitor as serde::de::Visitor>::visit_seq::<_>
FNDA:0,<<conjure_core::metadata::Metadata as serde::de::Deserialize>::deserialize::__FieldVisitor as serde::de::Visitor>::expecting
FNDA:0,<<conjure_core::metadata::Metadata as serde::de::Deserialize>::deserialize::__Field as serde::de::Deserialize>::deserialize::<_>
FNDA:0,<<conjure_core::metadata::Metadata as serde::de::Deserialize>::deserialize::__FieldVisitor as serde::de::Visitor>::visit_bytes::<_>
FNDA:0,<conjure_core::metadata::Metadata as core::fmt::Display>::fmt
FNDA:0,<<conjure_core::metadata::Metadata as serde::de::Deserialize>::deserialize::__Visitor as serde::de::Visitor>::expecting
FNDA:1,<conjure_core::metadata::Metadata as core::default::Default>::default
FNDA:0,<<conjure_core::metadata::Metadata as serde::de::Deserialize>::deserialize::__Field as serde::de::Deserialize>::deserialize::<_>
FNDA:0,<<conjure_core::metadata::Metadata as serde::de::Deserialize>::deserialize::__Visitor as serde::de::Visitor>::visit_seq::<serde_json::de::SeqAccess<serde_json::read::StrRead>>
FNDA:1,<<conjure_core::metadata::Metadata as serde::de::Deserialize>::deserialize::__Visitor as serde::de::Visitor>::visit_map::<serde_json::de::MapAccess<serde_json::read::StrRead>>
FNDA:0,<<conjure_core::metadata::Metadata as serde::de::Deserialize>::deserialize::__Visitor as serde::de::Visitor>::visit_map::<_>
FNDA:0,<<conjure_core::metadata::Metadata as serde::de::Deserialize>::deserialize::__Visitor as serde::de::Visitor>::expecting
FNDA:1,<<conjure_core::metadata::Metadata as serde::de::Deserialize>::deserialize::__FieldVisitor as serde::de::Visitor>::visit_str::<serde_json::error::Error>
FNDA:0,<<conjure_core::metadata::Metadata as serde::de::Deserialize>::deserialize::__FieldVisitor as serde::de::Visitor>::visit_u64::<_>
FNDA:0,<conjure_core::metadata::Metadata>::new
FNDA:0,<<conjure_core::metadata::Metadata as serde::de::Deserialize>::deserialize::__FieldVisitor as serde::de::Visitor>::visit_str::<serde_json::error::Error>
FNDA:0,<<conjure_core::metadata::Metadata as serde::de::Deserialize>::deserialize::__FieldVisitor as serde::de::Visitor>::visit_u64::<_>
FNDA:0,<<conjure_core::metadata::Metadata as serde::de::Deserialize>::deserialize::__Visitor as serde::de::Visitor>::visit_map::<_>
FNDA:0,<<conjure_core::metadata::Metadata as serde::de::Deserialize>::deserialize::__Visitor as serde::de::Visitor>::visit_seq::<serde_json::de::SeqAccess<serde_json::read::StrRead>>
FNDA:0,<<conjure_core::metadata::Metadata as serde::de::Deserialize>::deserialize::__Field as serde::de::Deserialize>::deserialize::<_>
FNDA:0,<<conjure_core::metadata::Metadata as serde::de::Deserialize>::deserialize::__Visitor as serde::de::Visitor>::visit_seq::<_>
FNDA:0,<conjure_core::metadata::Metadata as core::default::Default>::default
FNF:41
FNH:5
BRF:0
BRH:0
DA:4,3888
DA:10,42
DA:11,42
DA:12,42
DA:16,2142
DA:17,2142
DA:18,2142
DA:22,0
DA:23,0
DA:24,0
LF:10
LH:7
end_of_record
SF:conjure_oxide/src/solver/mod.rs
FN:326,<conjure_oxide::solver::SolverError as core::fmt::Display>::fmt
FN:231,<conjure_oxide::solver::Solver<conjure_oxide::solver::adaptors::minion::Minion>>::new
FN:315,<conjure_oxide::solver::Solver<_, conjure_oxide::solver::states::ExecutionSuccess>>::stats
FN:284,<conjure_oxide::solver::Solver<_, conjure_oxide::solver::states::ModelLoaded>>::solve_mut
FN:244,<conjure_oxide::solver::Solver<conjure_oxide::solver::adaptors::minion::Minion>>::load_model
FN:255,<conjure_oxide::solver::Solver<conjure_oxide::solver::adaptors::minion::Minion, conjure_oxide::solver::states::ModelLoaded>>::solve
FN:315,<conjure_oxide::solver::Solver<_, conjure_oxide::solver::states::ExecutionSuccess>>::stats
FN:255,<conjure_oxide::solver::Solver<_, conjure_oxide::solver::states::ModelLoaded>>::solve
FN:284,<conjure_oxide::solver::Solver<_, conjure_oxide::solver::states::ModelLoaded>>::solve_mut
FN:231,<conjure_oxide::solver::Solver<_>>::new
FN:326,<conjure_oxide::solver::SolverError as core::fmt::Display>::fmt
FN:319,<conjure_oxide::solver::Solver<_, conjure_oxide::solver::states::ExecutionSuccess>>::wall_time_s
FN:244,<conjure_oxide::solver::Solver<conjure_oxide::solver::adaptors::minion::Minion>>::load_model
FN:326,<conjure_oxide::solver::SolverError as core::fmt::Display>::fmt
FN:207,<conjure_oxide::solver::adaptors::minion::Minion as conjure_oxide::solver::SolverAdaptor>::init_solver
FN:244,<conjure_oxide::solver::Solver<_>>::load_model
FN:207,<conjure_oxide::solver::adaptors::minion::Minion as conjure_oxide::solver::SolverAdaptor>::init_solver
FN:319,<conjure_oxide::solver::Solver<_, conjure_oxide::solver::states::ExecutionSuccess>>::wall_time_s
FN:315,<conjure_oxide::solver::Solver<_, conjure_oxide::solver::states::ExecutionSuccess>>::stats
FN:319,<conjure_oxide::solver::Solver<_, conjure_oxide::solver::states::ExecutionSuccess>>::wall_time_s
FN:207,<_ as conjure_oxide::solver::SolverAdaptor>::init_solver
FN:284,<conjure_oxide::solver::Solver<_, conjure_oxide::solver::states::ModelLoaded>>::solve_mut
FN:255,<conjure_oxide::solver::Solver<conjure_oxide::solver::adaptors::minion::Minion, conjure_oxide::solver::states::ModelLoaded>>::solve
FN:231,<conjure_oxide::solver::Solver<conjure_oxide::solver::adaptors::minion::Minion>>::new
FNDA:0,<conjure_oxide::solver::SolverError as core::fmt::Display>::fmt
FNDA:0,<conjure_oxide::solver::Solver<conjure_oxide::solver::adaptors::minion::Minion>>::new
FNDA:0,<conjure_oxide::solver::Solver<_, conjure_oxide::solver::states::ExecutionSuccess>>::stats
FNDA:0,<conjure_oxide::solver::Solver<_, conjure_oxide::solver::states::ModelLoaded>>::solve_mut
FNDA:1,<conjure_oxide::solver::Solver<conjure_oxide::solver::adaptors::minion::Minion>>::load_model
FNDA:1,<conjure_oxide::solver::Solver<conjure_oxide::solver::adaptors::minion::Minion, conjure_oxide::solver::states::ModelLoaded>>::solve
FNDA:0,<conjure_oxide::solver::Solver<_, conjure_oxide::solver::states::ExecutionSuccess>>::stats
FNDA:0,<conjure_oxide::solver::Solver<_, conjure_oxide::solver::states::ModelLoaded>>::solve
FNDA:0,<conjure_oxide::solver::Solver<_, conjure_oxide::solver::states::ModelLoaded>>::solve_mut
FNDA:0,<conjure_oxide::solver::Solver<_>>::new
FNDA:0,<conjure_oxide::solver::SolverError as core::fmt::Display>::fmt
FNDA:0,<conjure_oxide::solver::Solver<_, conjure_oxide::solver::states::ExecutionSuccess>>::wall_time_s
FNDA:0,<conjure_oxide::solver::Solver<conjure_oxide::solver::adaptors::minion::Minion>>::load_model
FNDA:0,<conjure_oxide::solver::SolverError as core::fmt::Display>::fmt
FNDA:0,<conjure_oxide::solver::adaptors::minion::Minion as conjure_oxide::solver::SolverAdaptor>::init_solver
FNDA:0,<conjure_oxide::solver::Solver<_>>::load_model
FNDA:1,<conjure_oxide::solver::adaptors::minion::Minion as conjure_oxide::solver::SolverAdaptor>::init_solver
FNDA:0,<conjure_oxide::solver::Solver<_, conjure_oxide::solver::states::ExecutionSuccess>>::wall_time_s
FNDA:0,<conjure_oxide::solver::Solver<_, conjure_oxide::solver::states::ExecutionSuccess>>::stats
FNDA:0,<conjure_oxide::solver::Solver<_, conjure_oxide::solver::states::ExecutionSuccess>>::wall_time_s
FNDA:0,<_ as conjure_oxide::solver::SolverAdaptor>::init_solver
FNDA:0,<conjure_oxide::solver::Solver<_, conjure_oxide::solver::states::ModelLoaded>>::solve_mut
FNDA:0,<conjure_oxide::solver::Solver<conjure_oxide::solver::adaptors::minion::Minion, conjure_oxide::solver::states::ModelLoaded>>::solve
FNDA:1,<conjure_oxide::solver::Solver<conjure_oxide::solver::adaptors::minion::Minion>>::new
FNF:24
FNH:4
BRF:0
BRH:0
DA:207,66
DA:231,66
DA:232,66
DA:233,66
DA:234,66
DA:235,66
DA:236,66
DA:237,66
DA:238,66
DA:239,66
DA:240,66
DA:244,66
DA:245,66
DA:246,66
DA:247,66
DA:248,66
DA:249,66
DA:250,66
DA:251,66
DA:255,66
DA:256,66
DA:257,66
DA:258,66
DA:259,66
DA:260,66
DA:261,66
DA:262,66
DA:263,66
DA:264,66
DA:265,66
DA:266,66
DA:267,66
DA:268,66
DA:269,66
DA:270,66
DA:271,66
DA:272,66
DA:273,66
DA:274,66
DA:275,66
DA:276,66
DA:277,66
DA:278,66
DA:279,66
DA:280,0
DA:282,66
DA:284,0
DA:285,0
DA:286,0
DA:287,0
DA:288,0
DA:289,0
DA:290,0
DA:291,0
DA:292,0
DA:293,0
DA:294,0
DA:295,0
DA:296,0
DA:297,0
DA:298,0
DA:299,0
DA:300,0
DA:301,0
DA:302,0
DA:303,0
DA:304,0
DA:305,0
DA:306,0
DA:307,0
DA:308,0
DA:309,0
DA:311,0
DA:315,0
DA:316,0
DA:317,0
DA:319,0
DA:320,0
DA:321,0
DA:326,0
LF:80
LH:45
end_of_record
SF:solvers/chuffed/tests/chuffed_basic_run.rs
FN:11,chuffed_basic_run::post_constraints
FN:42,chuffed_basic_run::run_basic_problem
FN:35,callback
FNDA:0,chuffed_basic_run::post_constraints
FNDA:1,chuffed_basic_run::run_basic_problem
FNDA:0,callback
FNF:3
FNH:1
BRF:0
BRH:0
DA:11,0
DA:12,0
DA:13,0
DA:14,0
DA:15,0
DA:16,0
DA:17,0
DA:18,0
DA:19,0
DA:20,0
DA:21,0
DA:22,0
DA:23,0
DA:24,0
DA:25,0
DA:26,0
DA:27,0
DA:28,0
DA:29,0
DA:30,0
DA:31,0
DA:35,0
DA:36,0
DA:37,0
DA:42,1
DA:43,1
DA:44,1
DA:45,1
DA:46,1
DA:47,1
DA:48,0
DA:49,0
DA:50,0
DA:51,0
DA:52,0
DA:53,0
DA:54,0
DA:55,0
DA:56,0
DA:57,0
DA:58,0
DA:59,0
DA:60,0
DA:61,0
DA:62,0
DA:63,0
DA:64,0
DA:65,0
DA:67,1
LF:49
LH:7
end_of_record
SF:conjure_oxide/src/rule_engine/rewrite.rs
FN:59,conjure_oxide::rule_engine::rewrite::rewrite_iteration
FN:31,<conjure_oxide::rule_engine::rewrite::RewriteError as core::convert::From<conjure_oxide::rule_engine::resolve_rules::ResolveRulesError>>::from
FN:85,conjure_oxide::rule_engine::rewrite::apply_all_rules
FN:42,conjure_oxide::rule_engine::rewrite::rewrite_model
FN:42,conjure_oxide::rule_engine::rewrite::rewrite_model
FN:85,conjure_oxide::rule_engine::rewrite::apply_all_rules
FN:23,<conjure_oxide::rule_engine::rewrite::RewriteError as core::fmt::Display>::fmt
FN:112,conjure_oxide::rule_engine::rewrite::choose_rewrite
FN:112,conjure_oxide::rule_engine::rewrite::choose_rewrite
FN:23,<conjure_oxide::rule_engine::rewrite::RewriteError as core::fmt::Display>::fmt
FN:31,<conjure_oxide::rule_engine::rewrite::RewriteError as core::convert::From<conjure_oxide::rule_engine::resolve_rules::ResolveRulesError>>::from
FN:42,conjure_oxide::rule_engine::rewrite::rewrite_model
FN:85,conjure_oxide::rule_engine::rewrite::apply_all_rules
FN:31,<conjure_oxide::rule_engine::rewrite::RewriteError as core::convert::From<conjure_oxide::rule_engine::resolve_rules::ResolveRulesError>>::from
FN:59,conjure_oxide::rule_engine::rewrite::rewrite_iteration
FN:112,conjure_oxide::rule_engine::rewrite::choose_rewrite
FN:59,conjure_oxide::rule_engine::rewrite::rewrite_iteration
FN:23,<conjure_oxide::rule_engine::rewrite::RewriteError as core::fmt::Display>::fmt
FNDA:0,conjure_oxide::rule_engine::rewrite::rewrite_iteration
FNDA:0,<conjure_oxide::rule_engine::rewrite::RewriteError as core::convert::From<conjure_oxide::rule_engine::resolve_rules::ResolveRulesError>>::from
FNDA:0,conjure_oxide::rule_engine::rewrite::apply_all_rules
FNDA:0,conjure_oxide::rule_engine::rewrite::rewrite_model
FNDA:0,conjure_oxide::rule_engine::rewrite::rewrite_model
FNDA:0,conjure_oxide::rule_engine::rewrite::apply_all_rules
FNDA:0,<conjure_oxide::rule_engine::rewrite::RewriteError as core::fmt::Display>::fmt
FNDA:0,conjure_oxide::rule_engine::rewrite::choose_rewrite
FNDA:1,conjure_oxide::rule_engine::rewrite::choose_rewrite
FNDA:0,<conjure_oxide::rule_engine::rewrite::RewriteError as core::fmt::Display>::fmt
FNDA:0,<conjure_oxide::rule_engine::rewrite::RewriteError as core::convert::From<conjure_oxide::rule_engine::resolve_rules::ResolveRulesError>>::from
FNDA:1,conjure_oxide::rule_engine::rewrite::rewrite_model
FNDA:1,conjure_oxide::rule_engine::rewrite::apply_all_rules
FNDA:0,<conjure_oxide::rule_engine::rewrite::RewriteError as core::convert::From<conjure_oxide::rule_engine::resolve_rules::ResolveRulesError>>::from
FNDA:0,conjure_oxide::rule_engine::rewrite::rewrite_iteration
FNDA:0,conjure_oxide::rule_engine::rewrite::choose_rewrite
FNDA:1,conjure_oxide::rule_engine::rewrite::rewrite_iteration
FNDA:0,<conjure_oxide::rule_engine::rewrite::RewriteError as core::fmt::Display>::fmt
FNF:18
FNH:4
BRF:0
BRH:0
DA:23,0
DA:24,0
DA:25,0
DA:26,0
DA:27,0
DA:31,0
DA:32,0
DA:33,0
DA:42,66
DA:43,66
DA:44,66
DA:45,66
DA:46,66
DA:47,66
DA:48,66
DA:50,720
DA:51,654
DA:52,654
DA:53,66
DA:54,66
DA:59,11706
DA:60,11706
DA:61,11706
DA:62,11706
DA:63,11706
DA:64,11706
DA:65,11706
DA:66,654
DA:68,11052
DA:70,11052
DA:71,10986
DA:72,714
DA:73,714
DA:74,714
DA:75,0
DA:76,10272
DA:79,10338
DA:80,11706
DA:85,11706
DA:86,11706
DA:87,11706
DA:88,11706
DA:89,11706
DA:90,11706
DA:91,362886
DA:92,351180
DA:93,666
DA:94,666
DA:95,666
DA:96,666
DA:97,666
DA:98,666
DA:101,350514
DA:102,350514
DA:106,11706
DA:107,11706
DA:112,11706
DA:113,11706
DA:114,11052
DA:115,654
DA:116,654
DA:117,654
DA:118,11706
LF:63
LH:54
end_of_record
SF:crates/uniplate/tests/expr_stmt_manual.rs
FN:415,expr_stmt_manual::universe_bi_multitype
FN:80,<expr_stmt_manual::Expr as uniplate::biplate::Uniplate>::uniplate::{closure#2}
FN:166,<expr_stmt_manual::Stmt as uniplate::biplate::Biplate<expr_stmt_manual::Expr>>::biplate::{closure#0}
FN:256,<expr_stmt_manual::Expr as uniplate::biplate::Biplate<expr_stmt_manual::Expr>>::biplate
FN:188,<expr_stmt_manual::Stmt as uniplate::biplate::Biplate<expr_stmt_manual::Expr>>::biplate::{closure#2}
FN:326,<expr_stmt_manual::Stmt as uniplate::biplate::Uniplate>::uniplate::{closure#4}
FN:128,<expr_stmt_manual::Expr as uniplate::biplate::Uniplate>::uniplate::{closure#6}
FN:223,<expr_stmt_manual::Stmt as uniplate::biplate::Biplate<expr_stmt_manual::Expr>>::biplate::{closure#5}
FN:150,<expr_stmt_manual::Expr as uniplate::biplate::Biplate<expr_stmt_manual::Stmt>>::biplate::{closure#0}
FN:243,<expr_stmt_manual::Stmt as uniplate::biplate::Biplate<expr_stmt_manual::Expr>>::biplate::{closure#6}
FN:268,<expr_stmt_manual::Stmt as uniplate::biplate::Biplate<expr_stmt_manual::Stmt>>::biplate
FN:201,<expr_stmt_manual::Stmt as uniplate::biplate::Biplate<expr_stmt_manual::Expr>>::biplate::{closure#4}
FN:138,<expr_stmt_manual::Expr as uniplate::biplate::Biplate<expr_stmt_manual::Stmt>>::biplate
FN:317,<expr_stmt_manual::Stmt as uniplate::biplate::Uniplate>::uniplate::{closure#3}
FN:259,<expr_stmt_manual::Expr as uniplate::biplate::Biplate<expr_stmt_manual::Expr>>::biplate::{closure#0}
FN:42,<expr_stmt_manual::Expr as uniplate::biplate::Uniplate>::uniplate::{closure#0}
FN:174,<expr_stmt_manual::Stmt as uniplate::biplate::Biplate<expr_stmt_manual::Expr>>::biplate::{closure#1}
FN:349,<expr_stmt_manual::Stmt as uniplate::biplate::Uniplate>::uniplate::{closure#5}
FN:313,<expr_stmt_manual::Stmt as uniplate::biplate::Uniplate>::uniplate::{closure#2}
FN:113,<expr_stmt_manual::Expr as uniplate::biplate::Uniplate>::uniplate::{closure#4}
FN:283,<expr_stmt_manual::Stmt as uniplate::biplate::Uniplate>::uniplate
FN:298,<expr_stmt_manual::Stmt as uniplate::biplate::Uniplate>::uniplate::{closure#1}
FN:61,<expr_stmt_manual::Expr as uniplate::biplate::Uniplate>::uniplate::{closure#1}
FN:197,<expr_stmt_manual::Stmt as uniplate::biplate::Biplate<expr_stmt_manual::Expr>>::biplate::{closure#3}::{closure#0}
FN:32,<expr_stmt_manual::Expr as uniplate::biplate::Uniplate>::uniplate
FN:271,<expr_stmt_manual::Stmt as uniplate::biplate::Biplate<expr_stmt_manual::Stmt>>::biplate::{closure#0}
FN:322,<expr_stmt_manual::Stmt as uniplate::biplate::Uniplate>::uniplate::{closure#3}::{closure#0}
FN:120,<expr_stmt_manual::Expr as uniplate::biplate::Uniplate>::uniplate::{closure#5}
FN:382,expr_stmt_manual::children_bi_multitype
FN:369,<expr_stmt_manual::Stmt as uniplate::biplate::Uniplate>::uniplate::{closure#6}
FN:99,<expr_stmt_manual::Expr as uniplate::biplate::Uniplate>::uniplate::{closure#3}
FN:288,<expr_stmt_manual::Stmt as uniplate::biplate::Uniplate>::uniplate::{closure#0}
FN:160,<expr_stmt_manual::Stmt as uniplate::biplate::Biplate<expr_stmt_manual::Expr>>::biplate
FN:192,<expr_stmt_manual::Stmt as uniplate::biplate::Biplate<expr_stmt_manual::Expr>>::biplate::{closure#3}
FNDA:0,expr_stmt_manual::universe_bi_multitype
FNDA:0,<expr_stmt_manual::Expr as uniplate::biplate::Uniplate>::uniplate::{closure#2}
FNDA:0,<expr_stmt_manual::Stmt as uniplate::biplate::Biplate<expr_stmt_manual::Expr>>::biplate::{closure#0}
FNDA:0,<expr_stmt_manual::Expr as uniplate::biplate::Biplate<expr_stmt_manual::Expr>>::biplate
FNDA:0,<expr_stmt_manual::Stmt as uniplate::biplate::Biplate<expr_stmt_manual::Expr>>::biplate::{closure#2}
FNDA:0,<expr_stmt_manual::Stmt as uniplate::biplate::Uniplate>::uniplate::{closure#4}
FNDA:0,<expr_stmt_manual::Expr as uniplate::biplate::Uniplate>::uniplate::{closure#6}
FNDA:0,<expr_stmt_manual::Stmt as uniplate::biplate::Biplate<expr_stmt_manual::Expr>>::biplate::{closure#5}
FNDA:0,<expr_stmt_manual::Expr as uniplate::biplate::Biplate<expr_stmt_manual::Stmt>>::biplate::{closure#0}
FNDA:0,<expr_stmt_manual::Stmt as uniplate::biplate::Biplate<expr_stmt_manual::Expr>>::biplate::{closure#6}
FNDA:0,<expr_stmt_manual::Stmt as uniplate::biplate::Biplate<expr_stmt_manual::Stmt>>::biplate
FNDA:0,<expr_stmt_manual::Stmt as uniplate::biplate::Biplate<expr_stmt_manual::Expr>>::biplate::{closure#4}
FNDA:0,<expr_stmt_manual::Expr as uniplate::biplate::Biplate<expr_stmt_manual::Stmt>>::biplate
FNDA:0,<expr_stmt_manual::Stmt as uniplate::biplate::Uniplate>::uniplate::{closure#3}
FNDA:0,<expr_stmt_manual::Expr as uniplate::biplate::Biplate<expr_stmt_manual::Expr>>::biplate::{closure#0}
FNDA:0,<expr_stmt_manual::Expr as uniplate::biplate::Uniplate>::uniplate::{closure#0}
FNDA:0,<expr_stmt_manual::Stmt as uniplate::biplate::Biplate<expr_stmt_manual::Expr>>::biplate::{closure#1}
FNDA:0,<expr_stmt_manual::Stmt as uniplate::biplate::Uniplate>::uniplate::{closure#5}
FNDA:0,<expr_stmt_manual::Stmt as uniplate::biplate::Uniplate>::uniplate::{closure#2}
FNDA:0,<expr_stmt_manual::Expr as uniplate::biplate::Uniplate>::uniplate::{closure#4}
FNDA:0,<expr_stmt_manual::Stmt as uniplate::biplate::Uniplate>::uniplate
FNDA:0,<expr_stmt_manual::Stmt as uniplate::biplate::Uniplate>::uniplate::{closure#1}
FNDA:0,<expr_stmt_manual::Expr as uniplate::biplate::Uniplate>::uniplate::{closure#1}
FNDA:0,<expr_stmt_manual::Stmt as uniplate::biplate::Biplate<expr_stmt_manual::Expr>>::biplate::{closure#3}::{closure#0}
FNDA:0,<expr_stmt_manual::Expr as uniplate::biplate::Uniplate>::uniplate
FNDA:0,<expr_stmt_manual::Stmt as uniplate::biplate::Biplate<expr_stmt_manual::Stmt>>::biplate::{closure#0}
FNDA:0,<expr_stmt_manual::Stmt as uniplate::biplate::Uniplate>::uniplate::{closure#3}::{closure#0}
FNDA:0,<expr_stmt_manual::Expr as uniplate::biplate::Uniplate>::uniplate::{closure#5}
FNDA:0,expr_stmt_manual::children_bi_multitype
FNDA:0,<expr_stmt_manual::Stmt as uniplate::biplate::Uniplate>::uniplate::{closure#6}
FNDA:0,<expr_stmt_manual::Expr as uniplate::biplate::Uniplate>::uniplate::{closure#3}
FNDA:0,<expr_stmt_manual::Stmt as uniplate::biplate::Uniplate>::uniplate::{closure#0}
FNDA:0,<expr_stmt_manual::Stmt as uniplate::biplate::Biplate<expr_stmt_manual::Expr>>::biplate
FNDA:0,<expr_stmt_manual::Stmt as uniplate::biplate::Biplate<expr_stmt_manual::Expr>>::biplate::{closure#3}
FNF:34
FNH:0
BRF:0
BRH:0
DA:32,0
DA:33,0
DA:34,0
DA:35,0
DA:36,0
DA:37,0
DA:38,0
DA:39,0
DA:40,0
DA:41,0
DA:42,0
DA:43,0
DA:44,0
DA:45,0
DA:46,0
DA:47,0
DA:48,0
DA:49,0
DA:50,0
DA:51,0
DA:53,0
DA:54,0
DA:55,0
DA:56,0
DA:57,0
DA:58,0
DA:59,0
DA:60,0
DA:61,0
DA:62,0
DA:63,0
DA:64,0
DA:65,0
DA:66,0
DA:67,0
DA:68,0
DA:69,0
DA:70,0
DA:72,0
DA:73,0
DA:74,0
DA:75,0
DA:76,0
DA:77,0
DA:78,0
DA:79,0
DA:80,0
DA:81,0
DA:82,0
DA:83,0
DA:84,0
DA:85,0
DA:86,0
DA:87,0
DA:88,0
DA:89,0
DA:91,0
DA:92,0
DA:93,0
DA:94,0
DA:95,0
DA:96,0
DA:97,0
DA:98,0
DA:99,0
DA:100,0
DA:101,0
DA:102,0
DA:103,0
DA:104,0
DA:105,0
DA:106,0
DA:107,0
DA:108,0
DA:111,0
DA:112,0
DA:113,0
DA:114,0
DA:115,0
DA:116,0
DA:117,0
DA:118,0
DA:119,0
DA:120,0
DA:121,0
DA:122,0
DA:123,0
DA:124,0
DA:126,0
DA:127,0
DA:128,0
DA:129,0
DA:130,0
DA:131,0
DA:132,0
DA:134,0
DA:138,0
DA:139,0
DA:140,0
DA:141,0
DA:142,0
DA:143,0
DA:144,0
DA:145,0
DA:146,0
DA:147,0
DA:148,0
DA:149,0
DA:150,0
DA:151,0
DA:152,0
DA:153,0
DA:154,0
DA:155,0
DA:160,0
DA:161,0
DA:162,0
DA:163,0
DA:164,0
DA:165,0
DA:166,0
DA:167,0
DA:168,0
DA:169,0
DA:170,0
DA:171,0
DA:172,0
DA:173,0
DA:174,0
DA:175,0
DA:176,0
DA:177,0
DA:178,0
DA:179,0
DA:180,0
DA:182,0
DA:183,0
DA:184,0
DA:185,0
DA:186,0
DA:187,0
DA:188,0
DA:189,0
DA:190,0
DA:191,0
DA:192,0
DA:193,0
DA:194,0
DA:197,0
DA:198,0
DA:199,0
DA:200,0
DA:201,0
DA:202,0
DA:203,0
DA:205,0
DA:206,0
DA:207,0
DA:208,0
DA:209,0
DA:212,0
DA:213,0
DA:214,0
DA:215,0
DA:216,0
DA:217,0
DA:218,0
DA:219,0
DA:220,0
DA:221,0
DA:222,0
DA:223,0
DA:224,0
DA:225,0
DA:226,0
DA:227,0
DA:228,0
DA:229,0
DA:230,0
DA:231,0
DA:232,0
DA:233,0
DA:235,0
DA:236,0
DA:237,0
DA:238,0
DA:239,0
DA:240,0
DA:241,0
DA:242,0
DA:243,0
DA:244,0
DA:245,0
DA:246,0
DA:247,0
DA:248,0
DA:249,0
DA:252,0
DA:256,0
DA:257,0
DA:258,0
DA:259,0
DA:260,0
DA:261,0
DA:262,0
DA:263,0
DA:264,0
DA:268,0
DA:269,0
DA:270,0
DA:271,0
DA:272,0
DA:273,0
DA:274,0
DA:275,0
DA:276,0
DA:283,0
DA:284,0
DA:285,0
DA:286,0
DA:287,0
DA:288,0
DA:289,0
DA:290,0
DA:291,0
DA:292,0
DA:293,0
DA:294,0
DA:295,0
DA:296,0
DA:297,0
DA:298,0
DA:299,0
DA:300,0
DA:301,0
DA:302,0
DA:303,0
DA:304,0
DA:306,0
DA:307,0
DA:308,0
DA:309,0
DA:310,0
DA:311,0
DA:312,0
DA:313,0
DA:314,0
DA:315,0
DA:316,0
DA:317,0
DA:318,0
DA:319,0
DA:322,0
DA:323,0
DA:324,0
DA:325,0
DA:326,0
DA:327,0
DA:328,0
DA:330,0
DA:331,0
DA:332,0
DA:333,0
DA:334,0
DA:336,0
DA:337,0
DA:338,0
DA:339,0
DA:340,0
DA:341,0
DA:342,0
DA:343,0
DA:344,0
DA:345,0
DA:346,0
DA:347,0
DA:348,0
DA:349,0
DA:350,0
DA:351,0
DA:352,0
DA:353,0
DA:354,0
DA:355,0
DA:356,0
DA:357,0
DA:358,0
DA:359,0
DA:361,0
DA:362,0
DA:363,0
DA:364,0
DA:365,0
DA:366,0
DA:367,0
DA:368,0
DA:369,0
DA:370,0
DA:371,0
DA:372,0
DA:373,0
DA:374,0
DA:375,0
DA:378,0
DA:382,0
DA:383,0
DA:384,0
DA:385,0
DA:386,0
DA:387,0
DA:388,0
DA:389,0
DA:390,0
DA:391,0
DA:392,0
DA:393,0
DA:394,0
DA:395,0
DA:396,0
DA:397,0
DA:398,0
DA:399,0
DA:400,0
DA:401,0
DA:402,0
DA:403,0
DA:404,0
DA:405,0
DA:407,0
DA:408,0
DA:409,0
DA:410,0
DA:411,0
DA:412,0
DA:415,0
DA:416,0
DA:417,0
DA:418,0
DA:419,0
DA:420,0
DA:421,0
DA:422,0
DA:423,0
DA:424,0
DA:425,0
DA:426,0
DA:427,0
DA:428,0
DA:429,0
DA:430,0
DA:431,0
DA:432,0
DA:433,0
DA:434,0
DA:435,0
DA:436,0
DA:437,0
DA:438,0
DA:440,0
DA:441,0
DA:442,0
DA:443,0
DA:444,0
DA:445,0
DA:446,0
DA:447,0
DA:448,0
DA:449,0
LF:368
LH:0
end_of_record
SF:conjure_oxide/src/solver/adaptors/kissat.rs
FN:38,<conjure_oxide::solver::adaptors::kissat::Kissat as conjure_oxide::solver::SolverAdaptor>::solve
FN:32,<conjure_oxide::solver::adaptors::kissat::Kissat as conjure_oxide::solver::SolverAdaptor>::new
FN:56,<conjure_oxide::solver::adaptors::kissat::Kissat as conjure_oxide::solver::SolverAdaptor>::load_model
FN:56,<conjure_oxide::solver::adaptors::kissat::Kissat as conjure_oxide::solver::SolverAdaptor>::load_model
FN:32,<conjure_oxide::solver::adaptors::kissat::Kissat as conjure_oxide::solver::SolverAdaptor>::new
FN:32,<conjure_oxide::solver::adaptors::kissat::Kissat as conjure_oxide::solver::SolverAdaptor>::new
FN:56,<conjure_oxide::solver::adaptors::kissat::Kissat as conjure_oxide::solver::SolverAdaptor>::load_model
FN:38,<conjure_oxide::solver::adaptors::kissat::Kissat as conjure_oxide::solver::SolverAdaptor>::solve
FN:47,<conjure_oxide::solver::adaptors::kissat::Kissat as conjure_oxide::solver::SolverAdaptor>::solve_mut
FN:47,<conjure_oxide::solver::adaptors::kissat::Kissat as conjure_oxide::solver::SolverAdaptor>::solve_mut
FN:47,<conjure_oxide::solver::adaptors::kissat::Kissat as conjure_oxide::solver::SolverAdaptor>::solve_mut
FN:38,<conjure_oxide::solver::adaptors::kissat::Kissat as conjure_oxide::solver::SolverAdaptor>::solve
FNDA:0,<conjure_oxide::solver::adaptors::kissat::Kissat as conjure_oxide::solver::SolverAdaptor>::solve
FNDA:0,<conjure_oxide::solver::adaptors::kissat::Kissat as conjure_oxide::solver::SolverAdaptor>::new
FNDA:0,<conjure_oxide::solver::adaptors::kissat::Kissat as conjure_oxide::solver::SolverAdaptor>::load_model
FNDA:0,<conjure_oxide::solver::adaptors::kissat::Kissat as conjure_oxide::solver::SolverAdaptor>::load_model
FNDA:0,<conjure_oxide::solver::adaptors::kissat::Kissat as conjure_oxide::solver::SolverAdaptor>::new
FNDA:0,<conjure_oxide::solver::adaptors::kissat::Kissat as conjure_oxide::solver::SolverAdaptor>::new
FNDA:0,<conjure_oxide::solver::adaptors::kissat::Kissat as conjure_oxide::solver::SolverAdaptor>::load_model
FNDA:0,<conjure_oxide::solver::adaptors::kissat::Kissat as conjure_oxide::solver::SolverAdaptor>::solve
FNDA:0,<conjure_oxide::solver::adaptors::kissat::Kissat as conjure_oxide::solver::SolverAdaptor>::solve_mut
FNDA:0,<conjure_oxide::solver::adaptors::kissat::Kissat as conjure_oxide::solver::SolverAdaptor>::solve_mut
FNDA:0,<conjure_oxide::solver::adaptors::kissat::Kissat as conjure_oxide::solver::SolverAdaptor>::solve_mut
FNDA:0,<conjure_oxide::solver::adaptors::kissat::Kissat as conjure_oxide::solver::SolverAdaptor>::solve
FNF:12
FNH:0
BRF:0
BRH:0
DA:32,0
DA:33,0
DA:34,0
DA:35,0
DA:36,0
DA:38,0
DA:39,0
DA:40,0
DA:41,0
DA:42,0
DA:43,0
DA:44,0
DA:45,0
DA:47,0
DA:48,0
DA:49,0
DA:50,0
DA:51,0
DA:52,0
DA:53,0
DA:54,0
DA:56,0
DA:57,0
DA:58,0
DA:59,0
DA:60,0
DA:61,0
DA:62,0
LF:28
LH:0
end_of_record
SF:solvers/chuffed/tests/chuffed_cpp_run.rs
FN:4,chuffed_cpp_run::run_cpp_problem
FNDA:1,chuffed_cpp_run::run_cpp_problem
FNF:1
FNH:1
BRF:0
BRH:0
DA:4,1
DA:5,1
DA:6,1
DA:7,1
DA:8,1
DA:9,1
DA:10,1
DA:11,1
DA:12,1
DA:14,1
LF:10
LH:10
end_of_record
SF:conjure_oxide/src/solver/adaptors/minion.rs
FN:318,conjure_oxide::solver::adaptors::minion::read_const
FN:232,conjure_oxide::solver::adaptors::minion::parse_exprs
FN:37,conjure_oxide::solver::adaptors::minion::minion_rs_callback
FN:279,conjure_oxide::solver::adaptors::minion::read_expr::{closure#0}
FN:135,<conjure_oxide::solver::adaptors::minion::Minion as conjure_oxide::solver::SolverAdaptor>::load_model
FN:318,conjure_oxide::solver::adaptors::minion::read_const
FN:83,<conjure_oxide::solver::adaptors::minion::Minion as conjure_oxide::solver::SolverAdaptor>::solve
FN:40,conjure_oxide::solver::adaptors::minion::minion_rs_callback::{closure#0}::{closure#0}
FN:76,<conjure_oxide::solver::adaptors::minion::Minion as conjure_oxide::solver::SolverAdaptor>::new
FN:147,conjure_oxide::solver::adaptors::minion::parse_vars
[...]
FN:87,conjure_oxide::rules::minion::sum_leq_to_sumleq
FN:137,conjure_oxide::rules::minion::CONJURE_GEN_RULE_SUMEQ_TO_MINION::__typecheck::{closure#0}
FN:219,conjure_oxide::rules::minion::leq_to_ineq
FN:107,conjure_oxide::rules::minion::CONJURE_GEN_RULE_SUM_EQ_TO_SUMEQ::__typecheck
FN:159,conjure_oxide::rules::minion::lt_to_ineq
FN:66,conjure_oxide::rules::minion::flatten_sum_geq
FN:298,conjure_oxide::rules::minion::CONJURE_GEN_RULE_DIV_EQ_TO_DIVEQ::__typecheck
FN:26,conjure_oxide::rules::minion::sum_to_vector
FN:86,conjure_oxide::rules::minion::CONJURE_GEN_RULE_SUM_LEQ_TO_SUMLEQ::__typecheck
FN:65,conjure_oxide::rules::minion::CONJURE_GEN_RULE_FLATTEN_SUM_GEQ::__typecheck
FN:274,conjure_oxide::rules::minion::CONJURE_GEN_RULE_EQ_TO_LEQ_GEQ::__typecheck::{closure#0}
FN:87,conjure_oxide::rules::minion::sum_leq_to_sumleq
FN:14,conjure_oxide::rules::minion::is_nested_sum
FN:178,conjure_oxide::rules::minion::CONJURE_GEN_RULE_GT_TO_INEQ::__typecheck::{closure#0}
FN:298,conjure_oxide::rules::minion::CONJURE_GEN_RULE_DIV_EQ_TO_DIVEQ::__typecheck::{closure#0}
FN:274,conjure_oxide::rules::minion::CONJURE_GEN_RULE_EQ_TO_LEQ_GEQ::__typecheck::{closure#0}::{closure#0}
FN:274,conjure_oxide::rules::minion::CONJURE_GEN_RULE_EQ_TO_LEQ_GEQ::__typecheck
FN:263,conjure_oxide::rules::minion::CONJURE_GEN_RULE_NEQ_TO_ALLDIFF::__typecheck
FN:159,conjure_oxide::rules::minion::lt_to_ineq
FN:159,conjure_oxide::rules::minion::lt_to_ineq
FN:274,conjure_oxide::rules::minion::CONJURE_GEN_RULE_EQ_TO_LEQ_GEQ::__typecheck::{closure#0}
FN:14,conjure_oxide::rules::minion::is_nested_sum
FN:179,conjure_oxide::rules::minion::gt_to_ineq
FN:263,conjure_oxide::rules::minion::CONJURE_GEN_RULE_NEQ_TO_ALLDIFF::__typecheck::{closure#0}::{closure#0}
FN:178,conjure_oxide::rules::minion::CONJURE_GEN_RULE_GT_TO_INEQ::__typecheck
FN:219,conjure_oxide::rules::minion::leq_to_ineq
FN:86,conjure_oxide::rules::minion::CONJURE_GEN_RULE_SUM_LEQ_TO_SUMLEQ::__typecheck::{closure#0}
FN:158,conjure_oxide::rules::minion::CONJURE_GEN_RULE_LT_TO_INEQ::__typecheck
FN:198,conjure_oxide::rules::minion::CONJURE_GEN_RULE_GEQ_TO_INEQ::__typecheck
FN:263,conjure_oxide::rules::minion::CONJURE_GEN_RULE_NEQ_TO_ALLDIFF::__typecheck::{closure#0}
FN:299,conjure_oxide::rules::minion::div_eq_to_diveq
FN:65,conjure_oxide::rules::minion::CONJURE_GEN_RULE_FLATTEN_SUM_GEQ::__typecheck::{closure#0}
FN:65,conjure_oxide::rules::minion::CONJURE_GEN_RULE_FLATTEN_SUM_GEQ::__typecheck::{closure#0}::{closure#0}
FN:138,conjure_oxide::rules::minion::sumeq_to_minion
FN:107,conjure_oxide::rules::minion::CONJURE_GEN_RULE_SUM_EQ_TO_SUMEQ::__typecheck::{closure#0}::{closure#0}
FN:299,conjure_oxide::rules::minion::div_eq_to_diveq
FN:198,conjure_oxide::rules::minion::CONJURE_GEN_RULE_GEQ_TO_INEQ::__typecheck::{closure#0}::{closure#0}
FN:138,conjure_oxide::rules::minion::sumeq_to_minion
FN:12,conjure_oxide::rules::minion::CONJURE_GEN_RULE_SET_MINION::__typecheck::{closure#0}
FN:107,conjure_oxide::rules::minion::CONJURE_GEN_RULE_SUM_EQ_TO_SUMEQ::__typecheck::{closure#0}
FN:108,conjure_oxide::rules::minion::sum_eq_to_sumeq
FN:86,conjure_oxide::rules::minion::CONJURE_GEN_RULE_SUM_LEQ_TO_SUMLEQ::__typecheck::{closure#0}
FN:218,conjure_oxide::rules::minion::CONJURE_GEN_RULE_LEQ_TO_INEQ::__typecheck::{closure#0}::{closure#0}
FN:65,conjure_oxide::rules::minion::CONJURE_GEN_RULE_FLATTEN_SUM_GEQ::__typecheck
FN:178,conjure_oxide::rules::minion::CONJURE_GEN_RULE_GT_TO_INEQ::__typecheck::{closure#0}::{closure#0}
FN:198,conjure_oxide::rules::minion::CONJURE_GEN_RULE_GEQ_TO_INEQ::__typecheck::{closure#0}::{closure#0}
FN:298,conjure_oxide::rules::minion::CONJURE_GEN_RULE_DIV_EQ_TO_DIVEQ::__typecheck::{closure#0}::{closure#0}
FN:86,conjure_oxide::rules::minion::CONJURE_GEN_RULE_SUM_LEQ_TO_SUMLEQ::__typecheck::{closure#0}::{closure#0}
FN:107,conjure_oxide::rules::minion::CONJURE_GEN_RULE_SUM_EQ_TO_SUMEQ::__typecheck
FN:137,conjure_oxide::rules::minion::CONJURE_GEN_RULE_SUMEQ_TO_MINION::__typecheck::{closure#0}::{closure#0}
FN:108,conjure_oxide::rules::minion::sum_eq_to_sumeq
FN:299,conjure_oxide::rules::minion::div_eq_to_diveq
FN:218,conjure_oxide::rules::minion::CONJURE_GEN_RULE_LEQ_TO_INEQ::__typecheck::{closure#0}
FN:178,conjure_oxide::rules::minion::CONJURE_GEN_RULE_GT_TO_INEQ::__typecheck::{closure#0}::{closure#0}
FN:65,conjure_oxide::rules::minion::CONJURE_GEN_RULE_FLATTEN_SUM_GEQ::__typecheck
FN:12,conjure_oxide::rules::minion::CONJURE_GEN_RULE_SET_MINION::__typecheck
FN:158,conjure_oxide::rules::minion::CONJURE_GEN_RULE_LT_TO_INEQ::__typecheck::{closure#0}::{closure#0}
FN:218,conjure_oxide::rules::minion::CONJURE_GEN_RULE_LEQ_TO_INEQ::__typecheck::{closure#0}::{closure#0}
FN:274,conjure_oxide::rules::minion::CONJURE_GEN_RULE_EQ_TO_LEQ_GEQ::__typecheck::{closure#0}::{closure#0}
FN:178,conjure_oxide::rules::minion::CONJURE_GEN_RULE_GT_TO_INEQ::__typecheck::{closure#0}
FN:218,conjure_oxide::rules::minion::CONJURE_GEN_RULE_LEQ_TO_INEQ::__typecheck::{closure#0}
FN:26,conjure_oxide::rules::minion::sum_to_vector
FN:218,conjure_oxide::rules::minion::CONJURE_GEN_RULE_LEQ_TO_INEQ::__typecheck
FN:86,conjure_oxide::rules::minion::CONJURE_GEN_RULE_SUM_LEQ_TO_SUMLEQ::__typecheck
FN:12,conjure_oxide::rules::minion::CONJURE_GEN_RULE_SET_MINION::__typecheck::{closure#0}
FN:178,conjure_oxide::rules::minion::CONJURE_GEN_RULE_GT_TO_INEQ::__typecheck::{closure#0}::{closure#0}
FN:66,conjure_oxide::rules::minion::flatten_sum_geq
FN:218,conjure_oxide::rules::minion::CONJURE_GEN_RULE_LEQ_TO_INEQ::__typecheck::{closure#0}::{closure#0}
FN:137,conjure_oxide::rules::minion::CONJURE_GEN_RULE_SUMEQ_TO_MINION::__typecheck::{closure#0}
FN:298,conjure_oxide::rules::minion::CONJURE_GEN_RULE_DIV_EQ_TO_DIVEQ::__typecheck::{closure#0}::{closure#0}
FN:107,conjure_oxide::rules::minion::CONJURE_GEN_RULE_SUM_EQ_TO_SUMEQ::__typecheck::{closure#0}
FN:274,conjure_oxide::rules::minion::CONJURE_GEN_RULE_EQ_TO_LEQ_GEQ::__typecheck::{closure#0}::{closure#0}
FN:137,conjure_oxide::rules::minion::CONJURE_GEN_RULE_SUMEQ_TO_MINION::__typecheck
FN:26,conjure_oxide::rules::minion::sum_to_vector
FN:198,conjure_oxide::rules::minion::CONJURE_GEN_RULE_GEQ_TO_INEQ::__typecheck
FNDA:0,conjure_oxide::rules::minion::CONJURE_GEN_RULE_GT_TO_INEQ::__typecheck
FNDA:1,conjure_oxide::rules::minion::neq_to_alldiff
FNDA:0,conjure_oxide::rules::minion::CONJURE_GEN_RULE_SET_MINION::__typecheck
FNDA:0,conjure_oxide::rules::minion::CONJURE_GEN_RULE_SET_MINION::__typecheck::{closure#0}::{closure#0}
FNDA:0,conjure_oxide::rules::minion::CONJURE_GEN_RULE_NEQ_TO_ALLDIFF::__typecheck
FNDA:0,conjure_oxide::rules::minion::CONJURE_GEN_RULE_SUM_EQ_TO_SUMEQ::__typecheck
FNDA:0,conjure_oxide::rules::minion::CONJURE_GEN_RULE_DIV_EQ_TO_DIVEQ::__typecheck::{closure#0}::{closure#0}
FNDA:0,conjure_oxide::rules::minion::sum_eq_to_sumeq
FNDA:0,conjure_oxide::rules::minion::CONJURE_GEN_RULE_GT_TO_INEQ::__typecheck::{closure#0}
FNDA:0,conjure_oxide::rules::minion::CONJURE_GEN_RULE_SUMEQ_TO_MINION::__typecheck::{closure#0}::{closure#0}
FNDA:0,conjure_oxide::rules::minion::CONJURE_GEN_RULE_SUM_EQ_TO_SUMEQ::__typecheck::{closure#0}::{closure#0}
FNDA:0,conjure_oxide::rules::minion::eq_to_leq_geq
FNDA:0,conjure_oxide::rules::minion::CONJURE_GEN_RULE_NEQ_TO_ALLDIFF::__typecheck::{closure#0}::{closure#0}
FNDA:0,conjure_oxide::rules::minion::sum_leq_to_sumleq
FNDA:0,conjure_oxide::rules::minion::gt_to_ineq
FNDA:0,conjure_oxide::rules::minion::CONJURE_GEN_RULE_SUM_EQ_TO_SUMEQ::__typecheck::{closure#0}::{closure#0}
FNDA:0,conjure_oxide::rules::minion::CONJURE_GEN_RULE_SET_MINION::__typecheck::{closure#0}::{closure#0}
FNDA:0,conjure_oxide::rules::minion::CONJURE_GEN_RULE_DIV_EQ_TO_DIVEQ::__typecheck::{closure#0}
FNDA:0,conjure_oxide::rules::minion::CONJURE_GEN_RULE_EQ_TO_LEQ_GEQ::__typecheck
FNDA:0,conjure_oxide::rules::minion::CONJURE_GEN_RULE_GEQ_TO_INEQ::__typecheck::{closure#0}::{closure#0}
FNDA:0,conjure_oxide::rules::minion::CONJURE_GEN_RULE_NEQ_TO_ALLDIFF::__typecheck::{closure#0}
FNDA:0,conjure_oxide::rules::minion::CONJURE_GEN_RULE_GEQ_TO_INEQ::__typecheck::{closure#0}
FNDA:0,conjure_oxide::rules::minion::geq_to_ineq
FNDA:0,conjure_oxide::rules::minion::CONJURE_GEN_RULE_NEQ_TO_ALLDIFF::__typecheck
FNDA:0,conjure_oxide::rules::minion::CONJURE_GEN_RULE_LT_TO_INEQ::__typecheck::{closure#0}::{closure#0}
FNDA:0,conjure_oxide::rules::minion::CONJURE_GEN_RULE_LT_TO_INEQ::__typecheck
FNDA:0,conjure_oxide::rules::minion::CONJURE_GEN_RULE_LEQ_TO_INEQ::__typecheck
FNDA:0,conjure_oxide::rules::minion::CONJURE_GEN_RULE_EQ_TO_LEQ_GEQ::__typecheck
FNDA:0,conjure_oxide::rules::minion::CONJURE_GEN_RULE_SUMEQ_TO_MINION::__typecheck::{closure#0}
FNDA:1,conjure_oxide::rules::minion::is_nested_sum
FNDA:0,conjure_oxide::rules::minion::CONJURE_GEN_RULE_SUMEQ_TO_MINION::__typecheck
FNDA:0,conjure_oxide::rules::minion::CONJURE_GEN_RULE_DIV_EQ_TO_DIVEQ::__typecheck
FNDA:0,conjure_oxide::rules::minion::CONJURE_GEN_RULE_LT_TO_INEQ::__typecheck
FNDA:0,conjure_oxide::rules::minion::CONJURE_GEN_RULE_GEQ_TO_INEQ::__typecheck::{closure#0}
FNDA:0,conjure_oxide::rules::minion::neq_to_alldiff
FNDA:0,conjure_oxide::rules::minion::CONJURE_GEN_RULE_SUMEQ_TO_MINION::__typecheck
FNDA:0,conjure_oxide::rules::minion::neq_to_alldiff
FNDA:0,conjure_oxide::rules::minion::CONJURE_GEN_RULE_SUM_LEQ_TO_SUMLEQ::__typecheck
FNDA:0,conjure_oxide::rules::minion::CONJURE_GEN_RULE_NEQ_TO_ALLDIFF::__typecheck::{closure#0}
FNDA:0,conjure_oxide::rules::minion::CONJURE_GEN_RULE_SET_MINION::__typecheck::{closure#0}::{closure#0}
FNDA:0,conjure_oxide::rules::minion::CONJURE_GEN_RULE_SET_MINION::__typecheck
FNDA:0,conjure_oxide::rules::minion::CONJURE_GEN_RULE_FLATTEN_SUM_GEQ::__typecheck::{closure#0}::{closure#0}
FNDA:0,conjure_oxide::rules::minion::CONJURE_GEN_RULE_FLATTEN_SUM_GEQ::__typecheck::{closure#0}
FNDA:0,conjure_oxide::rules::minion::CONJURE_GEN_RULE_LT_TO_INEQ::__typecheck::{closure#0}
FNDA:0,conjure_oxide::rules::minion::CONJURE_GEN_RULE_EQ_TO_LEQ_GEQ::__typecheck::{closure#0}
FNDA:0,conjure_oxide::rules::minion::CONJURE_GEN_RULE_LEQ_TO_INEQ::__typecheck
FNDA:0,conjure_oxide::rules::minion::CONJURE_GEN_RULE_SUM_LEQ_TO_SUMLEQ::__typecheck::{closure#0}::{closure#0}
FNDA:0,conjure_oxide::rules::minion::CONJURE_GEN_RULE_SET_MINION::__typecheck::{closure#0}
FNDA:0,conjure_oxide::rules::minion::CONJURE_GEN_RULE_SUM_EQ_TO_SUMEQ::__typecheck::{closure#0}
FNDA:0,conjure_oxide::rules::minion::gt_to_ineq
FNDA:0,conjure_oxide::rules::minion::CONJURE_GEN_RULE_DIV_EQ_TO_DIVEQ::__typecheck::{closure#0}
FNDA:0,conjure_oxide::rules::minion::CONJURE_GEN_RULE_GEQ_TO_INEQ::__typecheck::{closure#0}
FNDA:0,conjure_oxide::rules::minion::CONJURE_GEN_RULE_FLATTEN_SUM_GEQ::__typecheck::{closure#0}
FNDA:0,conjure_oxide::rules::minion::CONJURE_GEN_RULE_DIV_EQ_TO_DIVEQ::__typecheck
FNDA:1,conjure_oxide::rules::minion::geq_to_ineq
FNDA:0,conjure_oxide::rules::minion::CONJURE_GEN_RULE_SUMEQ_TO_MINION::__typecheck::{closure#0}::{closure#0}
FNDA:0,conjure_oxide::rules::minion::CONJURE_GEN_RULE_GT_TO_INEQ::__typecheck
FNDA:0,conjure_oxide::rules::minion::flatten_sum_geq
FNDA:0,conjure_oxide::rules::minion::CONJURE_GEN_RULE_SUM_LEQ_TO_SUMLEQ::__typecheck::{closure#0}
FNDA:0,conjure_oxide::rules::minion::eq_to_leq_geq
FNDA:0,conjure_oxide::rules::minion::CONJURE_GEN_RULE_GEQ_TO_INEQ::__typecheck
FNDA:1,conjure_oxide::rules::minion::sumeq_to_minion
FNDA:0,conjure_oxide::rules::minion::CONJURE_GEN_RULE_LT_TO_INEQ::__typecheck::{closure#0}
FNDA:0,conjure_oxide::rules::minion::CONJURE_GEN_RULE_LEQ_TO_INEQ::__typecheck::{closure#0}
FNDA:0,conjure_oxide::rules::minion::CONJURE_GEN_RULE_FLATTEN_SUM_GEQ::__typecheck::{closure#0}::{closure#0}
FNDA:1,conjure_oxide::rules::minion::leq_to_ineq
FNDA:0,conjure_oxide::rules::minion::geq_to_ineq
FNDA:0,conjure_oxide::rules::minion::CONJURE_GEN_RULE_NEQ_TO_ALLDIFF::__typecheck::{closure#0}::{closure#0}
FNDA:1,conjure_oxide::rules::minion::eq_to_leq_geq
FNDA:0,conjure_oxide::rules::minion::CONJURE_GEN_RULE_SUM_LEQ_TO_SUMLEQ::__typecheck::{closure#0}::{closure#0}
FNDA:0,conjure_oxide::rules::minion::CONJURE_GEN_RULE_LT_TO_INEQ::__typecheck::{closure#0}::{closure#0}
FNDA:0,conjure_oxide::rules::minion::CONJURE_GEN_RULE_LT_TO_INEQ::__typecheck::{closure#0}
FNDA:0,conjure_oxide::rules::minion::sum_leq_to_sumleq
FNDA:0,conjure_oxide::rules::minion::CONJURE_GEN_RULE_SUMEQ_TO_MINION::__typecheck::{closure#0}
FNDA:0,conjure_oxide::rules::minion::leq_to_ineq
FNDA:0,conjure_oxide::rules::minion::CONJURE_GEN_RULE_SUM_EQ_TO_SUMEQ::__typecheck
FNDA:0,conjure_oxide::rules::minion::lt_to_ineq
FNDA:0,conjure_oxide::rules::minion::flatten_sum_geq
FNDA:0,conjure_oxide::rules::minion::CONJURE_GEN_RULE_DIV_EQ_TO_DIVEQ::__typecheck
FNDA:0,conjure_oxide::rules::minion::sum_to_vector
FNDA:0,conjure_oxide::rules::minion::CONJURE_GEN_RULE_SUM_LEQ_TO_SUMLEQ::__typecheck
FNDA:0,conjure_oxide::rules::minion::CONJURE_GEN_RULE_FLATTEN_SUM_GEQ::__typecheck
FNDA:0,conjure_oxide::rules::minion::CONJURE_GEN_RULE_EQ_TO_LEQ_GEQ::__typecheck::{closure#0}
FNDA:1,conjure_oxide::rules::minion::sum_leq_to_sumleq
FNDA:0,conjure_oxide::rules::minion::is_nested_sum
FNDA:0,conjure_oxide::rules::minion::CONJURE_GEN_RULE_GT_TO_INEQ::__typecheck::{closure#0}
FNDA:0,conjure_oxide::rules::minion::CONJURE_GEN_RULE_DIV_EQ_TO_DIVEQ::__typecheck::{closure#0}
FNDA:0,conjure_oxide::rules::minion::CONJURE_GEN_RULE_EQ_TO_LEQ_GEQ::__typecheck::{closure#0}::{closure#0}
FNDA:0,conjure_oxide::rules::minion::CONJURE_GEN_RULE_EQ_TO_LEQ_GEQ::__typecheck
FNDA:0,conjure_oxide::rules::minion::CONJURE_GEN_RULE_NEQ_TO_ALLDIFF::__typecheck
FNDA:0,conjure_oxide::rules::minion::lt_to_ineq
FNDA:1,conjure_oxide::rules::minion::lt_to_ineq
FNDA:0,conjure_oxide::rules::minion::CONJURE_GEN_RULE_EQ_TO_LEQ_GEQ::__typecheck::{closure#0}
FNDA:0,conjure_oxide::rules::minion::is_nested_sum
FNDA:1,conjure_oxide::rules::minion::gt_to_ineq
FNDA:0,conjure_oxide::rules::minion::CONJURE_GEN_RULE_NEQ_TO_ALLDIFF::__typecheck::{closure#0}::{closure#0}
FNDA:0,conjure_oxide::rules::minion::CONJURE_GEN_RULE_GT_TO_INEQ::__typecheck
FNDA:0,conjure_oxide::rules::minion::leq_to_ineq
FNDA:0,conjure_oxide::rules::minion::CONJURE_GEN_RULE_SUM_LEQ_TO_SUMLEQ::__typecheck::{closure#0}
FNDA:0,conjure_oxide::rules::minion::CONJURE_GEN_RULE_LT_TO_INEQ::__typecheck
FNDA:0,conjure_oxide::rules::minion::CONJURE_GEN_RULE_GEQ_TO_INEQ::__typecheck
FNDA:0,conjure_oxide::rules::minion::CONJURE_GEN_RULE_NEQ_TO_ALLDIFF::__typecheck::{closure#0}
FNDA:1,conjure_oxide::rules::minion::div_eq_to_diveq
FNDA:0,conjure_oxide::rules::minion::CONJURE_GEN_RULE_FLATTEN_SUM_GEQ::__typecheck::{closure#0}
FNDA:0,conjure_oxide::rules::minion::CONJURE_GEN_RULE_FLATTEN_SUM_GEQ::__typecheck::{closure#0}::{closure#0}
FNDA:0,conjure_oxide::rules::minion::sumeq_to_minion
FNDA:0,conjure_oxide::rules::minion::CONJURE_GEN_RULE_SUM_EQ_TO_SUMEQ::__typecheck::{closure#0}::{closure#0}
FNDA:0,conjure_oxide::rules::minion::div_eq_to_diveq
FNDA:0,conjure_oxide::rules::minion::CONJURE_GEN_RULE_GEQ_TO_INEQ::__typecheck::{closure#0}::{closure#0}
FNDA:0,conjure_oxide::rules::minion::sumeq_to_minion
FNDA:0,conjure_oxide::rules::minion::CONJURE_GEN_RULE_SET_MINION::__typecheck::{closure#0}
FNDA:0,conjure_oxide::rules::minion::CONJURE_GEN_RULE_SUM_EQ_TO_SUMEQ::__typecheck::{closure#0}
FNDA:0,conjure_oxide::rules::minion::sum_eq_to_sumeq
FNDA:0,conjure_oxide::rules::minion::CONJURE_GEN_RULE_SUM_LEQ_TO_SUMLEQ::__typecheck::{closure#0}
FNDA:0,conjure_oxide::rules::minion::CONJURE_GEN_RULE_LEQ_TO_INEQ::__typecheck::{closure#0}::{closure#0}
FNDA:0,conjure_oxide::rules::minion::CONJURE_GEN_RULE_FLATTEN_SUM_GEQ::__typecheck
FNDA:0,conjure_oxide::rules::minion::CONJURE_GEN_RULE_GT_TO_INEQ::__typecheck::{closure#0}::{closure#0}
FNDA:0,conjure_oxide::rules::minion::CONJURE_GEN_RULE_GEQ_TO_INEQ::__typecheck::{closure#0}::{closure#0}
FNDA:0,conjure_oxide::rules::minion::CONJURE_GEN_RULE_DIV_EQ_TO_DIVEQ::__typecheck::{closure#0}::{closure#0}
FNDA:0,conjure_oxide::rules::minion::CONJURE_GEN_RULE_SUM_LEQ_TO_SUMLEQ::__typecheck::{closure#0}::{closure#0}
FNDA:0,conjure_oxide::rules::minion::CONJURE_GEN_RULE_SUM_EQ_TO_SUMEQ::__typecheck
FNDA:0,conjure_oxide::rules::minion::CONJURE_GEN_RULE_SUMEQ_TO_MINION::__typecheck::{closure#0}::{closure#0}
FNDA:1,conjure_oxide::rules::minion::sum_eq_to_sumeq
FNDA:0,conjure_oxide::rules::minion::div_eq_to_diveq
FNDA:0,conjure_oxide::rules::minion::CONJURE_GEN_RULE_LEQ_TO_INEQ::__typecheck::{closure#0}
FNDA:0,conjure_oxide::rules::minion::CONJURE_GEN_RULE_GT_TO_INEQ::__typecheck::{closure#0}::{closure#0}
FNDA:0,conjure_oxide::rules::minion::CONJURE_GEN_RULE_FLATTEN_SUM_GEQ::__typecheck
FNDA:0,conjure_oxide::rules::minion::CONJURE_GEN_RULE_SET_MINION::__typecheck
FNDA:0,conjure_oxide::rules::minion::CONJURE_GEN_RULE_LT_TO_INEQ::__typecheck::{closure#0}::{closure#0}
FNDA:0,conjure_oxide::rules::minion::CONJURE_GEN_RULE_LEQ_TO_INEQ::__typecheck::{closure#0}::{closure#0}
FNDA:0,conjure_oxide::rules::minion::CONJURE_GEN_RULE_EQ_TO_LEQ_GEQ::__typecheck::{closure#0}::{closure#0}
FNDA:0,conjure_oxide::rules::minion::CONJURE_GEN_RULE_GT_TO_INEQ::__typecheck::{closure#0}
FNDA:0,conjure_oxide::rules::minion::CONJURE_GEN_RULE_LEQ_TO_INEQ::__typecheck::{closure#0}
FNDA:1,conjure_oxide::rules::minion::sum_to_vector
FNDA:0,conjure_oxide::rules::minion::CONJURE_GEN_RULE_LEQ_TO_INEQ::__typecheck
FNDA:0,conjure_oxide::rules::minion::CONJURE_GEN_RULE_SUM_LEQ_TO_SUMLEQ::__typecheck
FNDA:0,conjure_oxide::rules::minion::CONJURE_GEN_RULE_SET_MINION::__typecheck::{closure#0}
FNDA:0,conjure_oxide::rules::minion::CONJURE_GEN_RULE_GT_TO_INEQ::__typecheck::{closure#0}::{closure#0}
FNDA:1,conjure_oxide::rules::minion::flatten_sum_geq
FNDA:0,conjure_oxide::rules::minion::CONJURE_GEN_RULE_LEQ_TO_INEQ::__typecheck::{closure#0}::{closure#0}
FNDA:0,conjure_oxide::rules::minion::CONJURE_GEN_RULE_SUMEQ_TO_MINION::__typecheck::{closure#0}
FNDA:0,conjure_oxide::rules::minion::CONJURE_GEN_RULE_DIV_EQ_TO_DIVEQ::__typecheck::{closure#0}::{closure#0}
FNDA:0,conjure_oxide::rules::minion::CONJURE_GEN_RULE_SUM_EQ_TO_SUMEQ::__typecheck::{closure#0}
FNDA:0,conjure_oxide::rules::minion::CONJURE_GEN_RULE_EQ_TO_LEQ_GEQ::__typecheck::{closure#0}::{closure#0}
FNDA:0,conjure_oxide::rules::minion::CONJURE_GEN_RULE_SUMEQ_TO_MINION::__typecheck
FNDA:0,conjure_oxide::rules::minion::sum_to_vector
FNDA:0,conjure_oxide::rules::minion::CONJURE_GEN_RULE_GEQ_TO_INEQ::__typecheck
FNF:147
FNH:13
BRF:0
BRH:0
DA:12,0
DA:14,24
DA:15,60
DA:16,48
DA:17,12
DA:18,36
DA:20,12
DA:21,24
DA:26,426
DA:27,426
DA:28,24
DA:29,24
DA:30,12
DA:32,12
DA:35,402
DA:37,426
DA:65,0
DA:66,11706
DA:67,11706
DA:68,144
DA:69,144
DA:70,0
DA:71,0
DA:72,0
DA:73,0
DA:74,0
DA:76,11562
DA:78,11706
DA:86,0
DA:87,11706
DA:88,11706
DA:89,198
DA:90,198
DA:91,0
DA:92,0
DA:93,0
DA:94,0
DA:95,0
DA:97,11508
DA:99,11706
DA:107,0
DA:108,11706
DA:109,11706
DA:110,30
DA:111,30
DA:112,6
DA:113,6
DA:114,6
DA:115,6
DA:116,6
DA:118,11676
DA:120,11706
DA:137,0
DA:138,11706
DA:139,11706
DA:140,6
DA:141,6
DA:142,6
DA:143,6
DA:144,6
DA:145,6
DA:146,6
DA:147,11700
DA:149,11706
DA:158,0
DA:159,11706
DA:160,11706
DA:161,0
DA:162,0
DA:163,0
DA:164,0
DA:165,0
DA:166,0
DA:167,11706
DA:169,11706
DA:178,0
DA:179,11706
DA:180,11706
DA:181,0
DA:182,0
DA:183,0
DA:184,0
DA:185,0
DA:186,0
DA:187,11706
DA:189,11706
DA:198,0
DA:199,11706
DA:200,11706
DA:201,144
DA:202,144
DA:203,144
DA:204,144
DA:205,144
DA:206,144
DA:207,11562
DA:209,11706
DA:218,0
DA:219,11706
DA:220,11706
DA:221,198
DA:222,198
DA:223,198
DA:224,198
DA:225,198
DA:226,198
DA:227,11508
DA:229,11706
DA:263,0
DA:264,11706
DA:265,11706
DA:266,12
DA:267,12
DA:268,12
DA:269,12
DA:270,11694
DA:272,11706
DA:274,0
DA:275,11706
DA:276,11706
DA:277,30
DA:278,30
DA:279,6
DA:280,6
DA:281,6
DA:282,6
DA:283,6
DA:284,24
DA:285,0
DA:286,0
DA:287,0
DA:288,0
DA:289,0
DA:291,24
DA:294,11676
DA:296,11706
DA:298,0
DA:299,11706
DA:300,11706
DA:301,30
DA:302,30
DA:303,6
DA:304,0
DA:305,6
DA:306,6
DA:307,6
DA:308,6
DA:309,6
DA:310,6
DA:311,6
DA:312,24
DA:313,0
DA:314,0
DA:315,0
DA:316,0
DA:317,0
DA:318,0
DA:319,0
DA:320,0
DA:321,0
DA:323,24
DA:326,11676
DA:328,11706
LF:163
LH:114
end_of_record
