TN:
SF:crates/conjure_core/src/solver/adaptors/sat_common.rs
FN:154,<conjure_core::solver::adaptors::sat_common::CNFModel>::clause_to_expression
FN:37,<conjure_core::solver::adaptors::sat_common::CNFModel>::from_conjure
FN:205,<conjure_core::solver::adaptors::sat_common::CNFModel>::handle_not
FN:110,<conjure_core::solver::adaptors::sat_common::CNFModel>::has_variable::<_>
FN:29,<conjure_core::solver::adaptors::sat_common::CNFModel>::new
FN:198,<conjure_core::solver::adaptors::sat_common::CNFModel>::handle_reference
FN:315,<i32 as conjure_core::solver::adaptors::sat_common::HasVariable>::has_variable
FN:154,<conjure_core::solver::adaptors::sat_common::CNFModel>::clause_to_expression
FN:74,<conjure_core::solver::adaptors::sat_common::CNFModel>::get_variables
FN:218,<conjure_core::solver::adaptors::sat_common::CNFModel>::handle_or
FN:205,<conjure_core::solver::adaptors::sat_common::CNFModel>::handle_not
FN:117,<conjure_core::solver::adaptors::sat_common::CNFModel>::add_clause
FN:272,<conjure_core::solver::adaptors::sat_common::CNFModel>::handle_expression
FN:117,<conjure_core::solver::adaptors::sat_common::CNFModel>::add_clause
FN:198,<conjure_core::solver::adaptors::sat_common::CNFModel>::handle_reference
FN:186,<conjure_core::solver::adaptors::sat_common::CNFModel>::get_reference_index
FN:321,<&conjure_core::ast::symbol_table::Name as conjure_core::solver::adaptors::sat_common::HasVariable>::has_variable
FN:249,<conjure_core::solver::adaptors::sat_common::CNFModel>::handle_and
FN:284,<conjure_core::solver::adaptors::sat_common::CNFModel as core::default::Default>::default
FN:234,<conjure_core::solver::adaptors::sat_common::CNFModel>::handle_flat_expression
FN:29,<conjure_core::solver::adaptors::sat_common::CNFModel>::new
FN:315,<i32 as conjure_core::solver::adaptors::sat_common::HasVariable>::has_variable
FN:102,<conjure_core::solver::adaptors::sat_common::CNFModel>::add_variable
FN:102,<conjure_core::solver::adaptors::sat_common::CNFModel>::add_variable
FN:249,<conjure_core::solver::adaptors::sat_common::CNFModel>::handle_and
FN:110,<conjure_core::solver::adaptors::sat_common::CNFModel>::has_variable::<i32>
FN:130,<conjure_core::solver::adaptors::sat_common::CNFModel>::add_expression
FN:90,<conjure_core::solver::adaptors::sat_common::CNFModel>::get_name
FN:141,<conjure_core::solver::adaptors::sat_common::CNFModel>::as_expression
FN:218,<conjure_core::solver::adaptors::sat_common::CNFModel>::handle_or
FN:130,<conjure_core::solver::adaptors::sat_common::CNFModel>::add_expression
FN:284,<conjure_core::solver::adaptors::sat_common::CNFModel as core::default::Default>::default
FN:74,<conjure_core::solver::adaptors::sat_common::CNFModel>::get_variables
FN:85,<conjure_core::solver::adaptors::sat_common::CNFModel>::get_index
FN:90,<conjure_core::solver::adaptors::sat_common::CNFModel>::get_name
FN:186,<conjure_core::solver::adaptors::sat_common::CNFModel>::get_reference_index
FN:37,<conjure_core::solver::adaptors::sat_common::CNFModel>::from_conjure
FN:321,<&conjure_core::ast::symbol_table::Name as conjure_core::solver::adaptors::sat_common::HasVariable>::has_variable
FN:141,<conjure_core::solver::adaptors::sat_common::CNFModel>::as_expression
FN:234,<conjure_core::solver::adaptors::sat_common::CNFModel>::handle_flat_expression
FN:272,<conjure_core::solver::adaptors::sat_common::CNFModel>::handle_expression
FN:85,<conjure_core::solver::adaptors::sat_common::CNFModel>::get_index
FNDA:0,<conjure_core::solver::adaptors::sat_common::CNFModel>::clause_to_expression
FNDA:0,<conjure_core::solver::adaptors::sat_common::CNFModel>::from_conjure
FNDA:0,<conjure_core::solver::adaptors::sat_common::CNFModel>::handle_not
FNDA:0,<conjure_core::solver::adaptors::sat_common::CNFModel>::has_variable::<_>
FNDA:0,<conjure_core::solver::adaptors::sat_common::CNFModel>::new
FNDA:0,<conjure_core::solver::adaptors::sat_common::CNFModel>::handle_reference
FNDA:0,<i32 as conjure_core::solver::adaptors::sat_common::HasVariable>::has_variable
FNDA:0,<conjure_core::solver::adaptors::sat_common::CNFModel>::clause_to_expression
FNDA:0,<conjure_core::solver::adaptors::sat_common::CNFModel>::get_variables
FNDA:0,<conjure_core::solver::adaptors::sat_common::CNFModel>::handle_or
FNDA:0,<conjure_core::solver::adaptors::sat_common::CNFModel>::handle_not
FNDA:0,<conjure_core::solver::adaptors::sat_common::CNFModel>::add_clause
FNDA:0,<conjure_core::solver::adaptors::sat_common::CNFModel>::handle_expression
FNDA:0,<conjure_core::solver::adaptors::sat_common::CNFModel>::add_clause
FNDA:0,<conjure_core::solver::adaptors::sat_common::CNFModel>::handle_reference
FNDA:0,<conjure_core::solver::adaptors::sat_common::CNFModel>::get_reference_index
FNDA:0,<&conjure_core::ast::symbol_table::Name as conjure_core::solver::adaptors::sat_common::HasVariable>::has_variable
FNDA:0,<conjure_core::solver::adaptors::sat_common::CNFModel>::handle_and
FNDA:0,<conjure_core::solver::adaptors::sat_common::CNFModel as core::default::Default>::default
FNDA:0,<conjure_core::solver::adaptors::sat_common::CNFModel>::handle_flat_expression
FNDA:0,<conjure_core::solver::adaptors::sat_common::CNFModel>::new
FNDA:0,<i32 as conjure_core::solver::adaptors::sat_common::HasVariable>::has_variable
FNDA:0,<conjure_core::solver::adaptors::sat_common::CNFModel>::add_variable
FNDA:0,<conjure_core::solver::adaptors::sat_common::CNFModel>::add_variable
FNDA:0,<conjure_core::solver::adaptors::sat_common::CNFModel>::handle_and
FNDA:0,<conjure_core::solver::adaptors::sat_common::CNFModel>::has_variable::<i32>
FNDA:0,<conjure_core::solver::adaptors::sat_common::CNFModel>::add_expression
FNDA:0,<conjure_core::solver::adaptors::sat_common::CNFModel>::get_name
FNDA:0,<conjure_core::solver::adaptors::sat_common::CNFModel>::as_expression
FNDA:0,<conjure_core::solver::adaptors::sat_common::CNFModel>::handle_or
FNDA:0,<conjure_core::solver::adaptors::sat_common::CNFModel>::add_expression
FNDA:0,<conjure_core::solver::adaptors::sat_common::CNFModel as core::default::Default>::default
FNDA:0,<conjure_core::solver::adaptors::sat_common::CNFModel>::get_variables
FNDA:0,<conjure_core::solver::adaptors::sat_common::CNFModel>::get_index
FNDA:0,<conjure_core::solver::adaptors::sat_common::CNFModel>::get_name
FNDA:0,<conjure_core::solver::adaptors::sat_common::CNFModel>::get_reference_index
FNDA:0,<conjure_core::solver::adaptors::sat_common::CNFModel>::from_conjure
FNDA:0,<&conjure_core::ast::symbol_table::Name as conjure_core::solver::adaptors::sat_common::HasVariable>::has_variable
FNDA:0,<conjure_core::solver::adaptors::sat_common::CNFModel>::as_expression
FNDA:0,<conjure_core::solver::adaptors::sat_common::CNFModel>::handle_flat_expression
FNDA:0,<conjure_core::solver::adaptors::sat_common::CNFModel>::handle_expression
FNDA:0,<conjure_core::solver::adaptors::sat_common::CNFModel>::get_index
FNF:42
FNH:0
BRF:0
BRH:0
DA:29,0
DA:30,0
DA:31,0
DA:32,0
DA:33,0
DA:34,0
DA:35,0
DA:37,0
DA:38,0
DA:40,0
DA:42,0
DA:44,0
DA:46,0
DA:47,0
DA:48,0
DA:49,0
DA:50,0
DA:51,0
DA:52,0
DA:53,0
DA:54,0
DA:55,0
DA:56,0
DA:59,0
DA:60,0
DA:61,0
DA:62,0
DA:63,0
DA:64,0
DA:69,0
DA:70,0
DA:74,0
DA:75,0
DA:77,0
DA:78,0
DA:79,0
DA:81,0
DA:82,0
DA:85,0
DA:86,0
DA:87,0
DA:90,0
DA:91,0
DA:92,0
DA:93,0
DA:94,0
DA:95,0
DA:98,0
DA:99,0
DA:102,0
DA:103,0
DA:104,0
DA:105,0
DA:110,0
DA:111,0
DA:112,0
DA:117,0
DA:118,0
DA:119,0
DA:120,0
DA:121,0
DA:123,0
DA:124,0
DA:125,0
DA:130,0
DA:131,0
DA:132,0
DA:134,0
DA:135,0
DA:141,0
DA:142,0
DA:144,0
DA:145,0
DA:148,0
DA:149,0
DA:154,0
DA:155,0
DA:157,0
DA:158,0
DA:159,0
DA:160,0
DA:161,0
DA:162,0
DA:163,0
DA:164,0
DA:165,0
DA:166,0
DA:167,0
DA:168,0
DA:169,0
DA:170,0
DA:171,0
DA:172,0
DA:178,0
DA:179,0
DA:186,0
DA:187,0
DA:188,0
DA:189,0
DA:191,0
DA:198,0
DA:199,0
DA:200,0
DA:205,0
DA:206,0
DA:208,0
DA:209,0
DA:211,0
DA:213,0
DA:218,0
DA:219,0
DA:221,0
DA:222,0
DA:223,0
DA:224,0
DA:225,0
DA:228,0
DA:229,0
DA:234,0
DA:235,0
DA:236,0
DA:237,0
DA:238,0
DA:239,0
DA:240,0
DA:241,0
DA:242,0
DA:244,0
DA:249,0
DA:250,0
DA:251,0
DA:252,0
DA:253,0
DA:255,0
DA:256,0
DA:257,0
DA:258,0
DA:261,0
DA:266,0
DA:267,0
DA:272,0
DA:273,0
DA:274,0
DA:275,0
DA:276,0
DA:277,0
DA:278,0
DA:280,0
DA:284,0
DA:285,0
DA:286,0
DA:315,0
DA:316,0
DA:317,0
DA:321,0
DA:322,0
DA:323,0
LF:157
LH:0
end_of_record
SF:conjure_oxide/src/find_conjure.rs
FN:25,conjure_oxide::find_conjure::conjure_executable::{closure#0}
FN:25,conjure_oxide::find_conjure::conjure_executable::{closure#0}
FN:9,conjure_oxide::find_conjure::conjure_executable
FN:9,conjure_oxide::find_conjure::conjure_executable
FNDA:0,conjure_oxide::find_conjure::conjure_executable::{closure#0}
FNDA:0,conjure_oxide::find_conjure::conjure_executable::{closure#0}
FNDA:0,conjure_oxide::find_conjure::conjure_executable
FNDA:1,conjure_oxide::find_conjure::conjure_executable
FNF:4
FNH:1
BRF:0
BRH:0
DA:9,5
DA:10,5
DA:11,5
DA:12,5
DA:13,5
DA:15,5
DA:16,0
DA:17,5
DA:18,5
DA:19,5
DA:20,5
DA:21,5
DA:22,5
DA:23,0
DA:24,0
DA:25,0
DA:26,0
DA:27,0
DA:28,0
DA:29,0
DA:30,0
DA:32,0
DA:34,5
DA:35,5
DA:36,5
DA:37,5
DA:38,5
DA:40,5
DA:41,5
DA:42,0
DA:44,0
DA:45,0
DA:46,0
DA:47,0
DA:48,0
DA:49,0
DA:50,0
DA:51,0
DA:53,0
DA:55,5
DA:56,0
DA:57,0
DA:58,0
DA:59,0
DA:60,0
DA:61,5
DA:62,5
DA:63,5
LF:48
LH:23
end_of_record
SF:crates/conjure_core/src/rules/cnf.rs
FN:8,conjure_core::rules::cnf::CONJURE_GEN_RULE_SET_CNF::__typecheck
FN:8,conjure_core::rules::cnf::CONJURE_GEN_RULE_SET_CNF::__typecheck::{closure#0}
FN:8,conjure_core::rules::cnf::CONJURE_GEN_RULE_SET_CNF::__typecheck::{closure#0}::{closure#0}
FN:8,conjure_core::rules::cnf::CONJURE_GEN_RULE_SET_CNF::__typecheck
FN:8,conjure_core::rules::cnf::CONJURE_GEN_RULE_SET_CNF::__typecheck::{closure#0}::{closure#0}
FN:8,conjure_core::rules::cnf::CONJURE_GEN_RULE_SET_CNF::__typecheck::{closure#0}
FNDA:0,conjure_core::rules::cnf::CONJURE_GEN_RULE_SET_CNF::__typecheck
FNDA:0,conjure_core::rules::cnf::CONJURE_GEN_RULE_SET_CNF::__typecheck::{closure#0}
FNDA:0,conjure_core::rules::cnf::CONJURE_GEN_RULE_SET_CNF::__typecheck::{closure#0}::{closure#0}
FNDA:0,conjure_core::rules::cnf::CONJURE_GEN_RULE_SET_CNF::__typecheck
FNDA:0,conjure_core::rules::cnf::CONJURE_GEN_RULE_SET_CNF::__typecheck::{closure#0}::{closure#0}
FNDA:0,conjure_core::rules::cnf::CONJURE_GEN_RULE_SET_CNF::__typecheck::{closure#0}
FNF:6
FNH:0
BRF:0
BRH:0
DA:8,0
LF:1
LH:0
end_of_record
SF:solvers/minion/src/run.rs
FN:296,minion_rs::run::get_constraint_type
FN:612,minion_rs::run::read_list::{closure#0}
FN:680,minion_rs::run::read_2_vars::{closure#1}
FN:764,minion_rs::run::read_constraint_list::{closure#1}
FN:668,minion_rs::run::read_2_vars::{closure#0}
FN:229,minion_rs::run::convert_model_to_raw::{closure#1}
FN:204,minion_rs::run::convert_model_to_raw
FN:713,minion_rs::run::read_constant_list
FN:168,minion_rs::run::run_minion::{closure#0}
FN:738,minion_rs::run::read_constraint
FN:635,minion_rs::run::read_var
FN:229,minion_rs::run::convert_model_to_raw::{closure#1}
FN:204,minion_rs::run::convert_model_to_raw
FN:29,rust_out::main
FN:168,minion_rs::run::run_minion::{closure#0}
FN:41,rust_out::main::_doctest_main_solvers_minion_src_run_rs_28_0::callback
FN:612,minion_rs::run::read_list::{closure#0}
FN:759,minion_rs::run::read_constraint_list::{closure#0}
FN:717,minion_rs::run::read_constant_list::{closure#0}
FN:754,minion_rs::run::read_constraint_list
FN:717,minion_rs::run::read_constant_list::{closure#0}
FN:759,minion_rs::run::read_constraint_list::{closure#0}
FN:754,minion_rs::run::read_constraint_list
FN:643,minion_rs::run::read_var::{closure#1}
FN:635,minion_rs::run::read_var
FN:660,minion_rs::run::read_2_vars
FN:680,minion_rs::run::read_2_vars::{closure#1}
FN:29,rust_out::main::_doctest_main_solvers_minion_src_run_rs_28_0
FN:738,minion_rs::run::read_constraint
FN:162,minion_rs::run::run_minion
FN:221,minion_rs::run::convert_model_to_raw::{closure#0}
FN:386,minion_rs::run::constraint_add_args
FN:764,minion_rs::run::read_constraint_list::{closure#1}
FN:643,minion_rs::run::read_var::{closure#1}
FN:697,minion_rs::run::read_constant
FN:270,minion_rs::run::convert_model_to_raw::{closure#2}
FN:285,minion_rs::run::convert_model_to_raw::{closure#3}
FN:640,minion_rs::run::read_var::{closure#0}
FN:697,minion_rs::run::read_constant
FN:744,minion_rs::run::read_constraint::{closure#0}
FN:285,minion_rs::run::convert_model_to_raw::{closure#3}
FN:607,minion_rs::run::read_list
FN:162,minion_rs::run::run_minion
FN:713,minion_rs::run::read_constant_list
FN:221,minion_rs::run::convert_model_to_raw::{closure#0}
FN:119,run_callback
FN:668,minion_rs::run::read_2_vars::{closure#0}
FN:616,minion_rs::run::read_list::{closure#1}
FN:640,minion_rs::run::read_var::{closure#0}
FN:607,minion_rs::run::read_list
FN:616,minion_rs::run::read_list::{closure#1}
FN:386,minion_rs::run::constraint_add_args
FN:270,minion_rs::run::convert_model_to_raw::{closure#2}
FN:660,minion_rs::run::read_2_vars
FN:744,minion_rs::run::read_constraint::{closure#0}
FN:296,minion_rs::run::get_constraint_type
FNDA:0,minion_rs::run::get_constraint_type
FNDA:1,minion_rs::run::read_list::{closure#0}
FNDA:0,minion_rs::run::read_2_vars::{closure#1}
FNDA:1,minion_rs::run::read_constraint_list::{closure#1}
FNDA:0,minion_rs::run::read_2_vars::{closure#0}
FNDA:0,minion_rs::run::convert_model_to_raw::{closure#1}
FNDA:0,minion_rs::run::convert_model_to_raw
FNDA:1,minion_rs::run::read_constant_list
FNDA:1,minion_rs::run::run_minion::{closure#0}
FNDA:1,minion_rs::run::read_constraint
FNDA:0,minion_rs::run::read_var
FNDA:0,minion_rs::run::convert_model_to_raw::{closure#1}
FNDA:1,minion_rs::run::convert_model_to_raw
FNDA:1,rust_out::main
FNDA:0,minion_rs::run::run_minion::{closure#0}
FNDA:1,rust_out::main::_doctest_main_solvers_minion_src_run_rs_28_0::callback
FNDA:0,minion_rs::run::read_list::{closure#0}
FNDA:1,minion_rs::run::read_constraint_list::{closure#0}
FNDA:0,minion_rs::run::read_constant_list::{closure#0}
FNDA:0,minion_rs::run::read_constraint_list
FNDA:1,minion_rs::run::read_constant_list::{closure#0}
FNDA:0,minion_rs::run::read_constraint_list::{closure#0}
FNDA:1,minion_rs::run::read_constraint_list
FNDA:0,minion_rs::run::read_var::{closure#1}
FNDA:1,minion_rs::run::read_var
FNDA:1,minion_rs::run::read_2_vars
FNDA:0,minion_rs::run::read_2_vars::{closure#1}
FNDA:1,rust_out::main::_doctest_main_solvers_minion_src_run_rs_28_0
FNDA:0,minion_rs::run::read_constraint
FNDA:1,minion_rs::run::run_minion
FNDA:1,minion_rs::run::convert_model_to_raw::{closure#0}
FNDA:1,minion_rs::run::constraint_add_args
FNDA:0,minion_rs::run::read_constraint_list::{closure#1}
FNDA:0,minion_rs::run::read_var::{closure#1}
FNDA:0,minion_rs::run::read_constant
FNDA:1,minion_rs::run::convert_model_to_raw::{closure#2}
FNDA:1,minion_rs::run::convert_model_to_raw::{closure#3}
FNDA:0,minion_rs::run::read_var::{closure#0}
FNDA:1,minion_rs::run::read_constant
FNDA:1,minion_rs::run::read_constraint::{closure#0}
FNDA:0,minion_rs::run::convert_model_to_raw::{closure#3}
FNDA:1,minion_rs::run::read_list
FNDA:0,minion_rs::run::run_minion
FNDA:0,minion_rs::run::read_constant_list
FNDA:0,minion_rs::run::convert_model_to_raw::{closure#0}
FNDA:1,run_callback
FNDA:0,minion_rs::run::read_2_vars::{closure#0}
FNDA:0,minion_rs::run::read_list::{closure#1}
FNDA:1,minion_rs::run::read_var::{closure#0}
FNDA:0,minion_rs::run::read_list
FNDA:0,minion_rs::run::read_list::{closure#1}
FNDA:0,minion_rs::run::constraint_add_args
FNDA:0,minion_rs::run::convert_model_to_raw::{closure#2}
FNDA:0,minion_rs::run::read_2_vars
FNDA:0,minion_rs::run::read_constraint::{closure#0}
FNDA:1,minion_rs::run::get_constraint_type
FNF:56
FNH:25
BRF:0
BRH:0
DA:29,1
DA:41,1
DA:42,1
DA:43,1
DA:44,1
DA:45,1
DA:48,1
DA:49,1
DA:50,1
DA:51,1
DA:52,1
DA:53,1
DA:54,1
DA:55,1
DA:56,1
DA:57,1
DA:58,1
DA:59,1
DA:60,1
DA:61,1
DA:62,1
DA:63,1
DA:64,1
DA:65,1
DA:66,1
DA:67,1
DA:68,1
DA:69,1
DA:70,1
DA:71,1
DA:72,1
DA:73,1
DA:74,1
DA:75,1
DA:76,1
DA:77,1
DA:78,1
DA:79,1
DA:80,1
DA:81,1
DA:82,1
DA:83,1
DA:84,1
DA:85,1
DA:86,1
DA:87,1
DA:88,1
DA:89,1
DA:90,1
DA:91,1
DA:92,1
DA:93,1
DA:94,1
DA:95,1
DA:96,1
DA:97,1
DA:98,1
DA:99,1
DA:100,1
DA:101,1
DA:102,1
DA:103,1
DA:104,1
DA:105,1
DA:119,46474
DA:120,46474
DA:121,46474
DA:122,46474
DA:123,46474
DA:124,46474
DA:125,46474
DA:126,46474
DA:127,46474
DA:128,0
DA:129,46474
DA:131,46474
DA:132,46474
DA:133,0
DA:136,46474
DA:137,0
DA:138,46474
DA:139,46474
DA:140,46474
DA:141,46474
DA:143,136496
DA:144,136496
DA:145,136496
DA:146,136496
DA:147,136496
DA:150,46474
DA:151,0
DA:152,46474
DA:154,46474
DA:162,893
DA:163,893
DA:164,893
DA:165,893
DA:166,893
DA:167,893
DA:168,893
DA:169,893
DA:170,893
DA:171,893
DA:172,893
DA:173,893
DA:174,893
DA:175,893
DA:176,893
DA:177,893
DA:178,893
DA:179,893
DA:181,893
DA:182,893
DA:183,893
DA:184,893
DA:185,893
DA:186,893
DA:187,893
DA:188,893
DA:189,893
DA:190,893
DA:191,893
DA:192,893
DA:193,893
DA:194,893
DA:195,893
DA:196,893
DA:197,893
DA:198,893
DA:199,0
DA:202,893
DA:204,893
DA:205,893
DA:206,893
DA:207,893
DA:208,893
DA:209,893
DA:210,893
DA:211,893
DA:212,893
DA:213,893
DA:214,893
DA:215,893
DA:216,893
DA:217,893
DA:218,893
DA:219,893
DA:220,893
DA:221,893
DA:222,893
DA:223,893
DA:224,893
DA:225,893
DA:226,893
DA:228,2356
DA:229,2356
DA:230,0
DA:231,0
DA:232,0
DA:233,0
DA:234,2356
DA:236,2356
DA:237,2356
DA:238,2356
DA:239,2356
DA:241,2356
DA:242,1976
DA:243,380
DA:244,0
DA:245,0
DA:247,2356
DA:248,2356
DA:249,2356
DA:250,2356
DA:251,2356
DA:252,2356
DA:253,2356
DA:254,2356
DA:255,2356
DA:256,2356
DA:257,2356
DA:258,2356
DA:259,2356
DA:260,2356
DA:261,2356
DA:262,2356
DA:263,2356
DA:264,2356
DA:265,2356
DA:268,893
DA:269,893
DA:270,893
DA:271,893
DA:272,893
DA:273,893
DA:279,7220
DA:284,6327
DA:285,6327
DA:286,6327
DA:287,6327
DA:288,6327
DA:289,6327
DA:290,6327
DA:293,893
DA:294,893
DA:296,23123
DA:297,23123
DA:298,5567
DA:299,5624
DA:300,6080
DA:301,399
DA:302,0
DA:303,0
DA:304,95
DA:305,0
DA:306,0
DA:307,0
DA:308,0
DA:309,0
DA:310,0
DA:311,0
DA:312,0
DA:313,0
DA:314,19
DA:315,19
DA:316,0
DA:317,19
DA:318,4769
DA:319,0
DA:320,0
DA:321,0
DA:322,0
DA:323,0
DA:324,0
DA:325,0
DA:326,0
DA:327,0
DA:328,0
DA:329,0
DA:330,0
DA:331,0
DA:332,0
DA:333,0
DA:334,0
DA:335,0
DA:336,0
DA:337,0
DA:338,0
DA:339,0
DA:340,0
DA:341,0
DA:342,0
DA:343,0
DA:344,0
DA:345,0
DA:346,0
DA:347,0
DA:348,0
DA:349,0
DA:350,0
DA:351,0
DA:352,0
DA:353,0
DA:354,0
DA:355,0
DA:357,0
DA:360,0
DA:362,285
DA:363,0
DA:364,0
DA:365,0
DA:366,38
DA:367,0
DA:368,0
DA:369,0
DA:370,171
DA:371,0
DA:372,0
DA:373,0
DA:374,0
DA:375,0
DA:376,38
DA:379,0
DA:380,0
DA:381,0
DA:382,0
DA:384,23123
DA:386,23123
DA:387,23123
DA:388,23123
DA:389,23123
DA:390,23123
DA:391,23123
DA:392,5567
DA:393,5567
DA:394,5567
DA:395,5567
DA:397,5624
DA:398,5624
DA:399,5624
DA:400,5624
DA:402,6080
DA:403,6080
DA:404,6080
DA:405,6080
DA:406,6080
DA:408,399
DA:409,399
DA:410,399
DA:411,399
DA:413,0
DA:414,0
DA:415,0
DA:416,0
DA:418,0
DA:419,0
DA:420,0
DA:421,0
DA:423,95
DA:424,95
DA:425,95
DA:426,95
DA:428,0
DA:429,0
DA:430,0
DA:431,0
DA:433,0
DA:434,0
DA:435,0
DA:436,0
DA:438,0
DA:439,0
DA:440,0
DA:441,0
DA:443,0
DA:444,0
DA:445,0
DA:446,0
DA:448,0
DA:449,0
DA:450,0
DA:451,0
DA:452,0
DA:454,0
DA:455,0
DA:456,0
DA:457,0
DA:458,0
DA:460,0
DA:461,0
DA:462,0
DA:464,0
DA:465,0
DA:466,0
DA:468,0
DA:469,0
DA:470,0
DA:472,19
DA:473,19
DA:474,19
DA:475,19
DA:477,19
DA:478,19
DA:479,19
DA:480,19
DA:482,0
DA:483,0
DA:484,0
DA:485,0
DA:487,19
DA:488,19
DA:489,19
DA:491,4769
DA:492,4769
DA:493,4769
DA:495,0
DA:496,0
DA:497,0
DA:499,0
DA:500,0
DA:501,0
DA:503,0
DA:504,0
DA:505,0
DA:506,0
DA:508,0
DA:509,0
DA:510,0
DA:511,0
DA:513,0
DA:514,0
DA:515,0
DA:516,0
DA:518,0
DA:519,0
DA:520,0
DA:521,0
DA:522,0
DA:524,0
DA:525,0
DA:526,0
DA:527,0
DA:528,0
DA:530,0
DA:531,0
DA:532,0
DA:533,0
DA:534,0
DA:567,285
DA:568,285
DA:569,285
DA:570,285
DA:575,38
DA:576,38
DA:577,38
DA:578,38
DA:583,171
DA:584,171
DA:585,171
DA:586,171
DA:592,0
DA:593,0
DA:594,0
DA:595,0
DA:598,0
DA:599,38
DA:601,0
DA:603,23123
DA:607,11191
DA:608,11191
DA:609,11191
DA:610,11191
DA:611,11191
DA:612,11191
DA:613,44536
DA:614,33345
DA:615,33307
DA:616,33307
DA:617,0
DA:618,0
DA:619,0
DA:620,0
DA:621,33307
DA:622,33307
DA:624,38
DA:627,33345
DA:630,11191
DA:631,11191
DA:632,11191
DA:633,11191
DA:635,24947
DA:636,24947
DA:637,24947
DA:638,24947
DA:639,24947
DA:640,24947
DA:641,24947
DA:642,13471
DA:643,13471
DA:644,0
DA:645,0
DA:646,0
DA:647,0
DA:648,13471
DA:649,13471
DA:651,11476
DA:654,24947
DA:655,24947
DA:656,24947
DA:657,24947
DA:658,24947
DA:660,95
DA:661,95
DA:662,95
DA:663,95
DA:664,95
DA:665,95
DA:666,95
DA:667,76
DA:668,76
DA:669,0
DA:670,0
DA:671,0
DA:672,0
DA:673,76
DA:674,76
DA:676,19
DA:678,95
DA:679,95
DA:680,95
DA:681,0
DA:682,0
DA:683,0
DA:684,0
DA:685,95
DA:686,95
DA:688,0
DA:693,95
DA:694,95
DA:695,95
DA:697,6365
DA:698,6365
DA:699,6365
DA:700,6365
DA:701,6365
DA:702,6365
DA:703,0
DA:704,0
DA:705,0
DA:706,0
DA:708,6365
DA:709,6365
DA:710,6365
DA:711,6365
DA:713,38
DA:714,38
DA:715,38
DA:716,38
DA:717,38
DA:719,38
DA:720,38
DA:721,0
DA:722,19
DA:723,19
DA:725,0
DA:726,0
DA:728,38
DA:731,38
DA:732,38
DA:733,38
DA:738,38
DA:739,38
DA:740,38
DA:741,38
DA:742,38
DA:743,38
DA:744,38
DA:745,38
DA:746,38
DA:747,38
DA:748,38
DA:750,38
DA:751,38
DA:752,38
DA:754,4788
DA:755,4788
DA:756,4788
DA:757,4788
DA:758,4788
DA:759,4788
DA:760,4788
DA:761,4788
DA:762,16758
DA:763,16758
DA:764,16758
DA:765,16758
DA:766,16758
DA:767,16758
DA:768,16758
DA:769,16758
DA:772,4788
DA:773,4788
DA:774,4788
LF:563
LH:376
end_of_record
SF:crates/conjure_core/src/rules/base.rs
FN:270,conjure_core::rules::base::CONJURE_GEN_RULE_REMOVE_TRIVIAL_OR::__typecheck::{closure#0}
FN:26,conjure_core::rules::base::remove_nothings::remove_nothings
FN:13,conjure_core::rules::base::CONJURE_GEN_RULE_SET_BASE::__typecheck::{closure#0}::{closure#0}
FN:129,conjure_core::rules::base::CONJURE_GEN_RULE_FLATTEN_NESTED_SUM::__typecheck::{closure#0}
FN:330,conjure_core::rules::base::CONJURE_GEN_RULE_REMOVE_CONSTANTS_FROM_AND::__typecheck
FN:436,conjure_core::rules::base::CONJURE_GEN_RULE_MAX_TO_VAR::__typecheck::{closure#0}::{closure#0}
FN:330,conjure_core::rules::base::CONJURE_GEN_RULE_REMOVE_CONSTANTS_FROM_AND::__typecheck::{closure#0}
FN:115,conjure_core::rules::base::CONJURE_GEN_RULE_UNWRAP_SUM::__typecheck::{closure#0}::{closure#0}
FN:21,rust_out::main::_doctest_main_crates_conjure_core_src_rules_base_rs_21_0
FN:562,conjure_core::rules::base::CONJURE_GEN_RULE_DISTRIBUTE_NOT_OVER_OR::__typecheck::{closure#0}::{closure#0}
FN:532,conjure_core::rules::base::distribute_not_over_and
FN:270,conjure_core::rules::base::CONJURE_GEN_RULE_REMOVE_TRIVIAL_OR::__typecheck::{closure#0}
FN:478,rust_out::main
FN:369,rust_out::main::_doctest_main_crates_conjure_core_src_rules_base_rs_369_0
FN:331,conjure_core::rules::base::remove_constants_from_and
FN:195,rust_out::main::_doctest_main_crates_conjure_core_src_rules_base_rs_195_0
FN:112,rust_out::main::_doctest_main_crates_conjure_core_src_rules_base_rs_112_0
FN:563,conjure_core::rules::base::distribute_not_over_or
FN:392,conjure_core::rules::base::CONJURE_GEN_RULE_MIN_TO_VAR::__typecheck
FN:166,conjure_core::rules::base::unwrap_nested_or
FN:330,conjure_core::rules::base::CONJURE_GEN_RULE_REMOVE_CONSTANTS_FROM_AND::__typecheck::{closure#0}::{closure#0}
FN:531,conjure_core::rules::base::CONJURE_GEN_RULE_DISTRIBUTE_NOT_OVER_AND::__typecheck::{closure#0}
FN:483,conjure_core::rules::base::distribute_or_over_and::find_and
FN:436,conjure_core::rules::base::CONJURE_GEN_RULE_MAX_TO_VAR::__typecheck::{closure#0}
FN:198,conjure_core::rules::base::CONJURE_GEN_RULE_UNWRAP_NESTED_AND::__typecheck
FN:292,conjure_core::rules::base::remove_constants_from_or
FN:251,conjure_core::rules::base::CONJURE_GEN_RULE_REMOVE_TRIVIAL_AND::__typecheck::{closure#0}
FN:115,conjure_core::rules::base::CONJURE_GEN_RULE_UNWRAP_SUM::__typecheck::{closure#0}
FN:234,conjure_core::rules::base::CONJURE_GEN_RULE_REMOVE_DOUBLE_NEGATION::__typecheck::{closure#0}::{closure#0}
FN:559,rust_out::main::_doctest_main_crates_conjure_core_src_rules_base_rs_559_0
FN:234,conjure_core::rules::base::CONJURE_GEN_RULE_REMOVE_DOUBLE_NEGATION::__typecheck::{closure#0}::{closure#0}
FN:291,conjure_core::rules::base::CONJURE_GEN_RULE_REMOVE_CONSTANTS_FROM_OR::__typecheck::{closure#0}
FN:531,conjure_core::rules::base::CONJURE_GEN_RULE_DISTRIBUTE_NOT_OVER_AND::__typecheck::{closure#0}::{closure#0}
FN:481,conjure_core::rules::base::CONJURE_GEN_RULE_DISTRIBUTE_OR_OVER_AND::__typecheck::{closure#0}
FN:85,conjure_core::rules::base::CONJURE_GEN_RULE_REMOVE_EMPTY_EXPRESSION::__typecheck::{closure#0}::{closure#0}
FN:482,conjure_core::rules::base::distribute_or_over_and
FN:198,conjure_core::rules::base::CONJURE_GEN_RULE_UNWRAP_NESTED_AND::__typecheck::{closure#0}::{closure#0}
FN:372,conjure_core::rules::base::CONJURE_GEN_RULE_EVALUATE_CONSTANT_NOT::__typecheck
FN:372,conjure_core::rules::base::CONJURE_GEN_RULE_EVALUATE_CONSTANT_NOT::__typecheck
FN:234,conjure_core::rules::base::CONJURE_GEN_RULE_REMOVE_DOUBLE_NEGATION::__typecheck::{closure#0}
FN:291,conjure_core::rules::base::CONJURE_GEN_RULE_REMOVE_CONSTANTS_FROM_OR::__typecheck::{closure#0}
FN:392,conjure_core::rules::base::CONJURE_GEN_RULE_MIN_TO_VAR::__typecheck::{closure#0}
FN:162,rust_out::main::_doctest_main_crates_conjure_core_src_rules_base_rs_162_0
FN:24,conjure_core::rules::base::CONJURE_GEN_RULE_REMOVE_NOTHINGS::__typecheck
FN:531,conjure_core::rules::base::CONJURE_GEN_RULE_DISTRIBUTE_NOT_OVER_AND::__typecheck
FN:24,conjure_core::rules::base::CONJURE_GEN_RULE_REMOVE_NOTHINGS::__typecheck::{closure#0}
FN:85,conjure_core::rules::base::CONJURE_GEN_RULE_REMOVE_EMPTY_EXPRESSION::__typecheck::{closure#0}::{closure#0}
FN:130,conjure_core::rules::base::flatten_nested_sum
FN:372,conjure_core::rules::base::CONJURE_GEN_RULE_EVALUATE_CONSTANT_NOT::__typecheck::{closure#0}
FN:531,conjure_core::rules::base::CONJURE_GEN_RULE_DISTRIBUTE_NOT_OVER_AND::__typecheck::{closure#0}::{closure#0}
FN:199,conjure_core::rules::base::unwrap_nested_and
FN:528,rust_out::main::_doctest_main_crates_conjure_core_src_rules_base_rs_528_0
FN:251,conjure_core::rules::base::CONJURE_GEN_RULE_REMOVE_TRIVIAL_AND::__typecheck::{closure#0}::{closure#0}
FN:24,conjure_core::rules::base::CONJURE_GEN_RULE_REMOVE_NOTHINGS::__typecheck::{closure#0}::{closure#0}
FN:288,rust_out::main::_doctest_main_crates_conjure_core_src_rules_base_rs_288_0
FN:129,conjure_core::rules::base::CONJURE_GEN_RULE_FLATTEN_NESTED_SUM::__typecheck::{closure#0}::{closure#0}
FN:126,rust_out::main::_doctest_main_crates_conjure_core_src_rules_base_rs_126_0
FN:129,conjure_core::rules::base::CONJURE_GEN_RULE_FLATTEN_NESTED_SUM::__typecheck
FN:129,conjure_core::rules::base::CONJURE_GEN_RULE_FLATTEN_NESTED_SUM::__typecheck::{closure#0}::{closure#0}
FN:481,conjure_core::rules::base::CONJURE_GEN_RULE_DISTRIBUTE_OR_OVER_AND::__typecheck
FN:115,conjure_core::rules::base::CONJURE_GEN_RULE_UNWRAP_SUM::__typecheck
FN:46,conjure_core::rules::base::remove_nothings::get_lhs_rhs
FN:271,conjure_core::rules::base::remove_trivial_or
FN:25,conjure_core::rules::base::remove_nothings
FN:483,conjure_core::rules::base::distribute_or_over_and::find_and
FN:234,conjure_core::rules::base::CONJURE_GEN_RULE_REMOVE_DOUBLE_NEGATION::__typecheck
FN:531,conjure_core::rules::base::CONJURE_GEN_RULE_DISTRIBUTE_NOT_OVER_AND::__typecheck::{closure#0}
FN:392,conjure_core::rules::base::CONJURE_GEN_RULE_MIN_TO_VAR::__typecheck::{closure#0}
FN:562,conjure_core::rules::base::CONJURE_GEN_RULE_DISTRIBUTE_NOT_OVER_OR::__typecheck
FN:562,conjure_core::rules::base::CONJURE_GEN_RULE_DISTRIBUTE_NOT_OVER_OR::__typecheck::{closure#0}::{closure#0}
FN:331,conjure_core::rules::base::remove_constants_from_and
FN:26,conjure_core::rules::base::remove_nothings::remove_nothings
FN:437,conjure_core::rules::base::max_to_var
FN:292,conjure_core::rules::base::remove_constants_from_or
FN:436,conjure_core::rules::base::CONJURE_GEN_RULE_MAX_TO_VAR::__typecheck::{closure#0}::{closure#0}
FN:252,conjure_core::rules::base::remove_trivial_and
FN:437,conjure_core::rules::base::max_to_var
FN:85,conjure_core::rules::base::CONJURE_GEN_RULE_REMOVE_EMPTY_EXPRESSION::__typecheck::{closure#0}
FN:251,conjure_core::rules::base::CONJURE_GEN_RULE_REMOVE_TRIVIAL_AND::__typecheck
FN:251,conjure_core::rules::base::CONJURE_GEN_RULE_REMOVE_TRIVIAL_AND::__typecheck::{closure#0}::{closure#0}
FN:115,conjure_core::rules::base::CONJURE_GEN_RULE_UNWRAP_SUM::__typecheck::{closure#0}::{closure#0}
FN:165,conjure_core::rules::base::CONJURE_GEN_RULE_UNWRAP_NESTED_OR::__typecheck::{closure#0}::{closure#0}
FN:291,conjure_core::rules::base::CONJURE_GEN_RULE_REMOVE_CONSTANTS_FROM_OR::__typecheck::{closure#0}::{closure#0}
FN:13,conjure_core::rules::base::CONJURE_GEN_RULE_SET_BASE::__typecheck::{closure#0}
FN:24,conjure_core::rules::base::CONJURE_GEN_RULE_REMOVE_NOTHINGS::__typecheck::{closure#0}
FN:116,conjure_core::rules::base::unwrap_sum
FN:24,conjure_core::rules::base::CONJURE_GEN_RULE_REMOVE_NOTHINGS::__typecheck
FN:392,conjure_core::rules::base::CONJURE_GEN_RULE_MIN_TO_VAR::__typecheck::{closure#0}::{closure#0}
FN:252,conjure_core::rules::base::remove_trivial_and
FN:270,conjure_core::rules::base::CONJURE_GEN_RULE_REMOVE_TRIVIAL_OR::__typecheck
FN:251,conjure_core::rules::base::CONJURE_GEN_RULE_REMOVE_TRIVIAL_AND::__typecheck
FN:13,conjure_core::rules::base::CONJURE_GEN_RULE_SET_BASE::__typecheck::{closure#0}
FN:481,conjure_core::rules::base::CONJURE_GEN_RULE_DISTRIBUTE_OR_OVER_AND::__typecheck
FN:198,conjure_core::rules::base::CONJURE_GEN_RULE_UNWRAP_NESTED_AND::__typecheck::{closure#0}
FN:481,conjure_core::rules::base::CONJURE_GEN_RULE_DISTRIBUTE_OR_OVER_AND::__typecheck::{closure#0}::{closure#0}
FN:199,conjure_core::rules::base::unwrap_nested_and
FN:86,conjure_core::rules::base::remove_empty_expression
FN:165,conjure_core::rules::base::CONJURE_GEN_RULE_UNWRAP_NESTED_OR::__typecheck::{closure#0}
FN:85,conjure_core::rules::base::CONJURE_GEN_RULE_REMOVE_EMPTY_EXPRESSION::__typecheck
FN:166,conjure_core::rules::base::unwrap_nested_or
FN:13,conjure_core::rules::base::CONJURE_GEN_RULE_SET_BASE::__typecheck
FN:481,conjure_core::rules::base::CONJURE_GEN_RULE_DISTRIBUTE_OR_OVER_AND::__typecheck::{closure#0}::{closure#0}
FN:563,conjure_core::rules::base::distribute_not_over_or
FN:129,conjure_core::rules::base::CONJURE_GEN_RULE_FLATTEN_NESTED_SUM::__typecheck
FN:392,conjure_core::rules::base::CONJURE_GEN_RULE_MIN_TO_VAR::__typecheck::{closure#0}::{closure#0}
FN:85,conjure_core::rules::base::CONJURE_GEN_RULE_REMOVE_EMPTY_EXPRESSION::__typecheck::{closure#0}
FN:372,conjure_core::rules::base::CONJURE_GEN_RULE_EVALUATE_CONSTANT_NOT::__typecheck::{closure#0}
FN:436,conjure_core::rules::base::CONJURE_GEN_RULE_MAX_TO_VAR::__typecheck
FN:267,rust_out::main::_doctest_main_crates_conjure_core_src_rules_base_rs_267_0
FN:562,conjure_core::rules::base::CONJURE_GEN_RULE_DISTRIBUTE_NOT_OVER_OR::__typecheck
FN:270,conjure_core::rules::base::CONJURE_GEN_RULE_REMOVE_TRIVIAL_OR::__typecheck
FN:115,conjure_core::rules::base::CONJURE_GEN_RULE_UNWRAP_SUM::__typecheck::{closure#0}
FN:130,conjure_core::rules::base::flatten_nested_sum
FN:234,conjure_core::rules::base::CONJURE_GEN_RULE_REMOVE_DOUBLE_NEGATION::__typecheck
FN:481,conjure_core::rules::base::CONJURE_GEN_RULE_DISTRIBUTE_OR_OVER_AND::__typecheck::{closure#0}
FN:86,conjure_core::rules::base::remove_empty_expression
FN:270,conjure_core::rules::base::CONJURE_GEN_RULE_REMOVE_TRIVIAL_OR::__typecheck::{closure#0}::{closure#0}
FN:291,conjure_core::rules::base::CONJURE_GEN_RULE_REMOVE_CONSTANTS_FROM_OR::__typecheck::{closure#0}::{closure#0}
FN:235,conjure_core::rules::base::remove_double_negation
FN:271,conjure_core::rules::base::remove_trivial_or
FN:436,conjure_core::rules::base::CONJURE_GEN_RULE_MAX_TO_VAR::__typecheck::{closure#0}
FN:532,conjure_core::rules::base::distribute_not_over_and
FN:129,conjure_core::rules::base::CONJURE_GEN_RULE_FLATTEN_NESTED_SUM::__typecheck::{closure#0}
FN:393,conjure_core::rules::base::min_to_var
FN:482,conjure_core::rules::base::distribute_or_over_and
FN:24,conjure_core::rules::base::CONJURE_GEN_RULE_REMOVE_NOTHINGS::__typecheck::{closure#0}::{closure#0}
FN:231,rust_out::main::_doctest_main_crates_conjure_core_src_rules_base_rs_231_0
FN:13,conjure_core::rules::base::CONJURE_GEN_RULE_SET_BASE::__typecheck
FN:115,conjure_core::rules::base::CONJURE_GEN_RULE_UNWRAP_SUM::__typecheck
FN:327,rust_out::main::_doctest_main_crates_conjure_core_src_rules_base_rs_327_0
FN:330,conjure_core::rules::base::CONJURE_GEN_RULE_REMOVE_CONSTANTS_FROM_AND::__typecheck::{closure#0}
FN:13,conjure_core::rules::base::CONJURE_GEN_RULE_SET_BASE::__typecheck::{closure#0}::{closure#0}
FN:251,conjure_core::rules::base::CONJURE_GEN_RULE_REMOVE_TRIVIAL_AND::__typecheck::{closure#0}
FN:165,conjure_core::rules::base::CONJURE_GEN_RULE_UNWRAP_NESTED_OR::__typecheck::{closure#0}::{closure#0}
FN:234,conjure_core::rules::base::CONJURE_GEN_RULE_REMOVE_DOUBLE_NEGATION::__typecheck::{closure#0}
FN:116,conjure_core::rules::base::unwrap_sum
FN:562,conjure_core::rules::base::CONJURE_GEN_RULE_DISTRIBUTE_NOT_OVER_OR::__typecheck::{closure#0}
FN:25,conjure_core::rules::base::remove_nothings
FN:436,conjure_core::rules::base::CONJURE_GEN_RULE_MAX_TO_VAR::__typecheck
FN:531,conjure_core::rules::base::CONJURE_GEN_RULE_DISTRIBUTE_NOT_OVER_AND::__typecheck
FN:433,rust_out::main::_doctest_main_crates_conjure_core_src_rules_base_rs_433_0
FN:389,rust_out::main::_doctest_main_crates_conjure_core_src_rules_base_rs_389_0
FN:291,conjure_core::rules::base::CONJURE_GEN_RULE_REMOVE_CONSTANTS_FROM_OR::__typecheck
FN:372,conjure_core::rules::base::CONJURE_GEN_RULE_EVALUATE_CONSTANT_NOT::__typecheck::{closure#0}::{closure#0}
FN:165,conjure_core::rules::base::CONJURE_GEN_RULE_UNWRAP_NESTED_OR::__typecheck
FN:373,conjure_core::rules::base::evaluate_constant_not
FN:291,conjure_core::rules::base::CONJURE_GEN_RULE_REMOVE_CONSTANTS_FROM_OR::__typecheck
FN:392,conjure_core::rules::base::CONJURE_GEN_RULE_MIN_TO_VAR::__typecheck
FN:198,conjure_core::rules::base::CONJURE_GEN_RULE_UNWRAP_NESTED_AND::__typecheck
FN:198,conjure_core::rules::base::CONJURE_GEN_RULE_UNWRAP_NESTED_AND::__typecheck::{closure#0}
FN:165,conjure_core::rules::base::CONJURE_GEN_RULE_UNWRAP_NESTED_OR::__typecheck::{closure#0}
FN:478,rust_out::main::_doctest_main_crates_conjure_core_src_rules_base_rs_478_0
FN:562,conjure_core::rules::base::CONJURE_GEN_RULE_DISTRIBUTE_NOT_OVER_OR::__typecheck::{closure#0}
FN:198,conjure_core::rules::base::CONJURE_GEN_RULE_UNWRAP_NESTED_AND::__typecheck::{closure#0}::{closure#0}
FN:373,conjure_core::rules::base::evaluate_constant_not
FN:330,conjure_core::rules::base::CONJURE_GEN_RULE_REMOVE_CONSTANTS_FROM_AND::__typecheck
FN:330,conjure_core::rules::base::CONJURE_GEN_RULE_REMOVE_CONSTANTS_FROM_AND::__typecheck::{closure#0}::{closure#0}
FN:235,conjure_core::rules::base::remove_double_negation
FN:372,conjure_core::rules::base::CONJURE_GEN_RULE_EVALUATE_CONSTANT_NOT::__typecheck::{closure#0}::{closure#0}
FN:85,conjure_core::rules::base::CONJURE_GEN_RULE_REMOVE_EMPTY_EXPRESSION::__typecheck
FN:165,conjure_core::rules::base::CONJURE_GEN_RULE_UNWRAP_NESTED_OR::__typecheck
FN:46,conjure_core::rules::base::remove_nothings::get_lhs_rhs
FN:248,rust_out::main::_doctest_main_crates_conjure_core_src_rules_base_rs_248_0
FN:393,conjure_core::rules::base::min_to_var
FN:270,conjure_core::rules::base::CONJURE_GEN_RULE_REMOVE_TRIVIAL_OR::__typecheck::{closure#0}::{closure#0}
FNDA:0,conjure_core::rules::base::CONJURE_GEN_RULE_REMOVE_TRIVIAL_OR::__typecheck::{closure#0}
FNDA:1,conjure_core::rules::base::remove_nothings::remove_nothings
FNDA:0,conjure_core::rules::base::CONJURE_GEN_RULE_SET_BASE::__typecheck::{closure#0}::{closure#0}
FNDA:0,conjure_core::rules::base::CONJURE_GEN_RULE_FLATTEN_NESTED_SUM::__typecheck::{closure#0}
FNDA:0,conjure_core::rules::base::CONJURE_GEN_RULE_REMOVE_CONSTANTS_FROM_AND::__typecheck
FNDA:0,conjure_core::rules::base::CONJURE_GEN_RULE_MAX_TO_VAR::__typecheck::{closure#0}::{closure#0}
FNDA:0,conjure_core::rules::base::CONJURE_GEN_RULE_REMOVE_CONSTANTS_FROM_AND::__typecheck::{closure#0}
FNDA:0,conjure_core::rules::base::CONJURE_GEN_RULE_UNWRAP_SUM::__typecheck::{closure#0}::{closure#0}
FNDA:1,rust_out::main::_doctest_main_crates_conjure_core_src_rules_base_rs_21_0
FNDA:0,conjure_core::rules::base::CONJURE_GEN_RULE_DISTRIBUTE_NOT_OVER_OR::__typecheck::{closure#0}::{closure#0}
FNDA:1,conjure_core::rules::base::distribute_not_over_and
FNDA:0,conjure_core::rules::base::CONJURE_GEN_RULE_REMOVE_TRIVIAL_OR::__typecheck::{closure#0}
FNDA:1,rust_out::main
FNDA:1,rust_out::main::_doctest_main_crates_conjure_core_src_rules_base_rs_369_0
FNDA:1,conjure_core::rules::base::remove_constants_from_and
FNDA:1,rust_out::main::_doctest_main_crates_conjure_core_src_rules_base_rs_195_0
FNDA:1,rust_out::main::_doctest_main_crates_conjure_core_src_rules_base_rs_112_0
FNDA:0,conjure_core::rules::base::distribute_not_over_or
FNDA:0,conjure_core::rules::base::CONJURE_GEN_RULE_MIN_TO_VAR::__typecheck
FNDA:0,conjure_core::rules::base::unwrap_nested_or
FNDA:0,conjure_core::rules::base::CONJURE_GEN_RULE_REMOVE_CONSTANTS_FROM_AND::__typecheck::{closure#0}::{closure#0}
FNDA:0,conjure_core::rules::base::CONJURE_GEN_RULE_DISTRIBUTE_NOT_OVER_AND::__typecheck::{closure#0}
FNDA:0,conjure_core::rules::base::distribute_or_over_and::find_and
FNDA:0,conjure_core::rules::base::CONJURE_GEN_RULE_MAX_TO_VAR::__typecheck::{closure#0}
FNDA:0,conjure_core::rules::base::CONJURE_GEN_RULE_UNWRAP_NESTED_AND::__typecheck
FNDA:1,conjure_core::rules::base::remove_constants_from_or
FNDA:0,conjure_core::rules::base::CONJURE_GEN_RULE_REMOVE_TRIVIAL_AND::__typecheck::{closure#0}
FNDA:0,conjure_core::rules::base::CONJURE_GEN_RULE_UNWRAP_SUM::__typecheck::{closure#0}
FNDA:0,conjure_core::rules::base::CONJURE_GEN_RULE_REMOVE_DOUBLE_NEGATION::__typecheck::{closure#0}::{closure#0}
FNDA:1,rust_out::main::_doctest_main_crates_conjure_core_src_rules_base_rs_559_0
FNDA:0,conjure_core::rules::base::CONJURE_GEN_RULE_REMOVE_DOUBLE_NEGATION::__typecheck::{closure#0}::{closure#0}
FNDA:0,conjure_core::rules::base::CONJURE_GEN_RULE_REMOVE_CONSTANTS_FROM_OR::__typecheck::{closure#0}
FNDA:0,conjure_core::rules::base::CONJURE_GEN_RULE_DISTRIBUTE_NOT_OVER_AND::__typecheck::{closure#0}::{closure#0}
FNDA:0,conjure_core::rules::base::CONJURE_GEN_RULE_DISTRIBUTE_OR_OVER_AND::__typecheck::{closure#0}
FNDA:0,conjure_core::rules::base::CONJURE_GEN_RULE_REMOVE_EMPTY_EXPRESSION::__typecheck::{closure#0}::{closure#0}
FNDA:0,conjure_core::rules::base::distribute_or_over_and
FNDA:0,conjure_core::rules::base::CONJURE_GEN_RULE_UNWRAP_NESTED_AND::__typecheck::{closure#0}::{closure#0}
FNDA:0,conjure_core::rules::base::CONJURE_GEN_RULE_EVALUATE_CONSTANT_NOT::__typecheck
FNDA:0,conjure_core::rules::base::CONJURE_GEN_RULE_EVALUATE_CONSTANT_NOT::__typecheck
FNDA:0,conjure_core::rules::base::CONJURE_GEN_RULE_REMOVE_DOUBLE_NEGATION::__typecheck::{closure#0}
FNDA:0,conjure_core::rules::base::CONJURE_GEN_RULE_REMOVE_CONSTANTS_FROM_OR::__typecheck::{closure#0}
FNDA:0,conjure_core::rules::base::CONJURE_GEN_RULE_MIN_TO_VAR::__typecheck::{closure#0}
FNDA:1,rust_out::main::_doctest_main_crates_conjure_core_src_rules_base_rs_162_0
FNDA:0,conjure_core::rules::base::CONJURE_GEN_RULE_REMOVE_NOTHINGS::__typecheck
FNDA:0,conjure_core::rules::base::CONJURE_GEN_RULE_DISTRIBUTE_NOT_OVER_AND::__typecheck
FNDA:0,conjure_core::rules::base::CONJURE_GEN_RULE_REMOVE_NOTHINGS::__typecheck::{closure#0}
FNDA:0,conjure_core::rules::base::CONJURE_GEN_RULE_REMOVE_EMPTY_EXPRESSION::__typecheck::{closure#0}::{closure#0}
FNDA:1,conjure_core::rules::base::flatten_nested_sum
FNDA:0,conjure_core::rules::base::CONJURE_GEN_RULE_EVALUATE_CONSTANT_NOT::__typecheck::{closure#0}
FNDA:0,conjure_core::rules::base::CONJURE_GEN_RULE_DISTRIBUTE_NOT_OVER_AND::__typecheck::{closure#0}::{closure#0}
FNDA:0,conjure_core::rules::base::unwrap_nested_and
FNDA:1,rust_out::main::_doctest_main_crates_conjure_core_src_rules_base_rs_528_0
FNDA:0,conjure_core::rules::base::CONJURE_GEN_RULE_REMOVE_TRIVIAL_AND::__typecheck::{closure#0}::{closure#0}
FNDA:0,conjure_core::rules::base::CONJURE_GEN_RULE_REMOVE_NOTHINGS::__typecheck::{closure#0}::{closure#0}
FNDA:1,rust_out::main::_doctest_main_crates_conjure_core_src_rules_base_rs_288_0
FNDA:0,conjure_core::rules::base::CONJURE_GEN_RULE_FLATTEN_NESTED_SUM::__typecheck::{closure#0}::{closure#0}
FNDA:1,rust_out::main::_doctest_main_crates_conjure_core_src_rules_base_rs_126_0
FNDA:0,conjure_core::rules::base::CONJURE_GEN_RULE_FLATTEN_NESTED_SUM::__typecheck
FNDA:0,conjure_core::rules::base::CONJURE_GEN_RULE_FLATTEN_NESTED_SUM::__typecheck::{closure#0}::{closure#0}
FNDA:0,conjure_core::rules::base::CONJURE_GEN_RULE_DISTRIBUTE_OR_OVER_AND::__typecheck
FNDA:0,conjure_core::rules::base::CONJURE_GEN_RULE_UNWRAP_SUM::__typecheck
FNDA:0,conjure_core::rules::base::remove_nothings::get_lhs_rhs
FNDA:1,conjure_core::rules::base::remove_trivial_or
FNDA:1,conjure_core::rules::base::remove_nothings
FNDA:1,conjure_core::rules::base::distribute_or_over_and::find_and
FNDA:0,conjure_core::rules::base::CONJURE_GEN_RULE_REMOVE_DOUBLE_NEGATION::__typecheck
FNDA:0,conjure_core::rules::base::CONJURE_GEN_RULE_DISTRIBUTE_NOT_OVER_AND::__typecheck::{closure#0}
FNDA:0,conjure_core::rules::base::CONJURE_GEN_RULE_MIN_TO_VAR::__typecheck::{closure#0}
FNDA:0,conjure_core::rules::base::CONJURE_GEN_RULE_DISTRIBUTE_NOT_OVER_OR::__typecheck
FNDA:0,conjure_core::rules::base::CONJURE_GEN_RULE_DISTRIBUTE_NOT_OVER_OR::__typecheck::{closure#0}::{closure#0}
FNDA:0,conjure_core::rules::base::remove_constants_from_and
FNDA:0,conjure_core::rules::base::remove_nothings::remove_nothings
FNDA:0,conjure_core::rules::base::max_to_var
FNDA:0,conjure_core::rules::base::remove_constants_from_or
FNDA:0,conjure_core::rules::base::CONJURE_GEN_RULE_MAX_TO_VAR::__typecheck::{closure#0}::{closure#0}
FNDA:1,conjure_core::rules::base::remove_trivial_and
FNDA:1,conjure_core::rules::base::max_to_var
FNDA:0,conjure_core::rules::base::CONJURE_GEN_RULE_REMOVE_EMPTY_EXPRESSION::__typecheck::{closure#0}
FNDA:0,conjure_core::rules::base::CONJURE_GEN_RULE_REMOVE_TRIVIAL_AND::__typecheck
FNDA:0,conjure_core::rules::base::CONJURE_GEN_RULE_REMOVE_TRIVIAL_AND::__typecheck::{closure#0}::{closure#0}
FNDA:0,conjure_core::rules::base::CONJURE_GEN_RULE_UNWRAP_SUM::__typecheck::{closure#0}::{closure#0}
FNDA:0,conjure_core::rules::base::CONJURE_GEN_RULE_UNWRAP_NESTED_OR::__typecheck::{closure#0}::{closure#0}
FNDA:0,conjure_core::rules::base::CONJURE_GEN_RULE_REMOVE_CONSTANTS_FROM_OR::__typecheck::{closure#0}::{closure#0}
FNDA:0,conjure_core::rules::base::CONJURE_GEN_RULE_SET_BASE::__typecheck::{closure#0}
FNDA:0,conjure_core::rules::base::CONJURE_GEN_RULE_REMOVE_NOTHINGS::__typecheck::{closure#0}
FNDA:0,conjure_core::rules::base::unwrap_sum
FNDA:0,conjure_core::rules::base::CONJURE_GEN_RULE_REMOVE_NOTHINGS::__typecheck
FNDA:0,conjure_core::rules::base::CONJURE_GEN_RULE_MIN_TO_VAR::__typecheck::{closure#0}::{closure#0}
FNDA:0,conjure_core::rules::base::remove_trivial_and
FNDA:0,conjure_core::rules::base::CONJURE_GEN_RULE_REMOVE_TRIVIAL_OR::__typecheck
FNDA:0,conjure_core::rules::base::CONJURE_GEN_RULE_REMOVE_TRIVIAL_AND::__typecheck
FNDA:0,conjure_core::rules::base::CONJURE_GEN_RULE_SET_BASE::__typecheck::{closure#0}
FNDA:0,conjure_core::rules::base::CONJURE_GEN_RULE_DISTRIBUTE_OR_OVER_AND::__typecheck
FNDA:0,conjure_core::rules::base::CONJURE_GEN_RULE_UNWRAP_NESTED_AND::__typecheck::{closure#0}
FNDA:0,conjure_core::rules::base::CONJURE_GEN_RULE_DISTRIBUTE_OR_OVER_AND::__typecheck::{closure#0}::{closure#0}
FNDA:1,conjure_core::rules::base::unwrap_nested_and
FNDA:1,conjure_core::rules::base::remove_empty_expression
FNDA:0,conjure_core::rules::base::CONJURE_GEN_RULE_UNWRAP_NESTED_OR::__typecheck::{closure#0}
FNDA:0,conjure_core::rules::base::CONJURE_GEN_RULE_REMOVE_EMPTY_EXPRESSION::__typecheck
FNDA:1,conjure_core::rules::base::unwrap_nested_or
FNDA:0,conjure_core::rules::base::CONJURE_GEN_RULE_SET_BASE::__typecheck
FNDA:0,conjure_core::rules::base::CONJURE_GEN_RULE_DISTRIBUTE_OR_OVER_AND::__typecheck::{closure#0}::{closure#0}
FNDA:1,conjure_core::rules::base::distribute_not_over_or
FNDA:0,conjure_core::rules::base::CONJURE_GEN_RULE_FLATTEN_NESTED_SUM::__typecheck
FNDA:0,conjure_core::rules::base::CONJURE_GEN_RULE_MIN_TO_VAR::__typecheck::{closure#0}::{closure#0}
FNDA:0,conjure_core::rules::base::CONJURE_GEN_RULE_REMOVE_EMPTY_EXPRESSION::__typecheck::{closure#0}
FNDA:0,conjure_core::rules::base::CONJURE_GEN_RULE_EVALUATE_CONSTANT_NOT::__typecheck::{closure#0}
FNDA:0,conjure_core::rules::base::CONJURE_GEN_RULE_MAX_TO_VAR::__typecheck
FNDA:1,rust_out::main::_doctest_main_crates_conjure_core_src_rules_base_rs_267_0
FNDA:0,conjure_core::rules::base::CONJURE_GEN_RULE_DISTRIBUTE_NOT_OVER_OR::__typecheck
FNDA:0,conjure_core::rules::base::CONJURE_GEN_RULE_REMOVE_TRIVIAL_OR::__typecheck
FNDA:0,conjure_core::rules::base::CONJURE_GEN_RULE_UNWRAP_SUM::__typecheck::{closure#0}
FNDA:0,conjure_core::rules::base::flatten_nested_sum
FNDA:0,conjure_core::rules::base::CONJURE_GEN_RULE_REMOVE_DOUBLE_NEGATION::__typecheck
FNDA:0,conjure_core::rules::base::CONJURE_GEN_RULE_DISTRIBUTE_OR_OVER_AND::__typecheck::{closure#0}
FNDA:0,conjure_core::rules::base::remove_empty_expression
FNDA:0,conjure_core::rules::base::CONJURE_GEN_RULE_REMOVE_TRIVIAL_OR::__typecheck::{closure#0}::{closure#0}
FNDA:0,conjure_core::rules::base::CONJURE_GEN_RULE_REMOVE_CONSTANTS_FROM_OR::__typecheck::{closure#0}::{closure#0}
FNDA:0,conjure_core::rules::base::remove_double_negation
FNDA:0,conjure_core::rules::base::remove_trivial_or
FNDA:0,conjure_core::rules::base::CONJURE_GEN_RULE_MAX_TO_VAR::__typecheck::{closure#0}
FNDA:0,conjure_core::rules::base::distribute_not_over_and
FNDA:0,conjure_core::rules::base::CONJURE_GEN_RULE_FLATTEN_NESTED_SUM::__typecheck::{closure#0}
FNDA:1,conjure_core::rules::base::min_to_var
FNDA:1,conjure_core::rules::base::distribute_or_over_and
FNDA:0,conjure_core::rules::base::CONJURE_GEN_RULE_REMOVE_NOTHINGS::__typecheck::{closure#0}::{closure#0}
FNDA:1,rust_out::main::_doctest_main_crates_conjure_core_src_rules_base_rs_231_0
FNDA:0,conjure_core::rules::base::CONJURE_GEN_RULE_SET_BASE::__typecheck
FNDA:0,conjure_core::rules::base::CONJURE_GEN_RULE_UNWRAP_SUM::__typecheck
FNDA:1,rust_out::main::_doctest_main_crates_conjure_core_src_rules_base_rs_327_0
FNDA:0,conjure_core::rules::base::CONJURE_GEN_RULE_REMOVE_CONSTANTS_FROM_AND::__typecheck::{closure#0}
FNDA:0,conjure_core::rules::base::CONJURE_GEN_RULE_SET_BASE::__typecheck::{closure#0}::{closure#0}
FNDA:0,conjure_core::rules::base::CONJURE_GEN_RULE_REMOVE_TRIVIAL_AND::__typecheck::{closure#0}
FNDA:0,conjure_core::rules::base::CONJURE_GEN_RULE_UNWRAP_NESTED_OR::__typecheck::{closure#0}::{closure#0}
FNDA:0,conjure_core::rules::base::CONJURE_GEN_RULE_REMOVE_DOUBLE_NEGATION::__typecheck::{closure#0}
FNDA:1,conjure_core::rules::base::unwrap_sum
FNDA:0,conjure_core::rules::base::CONJURE_GEN_RULE_DISTRIBUTE_NOT_OVER_OR::__typecheck::{closure#0}
FNDA:0,conjure_core::rules::base::remove_nothings
FNDA:0,conjure_core::rules::base::CONJURE_GEN_RULE_MAX_TO_VAR::__typecheck
FNDA:0,conjure_core::rules::base::CONJURE_GEN_RULE_DISTRIBUTE_NOT_OVER_AND::__typecheck
FNDA:1,rust_out::main::_doctest_main_crates_conjure_core_src_rules_base_rs_433_0
FNDA:1,rust_out::main::_doctest_main_crates_conjure_core_src_rules_base_rs_389_0
FNDA:0,conjure_core::rules::base::CONJURE_GEN_RULE_REMOVE_CONSTANTS_FROM_OR::__typecheck
FNDA:0,conjure_core::rules::base::CONJURE_GEN_RULE_EVALUATE_CONSTANT_NOT::__typecheck::{closure#0}::{closure#0}
FNDA:0,conjure_core::rules::base::CONJURE_GEN_RULE_UNWRAP_NESTED_OR::__typecheck
FNDA:0,conjure_core::rules::base::evaluate_constant_not
FNDA:0,conjure_core::rules::base::CONJURE_GEN_RULE_REMOVE_CONSTANTS_FROM_OR::__typecheck
FNDA:0,conjure_core::rules::base::CONJURE_GEN_RULE_MIN_TO_VAR::__typecheck
FNDA:0,conjure_core::rules::base::CONJURE_GEN_RULE_UNWRAP_NESTED_AND::__typecheck
FNDA:0,conjure_core::rules::base::CONJURE_GEN_RULE_UNWRAP_NESTED_AND::__typecheck::{closure#0}
FNDA:0,conjure_core::rules::base::CONJURE_GEN_RULE_UNWRAP_NESTED_OR::__typecheck::{closure#0}
FNDA:1,rust_out::main::_doctest_main_crates_conjure_core_src_rules_base_rs_478_0
FNDA:0,conjure_core::rules::base::CONJURE_GEN_RULE_DISTRIBUTE_NOT_OVER_OR::__typecheck::{closure#0}
FNDA:0,conjure_core::rules::base::CONJURE_GEN_RULE_UNWRAP_NESTED_AND::__typecheck::{closure#0}::{closure#0}
FNDA:1,conjure_core::rules::base::evaluate_constant_not
FNDA:0,conjure_core::rules::base::CONJURE_GEN_RULE_REMOVE_CONSTANTS_FROM_AND::__typecheck
FNDA:0,conjure_core::rules::base::CONJURE_GEN_RULE_REMOVE_CONSTANTS_FROM_AND::__typecheck::{closure#0}::{closure#0}
FNDA:1,conjure_core::rules::base::remove_double_negation
FNDA:0,conjure_core::rules::base::CONJURE_GEN_RULE_EVALUATE_CONSTANT_NOT::__typecheck::{closure#0}::{closure#0}
FNDA:0,conjure_core::rules::base::CONJURE_GEN_RULE_REMOVE_EMPTY_EXPRESSION::__typecheck
FNDA:0,conjure_core::rules::base::CONJURE_GEN_RULE_UNWRAP_NESTED_OR::__typecheck
FNDA:0,conjure_core::rules::base::remove_nothings::get_lhs_rhs
FNDA:1,rust_out::main::_doctest_main_crates_conjure_core_src_rules_base_rs_248_0
FNDA:0,conjure_core::rules::base::min_to_var
FNDA:0,conjure_core::rules::base::CONJURE_GEN_RULE_REMOVE_TRIVIAL_OR::__typecheck::{closure#0}::{closure#0}
FNF:165
FNH:36
BRF:0
BRH:0
DA:13,0
DA:21,1
DA:22,1
DA:23,1
DA:24,0
DA:25,7250355
DA:26,7250355
DA:27,7250355
DA:28,7250355
DA:30,14682180
DA:31,7431825
DA:32,0
DA:33,0
DA:34,0
DA:35,7431825
DA:39,7250355
DA:40,0
DA:42,7250355
DA:44,7250355
DA:46,0
DA:47,0
DA:48,0
DA:49,0
DA:50,0
DA:51,0
DA:52,0
DA:53,0
DA:54,0
DA:58,7250355
DA:60,0
DA:61,0
DA:62,0
DA:63,0
DA:64,0
DA:65,0
DA:66,0
DA:68,0
DA:69,0
DA:70,0
DA:72,0
DA:73,0
DA:74,0
DA:76,0
DA:78,7250355
DA:85,0
DA:86,7250355
DA:90,1837695
DA:91,7250355
DA:94,5412660
DA:95,1837695
DA:96,1837695
DA:97,1837695
DA:98,1837680
DA:99,15
DA:101,15
DA:102,15
DA:103,0
DA:106,15
DA:107,7250355
DA:112,1
DA:113,1
DA:114,1
DA:115,0
DA:116,7250385
DA:117,180
DA:118,180
DA:119,7250355
DA:121,7250385
DA:126,1
DA:127,1
DA:128,1
DA:129,0
DA:130,7250355
DA:131,7250355
DA:132,150
DA:133,150
DA:134,150
DA:135,570
DA:136,420
DA:137,150
DA:138,150
DA:139,450
DA:140,300
DA:141,300
DA:143,270
DA:146,150
DA:147,0
DA:148,150
DA:149,150
DA:150,150
DA:151,150
DA:152,150
DA:154,7250205
DA:156,7250355
DA:162,1
DA:163,1
DA:164,1
DA:165,0
DA:166,7250385
DA:167,7250385
DA:168,377940
DA:169,377940
DA:170,377940
DA:171,1846830
DA:172,1468890
DA:173,75
DA:174,75
DA:175,225
DA:176,150
DA:177,150
DA:179,1468815
DA:182,377940
DA:183,377865
DA:184,75
DA:185,75
DA:187,6872445
DA:189,7250385
DA:195,1
DA:196,1
DA:197,1
DA:198,0
DA:199,7250385
DA:200,7250385
DA:201,16740
DA:202,16740
DA:203,16740
DA:204,541695
DA:205,524955
DA:206,3735
DA:207,3735
DA:208,11250
DA:209,7515
DA:210,7515
DA:212,521220
DA:215,16740
DA:216,13005
DA:217,3735
DA:218,3735
DA:219,3735
DA:220,3735
DA:221,3735
DA:223,7233645
DA:225,7250385
DA:231,1
DA:232,1
DA:233,1
DA:234,0
DA:235,7250370
DA:236,7250370
DA:237,75
DA:238,15
DA:239,60
DA:241,7250295
DA:243,7250370
DA:248,1
DA:249,1
DA:250,1
DA:251,0
DA:252,7250370
DA:253,7250370
DA:254,16725
DA:255,16725
DA:256,15
DA:257,16710
DA:258,16710
DA:260,7233645
DA:262,7250370
DA:267,1
DA:268,1
DA:269,1
DA:270,0
DA:271,7250370
DA:272,7250370
DA:273,377925
DA:274,377925
DA:275,75
DA:276,377850
DA:277,377850
DA:279,6872445
DA:281,7250370
DA:288,1
DA:289,1
DA:290,1
DA:291,0
DA:292,7250355
DA:293,7250355
DA:294,377910
DA:295,377910
DA:296,377910
DA:297,1846710
DA:298,60
DA:299,60
DA:300,60
DA:302,30
DA:303,30
DA:304,30
DA:305,30
DA:306,30
DA:307,30
DA:308,30
DA:309,30
DA:311,1468770
DA:314,377880
DA:315,377850
DA:316,30
DA:317,30
DA:319,6872445
DA:321,7250355
DA:327,1
DA:328,1
DA:329,1
DA:330,0
DA:331,7250355
DA:332,7250355
DA:333,16710
DA:334,16710
DA:335,16710
DA:336,541590
DA:337,75
DA:338,75
DA:339,75
DA:341,15
DA:342,15
DA:343,15
DA:344,15
DA:345,60
DA:346,60
DA:347,60
DA:348,60
DA:350,524820
DA:353,16695
DA:354,16635
DA:355,60
DA:356,60
DA:357,60
DA:358,60
DA:359,60
DA:361,7233645
DA:363,7250355
DA:369,1
DA:370,1
DA:371,1
DA:372,0
DA:373,7250355
DA:374,7250355
DA:375,60
DA:376,0
DA:377,0
DA:378,0
DA:379,0
DA:380,60
DA:382,7250295
DA:384,7250355
DA:389,1
DA:390,1
DA:391,1
DA:392,0
DA:393,7250355
DA:394,7250355
DA:395,105
DA:396,105
DA:397,105
DA:398,105
DA:399,105
DA:400,315
DA:401,210
DA:402,210
DA:403,210
DA:404,210
DA:405,210
DA:406,210
DA:407,210
DA:408,210
DA:409,210
DA:410,210
DA:411,210
DA:412,105
DA:413,105
DA:414,105
DA:415,105
DA:416,105
DA:417,105
DA:418,105
DA:419,105
DA:420,105
DA:421,105
DA:422,105
DA:423,105
DA:424,105
DA:426,7250250
DA:428,7250355
DA:433,1
DA:434,1
DA:435,1
DA:436,0
DA:437,7250355
DA:438,7250355
DA:439,60
DA:440,60
DA:441,60
DA:442,60
DA:443,60
DA:444,180
DA:445,120
DA:446,120
DA:447,120
DA:448,120
DA:449,120
DA:450,120
DA:451,120
DA:452,120
DA:453,120
DA:454,120
DA:455,120
DA:456,60
DA:457,60
DA:458,60
DA:459,60
DA:460,60
DA:461,60
DA:462,60
DA:463,60
DA:464,60
DA:465,60
DA:466,60
DA:467,60
DA:468,60
DA:470,7250295
DA:472,7250355
DA:478,1
DA:479,1
DA:480,1
DA:481,0
DA:482,7250370
DA:483,377925
DA:485,1461405
DA:486,1461405
DA:487,3480
DA:488,1457925
DA:490,374445
DA:491,377925
DA:493,7250370
DA:494,377925
DA:495,3480
DA:496,3480
DA:497,3480
DA:498,3480
DA:499,3480
DA:500,3480
DA:501,3480
DA:503,10440
DA:505,6960
DA:506,6960
DA:507,6960
DA:510,3480
DA:511,3480
DA:512,3480
DA:513,3480
DA:515,0
DA:518,374445
DA:520,6872445
DA:522,7250370
DA:528,1
DA:529,1
DA:530,1
DA:531,0
DA:532,7250385
DA:533,7250385
DA:534,90
DA:535,15
DA:536,15
DA:537,0
DA:538,0
DA:539,0
DA:540,0
DA:541,0
DA:542,15
DA:543,15
DA:544,45
DA:545,30
DA:546,30
DA:547,15
DA:549,75
DA:551,7250295
DA:553,7250385
DA:559,1
DA:560,1
DA:561,1
DA:562,0
DA:563,7250385
DA:564,7250385
DA:565,90
DA:566,15
DA:567,15
DA:568,0
DA:569,0
DA:570,0
DA:571,0
DA:572,0
DA:573,15
DA:574,15
DA:575,45
DA:576,30
DA:577,30
DA:578,15
DA:580,75
DA:582,7250295
DA:584,7250385
LF:408
LH:346
end_of_record
SF:crates/conjure_core/src/solver/mod.rs
FN:128,<conjure_core::solver::SolverFamilyIter as core::iter::traits::double_ended::DoubleEndedIterator>::next_back
FN:128,<conjure_core::solver::SolverFamilyIter as core::iter::traits::iterator::Iterator>::nth
FN:129,<conjure_core::solver::SolverFamily as core::fmt::Display>::fmt
FN:128,<conjure_core::solver::SolverFamilyIter as core::iter::traits::iterator::Iterator>::size_hint
FN:325,<conjure_core::solver::Solver<_, conjure_core::solver::states::ModelLoaded>>::solve_mut
FN:360,<conjure_core::solver::Solver<conjure_core::solver::adaptors::minion::Minion, conjure_core::solver::states::ExecutionSuccess>>::stats
FN:136,<<conjure_core::solver::SolverFamily as serde::de::Deserialize>::deserialize::__FieldVisitor as serde::de::Visitor>::expecting
FN:59,rust_out::main::_doctest_main_crates_conjure_core_src_solver_mod_rs_24_0::{closure#0}
FN:360,<conjure_core::solver::Solver<_, conjure_core::solver::states::ExecutionSuccess>>::stats
FN:136,<<conjure_core::solver::SolverFamily as serde::de::Deserialize>::deserialize::__FieldVisitor as serde::de::Visitor>::visit_str::<_>
FN:223,<_ as conjure_core::solver::SolverAdaptor>::init_solver
FN:25,rust_out::main
FN:128,<conjure_core::solver::SolverFamilyIter as core::fmt::Debug>::fmt
FN:136,<<conjure_core::solver::SolverFamily as serde::de::Deserialize>::deserialize::__Field as serde::de::Deserialize>::deserialize::<_>
FN:136,<<conjure_core::solver::SolverFamily as serde::de::Deserialize>::deserialize::__FieldVisitor as serde::de::Visitor>::visit_u64::<_>
FN:128,<conjure_core::solver::SolverFamily as strum::IntoEnumIterator>::iter
FN:128,<conjure_core::solver::SolverFamilyIter as core::iter::traits::iterator::Iterator>::nth
FN:128,<conjure_core::solver::SolverFamilyIter as core::iter::traits::double_ended::DoubleEndedIterator>::next_back
FN:281,<conjure_core::solver::Solver<conjure_core::solver::adaptors::minion::Minion>>::load_model
FN:264,<conjure_core::solver::Solver<_>>::new
FN:136,<<conjure_core::solver::SolverFamily as serde::de::Deserialize>::deserialize::__FieldVisitor as serde::de::Visitor>::visit_bytes::<_>
FN:281,<conjure_core::solver::Solver<_>>::load_model
FN:377,<conjure_core::solver::Solver<_, conjure_core::solver::states::ExecutionSuccess>>::wall_time_s
FN:128,<conjure_core::solver::SolverFamilyIter as core::iter::traits::exact_size::ExactSizeIterator>::len
FN:136,<<conjure_core::solver::SolverFamily as serde::de::Deserialize>::deserialize::__Visitor as serde::de::Visitor>::expecting
FN:281,<conjure_core::solver::Solver<_>>::load_model
FN:136,<<conjure_core::solver::SolverFamily as serde::de::Deserialize>::deserialize::__FieldVisitor as serde::de::Visitor>::visit_u64::<_>
FN:292,<conjure_core::solver::Solver<conjure_core::solver::adaptors::minion::Minion, conjure_core::solver::states::ModelLoaded>>::solve
FN:223,<conjure_core::solver::adaptors::minion::Minion as conjure_core::solver::SolverAdaptor>::init_solver
FN:264,<conjure_core::solver::Solver<conjure_core::solver::adaptors::minion::Minion>>::new
FN:127,<conjure_core::solver::SolverFamily as core::str::traits::FromStr>::from_str
FN:234,<_ as conjure_core::solver::SolverAdaptor>::add_adaptor_info_to_stats
FN:128,<conjure_core::solver::SolverFamilyIter as core::iter::traits::iterator::Iterator>::size_hint
FN:127,<conjure_core::solver::SolverFamily as core::convert::TryFrom<&str>>::try_from
FN:128,<conjure_core::solver::SolverFamilyIter as core::clone::Clone>::clone
FN:292,<conjure_core::solver::Solver<_, conjure_core::solver::states::ModelLoaded>>::solve
FN:292,<conjure_core::solver::Solver<conjure_core::solver::adaptors::minion::Minion, conjure_core::solver::states::ModelLoaded>>::solve
FN:128,<conjure_core::solver::SolverFamilyIter as core::iter::traits::iterator::Iterator>::next
FN:128,<conjure_core::solver::SolverFamilyIter as core::iter::traits::iterator::Iterator>::next
FN:365,<conjure_core::solver::Solver<conjure_core::solver::adaptors::minion::Minion, conjure_core::solver::states::ExecutionSuccess>>::save_stats_to_context
FN:136,<<conjure_core::solver::SolverFamily as serde::de::Deserialize>::deserialize::__Field as serde::de::Deserialize>::deserialize::<_>
FN:128,<conjure_core::solver::SolverFamilyIter as core::clone::Clone>::clone
FN:25,rust_out::main::_doctest_main_crates_conjure_core_src_solver_mod_rs_24_0
FN:128,<conjure_core::solver::SolverFamilyIter>::get
FN:136,<<conjure_core::solver::SolverFamily as serde::de::Deserialize>::deserialize::__FieldVisitor as serde::de::Visitor>::visit_str::<_>
FN:264,<conjure_core::solver::Solver<_>>::new
FN:136,<<conjure_core::solver::SolverFamily as serde::de::Deserialize>::deserialize::__Visitor as serde::de::Visitor>::expecting
FN:128,<conjure_core::solver::SolverFamily as strum::IntoEnumIterator>::iter
FN:128,<conjure_core::solver::SolverFamilyIter as core::iter::traits::exact_size::ExactSizeIterator>::len
FN:223,<_ as conjure_core::solver::SolverAdaptor>::init_solver
FN:136,<<conjure_core::solver::SolverFamily as serde::de::Deserialize>::deserialize::__FieldVisitor as serde::de::Visitor>::expecting
FN:136,<<conjure_core::solver::SolverFamily as serde::de::Deserialize>::deserialize::__FieldVisitor as serde::de::Visitor>::visit_bytes::<_>
FN:325,<conjure_core::solver::Solver<_, conjure_core::solver::states::ModelLoaded>>::solve_mut
FN:365,<conjure_core::solver::Solver<_, conjure_core::solver::states::ExecutionSuccess>>::save_stats_to_context
FN:136,<<conjure_core::solver::SolverFamily as serde::de::Deserialize>::deserialize::__Visitor as serde::de::Visitor>::visit_enum::<_>
FN:377,<conjure_core::solver::Solver<_, conjure_core::solver::states::ExecutionSuccess>>::wall_time_s
FN:128,<conjure_core::solver::SolverFamilyIter>::get
FN:229,<_ as conjure_core::solver::SolverAdaptor>::get_name
FN:365,<conjure_core::solver::Solver<_, conjure_core::solver::states::ExecutionSuccess>>::save_stats_to_context
FN:234,<conjure_core::solver::adaptors::minion::Minion as conjure_core::solver::SolverAdaptor>::add_adaptor_info_to_stats
FN:281,<conjure_core::solver::Solver<conjure_core::solver::adaptors::minion::Minion>>::load_model
FN:136,<<conjure_core::solver::SolverFamily as serde::de::Deserialize>::deserialize::__Visitor as serde::de::Visitor>::visit_enum::<_>
FN:275,<conjure_core::solver::Solver<_>>::get_family
FN:129,<conjure_core::solver::SolverFamily as core::fmt::Display>::fmt
FN:223,<conjure_core::solver::adaptors::minion::Minion as conjure_core::solver::SolverAdaptor>::init_solver
FN:275,<conjure_core::solver::Solver<_>>::get_family
FN:360,<conjure_core::solver::Solver<_, conjure_core::solver::states::ExecutionSuccess>>::stats
FN:264,<conjure_core::solver::Solver<conjure_core::solver::adaptors::minion::Minion>>::new
FN:128,<conjure_core::solver::SolverFamilyIter as core::fmt::Debug>::fmt
FN:292,<conjure_core::solver::Solver<_, conjure_core::solver::states::ModelLoaded>>::solve
FN:234,<_ as conjure_core::solver::SolverAdaptor>::add_adaptor_info_to_stats
FN:127,<conjure_core::solver::SolverFamily as core::str::traits::FromStr>::from_str
FN:234,<conjure_core::solver::adaptors::minion::Minion as conjure_core::solver::SolverAdaptor>::add_adaptor_info_to_stats
FN:229,<_ as conjure_core::solver::SolverAdaptor>::get_name
FN:127,<conjure_core::solver::SolverFamily as core::convert::TryFrom<&str>>::try_from
FNDA:0,<conjure_core::solver::SolverFamilyIter as core::iter::traits::double_ended::DoubleEndedIterator>::next_back
FNDA:0,<conjure_core::solver::SolverFamilyIter as core::iter::traits::iterator::Iterator>::nth
FNDA:0,<conjure_core::solver::SolverFamily as core::fmt::Display>::fmt
FNDA:0,<conjure_core::solver::SolverFamilyIter as core::iter::traits::iterator::Iterator>::size_hint
FNDA:0,<conjure_core::solver::Solver<_, conjure_core::solver::states::ModelLoaded>>::solve_mut
FNDA:1,<conjure_core::solver::Solver<conjure_core::solver::adaptors::minion::Minion, conjure_core::solver::states::ExecutionSuccess>>::stats
FNDA:0,<<conjure_core::solver::SolverFamily as serde::de::Deserialize>::deserialize::__FieldVisitor as serde::de::Visitor>::expecting
FNDA:1,rust_out::main::_doctest_main_crates_conjure_core_src_solver_mod_rs_24_0::{closure#0}
FNDA:0,<conjure_core::solver::Solver<_, conjure_core::solver::states::ExecutionSuccess>>::stats
FNDA:0,<<conjure_core::solver::SolverFamily as serde::de::Deserialize>::deserialize::__FieldVisitor as serde::de::Visitor>::visit_str::<_>
FNDA:0,<_ as conjure_core::solver::SolverAdaptor>::init_solver
FNDA:1,rust_out::main
FNDA:0,<conjure_core::solver::SolverFamilyIter as core::fmt::Debug>::fmt
FNDA:0,<<conjure_core::solver::SolverFamily as serde::de::Deserialize>::deserialize::__Field as serde::de::Deserialize>::deserialize::<_>
FNDA:0,<<conjure_core::solver::SolverFamily as serde::de::Deserialize>::deserialize::__FieldVisitor as serde::de::Visitor>::visit_u64::<_>
FNDA:0,<conjure_core::solver::SolverFamily as strum::IntoEnumIterator>::iter
FNDA:0,<conjure_core::solver::SolverFamilyIter as core::iter::traits::iterator::Iterator>::nth
FNDA:0,<conjure_core::solver::SolverFamilyIter as core::iter::traits::double_ended::DoubleEndedIterator>::next_back
FNDA:1,<conjure_core::solver::Solver<conjure_core::solver::adaptors::minion::Minion>>::load_model
FNDA:0,<conjure_core::solver::Solver<_>>::new
FNDA:0,<<conjure_core::solver::SolverFamily as serde::de::Deserialize>::deserialize::__FieldVisitor as serde::de::Visitor>::visit_bytes::<_>
FNDA:0,<conjure_core::solver::Solver<_>>::load_model
FNDA:0,<conjure_core::solver::Solver<_, conjure_core::solver::states::ExecutionSuccess>>::wall_time_s
FNDA:0,<conjure_core::solver::SolverFamilyIter as core::iter::traits::exact_size::ExactSizeIterator>::len
FNDA:0,<<conjure_core::solver::SolverFamily as serde::de::Deserialize>::deserialize::__Visitor as serde::de::Visitor>::expecting
FNDA:0,<conjure_core::solver::Solver<_>>::load_model
FNDA:0,<<conjure_core::solver::SolverFamily as serde::de::Deserialize>::deserialize::__FieldVisitor as serde::de::Visitor>::visit_u64::<_>
FNDA:1,<conjure_core::solver::Solver<conjure_core::solver::adaptors::minion::Minion, conjure_core::solver::states::ModelLoaded>>::solve
FNDA:1,<conjure_core::solver::adaptors::minion::Minion as conjure_core::solver::SolverAdaptor>::init_solver
FNDA:1,<conjure_core::solver::Solver<conjure_core::solver::adaptors::minion::Minion>>::new
FNDA:0,<conjure_core::solver::SolverFamily as core::str::traits::FromStr>::from_str
FNDA:0,<_ as conjure_core::solver::SolverAdaptor>::add_adaptor_info_to_stats
FNDA:0,<conjure_core::solver::SolverFamilyIter as core::iter::traits::iterator::Iterator>::size_hint
FNDA:0,<conjure_core::solver::SolverFamily as core::convert::TryFrom<&str>>::try_from
FNDA:0,<conjure_core::solver::SolverFamilyIter as core::clone::Clone>::clone
FNDA:0,<conjure_core::solver::Solver<_, conjure_core::solver::states::ModelLoaded>>::solve
FNDA:1,<conjure_core::solver::Solver<conjure_core::solver::adaptors::minion::Minion, conjure_core::solver::states::ModelLoaded>>::solve
FNDA:0,<conjure_core::solver::SolverFamilyIter as core::iter::traits::iterator::Iterator>::next
FNDA:0,<conjure_core::solver::SolverFamilyIter as core::iter::traits::iterator::Iterator>::next
FNDA:1,<conjure_core::solver::Solver<conjure_core::solver::adaptors::minion::Minion, conjure_core::solver::states::ExecutionSuccess>>::save_stats_to_context
FNDA:0,<<conjure_core::solver::SolverFamily as serde::de::Deserialize>::deserialize::__Field as serde::de::Deserialize>::deserialize::<_>
FNDA:0,<conjure_core::solver::SolverFamilyIter as core::clone::Clone>::clone
FNDA:1,rust_out::main::_doctest_main_crates_conjure_core_src_solver_mod_rs_24_0
FNDA:0,<conjure_core::solver::SolverFamilyIter>::get
FNDA:0,<<conjure_core::solver::SolverFamily as serde::de::Deserialize>::deserialize::__FieldVisitor as serde::de::Visitor>::visit_str::<_>
FNDA:0,<conjure_core::solver::Solver<_>>::new
FNDA:0,<<conjure_core::solver::SolverFamily as serde::de::Deserialize>::deserialize::__Visitor as serde::de::Visitor>::expecting
FNDA:0,<conjure_core::solver::SolverFamily as strum::IntoEnumIterator>::iter
FNDA:0,<conjure_core::solver::SolverFamilyIter as core::iter::traits::exact_size::ExactSizeIterator>::len
FNDA:0,<_ as conjure_core::solver::SolverAdaptor>::init_solver
FNDA:0,<<conjure_core::solver::SolverFamily as serde::de::Deserialize>::deserialize::__FieldVisitor as serde::de::Visitor>::expecting
FNDA:0,<<conjure_core::solver::SolverFamily as serde::de::Deserialize>::deserialize::__FieldVisitor as serde::de::Visitor>::visit_bytes::<_>
FNDA:0,<conjure_core::solver::Solver<_, conjure_core::solver::states::ModelLoaded>>::solve_mut
FNDA:0,<conjure_core::solver::Solver<_, conjure_core::solver::states::ExecutionSuccess>>::save_stats_to_context
FNDA:0,<<conjure_core::solver::SolverFamily as serde::de::Deserialize>::deserialize::__Visitor as serde::de::Visitor>::visit_enum::<_>
FNDA:0,<conjure_core::solver::Solver<_, conjure_core::solver::states::ExecutionSuccess>>::wall_time_s
FNDA:0,<conjure_core::solver::SolverFamilyIter>::get
FNDA:0,<_ as conjure_core::solver::SolverAdaptor>::get_name
FNDA:0,<conjure_core::solver::Solver<_, conjure_core::solver::states::ExecutionSuccess>>::save_stats_to_context
FNDA:1,<conjure_core::solver::adaptors::minion::Minion as conjure_core::solver::SolverAdaptor>::add_adaptor_info_to_stats
FNDA:1,<conjure_core::solver::Solver<conjure_core::solver::adaptors::minion::Minion>>::load_model
FNDA:0,<<conjure_core::solver::SolverFamily as serde::de::Deserialize>::deserialize::__Visitor as serde::de::Visitor>::visit_enum::<_>
FNDA:0,<conjure_core::solver::Solver<_>>::get_family
FNDA:0,<conjure_core::solver::SolverFamily as core::fmt::Display>::fmt
FNDA:1,<conjure_core::solver::adaptors::minion::Minion as conjure_core::solver::SolverAdaptor>::init_solver
FNDA:0,<conjure_core::solver::Solver<_>>::get_family
FNDA:0,<conjure_core::solver::Solver<_, conjure_core::solver::states::ExecutionSuccess>>::stats
FNDA:1,<conjure_core::solver::Solver<conjure_core::solver::adaptors::minion::Minion>>::new
FNDA:0,<conjure_core::solver::SolverFamilyIter as core::fmt::Debug>::fmt
FNDA:0,<conjure_core::solver::Solver<_, conjure_core::solver::states::ModelLoaded>>::solve
FNDA:0,<_ as conjure_core::solver::SolverAdaptor>::add_adaptor_info_to_stats
FNDA:0,<conjure_core::solver::SolverFamily as core::str::traits::FromStr>::from_str
FNDA:1,<conjure_core::solver::adaptors::minion::Minion as conjure_core::solver::SolverAdaptor>::add_adaptor_info_to_stats
FNDA:0,<_ as conjure_core::solver::SolverAdaptor>::get_name
FNDA:0,<conjure_core::solver::SolverFamily as core::convert::TryFrom<&str>>::try_from
FNF:75
FNH:15
BRF:0
BRH:0
DA:25,1
DA:35,1
DA:36,1
DA:37,1
DA:38,1
DA:39,1
DA:40,1
DA:41,1
DA:42,1
DA:43,1
DA:44,1
DA:45,1
DA:46,1
DA:47,1
DA:48,1
DA:49,1
DA:50,1
DA:51,1
DA:52,1
DA:53,1
DA:54,1
DA:55,1
DA:56,1
DA:57,1
DA:58,1
DA:59,2
DA:60,2
DA:61,2
DA:62,2
DA:63,2
DA:64,1
DA:65,1
DA:66,1
DA:67,1
DA:127,0
DA:128,0
DA:129,0
DA:136,0
DA:223,216
DA:229,0
DA:230,0
DA:231,0
DA:234,216
DA:235,216
DA:236,216
DA:237,216
DA:238,216
DA:239,216
DA:240,216
DA:264,216
DA:265,216
DA:266,216
DA:267,216
DA:268,216
DA:269,216
DA:270,216
DA:271,216
DA:272,216
DA:273,216
DA:275,0
DA:276,0
DA:277,0
DA:281,216
DA:282,216
DA:283,216
DA:284,216
DA:285,216
DA:286,216
DA:287,216
DA:288,216
DA:292,216
DA:293,216
DA:294,216
DA:295,216
DA:296,216
DA:297,216
DA:298,216
DA:299,216
DA:300,216
DA:301,216
DA:302,216
DA:303,216
DA:304,216
DA:305,216
DA:306,216
DA:307,216
DA:308,216
DA:309,216
DA:310,216
DA:311,216
DA:312,216
DA:313,216
DA:314,216
DA:315,216
DA:316,216
DA:317,216
DA:318,216
DA:319,216
DA:321,0
DA:323,216
DA:325,0
DA:326,0
DA:327,0
DA:328,0
DA:329,0
DA:330,0
DA:331,0
DA:332,0
DA:333,0
DA:334,0
DA:335,0
DA:336,0
DA:337,0
DA:338,0
DA:339,0
DA:340,0
DA:341,0
DA:342,0
DA:343,0
DA:344,0
DA:345,0
DA:346,0
DA:347,0
DA:348,0
DA:349,0
DA:350,0
DA:351,0
DA:352,0
DA:354,0
DA:356,0
DA:360,165
DA:361,165
DA:362,165
DA:365,165
DA:366,165
DA:367,165
DA:368,165
DA:369,165
DA:370,165
DA:371,165
DA:372,165
DA:373,165
DA:374,165
DA:375,165
DA:377,0
DA:378,0
DA:379,0
LF:147
LH:103
end_of_record
SF:conjure_oxide/src/utils/json.rs
FN:7,conjure_oxide::utils::json::json_value_cmp
FN:62,conjure_oxide::utils::json::sort_json_object::{closure#1}
FN:7,conjure_oxide::utils::json::json_value_cmp
FN:68,conjure_oxide::utils::json::sort_json_object::{closure#2}
FN:32,conjure_oxide::utils::json::sort_json_variables
FN:53,conjure_oxide::utils::json::sort_json_object::{closure#0}
FN:68,conjure_oxide::utils::json::sort_json_object::{closure#2}
FN:48,conjure_oxide::utils::json::sort_json_object
FN:62,conjure_oxide::utils::json::sort_json_object::{closure#1}
FN:32,conjure_oxide::utils::json::sort_json_variables
FN:53,conjure_oxide::utils::json::sort_json_object::{closure#0}
FN:48,conjure_oxide::utils::json::sort_json_object
FNDA:0,conjure_oxide::utils::json::json_value_cmp
FNDA:1,conjure_oxide::utils::json::sort_json_object::{closure#1}
FNDA:1,conjure_oxide::utils::json::json_value_cmp
FNDA:1,conjure_oxide::utils::json::sort_json_object::{closure#2}
FNDA:1,conjure_oxide::utils::json::sort_json_variables
FNDA:1,conjure_oxide::utils::json::sort_json_object::{closure#0}
FNDA:0,conjure_oxide::utils::json::sort_json_object::{closure#2}
FNDA:1,conjure_oxide::utils::json::sort_json_object
FNDA:0,conjure_oxide::utils::json::sort_json_object::{closure#1}
FNDA:0,conjure_oxide::utils::json::sort_json_variables
FNDA:0,conjure_oxide::utils::json::sort_json_object::{closure#0}
FNDA:0,conjure_oxide::utils::json::sort_json_object
FNF:12
FNH:6
BRF:0
BRH:0
DA:7,113485
DA:8,113485
DA:9,0
DA:10,0
DA:11,0
DA:12,0
DA:13,0
DA:14,0
DA:15,0
DA:17,560
DA:18,560
DA:19,560
DA:20,560
DA:21,560
DA:22,0
DA:24,0
DA:26,112925
DA:28,113485
DA:32,330
DA:33,330
DA:34,330
DA:35,330
DA:36,330
DA:37,330
DA:39,0
DA:41,330
DA:48,117930
DA:49,117930
DA:50,32930
DA:51,32930
DA:52,32930
DA:53,85230
DA:54,85230
DA:55,330
DA:57,84900
DA:59,85230
DA:60,32930
DA:61,32930
DA:62,52300
DA:63,32930
DA:65,4205
DA:66,4205
DA:67,4205
DA:68,32165
DA:69,4205
DA:70,4205
DA:71,4205
DA:72,330
DA:73,3875
DA:75,4205
DA:77,80795
DA:79,117930
LF:52
LH:42
end_of_record
SF:solvers/kissat/src/lib.rs
FN:3,kissat_rs::test1
FNDA:1,kissat_rs::test1
FNF:1
FNH:1
BRF:0
BRH:0
DA:3,1
DA:8,1
DA:9,1
DA:10,1
DA:11,1
DA:12,1
DA:13,1
DA:14,1
DA:15,1
DA:18,1
DA:19,1
DA:20,1
DA:21,1
DA:22,0
DA:25,1
DA:26,1
DA:27,1
DA:28,1
DA:29,1
DA:30,1
DA:31,1
LF:21
LH:20
end_of_record
SF:crates/enum_compatability_macro/src/lib.rs
FN:66,<enum_compatability_macro::RemoveCompatibleAttrs as syn::gen::visit_mut::VisitMut>::visit_variant_mut::{closure#0}
FN:131,enum_compatability_macro::document_compatibility
FN:181,enum_compatability_macro::document_compatibility::{closure#0}
FN:118,rust_out::main::_doctest_main_crates_enum_compatability_macro_src_lib_rs_117_0
FN:75,rust_out::main::_doctest_main_crates_enum_compatability_macro_src_lib_rs_74_0
FN:66,<enum_compatability_macro::RemoveCompatibleAttrs as syn::gen::visit_mut::VisitMut>::visit_variant_mut::{closure#0}
FN:131,enum_compatability_macro::document_compatibility
FN:75,rust_out::main
FN:38,<enum_compatability_macro::RemoveCompatibleAttrs as syn::gen::visit_mut::VisitMut>::visit_variant_mut
FN:181,enum_compatability_macro::document_compatibility::{closure#0}
FN:181,enum_compatability_macro::document_compatibility::{closure#0}
FN:38,<enum_compatability_macro::RemoveCompatibleAttrs as syn::gen::visit_mut::VisitMut>::visit_variant_mut
FN:131,enum_compatability_macro::document_compatibility
FN:104,rust_out::main::_doctest_main_crates_enum_compatability_macro_src_lib_rs_103_0
FN:66,<enum_compatability_macro::RemoveCompatibleAttrs as syn::gen::visit_mut::VisitMut>::visit_variant_mut::{closure#0}
FN:38,<enum_compatability_macro::RemoveCompatibleAttrs as syn::gen::visit_mut::VisitMut>::visit_variant_mut
FNDA:0,<enum_compatability_macro::RemoveCompatibleAttrs as syn::gen::visit_mut::VisitMut>::visit_variant_mut::{closure#0}
FNDA:0,enum_compatability_macro::document_compatibility
FNDA:0,enum_compatability_macro::document_compatibility::{closure#0}
FNDA:1,rust_out::main::_doctest_main_crates_enum_compatability_macro_src_lib_rs_117_0
FNDA:1,rust_out::main::_doctest_main_crates_enum_compatability_macro_src_lib_rs_74_0
FNDA:1,<enum_compatability_macro::RemoveCompatibleAttrs as syn::gen::visit_mut::VisitMut>::visit_variant_mut::{closure#0}
FNDA:0,enum_compatability_macro::document_compatibility
FNDA:1,rust_out::main
FNDA:0,<enum_compatability_macro::RemoveCompatibleAttrs as syn::gen::visit_mut::VisitMut>::visit_variant_mut
FNDA:0,enum_compatability_macro::document_compatibility::{closure#0}
FNDA:1,enum_compatability_macro::document_compatibility::{closure#0}
FNDA:1,<enum_compatability_macro::RemoveCompatibleAttrs as syn::gen::visit_mut::VisitMut>::visit_variant_mut
FNDA:1,enum_compatability_macro::document_compatibility
FNDA:1,rust_out::main::_doctest_main_crates_enum_compatability_macro_src_lib_rs_103_0
FNDA:0,<enum_compatability_macro::RemoveCompatibleAttrs as syn::gen::visit_mut::VisitMut>::visit_variant_mut::{closure#0}
FNDA:0,<enum_compatability_macro::RemoveCompatibleAttrs as syn::gen::visit_mut::VisitMut>::visit_variant_mut
FNF:16
FNH:8
BRF:0
BRH:0
DA:38,136
DA:39,136
DA:40,136
DA:41,136
DA:42,136
DA:43,136
DA:44,136
DA:45,188
DA:46,188
DA:47,70
DA:48,118
DA:49,118
DA:50,118
DA:51,118
DA:52,272
DA:53,154
DA:54,154
DA:55,154
DA:56,154
DA:59,136
DA:60,116
DA:61,116
DA:62,116
DA:63,116
DA:64,116
DA:66,304
DA:67,136
DA:75,1
DA:87,1
DA:104,1
DA:116,1
DA:118,1
DA:129,1
DA:131,8
DA:133,8
DA:134,8
DA:137,136
DA:138,136
DA:139,188
DA:140,188
DA:141,70
DA:142,118
DA:143,118
DA:144,118
DA:145,118
DA:146,118
DA:147,272
DA:148,154
DA:149,154
DA:150,154
DA:151,21
DA:152,21
DA:153,21
DA:154,133
DA:155,133
DA:156,133
DA:164,8
DA:165,8
DA:166,8
DA:167,8
DA:168,8
DA:169,8
DA:170,8
DA:171,8
DA:172,21
DA:174,21
DA:177,154
DA:178,21
DA:179,21
DA:180,21
DA:181,154
DA:182,21
DA:183,154
DA:184,154
DA:185,154
DA:188,21
DA:191,8
DA:192,8
DA:193,8
DA:194,8
DA:195,8
DA:196,8
DA:197,8
LF:83
LH:83
end_of_record
SF:crates/conjure_core/src/solver/adaptors/kissat.rs
FN:24,<conjure_core::solver::adaptors::kissat::Kissat>::new
FN:60,<conjure_core::solver::adaptors::kissat::Kissat as conjure_core::solver::SolverAdaptor>::get_family
FN:33,<conjure_core::solver::adaptors::kissat::Kissat as core::default::Default>::default
FN:33,<conjure_core::solver::adaptors::kissat::Kissat as core::default::Default>::default
FN:39,<conjure_core::solver::adaptors::kissat::Kissat as conjure_core::solver::SolverAdaptor>::solve
FN:39,<conjure_core::solver::adaptors::kissat::Kissat as conjure_core::solver::SolverAdaptor>::solve
FN:60,<conjure_core::solver::adaptors::kissat::Kissat as conjure_core::solver::SolverAdaptor>::get_family
FN:47,<conjure_core::solver::adaptors::kissat::Kissat as conjure_core::solver::SolverAdaptor>::solve_mut
FN:55,<conjure_core::solver::adaptors::kissat::Kissat as conjure_core::solver::SolverAdaptor>::load_model
FN:24,<conjure_core::solver::adaptors::kissat::Kissat>::new
FN:55,<conjure_core::solver::adaptors::kissat::Kissat as conjure_core::solver::SolverAdaptor>::load_model
FN:47,<conjure_core::solver::adaptors::kissat::Kissat as conjure_core::solver::SolverAdaptor>::solve_mut
FNDA:0,<conjure_core::solver::adaptors::kissat::Kissat>::new
FNDA:0,<conjure_core::solver::adaptors::kissat::Kissat as conjure_core::solver::SolverAdaptor>::get_family
FNDA:0,<conjure_core::solver::adaptors::kissat::Kissat as core::default::Default>::default
FNDA:0,<conjure_core::solver::adaptors::kissat::Kissat as core::default::Default>::default
FNDA:0,<conjure_core::solver::adaptors::kissat::Kissat as conjure_core::solver::SolverAdaptor>::solve
FNDA:0,<conjure_core::solver::adaptors::kissat::Kissat as conjure_core::solver::SolverAdaptor>::solve
FNDA:0,<conjure_core::solver::adaptors::kissat::Kissat as conjure_core::solver::SolverAdaptor>::get_family
FNDA:0,<conjure_core::solver::adaptors::kissat::Kissat as conjure_core::solver::SolverAdaptor>::solve_mut
FNDA:0,<conjure_core::solver::adaptors::kissat::Kissat as conjure_core::solver::SolverAdaptor>::load_model
FNDA:0,<conjure_core::solver::adaptors::kissat::Kissat>::new
FNDA:0,<conjure_core::solver::adaptors::kissat::Kissat as conjure_core::solver::SolverAdaptor>::load_model
FNDA:0,<conjure_core::solver::adaptors::kissat::Kissat as conjure_core::solver::SolverAdaptor>::solve_mut
FNF:12
FNH:0
BRF:0
BRH:0
DA:24,0
DA:25,0
DA:26,0
DA:27,0
DA:28,0
DA:29,0
DA:33,0
DA:34,0
DA:35,0
DA:39,0
DA:40,0
DA:41,0
DA:42,0
DA:43,0
DA:44,0
DA:45,0
DA:47,0
DA:48,0
DA:49,0
DA:50,0
DA:51,0
DA:52,0
DA:53,0
DA:55,0
DA:56,0
DA:57,0
DA:58,0
DA:60,0
DA:61,0
DA:62,0
LF:30
LH:0
end_of_record
SF:crates/conjure_core/src/ast/types.rs
FN:3,<<conjure_core::ast::types::ReturnType as serde::de::Deserialize>::deserialize::__Visitor as serde::de::Visitor>::visit_enum::<_>
FN:3,<<conjure_core::ast::types::ReturnType as serde::de::Deserialize>::deserialize::__FieldVisitor as serde::de::Visitor>::expecting
FN:3,<<conjure_core::ast::types::ReturnType as serde::de::Deserialize>::deserialize::__FieldVisitor as serde::de::Visitor>::visit_str::<_>
FN:3,<<conjure_core::ast::types::ReturnType as serde::de::Deserialize>::deserialize::__Field as serde::de::Deserialize>::deserialize::<_>
FN:3,<<conjure_core::ast::types::ReturnType as serde::de::Deserialize>::deserialize::__FieldVisitor as serde::de::Visitor>::visit_bytes::<_>
FN:3,<<conjure_core::ast::types::ReturnType as serde::de::Deserialize>::deserialize::__Visitor as serde::de::Visitor>::visit_enum::<_>
FN:3,<<conjure_core::ast::types::ReturnType as serde::de::Deserialize>::deserialize::__Visitor as serde::de::Visitor>::expecting
FN:3,<<conjure_core::ast::types::ReturnType as serde::de::Deserialize>::deserialize::__Visitor as serde::de::Visitor>::expecting
FN:3,<<conjure_core::ast::types::ReturnType as serde::de::Deserialize>::deserialize::__FieldVisitor as serde::de::Visitor>::visit_u64::<_>
FN:3,<<conjure_core::ast::types::ReturnType as serde::de::Deserialize>::deserialize::__FieldVisitor as serde::de::Visitor>::expecting
FN:3,<<conjure_core::ast::types::ReturnType as serde::de::Deserialize>::deserialize::__FieldVisitor as serde::de::Visitor>::visit_bytes::<_>
[...]
FNDA:0,<conjure_core::ast::expressions::Expression as uniplate::traits::Biplate<conjure_core::ast::constants::Constant>>::biplate::{closure#10}
FNDA:0,<conjure_core::ast::expressions::Expression as uniplate::traits::Biplate<conjure_core::ast::constants::Constant>>::biplate::{closure#2}
FNDA:0,<conjure_core::ast::expressions::Expression as uniplate::traits::Biplate<conjure_core::ast::constants::Constant>>::biplate::{closure#16}
FNDA:0,<<<conjure_core::ast::expressions::Expression as serde::de::Deserialize>::deserialize::__Visitor as serde::de::Visitor>::visit_enum::__Visitor as serde::de::Visitor>::expecting
FNDA:0,<<<conjure_core::ast::expressions::Expression as serde::de::Deserialize>::deserialize::__Visitor as serde::de::Visitor>::visit_enum::__Visitor as serde::de::Visitor>::visit_seq::<_>
FNDA:1,<<conjure_core::ast::expressions::Expression as serde::de::Deserialize>::deserialize::__Visitor as serde::de::Visitor>::visit_enum::<serde_json::de::UnitVariantAccess<serde_json::read::StrRead>>
FNDA:0,<conjure_core::ast::expressions::Expression as uniplate::traits::Uniplate>::uniplate::{closure#13}
FNDA:0,<conjure_core::ast::expressions::Expression as uniplate::traits::Biplate<conjure_core::ast::expressions::Expression>>::biplate
FNDA:0,<conjure_core::ast::expressions::Expression as uniplate::traits::Uniplate>::uniplate::{closure#18}
FNDA:0,<<<conjure_core::ast::expressions::Expression as serde::de::Deserialize>::deserialize::__Visitor as serde::de::Visitor>::visit_enum::__Visitor as serde::de::Visitor>::expecting
FNDA:0,<<<conjure_core::ast::expressions::Expression as serde::de::Deserialize>::deserialize::__Visitor as serde::de::Visitor>::visit_enum::__Visitor as serde::de::Visitor>::expecting
FNDA:0,<<<conjure_core::ast::expressions::Expression as serde::de::Deserialize>::deserialize::__Visitor as serde::de::Visitor>::visit_enum::__Visitor as serde::de::Visitor>::visit_seq::<_>
FNDA:0,<<<conjure_core::ast::expressions::Expression as serde::de::Deserialize>::deserialize::__Visitor as serde::de::Visitor>::visit_enum::__Visitor as serde::de::Visitor>::visit_seq::<_>
FNDA:0,<conjure_core::ast::expressions::Expression as uniplate::traits::Biplate<conjure_core::ast::constants::Constant>>::biplate::{closure#1}
FNDA:1,<conjure_core::ast::expressions::Expression as core::convert::From<i32>>::from
FNDA:0,<conjure_core::ast::expressions::Expression>::can_be_undefined
FNDA:0,<<<conjure_core::ast::expressions::Expression as serde::de::Deserialize>::deserialize::__Visitor as serde::de::Visitor>::visit_enum::__Visitor as serde::de::Visitor>::visit_seq::<_>
FNDA:0,<<<conjure_core::ast::expressions::Expression as serde::de::Deserialize>::deserialize::__Visitor as serde::de::Visitor>::visit_enum::__Visitor as serde::de::Visitor>::expecting
FNDA:1,<conjure_core::ast::expressions::Expression as uniplate::traits::Uniplate>::uniplate::{closure#8}
FNDA:0,<conjure_core::ast::expressions::Expression as uniplate::traits::Biplate<conjure_core::ast::constants::Constant>>::biplate::{closure#3}
FNDA:0,<<<conjure_core::ast::expressions::Expression as serde::de::Deserialize>::deserialize::__Visitor as serde::de::Visitor>::visit_enum::__Visitor as serde::de::Visitor>::visit_seq::<_>
FNDA:0,<<<conjure_core::ast::expressions::Expression as serde::de::Deserialize>::deserialize::__Visitor as serde::de::Visitor>::visit_enum::__Visitor as serde::de::Visitor>::expecting
FNDA:0,<<<conjure_core::ast::expressions::Expression as serde::de::Deserialize>::deserialize::__Visitor as serde::de::Visitor>::visit_enum::__Visitor as serde::de::Visitor>::visit_seq::<_>
FNDA:0,<conjure_core::ast::expressions::Expression as uniplate::traits::Uniplate>::uniplate::{closure#10}
FNDA:0,<conjure_core::ast::expressions::Expression as uniplate::traits::Biplate<conjure_core::ast::constants::Constant>>::biplate::{closure#16}
FNDA:1,<conjure_core::ast::expressions::Expression as uniplate::traits::Uniplate>::uniplate::{closure#2}
FNDA:1,<<<conjure_core::ast::expressions::Expression as serde::de::Deserialize>::deserialize::__Visitor as serde::de::Visitor>::visit_enum::__Visitor as serde::de::Visitor>::visit_seq::<serde_json::de::SeqAccess<serde_json::read::StrRead>>
FNDA:0,<<<conjure_core::ast::expressions::Expression as serde::de::Deserialize>::deserialize::__Visitor as serde::de::Visitor>::visit_enum::__Visitor as serde::de::Visitor>::visit_seq::<_>
FNDA:0,<<<conjure_core::ast::expressions::Expression as serde::de::Deserialize>::deserialize::__Visitor as serde::de::Visitor>::visit_enum::__Visitor as serde::de::Visitor>::expecting
FNDA:0,<<<conjure_core::ast::expressions::Expression as serde::de::Deserialize>::deserialize::__Visitor as serde::de::Visitor>::visit_enum::__Visitor as serde::de::Visitor>::expecting
FNDA:0,<conjure_core::ast::expressions::Expression as uniplate::traits::Uniplate>::uniplate::{closure#7}
FNDA:0,<conjure_core::ast::expressions::Expression as uniplate::traits::Uniplate>::uniplate::{closure#4}
FNDA:0,<<conjure_core::ast::expressions::Expression as serde::de::Deserialize>::deserialize::__FieldVisitor as serde::de::Visitor>::visit_bytes::<_>
FNDA:0,<conjure_core::ast::expressions::Expression as uniplate::traits::Uniplate>::uniplate::{closure#5}
FNDA:0,<<<conjure_core::ast::expressions::Expression as serde::de::Deserialize>::deserialize::__Visitor as serde::de::Visitor>::visit_enum::__Visitor as serde::de::Visitor>::expecting
FNDA:0,<<<conjure_core::ast::expressions::Expression as serde::de::Deserialize>::deserialize::__Visitor as serde::de::Visitor>::visit_enum::__Visitor as serde::de::Visitor>::visit_seq::<_>
FNDA:0,<conjure_core::ast::expressions::Expression>::domain_of::{closure#3}
FNDA:0,<<<conjure_core::ast::expressions::Expression as serde::de::Deserialize>::deserialize::__Visitor as serde::de::Visitor>::visit_enum::__Visitor as serde::de::Visitor>::expecting
FNDA:1,conjure_core::ast::expressions::expr_vec_to_domain_i32
FNDA:0,<<conjure_core::ast::expressions::Expression as serde::de::Deserialize>::deserialize::__FieldVisitor as serde::de::Visitor>::visit_str::<_>
FNDA:0,<<<conjure_core::ast::expressions::Expression as serde::de::Deserialize>::deserialize::__Visitor as serde::de::Visitor>::visit_enum::__Visitor as serde::de::Visitor>::expecting
FNDA:0,<<conjure_core::ast::expressions::Expression as serde::de::Deserialize>::deserialize::__Visitor as serde::de::Visitor>::expecting
FNDA:0,<conjure_core::ast::expressions::Expression as uniplate::traits::Biplate<conjure_core::ast::constants::Constant>>::biplate::{closure#3}
FNDA:0,<conjure_core::ast::expressions::Expression as uniplate::traits::Biplate<conjure_core::ast::constants::Constant>>::biplate::{closure#5}
FNDA:0,<conjure_core::ast::expressions::Expression as uniplate::traits::Biplate<conjure_core::ast::constants::Constant>>::biplate::{closure#1}
FNDA:1,<conjure_core::ast::expressions::Expression>::domain_of::{closure#2}
FNDA:0,<<<conjure_core::ast::expressions::Expression as serde::de::Deserialize>::deserialize::__Visitor as serde::de::Visitor>::visit_enum::__Visitor as serde::de::Visitor>::expecting
FNDA:0,<conjure_core::ast::expressions::Expression as uniplate::traits::Biplate<conjure_core::ast::constants::Constant>>::biplate::{closure#9}
FNDA:0,<<conjure_core::ast::expressions::Expression as serde::de::Deserialize>::deserialize::__FieldVisitor as serde::de::Visitor>::visit_u64::<_>
FNDA:0,<<<conjure_core::ast::expressions::Expression as serde::de::Deserialize>::deserialize::__Visitor as serde::de::Visitor>::visit_enum::__Visitor as serde::de::Visitor>::visit_seq::<serde_json::de::SeqAccess<serde_json::read::StrRead>>
FNDA:0,<<<conjure_core::ast::expressions::Expression as serde::de::Deserialize>::deserialize::__Visitor as serde::de::Visitor>::visit_enum::__Visitor as serde::de::Visitor>::visit_seq::<_>
FNDA:0,<<<conjure_core::ast::expressions::Expression as serde::de::Deserialize>::deserialize::__Visitor as serde::de::Visitor>::visit_enum::__Visitor as serde::de::Visitor>::expecting
FNDA:0,<<<conjure_core::ast::expressions::Expression as serde::de::Deserialize>::deserialize::__Visitor as serde::de::Visitor>::visit_enum::__Visitor as serde::de::Visitor>::expecting
FNDA:0,<conjure_core::ast::expressions::Expression as uniplate::traits::Uniplate>::uniplate
FNDA:1,conjure_core::ast::expressions::expr_vec_to_domain_i32::{closure#0}
FNDA:0,<<<conjure_core::ast::expressions::Expression as serde::de::Deserialize>::deserialize::__Visitor as serde::de::Visitor>::visit_enum::__Visitor as serde::de::Visitor>::visit_seq::<_>
FNDA:1,conjure_core::ast::expressions::range_vec_bounds_i32
FNDA:0,<<<conjure_core::ast::expressions::Expression as serde::de::Deserialize>::deserialize::__Visitor as serde::de::Visitor>::visit_enum::__Visitor as serde::de::Visitor>::visit_seq::<_>
FNDA:1,<<<conjure_core::ast::expressions::Expression as serde::de::Deserialize>::deserialize::__Visitor as serde::de::Visitor>::visit_enum::__Visitor as serde::de::Visitor>::visit_seq::<serde_json::de::SeqAccess<serde_json::read::StrRead>>
FNDA:0,<<<conjure_core::ast::expressions::Expression as serde::de::Deserialize>::deserialize::__Visitor as serde::de::Visitor>::visit_enum::__Visitor as serde::de::Visitor>::expecting
FNDA:0,<conjure_core::ast::expressions::Expression as uniplate::traits::Biplate<conjure_core::ast::constants::Constant>>::biplate::{closure#13}
FNDA:0,<<<conjure_core::ast::expressions::Expression as serde::de::Deserialize>::deserialize::__Visitor as serde::de::Visitor>::visit_enum::__Visitor as serde::de::Visitor>::expecting
FNDA:0,<conjure_core::ast::expressions::Expression as uniplate::traits::Uniplate>::uniplate::{closure#13}
FNDA:1,<<<conjure_core::ast::expressions::Expression as serde::de::Deserialize>::deserialize::__Visitor as serde::de::Visitor>::visit_enum::__Visitor as serde::de::Visitor>::visit_seq::<serde_json::de::SeqAccess<serde_json::read::StrRead>>
FNDA:1,<conjure_core::ast::expressions::Expression as uniplate::traits::Uniplate>::uniplate::{closure#9}
FNDA:0,<<<conjure_core::ast::expressions::Expression as serde::de::Deserialize>::deserialize::__Visitor as serde::de::Visitor>::visit_enum::__Visitor as serde::de::Visitor>::expecting
FNDA:0,<conjure_core::ast::expressions::Expression>::set_clean
FNDA:0,<<<conjure_core::ast::expressions::Expression as serde::de::Deserialize>::deserialize::__Visitor as serde::de::Visitor>::visit_enum::__Visitor as serde::de::Visitor>::visit_seq::<_>
FNDA:0,<conjure_core::ast::expressions::Expression as uniplate::traits::Uniplate>::uniplate::{closure#16}
FNDA:1,<conjure_core::ast::expressions::Expression>::domain_of::{closure#3}
FNDA:1,<conjure_core::ast::expressions::Expression as uniplate::traits::Uniplate>::uniplate::{closure#24}
FNDA:0,<<<conjure_core::ast::expressions::Expression as serde::de::Deserialize>::deserialize::__Visitor as serde::de::Visitor>::visit_enum::__Visitor as serde::de::Visitor>::visit_seq::<serde_json::de::SeqAccess<serde_json::read::StrRead>>
FNDA:0,<conjure_core::ast::expressions::Expression as uniplate::traits::Biplate<conjure_core::ast::constants::Constant>>::biplate::{closure#22}
FNDA:0,<conjure_core::ast::expressions::Expression as uniplate::traits::Biplate<conjure_core::ast::constants::Constant>>::biplate::{closure#13}
FNDA:0,<<<conjure_core::ast::expressions::Expression as serde::de::Deserialize>::deserialize::__Visitor as serde::de::Visitor>::visit_enum::__Visitor as serde::de::Visitor>::visit_seq::<_>
FNDA:0,<conjure_core::ast::expressions::Expression as uniplate::traits::Uniplate>::uniplate::{closure#6}
FNDA:0,<<<conjure_core::ast::expressions::Expression as serde::de::Deserialize>::deserialize::__Visitor as serde::de::Visitor>::visit_enum::__Visitor as serde::de::Visitor>::visit_seq::<_>
FNDA:0,<<<conjure_core::ast::expressions::Expression as serde::de::Deserialize>::deserialize::__Visitor as serde::de::Visitor>::visit_enum::__Visitor as serde::de::Visitor>::expecting
FNDA:1,<<<conjure_core::ast::expressions::Expression as serde::de::Deserialize>::deserialize::__Visitor as serde::de::Visitor>::visit_enum::__Visitor as serde::de::Visitor>::visit_seq::<serde_json::de::SeqAccess<serde_json::read::StrRead>>
FNDA:1,<<<conjure_core::ast::expressions::Expression as serde::de::Deserialize>::deserialize::__Visitor as serde::de::Visitor>::visit_enum::__Visitor as serde::de::Visitor>::visit_seq::<serde_json::de::SeqAccess<serde_json::read::StrRead>>
FNDA:0,<<<conjure_core::ast::expressions::Expression as serde::de::Deserialize>::deserialize::__Visitor as serde::de::Visitor>::visit_enum::__Visitor as serde::de::Visitor>::expecting
FNDA:0,<<<conjure_core::ast::expressions::Expression as serde::de::Deserialize>::deserialize::__Visitor as serde::de::Visitor>::visit_enum::__Visitor as serde::de::Visitor>::expecting
FNDA:0,<<<conjure_core::ast::expressions::Expression as serde::de::Deserialize>::deserialize::__Visitor as serde::de::Visitor>::visit_enum::__Visitor as serde::de::Visitor>::visit_seq::<_>
FNDA:0,<conjure_core::ast::expressions::Expression as core::convert::From<bool>>::from
FNDA:1,<<<conjure_core::ast::expressions::Expression as serde::de::Deserialize>::deserialize::__Visitor as serde::de::Visitor>::visit_enum::__Visitor as serde::de::Visitor>::visit_seq::<serde_json::de::SeqAccess<serde_json::read::StrRead>>
FNDA:0,<<<conjure_core::ast::expressions::Expression as serde::de::Deserialize>::deserialize::__Visitor as serde::de::Visitor>::visit_enum::__Visitor as serde::de::Visitor>::expecting
FNDA:0,<<<conjure_core::ast::expressions::Expression as serde::de::Deserialize>::deserialize::__Visitor as serde::de::Visitor>::visit_enum::__Visitor as serde::de::Visitor>::visit_seq::<_>
FNDA:1,<conjure_core::ast::expressions::Expression as uniplate::traits::Uniplate>::uniplate::{closure#19}
FNDA:0,<<<conjure_core::ast::expressions::Expression as serde::de::Deserialize>::deserialize::__Visitor as serde::de::Visitor>::visit_enum::__Visitor as serde::de::Visitor>::visit_seq::<_>
FNDA:0,<conjure_core::ast::expressions::Expression as uniplate::traits::Uniplate>::uniplate::{closure#1}
FNDA:1,conjure_core::ast::expressions::tests::test_domain_of_empty_sum
FNDA:0,<<conjure_core::ast::expressions::Expression as serde::de::Deserialize>::deserialize::__FieldVisitor as serde::de::Visitor>::expecting
FNDA:1,conjure_core::ast::expressions::expr_vec_to_domain_i32::{closure#1}::{closure#0}
FNDA:0,<conjure_core::ast::expressions::Expression as uniplate::traits::Biplate<conjure_core::ast::constants::Constant>>::biplate::{closure#14}
FNDA:0,<conjure_core::ast::expressions::Expression as uniplate::traits::Biplate<conjure_core::ast::constants::Constant>>::biplate::{closure#21}
FNDA:0,<<<conjure_core::ast::expressions::Expression as serde::de::Deserialize>::deserialize::__Visitor as serde::de::Visitor>::visit_enum::__Visitor as serde::de::Visitor>::expecting
FNDA:1,<<<conjure_core::ast::expressions::Expression as serde::de::Deserialize>::deserialize::__Visitor as serde::de::Visitor>::visit_enum::__Visitor as serde::de::Visitor>::visit_seq::<serde_json::de::SeqAccess<serde_json::read::StrRead>>
FNDA:1,<conjure_core::ast::expressions::Expression as uniplate::traits::Uniplate>::uniplate::{closure#10}
FNDA:1,conjure_core::ast::expressions::expr_vec_to_domain_i32::{closure#1}
FNDA:0,<<<conjure_core::ast::expressions::Expression as serde::de::Deserialize>::deserialize::__Visitor as serde::de::Visitor>::visit_enum::__Visitor as serde::de::Visitor>::expecting
FNDA:0,<conjure_core::ast::expressions::Expression as uniplate::traits::Uniplate>::uniplate::{closure#2}
FNDA:0,<conjure_core::ast::expressions::Expression as uniplate::traits::Biplate<conjure_core::ast::constants::Constant>>::biplate::{closure#14}
FNDA:0,<conjure_core::ast::expressions::Expression>::is_clean
FNDA:0,<conjure_core::ast::expressions::Expression as uniplate::traits::Uniplate>::uniplate::{closure#16}
FNDA:0,<<conjure_core::ast::expressions::Expression as serde::de::Deserialize>::deserialize::__FieldVisitor as serde::de::Visitor>::expecting
FNDA:0,<conjure_core::ast::expressions::Expression>::set_clean
FNDA:0,<<<conjure_core::ast::expressions::Expression as serde::de::Deserialize>::deserialize::__Visitor as serde::de::Visitor>::visit_enum::__Visitor as serde::de::Visitor>::visit_seq::<_>
FNDA:0,<<<conjure_core::ast::expressions::Expression as serde::de::Deserialize>::deserialize::__Visitor as serde::de::Visitor>::visit_enum::__Visitor as serde::de::Visitor>::visit_seq::<_>
FNDA:0,<<<conjure_core::ast::expressions::Expression as serde::de::Deserialize>::deserialize::__Visitor as serde::de::Visitor>::visit_enum::__Visitor as serde::de::Visitor>::expecting
FNDA:1,conjure_core::ast::expressions::tests::test_domain_of_constant_invalid_type
FNF:298
FNH:67
BRF:0
BRH:0
DA:20,22732365
DA:130,170
DA:131,170
DA:132,170
DA:133,170
DA:134,170
DA:135,338
DA:136,170
DA:137,170
DA:138,170
DA:139,170
DA:140,170
DA:142,226
DA:143,226
DA:144,226
DA:145,7670
DA:146,7444
DA:147,7444
DA:148,7444
DA:149,286
DA:150,7158
DA:151,7444
DA:152,1503
DA:153,5943
DA:155,0
DA:156,0
DA:157,0
DA:158,0
DA:159,0
DA:160,0
DA:161,0
DA:165,226
DA:166,226
DA:170,735
DA:171,734
DA:172,426
DA:173,63
DA:174,63
DA:176,1
DA:177,6
DA:178,105
DA:179,1500
DA:181,60
DA:182,780
DA:184,75
DA:185,75
DA:186,5370
DA:187,75
DA:190,0
DA:193,731
DA:196,731
DA:197,226
DA:198,226
DA:200,508
DA:202,735
DA:204,30
DA:206,0
DA:207,15
DA:208,0
DA:209,0
DA:210,15
DA:212,30
DA:214,195
DA:215,0
DA:216,0
DA:217,0
DA:218,0
DA:219,0
DA:220,0
DA:221,0
DA:222,0
DA:223,0
DA:224,0
DA:225,75
DA:226,15
DA:227,0
DA:228,0
DA:229,0
DA:230,0
DA:231,90
DA:232,0
DA:233,0
DA:234,0
DA:235,0
DA:236,0
DA:237,0
DA:238,0
DA:239,0
DA:240,0
DA:241,0
DA:242,15
DA:244,195
DA:246,0
DA:247,0
DA:248,0
DA:249,0
DA:250,0
DA:251,0
DA:252,0
DA:253,0
DA:254,0
DA:255,0
DA:256,0
DA:257,0
DA:258,0
DA:259,0
DA:260,0
DA:261,0
DA:262,0
DA:263,0
DA:264,0
DA:265,0
DA:266,0
DA:267,0
DA:268,0
DA:270,0
DA:272,0
DA:273,0
DA:274,0
DA:275,0
DA:276,0
DA:277,0
DA:278,0
DA:279,0
DA:280,0
DA:281,0
DA:282,0
DA:283,0
DA:284,0
DA:285,0
DA:286,0
DA:287,0
DA:288,0
DA:289,0
DA:290,0
DA:291,0
DA:292,0
DA:293,0
DA:294,0
DA:295,0
DA:296,0
DA:297,0
DA:298,0
DA:299,0
DA:300,0
DA:301,0
DA:302,0
DA:303,0
DA:304,0
DA:305,0
DA:306,0
DA:307,0
DA:308,0
DA:309,0
DA:310,0
DA:311,0
DA:312,0
DA:313,0
DA:314,0
DA:315,0
DA:316,0
DA:317,0
DA:318,0
DA:319,0
DA:320,0
DA:321,0
DA:322,0
DA:323,0
DA:324,0
DA:325,0
DA:326,0
DA:327,0
DA:328,0
DA:329,0
DA:330,0
DA:331,0
DA:332,0
DA:333,0
DA:334,0
DA:335,0
DA:336,0
DA:337,0
DA:338,0
DA:339,0
DA:340,0
DA:341,0
DA:342,0
DA:343,0
DA:344,0
DA:345,0
DA:347,0
DA:350,0
DA:351,0
DA:352,0
DA:353,0
DA:354,0
DA:355,0
DA:356,0
DA:357,0
DA:358,0
DA:359,0
DA:360,0
DA:361,0
DA:362,0
DA:363,0
DA:364,0
DA:365,0
DA:366,0
DA:367,0
DA:370,105
DA:371,105
DA:372,105
DA:376,0
DA:377,0
DA:378,0
DA:383,0
DA:384,0
DA:385,0
DA:386,0
DA:387,0
DA:389,0
DA:390,0
DA:391,0
DA:393,0
DA:394,0
DA:395,0
DA:397,0
DA:398,0
DA:400,0
DA:401,0
DA:403,0
DA:404,0
DA:406,0
DA:407,0
DA:409,0
DA:410,0
DA:412,0
DA:413,0
DA:415,0
DA:416,0
DA:418,0
DA:419,0
DA:421,0
DA:422,0
DA:424,0
DA:425,0
DA:427,0
DA:428,0
DA:430,0
DA:431,0
DA:432,0
DA:433,0
DA:434,0
DA:435,0
DA:436,0
DA:438,0
DA:439,0
DA:441,0
DA:442,0
DA:444,0
DA:445,0
DA:446,0
DA:447,0
DA:448,0
DA:449,0
DA:450,0
DA:451,0
DA:452,0
DA:454,0
DA:455,0
DA:457,0
DA:458,0
DA:460,0
DA:461,0
DA:463,0
DA:464,0
DA:465,0
DA:466,0
DA:467,0
DA:468,0
DA:469,0
DA:470,0
DA:473,0
DA:475,0
DA:485,1
DA:486,1
DA:487,1
DA:488,1
DA:489,1
DA:490,1
DA:491,1
DA:492,1
DA:493,1
DA:496,1
DA:497,1
DA:498,1
DA:499,1
DA:500,1
DA:501,1
DA:504,1
DA:505,1
DA:506,1
DA:507,1
DA:510,1
DA:511,1
DA:512,1
DA:513,1
DA:514,1
DA:515,1
DA:516,1
DA:517,1
DA:518,1
DA:519,1
DA:520,1
DA:521,1
DA:524,1
DA:525,1
DA:526,1
DA:527,1
DA:530,1
DA:531,1
DA:532,1
DA:533,1
DA:534,1
DA:535,1
DA:536,1
DA:537,1
DA:538,1
DA:539,1
DA:540,1
DA:541,1
DA:542,1
DA:545,1
DA:546,1
DA:547,1
DA:548,1
DA:549,1
DA:550,1
DA:551,1
DA:552,1
DA:553,1
DA:554,1
DA:555,1
DA:556,1
DA:557,1
LF:345
LH:121
end_of_record
